TpTrace Verbose: 0 : 18960, 1, 2022/05/13, 13:01:32.063, 699478122875, testhost.net472.x86.exe, Version: 17.1.0-release-20220113-05
TpTrace Information: 0 : 18960, 1, 2022/05/13, 13:01:32.067, 699478148442, testhost.net472.x86.exe, DefaultEngineInvoker.Invoke: Testhost process started with args :[--port, 53199],[--endpoint, 127.0.0.1:053199],[--role, client],[--parentprocessid, 19380],[--diag, E:\CS\APPZ\lab_4\TestingBussinesLogic\bin\Debug\net472\fine-code-coverage\coverage-tool-output\diagnostics.host.22-05-13_13-01-31_93089_1.log],[--tracelevel, 4],[--datacollectionport, 53198],[--telemetryoptedin, false]
TpTrace Information: 0 : 18960, 1, 2022/05/13, 13:01:32.068, 699478156452, testhost.net472.x86.exe, DefaultEngineInvoker: Using Application Configuration: '<?xml version="1.0" encoding="utf-8"?>
<configuration>
  <startup useLegacyV2RuntimeActivationPolicy="true">
    <supportedRuntime version="v4.0" sku=".NETFramework,Version=v4.0" />
  </startup>
  <runtime>
    <legacyUnhandledExceptionPolicy enabled="1" />
    <legacyCorruptedStateExceptionsPolicy enabled="true" />
    <!-- To get stacktrace information for portable and embedded pdbs when net472 installed on machine.
          More details https://github.com/dotnet/designs/blob/master/accepted/diagnostics/debugging-with-symbols-and-sources.md#stack-traces -->
    <AppContextSwitchOverrides value="Switch.System.Diagnostics.IgnorePortablePDBsInStackTraces=false" />
    <assemblyBinding xmlns="urn:schemas-microsoft-com:asm.v1">
      <probing privatePath="Extensions" />
      <!-- Test adapters compiled against version 11-14, need to be redirected to version 15. -->
      <dependentAssembly>
        <assemblyIdentity name="Microsoft.VisualStudio.TestPlatform.ObjectModel" publicKeyToken="b03f5f7f11d50a3a" culture="neutral" />
        <bindingRedirect oldVersion="11.0.0.0-14.0.0.0" newVersion="15.0.0.0" />
      </dependentAssembly>
      <dependentAssembly>
        <assemblyIdentity name="Microsoft.VisualStudio.TestWindow.Interfaces" publicKeyToken="b03f5f7f11d50a3a" culture="neutral" />
        <bindingRedirect oldVersion="11.0.0.0-16.0.0.0" newVersion="17.0.0.0" />
      </dependentAssembly>
      <dependentAssembly>
        <assemblyIdentity name="Microsoft.VisualStudio.QualityTools.UnitTestFramework" publicKeyToken="b03f5f7f11d50a3a" culture="neutral" />
        <bindingRedirect oldVersion="10.1.0.0" newVersion="10.0.0.0" />
      </dependentAssembly>
      <dependentAssembly>
        <assemblyIdentity name="Microsoft.VisualStudio.QualityTools.Resource" publicKeyToken="b03f5f7f11d50a3a" culture="neutral" />
        <bindingRedirect oldVersion="10.0.0.0-16.0.0.0" newVersion="17.0.0.0" />
      </dependentAssembly>
      <dependentAssembly>
        <assemblyIdentity name="Microsoft.VisualStudio.QualityTools.ControllerObject" publicKeyToken="b03f5f7f11d50a3a" culture="neutral" />
        <bindingRedirect oldVersion="10.0.0.0-16.0.0.0" newVersion="17.0.0.0" />
      </dependentAssembly>
      <dependentAssembly>
        <assemblyIdentity name="Microsoft.VisualStudio.QualityTools.ExecutionCommon" publicKeyToken="b03f5f7f11d50a3a" culture="neutral" />
        <bindingRedirect oldVersion="10.0.0.0-16.0.0.0" newVersion="17.0.0.0" />
      </dependentAssembly>
      <dependentAssembly>
        <assemblyIdentity name="Microsoft.VisualStudio.QualityTools.Common" publicKeyToken="b03f5f7f11d50a3a" culture="neutral" />
        <bindingRedirect oldVersion="10.0.0.0-16.0.0.0" newVersion="17.0.0.0" />
      </dependentAssembly>
      <dependentAssembly>
        <assemblyIdentity name="Microsoft.VisualStudio.QualityTools.Tips.UnitTest.ObjectModel" publicKeyToken="b03f5f7f11d50a3a" culture="neutral" />
        <bindingRedirect oldVersion="10.0.0.0-16.0.0.0" newVersion="17.0.0.0" />
      </dependentAssembly>
    </assemblyBinding>
  </runtime>
  <system.diagnostics>
    <switches>
      <add name="TpTraceLevel" value="0" />
    </switches>
  </system.diagnostics>
  <appSettings>
    <!--<add key="ExecutionThreadApartmentState" value ="MTA"/>-->
    <!--<add key="TraceLogMaxFileSizeInKb" value ="10240"/>-->
    <!-- MsTest Adapter Specific AppSettings -->
    <!-- This flag is added to support test execution for net35 tests through TMI adapter. -->
    <add key="TestProjectRetargetTo35Allowed" value="true" />
  </appSettings>
</configuration>'
TpTrace Information: 0 : 18960, 1, 2022/05/13, 13:01:32.074, 699478214606, testhost.net472.x86.exe, DefaultEngineInvoker.SetParentProcessExitCallback: Monitoring parent process with id: '19380'
TpTrace Information: 0 : 18960, 1, 2022/05/13, 13:01:32.081, 699478285203, testhost.net472.x86.exe, DefaultEngineInvoker.GetConnectionInfo: Initialize communication on endpoint address: '127.0.0.1:053199'
TpTrace Information: 0 : 18960, 1, 2022/05/13, 13:01:32.086, 699478333795, testhost.net472.x86.exe, SocketClient.Start: connecting to server endpoint: 127.0.0.1:053199
TpTrace Information: 0 : 18960, 1, 2022/05/13, 13:01:32.088, 699478360158, testhost.net472.x86.exe, DefaultEngineInvoker.ConnectToDatacollector: Connecting to datacollector, port: 53198
TpTrace Information: 0 : 18960, 7, 2022/05/13, 13:01:32.090, 699478378089, testhost.net472.x86.exe, SocketClient.OnServerConnected: connected to server endpoint: 127.0.0.1:053199
TpTrace Information: 0 : 18960, 1, 2022/05/13, 13:01:32.091, 699478387772, testhost.net472.x86.exe, Trying to connect to server on socket : 127.0.0.1:53198 
TpTrace Verbose: 0 : 18960, 1, 2022/05/13, 13:01:32.091, 699478391462, testhost.net472.x86.exe, SocketCommunicationManager : SetupClientAsync : Attempting to connect to the server.
TpTrace Verbose: 0 : 18960, 7, 2022/05/13, 13:01:32.091, 699478392213, testhost.net472.x86.exe, Connected to server, and starting MessageLoopAsync
TpTrace Information: 0 : 18960, 7, 2022/05/13, 13:01:32.093, 699478409028, testhost.net472.x86.exe, Connected to the server successfully 
TpTrace Information: 0 : 18960, 7, 2022/05/13, 13:01:32.093, 699478410244, testhost.net472.x86.exe, Using the buffer size of 16384 bytes
TpTrace Verbose: 0 : 18960, 8, 2022/05/13, 13:01:32.094, 699478414476, testhost.net472.x86.exe, TcpClientExtensions.MessageLoopAsync: Polling on remoteEndPoint: 127.0.0.1:53199 localEndPoint: 127.0.0.1:53200
TpTrace Verbose: 0 : 18960, 8, 2022/05/13, 13:01:32.094, 699478415854, testhost.net472.x86.exe, TcpClientExtensions.MessageLoopAsync: NotifyDataAvailable remoteEndPoint: 127.0.0.1:53199 localEndPoint: 127.0.0.1:53200
TpTrace Information: 0 : 18960, 1, 2022/05/13, 13:01:32.094, 699478421349, testhost.net472.x86.exe, DefaultEngineInvoker.Invoke: Start Request Processing.
TpTrace Information: 0 : 18960, 10, 2022/05/13, 13:01:32.096, 699478435406, testhost.net472.x86.exe, DefaultEngineInvoker.StartProcessingAsync: Connected to vstest.console, Starting process requests.
TpTrace Information: 0 : 18960, 8, 2022/05/13, 13:01:32.217, 699479641681, testhost.net472.x86.exe, TestRequestHandler.OnMessageReceived: received message: (ProtocolVersion) -> 5
TpTrace Verbose: 0 : 18960, 8, 2022/05/13, 13:01:32.264, 699480113098, testhost.net472.x86.exe, TestRequestHandler.SendData:  sending data from testhost: {"Version":5,"MessageType":"TestSession.Message","Payload":{"MessageLevel":0,"Message":"Ведение журналов диагностики TestHost в файле: E:\\CS\\APPZ\\lab_4\\TestingBussinesLogic\\bin\\Debug\\net472\\fine-code-coverage\\coverage-tool-output\\diagnostics.host.22-05-13_13-01-31_93089_1.log"}}
TpTrace Verbose: 0 : 18960, 8, 2022/05/13, 13:01:32.264, 699480115195, testhost.net472.x86.exe, TcpClientExtensions.MessageLoopAsync: Polling on remoteEndPoint: 127.0.0.1:53199 localEndPoint: 127.0.0.1:53200
TpTrace Verbose: 0 : 18960, 8, 2022/05/13, 13:01:32.264, 699480116747, testhost.net472.x86.exe, TcpClientExtensions.MessageLoopAsync: NotifyDataAvailable remoteEndPoint: 127.0.0.1:53199 localEndPoint: 127.0.0.1:53200
TpTrace Information: 0 : 18960, 8, 2022/05/13, 13:01:32.269, 699480159515, testhost.net472.x86.exe, TestRequestHandler.OnMessageReceived: received message: (TestExecution.Initialize) -> [
  "C:\\Program Files\\dotnet\\sdk\\6.0.202\\Extensions\\DumpMinitool.exe",
  "C:\\Program Files\\dotnet\\sdk\\6.0.202\\Extensions\\DumpMinitool.x86.exe",
  "C:\\Program Files\\dotnet\\sdk\\6.0.202\\Extensions\\Microsoft.Diagnostics.NETCore.Client.dll",
  "C:\\Program Files\\dotnet\\sdk\\6.0.202\\Extensions\\Microsoft.TestPlatform.Extensions.BlameDataCollector.dll",
  "C:\\Program Files\\dotnet\\sdk\\6.0.202\\Extensions\\Microsoft.TestPlatform.Extensions.EventLogCollector.dll",
  "C:\\Program Files\\dotnet\\sdk\\6.0.202\\Extensions\\Microsoft.TestPlatform.TestHostRuntimeProvider.dll",
  "C:\\Program Files\\dotnet\\sdk\\6.0.202\\Extensions\\Microsoft.VisualStudio.TestPlatform.Extensions.Html.TestLogger.dll",
  "C:\\Program Files\\dotnet\\sdk\\6.0.202\\Extensions\\Microsoft.VisualStudio.TestPlatform.Extensions.Trx.TestLogger.dll",
  "E:\\CS\\APPZ\\lab_4\\TestingBussinesLogic\\bin\\Debug\\net472\\fine-code-coverage\\build-output\\xunit.runner.visualstudio.testadapter.dll"
]
TpTrace Verbose: 0 : 18960, 8, 2022/05/13, 13:01:32.278, 699480257390, testhost.net472.x86.exe, TcpClientExtensions.MessageLoopAsync: Polling on remoteEndPoint: 127.0.0.1:53199 localEndPoint: 127.0.0.1:53200
TpTrace Verbose: 0 : 18960, 8, 2022/05/13, 13:01:32.279, 699480258807, testhost.net472.x86.exe, TcpClientExtensions.MessageLoopAsync: NotifyDataAvailable remoteEndPoint: 127.0.0.1:53199 localEndPoint: 127.0.0.1:53200
TpTrace Information: 0 : 18960, 3, 2022/05/13, 13:01:32.279, 699480263628, testhost.net472.x86.exe, TestRequestHandler.OnMessageReceived: Running job 'TestExecution.Initialize'.
TpTrace Information: 0 : 18960, 8, 2022/05/13, 13:01:32.281, 699480283078, testhost.net472.x86.exe, TestRequestHandler.OnMessageReceived: received message: (TestExecution.StartWithSources) -> {
  "AdapterSourceMap": {
    "_none_": [
      "E:\\CS\\APPZ\\lab_4\\TestingBussinesLogic\\bin\\Debug\\net472\\fine-code-coverage\\build-output\\TestingBussinesLogic.dll"
    ]
  },
  "RunSettings": "<RunSettings>\r\n  <RunConfiguration>\r\n    <ResultsDirectory>E:\\CS\\APPZ\\lab_4\\TestingBussinesLogic\\bin\\Debug\\net472\\fine-code-coverage\\coverage-tool-output</ResultsDirectory>\r\n    <TargetFrameworkVersion>.NETFramework,Version=v4.7.2</TargetFrameworkVersion>\r\n    <DesignMode>False</DesignMode>\r\n    <CollectSourceInformation>False</CollectSourceInformation>\r\n  </RunConfiguration>\r\n  <LoggerRunSettings>\r\n    <Loggers>\r\n      <Logger friendlyName=\"blame\" enabled=\"True\" />\r\n      <Logger friendlyName=\"Console\" uri=\"logger://microsoft/TestPlatform/ConsoleLogger/v1\" assemblyQualifiedName=\"Microsoft.VisualStudio.TestPlatform.CommandLine.Internal.ConsoleLogger, vstest.console, Version=15.0.0.0, Culture=neutral, PublicKeyToken=b03f5f7f11d50a3a\" codeBase=\"C:\\Program Files\\dotnet\\sdk\\6.0.202\\vstest.console.dll\" enabled=\"True\" />\r\n    </Loggers>\r\n  </LoggerRunSettings>\r\n  <DataCollectionRunSettings>\r\n    <DataCollectors>\r\n      <DataCollector friendlyName=\"blame\" enabled=\"True\">\r\n        <Configuration>\r\n          <ResultsDirectory>E:\\CS\\APPZ\\lab_4\\TestingBussinesLogic\\bin\\Debug\\net472\\fine-code-coverage\\coverage-tool-output</ResultsDirectory>\r\n        </Configuration>\r\n      </DataCollector>\r\n    </DataCollectors>\r\n  </DataCollectionRunSettings>\r\n</RunSettings>",
  "TestExecutionContext": {
    "FrequencyOfRunStatsChangeEvent": 10,
    "RunStatsChangeEventTimeout": "00:00:01.5000000",
    "InIsolation": false,
    "KeepAlive": false,
    "AreTestCaseLevelEventsRequired": false,
    "IsDebug": false,
    "TestCaseFilter": null,
    "FilterOptions": null
  },
  "Package": null
}
TpTrace Verbose: 0 : 18960, 3, 2022/05/13, 13:01:32.288, 699480356510, testhost.net472.x86.exe, TestExecutorService: Loading the extensions
TpTrace Verbose: 0 : 18960, 3, 2022/05/13, 13:01:32.292, 699480389316, testhost.net472.x86.exe, TestPluginCache.DiscoverTestExtensions: finding test extensions in assemblies ends with: TestAdapter.dll TPluginInfo: Microsoft.VisualStudio.TestPlatform.Common.ExtensionFramework.Utilities.TestExecutorPluginInformation TExtension: Microsoft.VisualStudio.TestPlatform.ObjectModel.Adapter.ITestExecutor
TpTrace Verbose: 0 : 18960, 3, 2022/05/13, 13:01:32.294, 699480410658, testhost.net472.x86.exe, TestPluginCache.GetExtensionPaths: Filtered extension paths: 
TpTrace Verbose: 0 : 18960, 3, 2022/05/13, 13:01:32.294, 699480412318, testhost.net472.x86.exe, TestPluginCache.GetExtensionPaths: Added default extension paths: C:\Program Files\dotnet\sdk\6.0.202\Extensions\DumpMinitool.exe
C:\Program Files\dotnet\sdk\6.0.202\Extensions\DumpMinitool.x86.exe
C:\Program Files\dotnet\sdk\6.0.202\Extensions\Microsoft.Diagnostics.NETCore.Client.dll
C:\Program Files\dotnet\sdk\6.0.202\Extensions\Microsoft.TestPlatform.Extensions.BlameDataCollector.dll
C:\Program Files\dotnet\sdk\6.0.202\Extensions\Microsoft.TestPlatform.Extensions.EventLogCollector.dll
C:\Program Files\dotnet\sdk\6.0.202\Extensions\Microsoft.TestPlatform.TestHostRuntimeProvider.dll
C:\Program Files\dotnet\sdk\6.0.202\Extensions\Microsoft.VisualStudio.TestPlatform.Extensions.Html.TestLogger.dll
C:\Program Files\dotnet\sdk\6.0.202\Extensions\Microsoft.VisualStudio.TestPlatform.Extensions.Trx.TestLogger.dll
E:\CS\APPZ\lab_4\TestingBussinesLogic\bin\Debug\net472\fine-code-coverage\build-output\xunit.runner.visualstudio.testadapter.dll
TpTrace Verbose: 0 : 18960, 3, 2022/05/13, 13:01:32.294, 699480413135, testhost.net472.x86.exe, TestPluginCache.GetExtensionPaths: Added unfilterableExtensionPaths: 
TpTrace Information: 0 : 18960, 3, 2022/05/13, 13:01:32.295, 699480426205, testhost.net472.x86.exe, AssemblyResolver.ctor: Creating AssemblyResolver with searchDirectories C:\Program Files\dotnet\sdk\6.0.202\Extensions,E:\CS\APPZ\lab_4\TestingBussinesLogic\bin\Debug\net472\fine-code-coverage\build-output,C:\Program Files\dotnet\sdk\6.0.202\TestHost
TpTrace Verbose: 0 : 18960, 3, 2022/05/13, 13:01:32.296, 699480430745, testhost.net472.x86.exe, TestPluginCache.DiscoverTestExtensions: Discovering the extensions using extension path.
TpTrace Verbose: 0 : 18960, 3, 2022/05/13, 13:01:32.296, 699480431795, testhost.net472.x86.exe, TestPluginCache.GetExtensionPaths: Filtered extension paths: 
TpTrace Verbose: 0 : 18960, 3, 2022/05/13, 13:01:32.296, 699480432578, testhost.net472.x86.exe, TestPluginCache.GetExtensionPaths: Added default extension paths: C:\Program Files\dotnet\sdk\6.0.202\Extensions\DumpMinitool.exe
C:\Program Files\dotnet\sdk\6.0.202\Extensions\DumpMinitool.x86.exe
C:\Program Files\dotnet\sdk\6.0.202\Extensions\Microsoft.Diagnostics.NETCore.Client.dll
C:\Program Files\dotnet\sdk\6.0.202\Extensions\Microsoft.TestPlatform.Extensions.BlameDataCollector.dll
C:\Program Files\dotnet\sdk\6.0.202\Extensions\Microsoft.TestPlatform.Extensions.EventLogCollector.dll
C:\Program Files\dotnet\sdk\6.0.202\Extensions\Microsoft.TestPlatform.TestHostRuntimeProvider.dll
C:\Program Files\dotnet\sdk\6.0.202\Extensions\Microsoft.VisualStudio.TestPlatform.Extensions.Html.TestLogger.dll
C:\Program Files\dotnet\sdk\6.0.202\Extensions\Microsoft.VisualStudio.TestPlatform.Extensions.Trx.TestLogger.dll
E:\CS\APPZ\lab_4\TestingBussinesLogic\bin\Debug\net472\fine-code-coverage\build-output\xunit.runner.visualstudio.testadapter.dll
TpTrace Verbose: 0 : 18960, 3, 2022/05/13, 13:01:32.296, 699480433333, testhost.net472.x86.exe, TestPluginCache.GetExtensionPaths: Added unfilterableExtensionPaths: 
TpTrace Verbose: 0 : 18960, 3, 2022/05/13, 13:01:32.296, 699480434120, testhost.net472.x86.exe, TestPluginCache.DiscoverTestExtensions: Discovering the extensions using allExtensionPaths: C:\Program Files\dotnet\sdk\6.0.202\Extensions\DumpMinitool.exe
C:\Program Files\dotnet\sdk\6.0.202\Extensions\DumpMinitool.x86.exe
C:\Program Files\dotnet\sdk\6.0.202\Extensions\Microsoft.Diagnostics.NETCore.Client.dll
C:\Program Files\dotnet\sdk\6.0.202\Extensions\Microsoft.TestPlatform.Extensions.BlameDataCollector.dll
C:\Program Files\dotnet\sdk\6.0.202\Extensions\Microsoft.TestPlatform.Extensions.EventLogCollector.dll
C:\Program Files\dotnet\sdk\6.0.202\Extensions\Microsoft.TestPlatform.TestHostRuntimeProvider.dll
C:\Program Files\dotnet\sdk\6.0.202\Extensions\Microsoft.VisualStudio.TestPlatform.Extensions.Html.TestLogger.dll
C:\Program Files\dotnet\sdk\6.0.202\Extensions\Microsoft.VisualStudio.TestPlatform.Extensions.Trx.TestLogger.dll
E:\CS\APPZ\lab_4\TestingBussinesLogic\bin\Debug\net472\fine-code-coverage\build-output\xunit.runner.visualstudio.testadapter.dll
TpTrace Information: 0 : 18960, 3, 2022/05/13, 13:01:32.297, 699480446522, testhost.net472.x86.exe, AssemblyResolver.AddSearchDirectories: Adding more searchDirectories C:\Program Files\dotnet\sdk\6.0.202\Extensions,C:\Program Files\dotnet\sdk\6.0.202\TestHost
TpTrace Information: 0 : 18960, 3, 2022/05/13, 13:01:32.298, 699480447798, testhost.net472.x86.exe, AssemblyResolver.AddSearchDirectories: Adding more searchDirectories C:\Program Files\dotnet\sdk\6.0.202\Extensions,C:\Program Files\dotnet\sdk\6.0.202\TestHost
TpTrace Information: 0 : 18960, 3, 2022/05/13, 13:01:32.298, 699480449072, testhost.net472.x86.exe, AssemblyResolver.AddSearchDirectories: Adding more searchDirectories C:\Program Files\dotnet\sdk\6.0.202\Extensions,C:\Program Files\dotnet\sdk\6.0.202\TestHost
TpTrace Information: 0 : 18960, 3, 2022/05/13, 13:01:32.298, 699480449953, testhost.net472.x86.exe, AssemblyResolver.AddSearchDirectories: Adding more searchDirectories C:\Program Files\dotnet\sdk\6.0.202\Extensions,C:\Program Files\dotnet\sdk\6.0.202\TestHost
TpTrace Information: 0 : 18960, 3, 2022/05/13, 13:01:32.298, 699480450739, testhost.net472.x86.exe, AssemblyResolver.AddSearchDirectories: Adding more searchDirectories C:\Program Files\dotnet\sdk\6.0.202\Extensions,C:\Program Files\dotnet\sdk\6.0.202\TestHost
TpTrace Information: 0 : 18960, 3, 2022/05/13, 13:01:32.298, 699480451408, testhost.net472.x86.exe, AssemblyResolver.AddSearchDirectories: Adding more searchDirectories C:\Program Files\dotnet\sdk\6.0.202\Extensions,C:\Program Files\dotnet\sdk\6.0.202\TestHost
TpTrace Information: 0 : 18960, 3, 2022/05/13, 13:01:32.298, 699480452126, testhost.net472.x86.exe, AssemblyResolver.AddSearchDirectories: Adding more searchDirectories C:\Program Files\dotnet\sdk\6.0.202\Extensions,C:\Program Files\dotnet\sdk\6.0.202\TestHost
TpTrace Information: 0 : 18960, 3, 2022/05/13, 13:01:32.298, 699480452803, testhost.net472.x86.exe, AssemblyResolver.AddSearchDirectories: Adding more searchDirectories C:\Program Files\dotnet\sdk\6.0.202\Extensions,C:\Program Files\dotnet\sdk\6.0.202\TestHost
TpTrace Information: 0 : 18960, 3, 2022/05/13, 13:01:32.298, 699480453521, testhost.net472.x86.exe, AssemblyResolver.AddSearchDirectories: Adding more searchDirectories E:\CS\APPZ\lab_4\TestingBussinesLogic\bin\Debug\net472\fine-code-coverage\build-output,C:\Program Files\dotnet\sdk\6.0.202\TestHost
TpTrace Information: 0 : 18960, 3, 2022/05/13, 13:01:32.302, 699480494696, testhost.net472.x86.exe, AssemblyResolver.OnResolve: DumpMinitool: Resolving assembly.
TpTrace Information: 0 : 18960, 3, 2022/05/13, 13:01:32.302, 699480495925, testhost.net472.x86.exe, AssemblyResolver.OnResolve: DumpMinitool: Searching in: 'C:\Program Files\dotnet\sdk\6.0.202\Extensions'.
TpTrace Information: 0 : 18960, 3, 2022/05/13, 13:01:32.302, 699480497161, testhost.net472.x86.exe, AssemblyResolver.OnResolve: DumpMinitool: Assembly path does not exist: 'C:\Program Files\dotnet\sdk\6.0.202\Extensions\DumpMinitool.dll', returning.
TpTrace Information: 0 : 18960, 3, 2022/05/13, 13:01:32.304, 699480508190, testhost.net472.x86.exe, AssemblyResolver.OnResolve: DumpMinitool: Loading assembly 'C:\Program Files\dotnet\sdk\6.0.202\Extensions\DumpMinitool.exe'.
TpTrace Verbose: 0 : 18960, 8, 2022/05/13, 13:01:32.305, 699480521050, testhost.net472.x86.exe, TcpClientExtensions.MessageLoopAsync: Polling on remoteEndPoint: 127.0.0.1:53199 localEndPoint: 127.0.0.1:53200
TpTrace Information: 0 : 18960, 3, 2022/05/13, 13:01:32.327, 699480743061, testhost.net472.x86.exe, AssemblyResolver.OnResolve: DumpMinitool: Failed to load assembly. Reason:System.BadImageFormatException: Не удалось загрузить файл или сборку "DumpMinitool, Version=15.0.0.0, Culture=neutral, PublicKeyToken=b03f5f7f11d50a3a" либо одну из их зависимостей. Была сделана попытка загрузить программу, имеющую неверный формат.
Имя файла: 'DumpMinitool, Version=15.0.0.0, Culture=neutral, PublicKeyToken=b03f5f7f11d50a3a'
   в System.Reflection.RuntimeAssembly._nLoad(AssemblyName fileName, String codeBase, Evidence assemblySecurity, RuntimeAssembly locationHint, StackCrawlMark& stackMark, IntPtr pPrivHostBinder, Boolean throwOnFileNotFound, Boolean forIntrospection, Boolean suppressSecurityChecks)
   в System.Reflection.RuntimeAssembly.nLoad(AssemblyName fileName, String codeBase, Evidence assemblySecurity, RuntimeAssembly locationHint, StackCrawlMark& stackMark, IntPtr pPrivHostBinder, Boolean throwOnFileNotFound, Boolean forIntrospection, Boolean suppressSecurityChecks)
   в System.Reflection.RuntimeAssembly.InternalLoadAssemblyName(AssemblyName assemblyRef, Evidence assemblySecurity, RuntimeAssembly reqAssembly, StackCrawlMark& stackMark, IntPtr pPrivHostBinder, Boolean throwOnFileNotFound, Boolean forIntrospection, Boolean suppressSecurityChecks)
   в System.Reflection.RuntimeAssembly.InternalLoadFrom(String assemblyFile, Evidence securityEvidence, Byte[] hashValue, AssemblyHashAlgorithm hashAlgorithm, Boolean forIntrospection, Boolean suppressSecurityChecks, StackCrawlMark& stackMark)
   в System.Reflection.Assembly.LoadFrom(String assemblyFile)
   в Microsoft.VisualStudio.TestPlatform.PlatformAbstractions.PlatformAssemblyLoadContext.LoadAssemblyFromPath(String assemblyPath)
   в Microsoft.VisualStudio.TestPlatform.Common.Utilities.AssemblyResolver.OnResolve(Object sender, AssemblyResolveEventArgs args)

 
TpTrace Information: 0 : 18960, 3, 2022/05/13, 13:01:32.327, 699480744368, testhost.net472.x86.exe, AssemblyResolver.OnResolve: DumpMinitool: Searching in: 'E:\CS\APPZ\lab_4\TestingBussinesLogic\bin\Debug\net472\fine-code-coverage\build-output'.
TpTrace Information: 0 : 18960, 3, 2022/05/13, 13:01:32.327, 699480745304, testhost.net472.x86.exe, AssemblyResolver.OnResolve: DumpMinitool: Assembly path does not exist: 'E:\CS\APPZ\lab_4\TestingBussinesLogic\bin\Debug\net472\fine-code-coverage\build-output\DumpMinitool.dll', returning.
TpTrace Information: 0 : 18960, 3, 2022/05/13, 13:01:32.327, 699480746189, testhost.net472.x86.exe, AssemblyResolver.OnResolve: DumpMinitool: Assembly path does not exist: 'E:\CS\APPZ\lab_4\TestingBussinesLogic\bin\Debug\net472\fine-code-coverage\build-output\DumpMinitool.exe', returning.
TpTrace Information: 0 : 18960, 3, 2022/05/13, 13:01:32.327, 699480746804, testhost.net472.x86.exe, AssemblyResolver.OnResolve: DumpMinitool: Searching in: 'C:\Program Files\dotnet\sdk\6.0.202\TestHost'.
TpTrace Information: 0 : 18960, 3, 2022/05/13, 13:01:32.328, 699480747801, testhost.net472.x86.exe, AssemblyResolver.OnResolve: DumpMinitool: Assembly path does not exist: 'C:\Program Files\dotnet\sdk\6.0.202\TestHost\DumpMinitool.dll', returning.
TpTrace Information: 0 : 18960, 3, 2022/05/13, 13:01:32.328, 699480748685, testhost.net472.x86.exe, AssemblyResolver.OnResolve: DumpMinitool: Assembly path does not exist: 'C:\Program Files\dotnet\sdk\6.0.202\TestHost\DumpMinitool.exe', returning.
TpTrace Information: 0 : 18960, 3, 2022/05/13, 13:01:32.328, 699480749359, testhost.net472.x86.exe, AssemblyResolver.OnResolve: DumpMinitool: Failed to load assembly.
TpTrace Verbose: 0 : 18960, 3, 2022/05/13, 13:01:32.328, 699480754122, testhost.net472.x86.exe, CurrentDomainAssemblyResolve: Resolving assembly 'DumpMinitool'.
TpTrace Information: 0 : 18960, 3, 2022/05/13, 13:01:32.328, 699480755804, testhost.net472.x86.exe, AssemblyResolver.OnResolve: DumpMinitool: Resolving assembly.
TpTrace Information: 0 : 18960, 3, 2022/05/13, 13:01:32.328, 699480756561, testhost.net472.x86.exe, AssemblyResolver.OnResolve: DumpMinitool: Resolved from cache.
TpTrace Verbose: 0 : 18960, 3, 2022/05/13, 13:01:32.329, 699480757260, testhost.net472.x86.exe, CurrentDomainAssemblyResolve: Resolving assembly 'DumpMinitool'.
TpTrace Verbose: 0 : 18960, 3, 2022/05/13, 13:01:32.329, 699480757875, testhost.net472.x86.exe, CurrentDomainAssemblyResolve: Failed to resolve assembly 'DumpMinitool'.
TpTrace Verbose: 0 : 18960, 3, 2022/05/13, 13:01:32.329, 699480759443, testhost.net472.x86.exe, CurrentDomainAssemblyResolve: Failed to resolve assembly 'DumpMinitool'.
TpTrace Warning: 0 : 18960, 3, 2022/05/13, 13:01:32.330, 699480772088, testhost.net472.x86.exe, TestPluginDiscoverer: Failed to load extensions from file 'C:\Program Files\dotnet\sdk\6.0.202\Extensions\DumpMinitool.exe'.  Skipping test extension scan for this file.  Error: System.IO.FileNotFoundException: Не удалось загрузить файл или сборку "DumpMinitool" либо одну из их зависимостей. Не удается найти указанный файл.
Имя файла: 'DumpMinitool' ---> System.IO.FileNotFoundException: Не удалось загрузить файл или сборку "DumpMinitool" либо одну из их зависимостей. Не удается найти указанный файл.
Имя файла: 'DumpMinitool'
   в System.Reflection.RuntimeAssembly._nLoad(AssemblyName fileName, String codeBase, Evidence assemblySecurity, RuntimeAssembly locationHint, StackCrawlMark& stackMark, IntPtr pPrivHostBinder, Boolean throwOnFileNotFound, Boolean forIntrospection, Boolean suppressSecurityChecks)
   в System.Reflection.RuntimeAssembly.nLoad(AssemblyName fileName, String codeBase, Evidence assemblySecurity, RuntimeAssembly locationHint, StackCrawlMark& stackMark, IntPtr pPrivHostBinder, Boolean throwOnFileNotFound, Boolean forIntrospection, Boolean suppressSecurityChecks)
   в System.Reflection.RuntimeAssembly.InternalLoadAssemblyName(AssemblyName assemblyRef, Evidence assemblySecurity, RuntimeAssembly reqAssembly, StackCrawlMark& stackMark, IntPtr pPrivHostBinder, Boolean throwOnFileNotFound, Boolean forIntrospection, Boolean suppressSecurityChecks)
   в System.Reflection.Assembly.Load(AssemblyName assemblyRef)
   в Microsoft.VisualStudio.TestPlatform.Common.ExtensionFramework.TestPluginCache.CurrentDomainAssemblyResolve(Object sender, AssemblyResolveEventArgs args)
   в Microsoft.VisualStudio.TestPlatform.PlatformAbstractions.PlatformAssemblyResolver.AssemblyResolverEvent(Object sender, Object eventArgs)
   в System.AppDomain.OnAssemblyResolveEvent(RuntimeAssembly assembly, String assemblyFullName)

Предупреждение: регистрация привязки сборок выключена.
Чтобы включить регистрацию ошибок привязки сборок, установите значение параметра реестра [HKLM\Software\Microsoft\Fusion!EnableLog] (DWORD) в 1.
Примечание. Регистрация ошибок привязки сборок может привести к некоторому снижению производительности.
Чтобы отключить эту функцию, удалите параметр реестра [HKLM\Software\Microsoft\Fusion!EnableLog].

   в System.Reflection.RuntimeAssembly._nLoad(AssemblyName fileName, String codeBase, Evidence assemblySecurity, RuntimeAssembly locationHint, StackCrawlMark& stackMark, IntPtr pPrivHostBinder, Boolean throwOnFileNotFound, Boolean forIntrospection, Boolean suppressSecurityChecks)
   в System.Reflection.RuntimeAssembly.nLoad(AssemblyName fileName, String codeBase, Evidence assemblySecurity, RuntimeAssembly locationHint, StackCrawlMark& stackMark, IntPtr pPrivHostBinder, Boolean throwOnFileNotFound, Boolean forIntrospection, Boolean suppressSecurityChecks)
   в System.Reflection.RuntimeAssembly.InternalLoadAssemblyName(AssemblyName assemblyRef, Evidence assemblySecurity, RuntimeAssembly reqAssembly, StackCrawlMark& stackMark, IntPtr pPrivHostBinder, Boolean throwOnFileNotFound, Boolean forIntrospection, Boolean suppressSecurityChecks)
   в System.Reflection.Assembly.Load(AssemblyName assemblyRef)
   в Microsoft.VisualStudio.TestPlatform.Common.ExtensionFramework.TestPluginDiscoverer.GetTestExtensionsFromFiles[TPluginInfo,TExtension](String[] files, Dictionary`2 pluginInfos)


TpTrace Information: 0 : 18960, 3, 2022/05/13, 13:01:32.331, 699480779305, testhost.net472.x86.exe, AssemblyResolver.OnResolve: DumpMinitool.x86: Resolving assembly.
TpTrace Information: 0 : 18960, 3, 2022/05/13, 13:01:32.331, 699480780189, testhost.net472.x86.exe, AssemblyResolver.OnResolve: DumpMinitool.x86: Searching in: 'C:\Program Files\dotnet\sdk\6.0.202\Extensions'.
TpTrace Information: 0 : 18960, 3, 2022/05/13, 13:01:32.331, 699480781147, testhost.net472.x86.exe, AssemblyResolver.OnResolve: DumpMinitool.x86: Assembly path does not exist: 'C:\Program Files\dotnet\sdk\6.0.202\Extensions\DumpMinitool.x86.dll', returning.
TpTrace Information: 0 : 18960, 3, 2022/05/13, 13:01:32.332, 699480788146, testhost.net472.x86.exe, AssemblyResolver.OnResolve: DumpMinitool.x86: Loading assembly 'C:\Program Files\dotnet\sdk\6.0.202\Extensions\DumpMinitool.x86.exe'.
TpTrace Information: 0 : 18960, 3, 2022/05/13, 13:01:32.334, 699480808417, testhost.net472.x86.exe, AssemblyResolver.OnResolve: DumpMinitool.x86: Failed to load assembly. Reason:System.BadImageFormatException: Не удалось загрузить файл или сборку "DumpMinitool.x86, Version=15.0.0.0, Culture=neutral, PublicKeyToken=b03f5f7f11d50a3a" либо одну из их зависимостей. Была сделана попытка загрузить программу, имеющую неверный формат.
Имя файла: 'DumpMinitool.x86, Version=15.0.0.0, Culture=neutral, PublicKeyToken=b03f5f7f11d50a3a'
   в System.Reflection.RuntimeAssembly._nLoad(AssemblyName fileName, String codeBase, Evidence assemblySecurity, RuntimeAssembly locationHint, StackCrawlMark& stackMark, IntPtr pPrivHostBinder, Boolean throwOnFileNotFound, Boolean forIntrospection, Boolean suppressSecurityChecks)
   в System.Reflection.RuntimeAssembly.nLoad(AssemblyName fileName, String codeBase, Evidence assemblySecurity, RuntimeAssembly locationHint, StackCrawlMark& stackMark, IntPtr pPrivHostBinder, Boolean throwOnFileNotFound, Boolean forIntrospection, Boolean suppressSecurityChecks)
   в System.Reflection.RuntimeAssembly.InternalLoadAssemblyName(AssemblyName assemblyRef, Evidence assemblySecurity, RuntimeAssembly reqAssembly, StackCrawlMark& stackMark, IntPtr pPrivHostBinder, Boolean throwOnFileNotFound, Boolean forIntrospection, Boolean suppressSecurityChecks)
   в System.Reflection.RuntimeAssembly.InternalLoadFrom(String assemblyFile, Evidence securityEvidence, Byte[] hashValue, AssemblyHashAlgorithm hashAlgorithm, Boolean forIntrospection, Boolean suppressSecurityChecks, StackCrawlMark& stackMark)
   в System.Reflection.Assembly.LoadFrom(String assemblyFile)
   в Microsoft.VisualStudio.TestPlatform.PlatformAbstractions.PlatformAssemblyLoadContext.LoadAssemblyFromPath(String assemblyPath)
   в Microsoft.VisualStudio.TestPlatform.Common.Utilities.AssemblyResolver.OnResolve(Object sender, AssemblyResolveEventArgs args)

 
TpTrace Information: 0 : 18960, 3, 2022/05/13, 13:01:32.334, 699480810066, testhost.net472.x86.exe, AssemblyResolver.OnResolve: DumpMinitool.x86: Searching in: 'E:\CS\APPZ\lab_4\TestingBussinesLogic\bin\Debug\net472\fine-code-coverage\build-output'.
TpTrace Information: 0 : 18960, 3, 2022/05/13, 13:01:32.334, 699480810952, testhost.net472.x86.exe, AssemblyResolver.OnResolve: DumpMinitool.x86: Assembly path does not exist: 'E:\CS\APPZ\lab_4\TestingBussinesLogic\bin\Debug\net472\fine-code-coverage\build-output\DumpMinitool.x86.dll', returning.
TpTrace Information: 0 : 18960, 3, 2022/05/13, 13:01:32.334, 699480811816, testhost.net472.x86.exe, AssemblyResolver.OnResolve: DumpMinitool.x86: Assembly path does not exist: 'E:\CS\APPZ\lab_4\TestingBussinesLogic\bin\Debug\net472\fine-code-coverage\build-output\DumpMinitool.x86.exe', returning.
TpTrace Information: 0 : 18960, 3, 2022/05/13, 13:01:32.334, 699480812409, testhost.net472.x86.exe, AssemblyResolver.OnResolve: DumpMinitool.x86: Searching in: 'C:\Program Files\dotnet\sdk\6.0.202\TestHost'.
TpTrace Information: 0 : 18960, 3, 2022/05/13, 13:01:32.334, 699480814368, testhost.net472.x86.exe, AssemblyResolver.OnResolve: DumpMinitool.x86: Assembly path does not exist: 'C:\Program Files\dotnet\sdk\6.0.202\TestHost\DumpMinitool.x86.dll', returning.
TpTrace Information: 0 : 18960, 3, 2022/05/13, 13:01:32.334, 699480815407, testhost.net472.x86.exe, AssemblyResolver.OnResolve: DumpMinitool.x86: Assembly path does not exist: 'C:\Program Files\dotnet\sdk\6.0.202\TestHost\DumpMinitool.x86.exe', returning.
TpTrace Information: 0 : 18960, 3, 2022/05/13, 13:01:32.334, 699480816010, testhost.net472.x86.exe, AssemblyResolver.OnResolve: DumpMinitool.x86: Failed to load assembly.
TpTrace Verbose: 0 : 18960, 3, 2022/05/13, 13:01:32.335, 699480816928, testhost.net472.x86.exe, CurrentDomainAssemblyResolve: Resolving assembly 'DumpMinitool.x86'.
TpTrace Information: 0 : 18960, 3, 2022/05/13, 13:01:32.335, 699480818434, testhost.net472.x86.exe, AssemblyResolver.OnResolve: DumpMinitool.x86: Resolving assembly.
TpTrace Information: 0 : 18960, 3, 2022/05/13, 13:01:32.335, 699480819047, testhost.net472.x86.exe, AssemblyResolver.OnResolve: DumpMinitool.x86: Resolved from cache.
TpTrace Verbose: 0 : 18960, 3, 2022/05/13, 13:01:32.335, 699480819702, testhost.net472.x86.exe, CurrentDomainAssemblyResolve: Resolving assembly 'DumpMinitool.x86'.
TpTrace Verbose: 0 : 18960, 3, 2022/05/13, 13:01:32.335, 699480820277, testhost.net472.x86.exe, CurrentDomainAssemblyResolve: Failed to resolve assembly 'DumpMinitool.x86'.
TpTrace Verbose: 0 : 18960, 3, 2022/05/13, 13:01:32.335, 699480821429, testhost.net472.x86.exe, CurrentDomainAssemblyResolve: Failed to resolve assembly 'DumpMinitool.x86'.
TpTrace Warning: 0 : 18960, 3, 2022/05/13, 13:01:32.336, 699480826378, testhost.net472.x86.exe, TestPluginDiscoverer: Failed to load extensions from file 'C:\Program Files\dotnet\sdk\6.0.202\Extensions\DumpMinitool.x86.exe'.  Skipping test extension scan for this file.  Error: System.IO.FileNotFoundException: Не удалось загрузить файл или сборку "DumpMinitool.x86" либо одну из их зависимостей. Не удается найти указанный файл.
Имя файла: 'DumpMinitool.x86' ---> System.IO.FileNotFoundException: Не удалось загрузить файл или сборку "DumpMinitool.x86" либо одну из их зависимостей. Не удается найти указанный файл.
Имя файла: 'DumpMinitool.x86'
   в System.Reflection.RuntimeAssembly._nLoad(AssemblyName fileName, String codeBase, Evidence assemblySecurity, RuntimeAssembly locationHint, StackCrawlMark& stackMark, IntPtr pPrivHostBinder, Boolean throwOnFileNotFound, Boolean forIntrospection, Boolean suppressSecurityChecks)
   в System.Reflection.RuntimeAssembly.nLoad(AssemblyName fileName, String codeBase, Evidence assemblySecurity, RuntimeAssembly locationHint, StackCrawlMark& stackMark, IntPtr pPrivHostBinder, Boolean throwOnFileNotFound, Boolean forIntrospection, Boolean suppressSecurityChecks)
   в System.Reflection.RuntimeAssembly.InternalLoadAssemblyName(AssemblyName assemblyRef, Evidence assemblySecurity, RuntimeAssembly reqAssembly, StackCrawlMark& stackMark, IntPtr pPrivHostBinder, Boolean throwOnFileNotFound, Boolean forIntrospection, Boolean suppressSecurityChecks)
   в System.Reflection.Assembly.Load(AssemblyName assemblyRef)
   в Microsoft.VisualStudio.TestPlatform.Common.ExtensionFramework.TestPluginCache.CurrentDomainAssemblyResolve(Object sender, AssemblyResolveEventArgs args)
   в Microsoft.VisualStudio.TestPlatform.PlatformAbstractions.PlatformAssemblyResolver.AssemblyResolverEvent(Object sender, Object eventArgs)
   в System.AppDomain.OnAssemblyResolveEvent(RuntimeAssembly assembly, String assemblyFullName)

Предупреждение: регистрация привязки сборок выключена.
Чтобы включить регистрацию ошибок привязки сборок, установите значение параметра реестра [HKLM\Software\Microsoft\Fusion!EnableLog] (DWORD) в 1.
Примечание. Регистрация ошибок привязки сборок может привести к некоторому снижению производительности.
Чтобы отключить эту функцию, удалите параметр реестра [HKLM\Software\Microsoft\Fusion!EnableLog].

   в System.Reflection.RuntimeAssembly._nLoad(AssemblyName fileName, String codeBase, Evidence assemblySecurity, RuntimeAssembly locationHint, StackCrawlMark& stackMark, IntPtr pPrivHostBinder, Boolean throwOnFileNotFound, Boolean forIntrospection, Boolean suppressSecurityChecks)
   в System.Reflection.RuntimeAssembly.nLoad(AssemblyName fileName, String codeBase, Evidence assemblySecurity, RuntimeAssembly locationHint, StackCrawlMark& stackMark, IntPtr pPrivHostBinder, Boolean throwOnFileNotFound, Boolean forIntrospection, Boolean suppressSecurityChecks)
   в System.Reflection.RuntimeAssembly.InternalLoadAssemblyName(AssemblyName assemblyRef, Evidence assemblySecurity, RuntimeAssembly reqAssembly, StackCrawlMark& stackMark, IntPtr pPrivHostBinder, Boolean throwOnFileNotFound, Boolean forIntrospection, Boolean suppressSecurityChecks)
   в System.Reflection.Assembly.Load(AssemblyName assemblyRef)
   в Microsoft.VisualStudio.TestPlatform.Common.ExtensionFramework.TestPluginDiscoverer.GetTestExtensionsFromFiles[TPluginInfo,TExtension](String[] files, Dictionary`2 pluginInfos)


TpTrace Information: 0 : 18960, 3, 2022/05/13, 13:01:32.336, 699480833080, testhost.net472.x86.exe, AssemblyResolver.OnResolve: Microsoft.Diagnostics.NETCore.Client: Resolving assembly.
TpTrace Information: 0 : 18960, 3, 2022/05/13, 13:01:32.336, 699480834499, testhost.net472.x86.exe, AssemblyResolver.OnResolve: Microsoft.Diagnostics.NETCore.Client: Searching in: 'C:\Program Files\dotnet\sdk\6.0.202\Extensions'.
TpTrace Information: 0 : 18960, 3, 2022/05/13, 13:01:32.338, 699480849448, testhost.net472.x86.exe, AssemblyResolver.OnResolve: Microsoft.Diagnostics.NETCore.Client: Loading assembly 'C:\Program Files\dotnet\sdk\6.0.202\Extensions\Microsoft.Diagnostics.NETCore.Client.dll'.
TpTrace Information: 0 : 18960, 3, 2022/05/13, 13:01:32.341, 699480878524, testhost.net472.x86.exe, AssemblyResolver.OnResolve: Microsoft.Diagnostics.NETCore.Client: Failed to load assembly. Reason:System.BadImageFormatException: Не удалось загрузить файл или сборку "Microsoft.Diagnostics.NETCore.Client, Version=0.2.5.801, Culture=neutral, PublicKeyToken=31bf3856ad364e35" либо одну из их зависимостей. Была сделана попытка загрузить программу, имеющую неверный формат.
Имя файла: 'Microsoft.Diagnostics.NETCore.Client, Version=0.2.5.801, Culture=neutral, PublicKeyToken=31bf3856ad364e35'
   в System.Reflection.RuntimeAssembly._nLoad(AssemblyName fileName, String codeBase, Evidence assemblySecurity, RuntimeAssembly locationHint, StackCrawlMark& stackMark, IntPtr pPrivHostBinder, Boolean throwOnFileNotFound, Boolean forIntrospection, Boolean suppressSecurityChecks)
   в System.Reflection.RuntimeAssembly.nLoad(AssemblyName fileName, String codeBase, Evidence assemblySecurity, RuntimeAssembly locationHint, StackCrawlMark& stackMark, IntPtr pPrivHostBinder, Boolean throwOnFileNotFound, Boolean forIntrospection, Boolean suppressSecurityChecks)
   в System.Reflection.RuntimeAssembly.InternalLoadAssemblyName(AssemblyName assemblyRef, Evidence assemblySecurity, RuntimeAssembly reqAssembly, StackCrawlMark& stackMark, IntPtr pPrivHostBinder, Boolean throwOnFileNotFound, Boolean forIntrospection, Boolean suppressSecurityChecks)
   в System.Reflection.RuntimeAssembly.InternalLoadFrom(String assemblyFile, Evidence securityEvidence, Byte[] hashValue, AssemblyHashAlgorithm hashAlgorithm, Boolean forIntrospection, Boolean suppressSecurityChecks, StackCrawlMark& stackMark)
   в System.Reflection.Assembly.LoadFrom(String assemblyFile)
   в Microsoft.VisualStudio.TestPlatform.PlatformAbstractions.PlatformAssemblyLoadContext.LoadAssemblyFromPath(String assemblyPath)
   в Microsoft.VisualStudio.TestPlatform.Common.Utilities.AssemblyResolver.OnResolve(Object sender, AssemblyResolveEventArgs args)

 
TpTrace Information: 0 : 18960, 3, 2022/05/13, 13:01:32.341, 699480880170, testhost.net472.x86.exe, AssemblyResolver.OnResolve: Microsoft.Diagnostics.NETCore.Client: Assembly path does not exist: 'C:\Program Files\dotnet\sdk\6.0.202\Extensions\Microsoft.Diagnostics.NETCore.Client.exe', returning.
TpTrace Information: 0 : 18960, 3, 2022/05/13, 13:01:32.341, 699480881079, testhost.net472.x86.exe, AssemblyResolver.OnResolve: Microsoft.Diagnostics.NETCore.Client: Searching in: 'E:\CS\APPZ\lab_4\TestingBussinesLogic\bin\Debug\net472\fine-code-coverage\build-output'.
TpTrace Information: 0 : 18960, 3, 2022/05/13, 13:01:32.341, 699480882008, testhost.net472.x86.exe, AssemblyResolver.OnResolve: Microsoft.Diagnostics.NETCore.Client: Assembly path does not exist: 'E:\CS\APPZ\lab_4\TestingBussinesLogic\bin\Debug\net472\fine-code-coverage\build-output\Microsoft.Diagnostics.NETCore.Client.dll', returning.
TpTrace Information: 0 : 18960, 3, 2022/05/13, 13:01:32.341, 699480882865, testhost.net472.x86.exe, AssemblyResolver.OnResolve: Microsoft.Diagnostics.NETCore.Client: Assembly path does not exist: 'E:\CS\APPZ\lab_4\TestingBussinesLogic\bin\Debug\net472\fine-code-coverage\build-output\Microsoft.Diagnostics.NETCore.Client.exe', returning.
TpTrace Information: 0 : 18960, 3, 2022/05/13, 13:01:32.341, 699480883482, testhost.net472.x86.exe, AssemblyResolver.OnResolve: Microsoft.Diagnostics.NETCore.Client: Searching in: 'C:\Program Files\dotnet\sdk\6.0.202\TestHost'.
TpTrace Information: 0 : 18960, 3, 2022/05/13, 13:01:32.341, 699480884595, testhost.net472.x86.exe, AssemblyResolver.OnResolve: Microsoft.Diagnostics.NETCore.Client: Assembly path does not exist: 'C:\Program Files\dotnet\sdk\6.0.202\TestHost\Microsoft.Diagnostics.NETCore.Client.dll', returning.
TpTrace Information: 0 : 18960, 3, 2022/05/13, 13:01:32.341, 699480885475, testhost.net472.x86.exe, AssemblyResolver.OnResolve: Microsoft.Diagnostics.NETCore.Client: Assembly path does not exist: 'C:\Program Files\dotnet\sdk\6.0.202\TestHost\Microsoft.Diagnostics.NETCore.Client.exe', returning.
TpTrace Information: 0 : 18960, 3, 2022/05/13, 13:01:32.341, 699480886132, testhost.net472.x86.exe, AssemblyResolver.OnResolve: Microsoft.Diagnostics.NETCore.Client: Failed to load assembly.
TpTrace Verbose: 0 : 18960, 3, 2022/05/13, 13:01:32.342, 699480886822, testhost.net472.x86.exe, CurrentDomainAssemblyResolve: Resolving assembly 'Microsoft.Diagnostics.NETCore.Client'.
TpTrace Information: 0 : 18960, 3, 2022/05/13, 13:01:32.342, 699480888430, testhost.net472.x86.exe, AssemblyResolver.OnResolve: Microsoft.Diagnostics.NETCore.Client: Resolving assembly.
TpTrace Information: 0 : 18960, 3, 2022/05/13, 13:01:32.342, 699480889202, testhost.net472.x86.exe, AssemblyResolver.OnResolve: Microsoft.Diagnostics.NETCore.Client: Resolved from cache.
TpTrace Verbose: 0 : 18960, 3, 2022/05/13, 13:01:32.342, 699480889838, testhost.net472.x86.exe, CurrentDomainAssemblyResolve: Resolving assembly 'Microsoft.Diagnostics.NETCore.Client'.
TpTrace Verbose: 0 : 18960, 3, 2022/05/13, 13:01:32.342, 699480890423, testhost.net472.x86.exe, CurrentDomainAssemblyResolve: Failed to resolve assembly 'Microsoft.Diagnostics.NETCore.Client'.
TpTrace Verbose: 0 : 18960, 3, 2022/05/13, 13:01:32.342, 699480891749, testhost.net472.x86.exe, CurrentDomainAssemblyResolve: Failed to resolve assembly 'Microsoft.Diagnostics.NETCore.Client'.
TpTrace Warning: 0 : 18960, 3, 2022/05/13, 13:01:32.342, 699480894921, testhost.net472.x86.exe, TestPluginDiscoverer: Failed to load extensions from file 'C:\Program Files\dotnet\sdk\6.0.202\Extensions\Microsoft.Diagnostics.NETCore.Client.dll'.  Skipping test extension scan for this file.  Error: System.IO.FileNotFoundException: Не удалось загрузить файл или сборку "Microsoft.Diagnostics.NETCore.Client" либо одну из их зависимостей. Не удается найти указанный файл.
Имя файла: 'Microsoft.Diagnostics.NETCore.Client' ---> System.IO.FileNotFoundException: Не удалось загрузить файл или сборку "Microsoft.Diagnostics.NETCore.Client" либо одну из их зависимостей. Не удается найти указанный файл.
Имя файла: 'Microsoft.Diagnostics.NETCore.Client'
   в System.Reflection.RuntimeAssembly._nLoad(AssemblyName fileName, String codeBase, Evidence assemblySecurity, RuntimeAssembly locationHint, StackCrawlMark& stackMark, IntPtr pPrivHostBinder, Boolean throwOnFileNotFound, Boolean forIntrospection, Boolean suppressSecurityChecks)
   в System.Reflection.RuntimeAssembly.nLoad(AssemblyName fileName, String codeBase, Evidence assemblySecurity, RuntimeAssembly locationHint, StackCrawlMark& stackMark, IntPtr pPrivHostBinder, Boolean throwOnFileNotFound, Boolean forIntrospection, Boolean suppressSecurityChecks)
   в System.Reflection.RuntimeAssembly.InternalLoadAssemblyName(AssemblyName assemblyRef, Evidence assemblySecurity, RuntimeAssembly reqAssembly, StackCrawlMark& stackMark, IntPtr pPrivHostBinder, Boolean throwOnFileNotFound, Boolean forIntrospection, Boolean suppressSecurityChecks)
   в System.Reflection.Assembly.Load(AssemblyName assemblyRef)
   в Microsoft.VisualStudio.TestPlatform.Common.ExtensionFramework.TestPluginCache.CurrentDomainAssemblyResolve(Object sender, AssemblyResolveEventArgs args)
   в Microsoft.VisualStudio.TestPlatform.PlatformAbstractions.PlatformAssemblyResolver.AssemblyResolverEvent(Object sender, Object eventArgs)
   в System.AppDomain.OnAssemblyResolveEvent(RuntimeAssembly assembly, String assemblyFullName)

Предупреждение: регистрация привязки сборок выключена.
Чтобы включить регистрацию ошибок привязки сборок, установите значение параметра реестра [HKLM\Software\Microsoft\Fusion!EnableLog] (DWORD) в 1.
Примечание. Регистрация ошибок привязки сборок может привести к некоторому снижению производительности.
Чтобы отключить эту функцию, удалите параметр реестра [HKLM\Software\Microsoft\Fusion!EnableLog].

   в System.Reflection.RuntimeAssembly._nLoad(AssemblyName fileName, String codeBase, Evidence assemblySecurity, RuntimeAssembly locationHint, StackCrawlMark& stackMark, IntPtr pPrivHostBinder, Boolean throwOnFileNotFound, Boolean forIntrospection, Boolean suppressSecurityChecks)
   в System.Reflection.RuntimeAssembly.nLoad(AssemblyName fileName, String codeBase, Evidence assemblySecurity, RuntimeAssembly locationHint, StackCrawlMark& stackMark, IntPtr pPrivHostBinder, Boolean throwOnFileNotFound, Boolean forIntrospection, Boolean suppressSecurityChecks)
   в System.Reflection.RuntimeAssembly.InternalLoadAssemblyName(AssemblyName assemblyRef, Evidence assemblySecurity, RuntimeAssembly reqAssembly, StackCrawlMark& stackMark, IntPtr pPrivHostBinder, Boolean throwOnFileNotFound, Boolean forIntrospection, Boolean suppressSecurityChecks)
   в System.Reflection.Assembly.Load(AssemblyName assemblyRef)
   в Microsoft.VisualStudio.TestPlatform.Common.ExtensionFramework.TestPluginDiscoverer.GetTestExtensionsFromFiles[TPluginInfo,TExtension](String[] files, Dictionary`2 pluginInfos)


TpTrace Information: 0 : 18960, 3, 2022/05/13, 13:01:32.343, 699480900901, testhost.net472.x86.exe, AssemblyResolver.OnResolve: Microsoft.TestPlatform.Extensions.BlameDataCollector: Resolving assembly.
TpTrace Information: 0 : 18960, 3, 2022/05/13, 13:01:32.343, 699480901868, testhost.net472.x86.exe, AssemblyResolver.OnResolve: Microsoft.TestPlatform.Extensions.BlameDataCollector: Searching in: 'C:\Program Files\dotnet\sdk\6.0.202\Extensions'.
TpTrace Information: 0 : 18960, 3, 2022/05/13, 13:01:32.344, 699480910631, testhost.net472.x86.exe, AssemblyResolver.OnResolve: Microsoft.TestPlatform.Extensions.BlameDataCollector: Loading assembly 'C:\Program Files\dotnet\sdk\6.0.202\Extensions\Microsoft.TestPlatform.Extensions.BlameDataCollector.dll'.
TpTrace Information: 0 : 18960, 3, 2022/05/13, 13:01:32.345, 699480929105, testhost.net472.x86.exe, AssemblyResolver.OnResolve: Microsoft.TestPlatform.Extensions.BlameDataCollector: Failed to load assembly. Reason:System.BadImageFormatException: Не удалось загрузить файл или сборку "Microsoft.TestPlatform.Extensions.BlameDataCollector, Version=15.0.0.0, Culture=neutral, PublicKeyToken=b03f5f7f11d50a3a" либо одну из их зависимостей. Была сделана попытка загрузить программу, имеющую неверный формат.
Имя файла: 'Microsoft.TestPlatform.Extensions.BlameDataCollector, Version=15.0.0.0, Culture=neutral, PublicKeyToken=b03f5f7f11d50a3a'
   в System.Reflection.RuntimeAssembly._nLoad(AssemblyName fileName, String codeBase, Evidence assemblySecurity, RuntimeAssembly locationHint, StackCrawlMark& stackMark, IntPtr pPrivHostBinder, Boolean throwOnFileNotFound, Boolean forIntrospection, Boolean suppressSecurityChecks)
   в System.Reflection.RuntimeAssembly.nLoad(AssemblyName fileName, String codeBase, Evidence assemblySecurity, RuntimeAssembly locationHint, StackCrawlMark& stackMark, IntPtr pPrivHostBinder, Boolean throwOnFileNotFound, Boolean forIntrospection, Boolean suppressSecurityChecks)
   в System.Reflection.RuntimeAssembly.InternalLoadAssemblyName(AssemblyName assemblyRef, Evidence assemblySecurity, RuntimeAssembly reqAssembly, StackCrawlMark& stackMark, IntPtr pPrivHostBinder, Boolean throwOnFileNotFound, Boolean forIntrospection, Boolean suppressSecurityChecks)
   в System.Reflection.RuntimeAssembly.InternalLoadFrom(String assemblyFile, Evidence securityEvidence, Byte[] hashValue, AssemblyHashAlgorithm hashAlgorithm, Boolean forIntrospection, Boolean suppressSecurityChecks, StackCrawlMark& stackMark)
   в System.Reflection.Assembly.LoadFrom(String assemblyFile)
   в Microsoft.VisualStudio.TestPlatform.PlatformAbstractions.PlatformAssemblyLoadContext.LoadAssemblyFromPath(String assemblyPath)
   в Microsoft.VisualStudio.TestPlatform.Common.Utilities.AssemblyResolver.OnResolve(Object sender, AssemblyResolveEventArgs args)

 
TpTrace Information: 0 : 18960, 3, 2022/05/13, 13:01:32.345, 699480930505, testhost.net472.x86.exe, AssemblyResolver.OnResolve: Microsoft.TestPlatform.Extensions.BlameDataCollector: Assembly path does not exist: 'C:\Program Files\dotnet\sdk\6.0.202\Extensions\Microsoft.TestPlatform.Extensions.BlameDataCollector.exe', returning.
TpTrace Information: 0 : 18960, 3, 2022/05/13, 13:01:32.345, 699480931268, testhost.net472.x86.exe, AssemblyResolver.OnResolve: Microsoft.TestPlatform.Extensions.BlameDataCollector: Searching in: 'E:\CS\APPZ\lab_4\TestingBussinesLogic\bin\Debug\net472\fine-code-coverage\build-output'.
TpTrace Information: 0 : 18960, 3, 2022/05/13, 13:01:32.345, 699480932124, testhost.net472.x86.exe, AssemblyResolver.OnResolve: Microsoft.TestPlatform.Extensions.BlameDataCollector: Assembly path does not exist: 'E:\CS\APPZ\lab_4\TestingBussinesLogic\bin\Debug\net472\fine-code-coverage\build-output\Microsoft.TestPlatform.Extensions.BlameDataCollector.dll', returning.
TpTrace Information: 0 : 18960, 3, 2022/05/13, 13:01:32.345, 699480933168, testhost.net472.x86.exe, AssemblyResolver.OnResolve: Microsoft.TestPlatform.Extensions.BlameDataCollector: Assembly path does not exist: 'E:\CS\APPZ\lab_4\TestingBussinesLogic\bin\Debug\net472\fine-code-coverage\build-output\Microsoft.TestPlatform.Extensions.BlameDataCollector.exe', returning.
TpTrace Information: 0 : 18960, 3, 2022/05/13, 13:01:32.345, 699480933955, testhost.net472.x86.exe, AssemblyResolver.OnResolve: Microsoft.TestPlatform.Extensions.BlameDataCollector: Searching in: 'C:\Program Files\dotnet\sdk\6.0.202\TestHost'.
TpTrace Information: 0 : 18960, 3, 2022/05/13, 13:01:32.345, 699480934952, testhost.net472.x86.exe, AssemblyResolver.OnResolve: Microsoft.TestPlatform.Extensions.BlameDataCollector: Assembly path does not exist: 'C:\Program Files\dotnet\sdk\6.0.202\TestHost\Microsoft.TestPlatform.Extensions.BlameDataCollector.dll', returning.
TpTrace Information: 0 : 18960, 3, 2022/05/13, 13:01:32.346, 699480936074, testhost.net472.x86.exe, AssemblyResolver.OnResolve: Microsoft.TestPlatform.Extensions.BlameDataCollector: Assembly path does not exist: 'C:\Program Files\dotnet\sdk\6.0.202\TestHost\Microsoft.TestPlatform.Extensions.BlameDataCollector.exe', returning.
TpTrace Information: 0 : 18960, 3, 2022/05/13, 13:01:32.346, 699480936710, testhost.net472.x86.exe, AssemblyResolver.OnResolve: Microsoft.TestPlatform.Extensions.BlameDataCollector: Failed to load assembly.
TpTrace Verbose: 0 : 18960, 3, 2022/05/13, 13:01:32.346, 699480937623, testhost.net472.x86.exe, CurrentDomainAssemblyResolve: Resolving assembly 'Microsoft.TestPlatform.Extensions.BlameDataCollector'.
TpTrace Information: 0 : 18960, 3, 2022/05/13, 13:01:32.346, 699480939220, testhost.net472.x86.exe, AssemblyResolver.OnResolve: Microsoft.TestPlatform.Extensions.BlameDataCollector: Resolving assembly.
TpTrace Information: 0 : 18960, 3, 2022/05/13, 13:01:32.346, 699480939854, testhost.net472.x86.exe, AssemblyResolver.OnResolve: Microsoft.TestPlatform.Extensions.BlameDataCollector: Resolved from cache.
TpTrace Verbose: 0 : 18960, 3, 2022/05/13, 13:01:32.346, 699480940602, testhost.net472.x86.exe, CurrentDomainAssemblyResolve: Resolving assembly 'Microsoft.TestPlatform.Extensions.BlameDataCollector'.
TpTrace Verbose: 0 : 18960, 3, 2022/05/13, 13:01:32.346, 699480941232, testhost.net472.x86.exe, CurrentDomainAssemblyResolve: Failed to resolve assembly 'Microsoft.TestPlatform.Extensions.BlameDataCollector'.
TpTrace Verbose: 0 : 18960, 3, 2022/05/13, 13:01:32.346, 699480942533, testhost.net472.x86.exe, CurrentDomainAssemblyResolve: Failed to resolve assembly 'Microsoft.TestPlatform.Extensions.BlameDataCollector'.
TpTrace Warning: 0 : 18960, 3, 2022/05/13, 13:01:32.347, 699480946153, testhost.net472.x86.exe, TestPluginDiscoverer: Failed to load extensions from file 'C:\Program Files\dotnet\sdk\6.0.202\Extensions\Microsoft.TestPlatform.Extensions.BlameDataCollector.dll'.  Skipping test extension scan for this file.  Error: System.IO.FileNotFoundException: Не удалось загрузить файл или сборку "Microsoft.TestPlatform.Extensions.BlameDataCollector" либо одну из их зависимостей. Не удается найти указанный файл.
Имя файла: 'Microsoft.TestPlatform.Extensions.BlameDataCollector' ---> System.IO.FileNotFoundException: Не удалось загрузить файл или сборку "Microsoft.TestPlatform.Extensions.BlameDataCollector" либо одну из их зависимостей. Не удается найти указанный файл.
Имя файла: 'Microsoft.TestPlatform.Extensions.BlameDataCollector'
   в System.Reflection.RuntimeAssembly._nLoad(AssemblyName fileName, String codeBase, Evidence assemblySecurity, RuntimeAssembly locationHint, StackCrawlMark& stackMark, IntPtr pPrivHostBinder, Boolean throwOnFileNotFound, Boolean forIntrospection, Boolean suppressSecurityChecks)
   в System.Reflection.RuntimeAssembly.nLoad(AssemblyName fileName, String codeBase, Evidence assemblySecurity, RuntimeAssembly locationHint, StackCrawlMark& stackMark, IntPtr pPrivHostBinder, Boolean throwOnFileNotFound, Boolean forIntrospection, Boolean suppressSecurityChecks)
   в System.Reflection.RuntimeAssembly.InternalLoadAssemblyName(AssemblyName assemblyRef, Evidence assemblySecurity, RuntimeAssembly reqAssembly, StackCrawlMark& stackMark, IntPtr pPrivHostBinder, Boolean throwOnFileNotFound, Boolean forIntrospection, Boolean suppressSecurityChecks)
   в System.Reflection.Assembly.Load(AssemblyName assemblyRef)
   в Microsoft.VisualStudio.TestPlatform.Common.ExtensionFramework.TestPluginCache.CurrentDomainAssemblyResolve(Object sender, AssemblyResolveEventArgs args)
   в Microsoft.VisualStudio.TestPlatform.PlatformAbstractions.PlatformAssemblyResolver.AssemblyResolverEvent(Object sender, Object eventArgs)
   в System.AppDomain.OnAssemblyResolveEvent(RuntimeAssembly assembly, String assemblyFullName)

Предупреждение: регистрация привязки сборок выключена.
Чтобы включить регистрацию ошибок привязки сборок, установите значение параметра реестра [HKLM\Software\Microsoft\Fusion!EnableLog] (DWORD) в 1.
Примечание. Регистрация ошибок привязки сборок может привести к некоторому снижению производительности.
Чтобы отключить эту функцию, удалите параметр реестра [HKLM\Software\Microsoft\Fusion!EnableLog].

   в System.Reflection.RuntimeAssembly._nLoad(AssemblyName fileName, String codeBase, Evidence assemblySecurity, RuntimeAssembly locationHint, StackCrawlMark& stackMark, IntPtr pPrivHostBinder, Boolean throwOnFileNotFound, Boolean forIntrospection, Boolean suppressSecurityChecks)
   в System.Reflection.RuntimeAssembly.nLoad(AssemblyName fileName, String codeBase, Evidence assemblySecurity, RuntimeAssembly locationHint, StackCrawlMark& stackMark, IntPtr pPrivHostBinder, Boolean throwOnFileNotFound, Boolean forIntrospection, Boolean suppressSecurityChecks)
   в System.Reflection.RuntimeAssembly.InternalLoadAssemblyName(AssemblyName assemblyRef, Evidence assemblySecurity, RuntimeAssembly reqAssembly, StackCrawlMark& stackMark, IntPtr pPrivHostBinder, Boolean throwOnFileNotFound, Boolean forIntrospection, Boolean suppressSecurityChecks)
   в System.Reflection.Assembly.Load(AssemblyName assemblyRef)
   в Microsoft.VisualStudio.TestPlatform.Common.ExtensionFramework.TestPluginDiscoverer.GetTestExtensionsFromFiles[TPluginInfo,TExtension](String[] files, Dictionary`2 pluginInfos)


TpTrace Information: 0 : 18960, 3, 2022/05/13, 13:01:32.347, 699480952159, testhost.net472.x86.exe, AssemblyResolver.OnResolve: Microsoft.TestPlatform.Extensions.EventLogCollector: Resolving assembly.
TpTrace Information: 0 : 18960, 3, 2022/05/13, 13:01:32.347, 699480953102, testhost.net472.x86.exe, AssemblyResolver.OnResolve: Microsoft.TestPlatform.Extensions.EventLogCollector: Searching in: 'C:\Program Files\dotnet\sdk\6.0.202\Extensions'.
TpTrace Information: 0 : 18960, 3, 2022/05/13, 13:01:32.348, 699480957677, testhost.net472.x86.exe, AssemblyResolver.OnResolve: Microsoft.TestPlatform.Extensions.EventLogCollector: Loading assembly 'C:\Program Files\dotnet\sdk\6.0.202\Extensions\Microsoft.TestPlatform.Extensions.EventLogCollector.dll'.
TpTrace Information: 0 : 18960, 3, 2022/05/13, 13:01:32.349, 699480970233, testhost.net472.x86.exe, AssemblyResolver.OnResolve: Resolved assembly: Microsoft.TestPlatform.Extensions.EventLogCollector, from path: C:\Program Files\dotnet\sdk\6.0.202\Extensions\Microsoft.TestPlatform.Extensions.EventLogCollector.dll
TpTrace Information: 0 : 18960, 3, 2022/05/13, 13:01:32.353, 699481011043, testhost.net472.x86.exe, AssemblyResolver.OnResolve: Microsoft.TestPlatform.TestHostRuntimeProvider: Resolving assembly.
TpTrace Information: 0 : 18960, 3, 2022/05/13, 13:01:32.353, 699481012225, testhost.net472.x86.exe, AssemblyResolver.OnResolve: Microsoft.TestPlatform.TestHostRuntimeProvider: Searching in: 'C:\Program Files\dotnet\sdk\6.0.202\Extensions'.
TpTrace Information: 0 : 18960, 3, 2022/05/13, 13:01:32.354, 699481025182, testhost.net472.x86.exe, AssemblyResolver.OnResolve: Microsoft.TestPlatform.TestHostRuntimeProvider: Loading assembly 'C:\Program Files\dotnet\sdk\6.0.202\Extensions\Microsoft.TestPlatform.TestHostRuntimeProvider.dll'.
TpTrace Information: 0 : 18960, 3, 2022/05/13, 13:01:32.357, 699481052894, testhost.net472.x86.exe, AssemblyResolver.OnResolve: Microsoft.TestPlatform.TestHostRuntimeProvider: Failed to load assembly. Reason:System.BadImageFormatException: Не удалось загрузить файл или сборку "Microsoft.TestPlatform.TestHostRuntimeProvider, Version=15.0.0.0, Culture=neutral, PublicKeyToken=b03f5f7f11d50a3a" либо одну из их зависимостей. Была сделана попытка загрузить программу, имеющую неверный формат.
Имя файла: 'Microsoft.TestPlatform.TestHostRuntimeProvider, Version=15.0.0.0, Culture=neutral, PublicKeyToken=b03f5f7f11d50a3a'
   в System.Reflection.RuntimeAssembly._nLoad(AssemblyName fileName, String codeBase, Evidence assemblySecurity, RuntimeAssembly locationHint, StackCrawlMark& stackMark, IntPtr pPrivHostBinder, Boolean throwOnFileNotFound, Boolean forIntrospection, Boolean suppressSecurityChecks)
   в System.Reflection.RuntimeAssembly.nLoad(AssemblyName fileName, String codeBase, Evidence assemblySecurity, RuntimeAssembly locationHint, StackCrawlMark& stackMark, IntPtr pPrivHostBinder, Boolean throwOnFileNotFound, Boolean forIntrospection, Boolean suppressSecurityChecks)
   в System.Reflection.RuntimeAssembly.InternalLoadAssemblyName(AssemblyName assemblyRef, Evidence assemblySecurity, RuntimeAssembly reqAssembly, StackCrawlMark& stackMark, IntPtr pPrivHostBinder, Boolean throwOnFileNotFound, Boolean forIntrospection, Boolean suppressSecurityChecks)
   в System.Reflection.RuntimeAssembly.InternalLoadFrom(String assemblyFile, Evidence securityEvidence, Byte[] hashValue, AssemblyHashAlgorithm hashAlgorithm, Boolean forIntrospection, Boolean suppressSecurityChecks, StackCrawlMark& stackMark)
   в System.Reflection.Assembly.LoadFrom(String assemblyFile)
   в Microsoft.VisualStudio.TestPlatform.PlatformAbstractions.PlatformAssemblyLoadContext.LoadAssemblyFromPath(String assemblyPath)
   в Microsoft.VisualStudio.TestPlatform.Common.Utilities.AssemblyResolver.OnResolve(Object sender, AssemblyResolveEventArgs args)

 
TpTrace Information: 0 : 18960, 3, 2022/05/13, 13:01:32.357, 699481055092, testhost.net472.x86.exe, AssemblyResolver.OnResolve: Microsoft.TestPlatform.TestHostRuntimeProvider: Assembly path does not exist: 'C:\Program Files\dotnet\sdk\6.0.202\Extensions\Microsoft.TestPlatform.TestHostRuntimeProvider.exe', returning.
TpTrace Information: 0 : 18960, 3, 2022/05/13, 13:01:32.358, 699481055827, testhost.net472.x86.exe, AssemblyResolver.OnResolve: Microsoft.TestPlatform.TestHostRuntimeProvider: Searching in: 'E:\CS\APPZ\lab_4\TestingBussinesLogic\bin\Debug\net472\fine-code-coverage\build-output'.
TpTrace Information: 0 : 18960, 3, 2022/05/13, 13:01:32.358, 699481056924, testhost.net472.x86.exe, AssemblyResolver.OnResolve: Microsoft.TestPlatform.TestHostRuntimeProvider: Assembly path does not exist: 'E:\CS\APPZ\lab_4\TestingBussinesLogic\bin\Debug\net472\fine-code-coverage\build-output\Microsoft.TestPlatform.TestHostRuntimeProvider.dll', returning.
TpTrace Information: 0 : 18960, 3, 2022/05/13, 13:01:32.358, 699481057888, testhost.net472.x86.exe, AssemblyResolver.OnResolve: Microsoft.TestPlatform.TestHostRuntimeProvider: Assembly path does not exist: 'E:\CS\APPZ\lab_4\TestingBussinesLogic\bin\Debug\net472\fine-code-coverage\build-output\Microsoft.TestPlatform.TestHostRuntimeProvider.exe', returning.
TpTrace Information: 0 : 18960, 3, 2022/05/13, 13:01:32.358, 699481058547, testhost.net472.x86.exe, AssemblyResolver.OnResolve: Microsoft.TestPlatform.TestHostRuntimeProvider: Searching in: 'C:\Program Files\dotnet\sdk\6.0.202\TestHost'.
TpTrace Information: 0 : 18960, 3, 2022/05/13, 13:01:32.358, 699481059624, testhost.net472.x86.exe, AssemblyResolver.OnResolve: Microsoft.TestPlatform.TestHostRuntimeProvider: Assembly path does not exist: 'C:\Program Files\dotnet\sdk\6.0.202\TestHost\Microsoft.TestPlatform.TestHostRuntimeProvider.dll', returning.
TpTrace Information: 0 : 18960, 3, 2022/05/13, 13:01:32.358, 699481060540, testhost.net472.x86.exe, AssemblyResolver.OnResolve: Microsoft.TestPlatform.TestHostRuntimeProvider: Assembly path does not exist: 'C:\Program Files\dotnet\sdk\6.0.202\TestHost\Microsoft.TestPlatform.TestHostRuntimeProvider.exe', returning.
TpTrace Information: 0 : 18960, 3, 2022/05/13, 13:01:32.358, 699481061732, testhost.net472.x86.exe, AssemblyResolver.OnResolve: Microsoft.TestPlatform.TestHostRuntimeProvider: Failed to load assembly.
TpTrace Verbose: 0 : 18960, 3, 2022/05/13, 13:01:32.358, 699481062498, testhost.net472.x86.exe, CurrentDomainAssemblyResolve: Resolving assembly 'Microsoft.TestPlatform.TestHostRuntimeProvider'.
TpTrace Information: 0 : 18960, 3, 2022/05/13, 13:01:32.358, 699481064064, testhost.net472.x86.exe, AssemblyResolver.OnResolve: Microsoft.TestPlatform.TestHostRuntimeProvider: Resolving assembly.
TpTrace Information: 0 : 18960, 3, 2022/05/13, 13:01:32.358, 699481064930, testhost.net472.x86.exe, AssemblyResolver.OnResolve: Microsoft.TestPlatform.TestHostRuntimeProvider: Resolved from cache.
TpTrace Verbose: 0 : 18960, 3, 2022/05/13, 13:01:32.358, 699481065583, testhost.net472.x86.exe, CurrentDomainAssemblyResolve: Resolving assembly 'Microsoft.TestPlatform.TestHostRuntimeProvider'.
TpTrace Verbose: 0 : 18960, 3, 2022/05/13, 13:01:32.359, 699481066325, testhost.net472.x86.exe, CurrentDomainAssemblyResolve: Failed to resolve assembly 'Microsoft.TestPlatform.TestHostRuntimeProvider'.
TpTrace Verbose: 0 : 18960, 3, 2022/05/13, 13:01:32.359, 699481067781, testhost.net472.x86.exe, CurrentDomainAssemblyResolve: Failed to resolve assembly 'Microsoft.TestPlatform.TestHostRuntimeProvider'.
TpTrace Warning: 0 : 18960, 3, 2022/05/13, 13:01:32.359, 699481071693, testhost.net472.x86.exe, TestPluginDiscoverer: Failed to load extensions from file 'C:\Program Files\dotnet\sdk\6.0.202\Extensions\Microsoft.TestPlatform.TestHostRuntimeProvider.dll'.  Skipping test extension scan for this file.  Error: System.IO.FileNotFoundException: Не удалось загрузить файл или сборку "Microsoft.TestPlatform.TestHostRuntimeProvider" либо одну из их зависимостей. Не удается найти указанный файл.
Имя файла: 'Microsoft.TestPlatform.TestHostRuntimeProvider' ---> System.IO.FileNotFoundException: Не удалось загрузить файл или сборку "Microsoft.TestPlatform.TestHostRuntimeProvider" либо одну из их зависимостей. Не удается найти указанный файл.
Имя файла: 'Microsoft.TestPlatform.TestHostRuntimeProvider'
   в System.Reflection.RuntimeAssembly._nLoad(AssemblyName fileName, String codeBase, Evidence assemblySecurity, RuntimeAssembly locationHint, StackCrawlMark& stackMark, IntPtr pPrivHostBinder, Boolean throwOnFileNotFound, Boolean forIntrospection, Boolean suppressSecurityChecks)
   в System.Reflection.RuntimeAssembly.nLoad(AssemblyName fileName, String codeBase, Evidence assemblySecurity, RuntimeAssembly locationHint, StackCrawlMark& stackMark, IntPtr pPrivHostBinder, Boolean throwOnFileNotFound, Boolean forIntrospection, Boolean suppressSecurityChecks)
   в System.Reflection.RuntimeAssembly.InternalLoadAssemblyName(AssemblyName assemblyRef, Evidence assemblySecurity, RuntimeAssembly reqAssembly, StackCrawlMark& stackMark, IntPtr pPrivHostBinder, Boolean throwOnFileNotFound, Boolean forIntrospection, Boolean suppressSecurityChecks)
   в System.Reflection.Assembly.Load(AssemblyName assemblyRef)
   в Microsoft.VisualStudio.TestPlatform.Common.ExtensionFramework.TestPluginCache.CurrentDomainAssemblyResolve(Object sender, AssemblyResolveEventArgs args)
   в Microsoft.VisualStudio.TestPlatform.PlatformAbstractions.PlatformAssemblyResolver.AssemblyResolverEvent(Object sender, Object eventArgs)
   в System.AppDomain.OnAssemblyResolveEvent(RuntimeAssembly assembly, String assemblyFullName)

Предупреждение: регистрация привязки сборок выключена.
Чтобы включить регистрацию ошибок привязки сборок, установите значение параметра реестра [HKLM\Software\Microsoft\Fusion!EnableLog] (DWORD) в 1.
Примечание. Регистрация ошибок привязки сборок может привести к некоторому снижению производительности.
Чтобы отключить эту функцию, удалите параметр реестра [HKLM\Software\Microsoft\Fusion!EnableLog].

   в System.Reflection.RuntimeAssembly._nLoad(AssemblyName fileName, String codeBase, Evidence assemblySecurity, RuntimeAssembly locationHint, StackCrawlMark& stackMark, IntPtr pPrivHostBinder, Boolean throwOnFileNotFound, Boolean forIntrospection, Boolean suppressSecurityChecks)
   в System.Reflection.RuntimeAssembly.nLoad(AssemblyName fileName, String codeBase, Evidence assemblySecurity, RuntimeAssembly locationHint, StackCrawlMark& stackMark, IntPtr pPrivHostBinder, Boolean throwOnFileNotFound, Boolean forIntrospection, Boolean suppressSecurityChecks)
   в System.Reflection.RuntimeAssembly.InternalLoadAssemblyName(AssemblyName assemblyRef, Evidence assemblySecurity, RuntimeAssembly reqAssembly, StackCrawlMark& stackMark, IntPtr pPrivHostBinder, Boolean throwOnFileNotFound, Boolean forIntrospection, Boolean suppressSecurityChecks)
   в System.Reflection.Assembly.Load(AssemblyName assemblyRef)
   в Microsoft.VisualStudio.TestPlatform.Common.ExtensionFramework.TestPluginDiscoverer.GetTestExtensionsFromFiles[TPluginInfo,TExtension](String[] files, Dictionary`2 pluginInfos)


TpTrace Information: 0 : 18960, 3, 2022/05/13, 13:01:32.361, 699481092769, testhost.net472.x86.exe, AssemblyResolver.OnResolve: Microsoft.VisualStudio.TestPlatform.Extensions.Html.TestLogger: Resolving assembly.
TpTrace Information: 0 : 18960, 3, 2022/05/13, 13:01:32.361, 699481093626, testhost.net472.x86.exe, AssemblyResolver.OnResolve: Microsoft.VisualStudio.TestPlatform.Extensions.Html.TestLogger: Searching in: 'C:\Program Files\dotnet\sdk\6.0.202\Extensions'.
TpTrace Information: 0 : 18960, 3, 2022/05/13, 13:01:32.362, 699481101436, testhost.net472.x86.exe, AssemblyResolver.OnResolve: Microsoft.VisualStudio.TestPlatform.Extensions.Html.TestLogger: Loading assembly 'C:\Program Files\dotnet\sdk\6.0.202\Extensions\Microsoft.VisualStudio.TestPlatform.Extensions.Html.TestLogger.dll'.
TpTrace Information: 0 : 18960, 3, 2022/05/13, 13:01:32.364, 699481119966, testhost.net472.x86.exe, AssemblyResolver.OnResolve: Microsoft.VisualStudio.TestPlatform.Extensions.Html.TestLogger: Failed to load assembly. Reason:System.BadImageFormatException: Не удалось загрузить файл или сборку "Microsoft.VisualStudio.TestPlatform.Extensions.Html.TestLogger, Version=15.0.0.0, Culture=neutral, PublicKeyToken=b03f5f7f11d50a3a" либо одну из их зависимостей. Была сделана попытка загрузить программу, имеющую неверный формат.
Имя файла: 'Microsoft.VisualStudio.TestPlatform.Extensions.Html.TestLogger, Version=15.0.0.0, Culture=neutral, PublicKeyToken=b03f5f7f11d50a3a'
   в System.Reflection.RuntimeAssembly._nLoad(AssemblyName fileName, String codeBase, Evidence assemblySecurity, RuntimeAssembly locationHint, StackCrawlMark& stackMark, IntPtr pPrivHostBinder, Boolean throwOnFileNotFound, Boolean forIntrospection, Boolean suppressSecurityChecks)
   в System.Reflection.RuntimeAssembly.nLoad(AssemblyName fileName, String codeBase, Evidence assemblySecurity, RuntimeAssembly locationHint, StackCrawlMark& stackMark, IntPtr pPrivHostBinder, Boolean throwOnFileNotFound, Boolean forIntrospection, Boolean suppressSecurityChecks)
   в System.Reflection.RuntimeAssembly.InternalLoadAssemblyName(AssemblyName assemblyRef, Evidence assemblySecurity, RuntimeAssembly reqAssembly, StackCrawlMark& stackMark, IntPtr pPrivHostBinder, Boolean throwOnFileNotFound, Boolean forIntrospection, Boolean suppressSecurityChecks)
   в System.Reflection.RuntimeAssembly.InternalLoadFrom(String assemblyFile, Evidence securityEvidence, Byte[] hashValue, AssemblyHashAlgorithm hashAlgorithm, Boolean forIntrospection, Boolean suppressSecurityChecks, StackCrawlMark& stackMark)
   в System.Reflection.Assembly.LoadFrom(String assemblyFile)
   в Microsoft.VisualStudio.TestPlatform.PlatformAbstractions.PlatformAssemblyLoadContext.LoadAssemblyFromPath(String assemblyPath)
   в Microsoft.VisualStudio.TestPlatform.Common.Utilities.AssemblyResolver.OnResolve(Object sender, AssemblyResolveEventArgs args)

 
TpTrace Information: 0 : 18960, 3, 2022/05/13, 13:01:32.364, 699481121400, testhost.net472.x86.exe, AssemblyResolver.OnResolve: Microsoft.VisualStudio.TestPlatform.Extensions.Html.TestLogger: Assembly path does not exist: 'C:\Program Files\dotnet\sdk\6.0.202\Extensions\Microsoft.VisualStudio.TestPlatform.Extensions.Html.TestLogger.exe', returning.
TpTrace Information: 0 : 18960, 3, 2022/05/13, 13:01:32.364, 699481122119, testhost.net472.x86.exe, AssemblyResolver.OnResolve: Microsoft.VisualStudio.TestPlatform.Extensions.Html.TestLogger: Searching in: 'E:\CS\APPZ\lab_4\TestingBussinesLogic\bin\Debug\net472\fine-code-coverage\build-output'.
TpTrace Information: 0 : 18960, 3, 2022/05/13, 13:01:32.364, 699481123017, testhost.net472.x86.exe, AssemblyResolver.OnResolve: Microsoft.VisualStudio.TestPlatform.Extensions.Html.TestLogger: Assembly path does not exist: 'E:\CS\APPZ\lab_4\TestingBussinesLogic\bin\Debug\net472\fine-code-coverage\build-output\Microsoft.VisualStudio.TestPlatform.Extensions.Html.TestLogger.dll', returning.
TpTrace Information: 0 : 18960, 3, 2022/05/13, 13:01:32.364, 699481123843, testhost.net472.x86.exe, AssemblyResolver.OnResolve: Microsoft.VisualStudio.TestPlatform.Extensions.Html.TestLogger: Assembly path does not exist: 'E:\CS\APPZ\lab_4\TestingBussinesLogic\bin\Debug\net472\fine-code-coverage\build-output\Microsoft.VisualStudio.TestPlatform.Extensions.Html.TestLogger.exe', returning.
TpTrace Information: 0 : 18960, 3, 2022/05/13, 13:01:32.364, 699481124476, testhost.net472.x86.exe, AssemblyResolver.OnResolve: Microsoft.VisualStudio.TestPlatform.Extensions.Html.TestLogger: Searching in: 'C:\Program Files\dotnet\sdk\6.0.202\TestHost'.
TpTrace Information: 0 : 18960, 3, 2022/05/13, 13:01:32.364, 699481125379, testhost.net472.x86.exe, AssemblyResolver.OnResolve: Microsoft.VisualStudio.TestPlatform.Extensions.Html.TestLogger: Assembly path does not exist: 'C:\Program Files\dotnet\sdk\6.0.202\TestHost\Microsoft.VisualStudio.TestPlatform.Extensions.Html.TestLogger.dll', returning.
TpTrace Information: 0 : 18960, 3, 2022/05/13, 13:01:32.365, 699481126316, testhost.net472.x86.exe, AssemblyResolver.OnResolve: Microsoft.VisualStudio.TestPlatform.Extensions.Html.TestLogger: Assembly path does not exist: 'C:\Program Files\dotnet\sdk\6.0.202\TestHost\Microsoft.VisualStudio.TestPlatform.Extensions.Html.TestLogger.exe', returning.
TpTrace Information: 0 : 18960, 3, 2022/05/13, 13:01:32.365, 699481126962, testhost.net472.x86.exe, AssemblyResolver.OnResolve: Microsoft.VisualStudio.TestPlatform.Extensions.Html.TestLogger: Failed to load assembly.
TpTrace Verbose: 0 : 18960, 3, 2022/05/13, 13:01:32.365, 699481127617, testhost.net472.x86.exe, CurrentDomainAssemblyResolve: Resolving assembly 'Microsoft.VisualStudio.TestPlatform.Extensions.Html.TestLogger'.
TpTrace Information: 0 : 18960, 3, 2022/05/13, 13:01:32.365, 699481129182, testhost.net472.x86.exe, AssemblyResolver.OnResolve: Microsoft.VisualStudio.TestPlatform.Extensions.Html.TestLogger: Resolving assembly.
TpTrace Information: 0 : 18960, 3, 2022/05/13, 13:01:32.365, 699481129820, testhost.net472.x86.exe, AssemblyResolver.OnResolve: Microsoft.VisualStudio.TestPlatform.Extensions.Html.TestLogger: Resolved from cache.
TpTrace Verbose: 0 : 18960, 3, 2022/05/13, 13:01:32.365, 699481130454, testhost.net472.x86.exe, CurrentDomainAssemblyResolve: Resolving assembly 'Microsoft.VisualStudio.TestPlatform.Extensions.Html.TestLogger'.
TpTrace Verbose: 0 : 18960, 3, 2022/05/13, 13:01:32.365, 699481131067, testhost.net472.x86.exe, CurrentDomainAssemblyResolve: Failed to resolve assembly 'Microsoft.VisualStudio.TestPlatform.Extensions.Html.TestLogger'.
TpTrace Verbose: 0 : 18960, 3, 2022/05/13, 13:01:32.365, 699481132293, testhost.net472.x86.exe, CurrentDomainAssemblyResolve: Failed to resolve assembly 'Microsoft.VisualStudio.TestPlatform.Extensions.Html.TestLogger'.
TpTrace Warning: 0 : 18960, 3, 2022/05/13, 13:01:32.365, 699481135038, testhost.net472.x86.exe, TestPluginDiscoverer: Failed to load extensions from file 'C:\Program Files\dotnet\sdk\6.0.202\Extensions\Microsoft.VisualStudio.TestPlatform.Extensions.Html.TestLogger.dll'.  Skipping test extension scan for this file.  Error: System.IO.FileNotFoundException: Не удалось загрузить файл или сборку "Microsoft.VisualStudio.TestPlatform.Extensions.Html.TestLogger" либо одну из их зависимостей. Не удается найти указанный файл.
Имя файла: 'Microsoft.VisualStudio.TestPlatform.Extensions.Html.TestLogger' ---> System.IO.FileNotFoundException: Не удалось загрузить файл или сборку "Microsoft.VisualStudio.TestPlatform.Extensions.Html.TestLogger" либо одну из их зависимостей. Не удается найти указанный файл.
Имя файла: 'Microsoft.VisualStudio.TestPlatform.Extensions.Html.TestLogger'
   в System.Reflection.RuntimeAssembly._nLoad(AssemblyName fileName, String codeBase, Evidence assemblySecurity, RuntimeAssembly locationHint, StackCrawlMark& stackMark, IntPtr pPrivHostBinder, Boolean throwOnFileNotFound, Boolean forIntrospection, Boolean suppressSecurityChecks)
   в System.Reflection.RuntimeAssembly.nLoad(AssemblyName fileName, String codeBase, Evidence assemblySecurity, RuntimeAssembly locationHint, StackCrawlMark& stackMark, IntPtr pPrivHostBinder, Boolean throwOnFileNotFound, Boolean forIntrospection, Boolean suppressSecurityChecks)
   в System.Reflection.RuntimeAssembly.InternalLoadAssemblyName(AssemblyName assemblyRef, Evidence assemblySecurity, RuntimeAssembly reqAssembly, StackCrawlMark& stackMark, IntPtr pPrivHostBinder, Boolean throwOnFileNotFound, Boolean forIntrospection, Boolean suppressSecurityChecks)
   в System.Reflection.Assembly.Load(AssemblyName assemblyRef)
   в Microsoft.VisualStudio.TestPlatform.Common.ExtensionFramework.TestPluginCache.CurrentDomainAssemblyResolve(Object sender, AssemblyResolveEventArgs args)
   в Microsoft.VisualStudio.TestPlatform.PlatformAbstractions.PlatformAssemblyResolver.AssemblyResolverEvent(Object sender, Object eventArgs)
   в System.AppDomain.OnAssemblyResolveEvent(RuntimeAssembly assembly, String assemblyFullName)

Предупреждение: регистрация привязки сборок выключена.
Чтобы включить регистрацию ошибок привязки сборок, установите значение параметра реестра [HKLM\Software\Microsoft\Fusion!EnableLog] (DWORD) в 1.
Примечание. Регистрация ошибок привязки сборок может привести к некоторому снижению производительности.
Чтобы отключить эту функцию, удалите параметр реестра [HKLM\Software\Microsoft\Fusion!EnableLog].

   в System.Reflection.RuntimeAssembly._nLoad(AssemblyName fileName, String codeBase, Evidence assemblySecurity, RuntimeAssembly locationHint, StackCrawlMark& stackMark, IntPtr pPrivHostBinder, Boolean throwOnFileNotFound, Boolean forIntrospection, Boolean suppressSecurityChecks)
   в System.Reflection.RuntimeAssembly.nLoad(AssemblyName fileName, String codeBase, Evidence assemblySecurity, RuntimeAssembly locationHint, StackCrawlMark& stackMark, IntPtr pPrivHostBinder, Boolean throwOnFileNotFound, Boolean forIntrospection, Boolean suppressSecurityChecks)
   в System.Reflection.RuntimeAssembly.InternalLoadAssemblyName(AssemblyName assemblyRef, Evidence assemblySecurity, RuntimeAssembly reqAssembly, StackCrawlMark& stackMark, IntPtr pPrivHostBinder, Boolean throwOnFileNotFound, Boolean forIntrospection, Boolean suppressSecurityChecks)
   в System.Reflection.Assembly.Load(AssemblyName assemblyRef)
   в Microsoft.VisualStudio.TestPlatform.Common.ExtensionFramework.TestPluginDiscoverer.GetTestExtensionsFromFiles[TPluginInfo,TExtension](String[] files, Dictionary`2 pluginInfos)


TpTrace Information: 0 : 18960, 3, 2022/05/13, 13:01:32.366, 699481140643, testhost.net472.x86.exe, AssemblyResolver.OnResolve: Microsoft.VisualStudio.TestPlatform.Extensions.Trx.TestLogger: Resolving assembly.
TpTrace Information: 0 : 18960, 3, 2022/05/13, 13:01:32.366, 699481141441, testhost.net472.x86.exe, AssemblyResolver.OnResolve: Microsoft.VisualStudio.TestPlatform.Extensions.Trx.TestLogger: Searching in: 'C:\Program Files\dotnet\sdk\6.0.202\Extensions'.
TpTrace Information: 0 : 18960, 3, 2022/05/13, 13:01:32.367, 699481153754, testhost.net472.x86.exe, AssemblyResolver.OnResolve: Microsoft.VisualStudio.TestPlatform.Extensions.Trx.TestLogger: Loading assembly 'C:\Program Files\dotnet\sdk\6.0.202\Extensions\Microsoft.VisualStudio.TestPlatform.Extensions.Trx.TestLogger.dll'.
TpTrace Information: 0 : 18960, 3, 2022/05/13, 13:01:32.370, 699481175950, testhost.net472.x86.exe, AssemblyResolver.OnResolve: Microsoft.VisualStudio.TestPlatform.Extensions.Trx.TestLogger: Failed to load assembly. Reason:System.BadImageFormatException: Не удалось загрузить файл или сборку "Microsoft.VisualStudio.TestPlatform.Extensions.Trx.TestLogger, Version=15.0.0.0, Culture=neutral, PublicKeyToken=b03f5f7f11d50a3a" либо одну из их зависимостей. Была сделана попытка загрузить программу, имеющую неверный формат.
Имя файла: 'Microsoft.VisualStudio.TestPlatform.Extensions.Trx.TestLogger, Version=15.0.0.0, Culture=neutral, PublicKeyToken=b03f5f7f11d50a3a'
   в System.Reflection.RuntimeAssembly._nLoad(AssemblyName fileName, String codeBase, Evidence assemblySecurity, RuntimeAssembly locationHint, StackCrawlMark& stackMark, IntPtr pPrivHostBinder, Boolean throwOnFileNotFound, Boolean forIntrospection, Boolean suppressSecurityChecks)
   в System.Reflection.RuntimeAssembly.nLoad(AssemblyName fileName, String codeBase, Evidence assemblySecurity, RuntimeAssembly locationHint, StackCrawlMark& stackMark, IntPtr pPrivHostBinder, Boolean throwOnFileNotFound, Boolean forIntrospection, Boolean suppressSecurityChecks)
   в System.Reflection.RuntimeAssembly.InternalLoadAssemblyName(AssemblyName assemblyRef, Evidence assemblySecurity, RuntimeAssembly reqAssembly, StackCrawlMark& stackMark, IntPtr pPrivHostBinder, Boolean throwOnFileNotFound, Boolean forIntrospection, Boolean suppressSecurityChecks)
   в System.Reflection.RuntimeAssembly.InternalLoadFrom(String assemblyFile, Evidence securityEvidence, Byte[] hashValue, AssemblyHashAlgorithm hashAlgorithm, Boolean forIntrospection, Boolean suppressSecurityChecks, StackCrawlMark& stackMark)
   в System.Reflection.Assembly.LoadFrom(String assemblyFile)
   в Microsoft.VisualStudio.TestPlatform.PlatformAbstractions.PlatformAssemblyLoadContext.LoadAssemblyFromPath(String assemblyPath)
   в Microsoft.VisualStudio.TestPlatform.Common.Utilities.AssemblyResolver.OnResolve(Object sender, AssemblyResolveEventArgs args)

 
TpTrace Information: 0 : 18960, 3, 2022/05/13, 13:01:32.370, 699481177582, testhost.net472.x86.exe, AssemblyResolver.OnResolve: Microsoft.VisualStudio.TestPlatform.Extensions.Trx.TestLogger: Assembly path does not exist: 'C:\Program Files\dotnet\sdk\6.0.202\Extensions\Microsoft.VisualStudio.TestPlatform.Extensions.Trx.TestLogger.exe', returning.
TpTrace Information: 0 : 18960, 3, 2022/05/13, 13:01:32.370, 699481178279, testhost.net472.x86.exe, AssemblyResolver.OnResolve: Microsoft.VisualStudio.TestPlatform.Extensions.Trx.TestLogger: Searching in: 'E:\CS\APPZ\lab_4\TestingBussinesLogic\bin\Debug\net472\fine-code-coverage\build-output'.
TpTrace Information: 0 : 18960, 3, 2022/05/13, 13:01:32.370, 699481179224, testhost.net472.x86.exe, AssemblyResolver.OnResolve: Microsoft.VisualStudio.TestPlatform.Extensions.Trx.TestLogger: Assembly path does not exist: 'E:\CS\APPZ\lab_4\TestingBussinesLogic\bin\Debug\net472\fine-code-coverage\build-output\Microsoft.VisualStudio.TestPlatform.Extensions.Trx.TestLogger.dll', returning.
TpTrace Information: 0 : 18960, 3, 2022/05/13, 13:01:32.370, 699481180117, testhost.net472.x86.exe, AssemblyResolver.OnResolve: Microsoft.VisualStudio.TestPlatform.Extensions.Trx.TestLogger: Assembly path does not exist: 'E:\CS\APPZ\lab_4\TestingBussinesLogic\bin\Debug\net472\fine-code-coverage\build-output\Microsoft.VisualStudio.TestPlatform.Extensions.Trx.TestLogger.exe', returning.
TpTrace Information: 0 : 18960, 3, 2022/05/13, 13:01:32.370, 699481180770, testhost.net472.x86.exe, AssemblyResolver.OnResolve: Microsoft.VisualStudio.TestPlatform.Extensions.Trx.TestLogger: Searching in: 'C:\Program Files\dotnet\sdk\6.0.202\TestHost'.
TpTrace Information: 0 : 18960, 3, 2022/05/13, 13:01:32.370, 699481181698, testhost.net472.x86.exe, AssemblyResolver.OnResolve: Microsoft.VisualStudio.TestPlatform.Extensions.Trx.TestLogger: Assembly path does not exist: 'C:\Program Files\dotnet\sdk\6.0.202\TestHost\Microsoft.VisualStudio.TestPlatform.Extensions.Trx.TestLogger.dll', returning.
TpTrace Information: 0 : 18960, 3, 2022/05/13, 13:01:32.370, 699481182638, testhost.net472.x86.exe, AssemblyResolver.OnResolve: Microsoft.VisualStudio.TestPlatform.Extensions.Trx.TestLogger: Assembly path does not exist: 'C:\Program Files\dotnet\sdk\6.0.202\TestHost\Microsoft.VisualStudio.TestPlatform.Extensions.Trx.TestLogger.exe', returning.
TpTrace Information: 0 : 18960, 3, 2022/05/13, 13:01:32.370, 699481183270, testhost.net472.x86.exe, AssemblyResolver.OnResolve: Microsoft.VisualStudio.TestPlatform.Extensions.Trx.TestLogger: Failed to load assembly.
TpTrace Verbose: 0 : 18960, 3, 2022/05/13, 13:01:32.370, 699481183979, testhost.net472.x86.exe, CurrentDomainAssemblyResolve: Resolving assembly 'Microsoft.VisualStudio.TestPlatform.Extensions.Trx.TestLogger'.
TpTrace Information: 0 : 18960, 3, 2022/05/13, 13:01:32.371, 699481185728, testhost.net472.x86.exe, AssemblyResolver.OnResolve: Microsoft.VisualStudio.TestPlatform.Extensions.Trx.TestLogger: Resolving assembly.
TpTrace Information: 0 : 18960, 3, 2022/05/13, 13:01:32.371, 699481186405, testhost.net472.x86.exe, AssemblyResolver.OnResolve: Microsoft.VisualStudio.TestPlatform.Extensions.Trx.TestLogger: Resolved from cache.
TpTrace Verbose: 0 : 18960, 3, 2022/05/13, 13:01:32.371, 699481187067, testhost.net472.x86.exe, CurrentDomainAssemblyResolve: Resolving assembly 'Microsoft.VisualStudio.TestPlatform.Extensions.Trx.TestLogger'.
TpTrace Verbose: 0 : 18960, 3, 2022/05/13, 13:01:32.371, 699481187668, testhost.net472.x86.exe, CurrentDomainAssemblyResolve: Failed to resolve assembly 'Microsoft.VisualStudio.TestPlatform.Extensions.Trx.TestLogger'.
TpTrace Verbose: 0 : 18960, 3, 2022/05/13, 13:01:32.371, 699481188962, testhost.net472.x86.exe, CurrentDomainAssemblyResolve: Failed to resolve assembly 'Microsoft.VisualStudio.TestPlatform.Extensions.Trx.TestLogger'.
TpTrace Warning: 0 : 18960, 3, 2022/05/13, 13:01:32.371, 699481191425, testhost.net472.x86.exe, TestPluginDiscoverer: Failed to load extensions from file 'C:\Program Files\dotnet\sdk\6.0.202\Extensions\Microsoft.VisualStudio.TestPlatform.Extensions.Trx.TestLogger.dll'.  Skipping test extension scan for this file.  Error: System.IO.FileNotFoundException: Не удалось загрузить файл или сборку "Microsoft.VisualStudio.TestPlatform.Extensions.Trx.TestLogger" либо одну из их зависимостей. Не удается найти указанный файл.
Имя файла: 'Microsoft.VisualStudio.TestPlatform.Extensions.Trx.TestLogger' ---> System.IO.FileNotFoundException: Не удалось загрузить файл или сборку "Microsoft.VisualStudio.TestPlatform.Extensions.Trx.TestLogger" либо одну из их зависимостей. Не удается найти указанный файл.
Имя файла: 'Microsoft.VisualStudio.TestPlatform.Extensions.Trx.TestLogger'
   в System.Reflection.RuntimeAssembly._nLoad(AssemblyName fileName, String codeBase, Evidence assemblySecurity, RuntimeAssembly locationHint, StackCrawlMark& stackMark, IntPtr pPrivHostBinder, Boolean throwOnFileNotFound, Boolean forIntrospection, Boolean suppressSecurityChecks)
   в System.Reflection.RuntimeAssembly.nLoad(AssemblyName fileName, String codeBase, Evidence assemblySecurity, RuntimeAssembly locationHint, StackCrawlMark& stackMark, IntPtr pPrivHostBinder, Boolean throwOnFileNotFound, Boolean forIntrospection, Boolean suppressSecurityChecks)
   в System.Reflection.RuntimeAssembly.InternalLoadAssemblyName(AssemblyName assemblyRef, Evidence assemblySecurity, RuntimeAssembly reqAssembly, StackCrawlMark& stackMark, IntPtr pPrivHostBinder, Boolean throwOnFileNotFound, Boolean forIntrospection, Boolean suppressSecurityChecks)
   в System.Reflection.Assembly.Load(AssemblyName assemblyRef)
   в Microsoft.VisualStudio.TestPlatform.Common.ExtensionFramework.TestPluginCache.CurrentDomainAssemblyResolve(Object sender, AssemblyResolveEventArgs args)
   в Microsoft.VisualStudio.TestPlatform.PlatformAbstractions.PlatformAssemblyResolver.AssemblyResolverEvent(Object sender, Object eventArgs)
   в System.AppDomain.OnAssemblyResolveEvent(RuntimeAssembly assembly, String assemblyFullName)

Предупреждение: регистрация привязки сборок выключена.
Чтобы включить регистрацию ошибок привязки сборок, установите значение параметра реестра [HKLM\Software\Microsoft\Fusion!EnableLog] (DWORD) в 1.
Примечание. Регистрация ошибок привязки сборок может привести к некоторому снижению производительности.
Чтобы отключить эту функцию, удалите параметр реестра [HKLM\Software\Microsoft\Fusion!EnableLog].

   в System.Reflection.RuntimeAssembly._nLoad(AssemblyName fileName, String codeBase, Evidence assemblySecurity, RuntimeAssembly locationHint, StackCrawlMark& stackMark, IntPtr pPrivHostBinder, Boolean throwOnFileNotFound, Boolean forIntrospection, Boolean suppressSecurityChecks)
   в System.Reflection.RuntimeAssembly.nLoad(AssemblyName fileName, String codeBase, Evidence assemblySecurity, RuntimeAssembly locationHint, StackCrawlMark& stackMark, IntPtr pPrivHostBinder, Boolean throwOnFileNotFound, Boolean forIntrospection, Boolean suppressSecurityChecks)
   в System.Reflection.RuntimeAssembly.InternalLoadAssemblyName(AssemblyName assemblyRef, Evidence assemblySecurity, RuntimeAssembly reqAssembly, StackCrawlMark& stackMark, IntPtr pPrivHostBinder, Boolean throwOnFileNotFound, Boolean forIntrospection, Boolean suppressSecurityChecks)
   в System.Reflection.Assembly.Load(AssemblyName assemblyRef)
   в Microsoft.VisualStudio.TestPlatform.Common.ExtensionFramework.TestPluginDiscoverer.GetTestExtensionsFromFiles[TPluginInfo,TExtension](String[] files, Dictionary`2 pluginInfos)


TpTrace Information: 0 : 18960, 3, 2022/05/13, 13:01:32.372, 699481198623, testhost.net472.x86.exe, AssemblyResolver.OnResolve: xunit.runner.visualstudio.testadapter: Resolving assembly.
TpTrace Information: 0 : 18960, 3, 2022/05/13, 13:01:32.372, 699481200268, testhost.net472.x86.exe, AssemblyResolver.OnResolve: xunit.runner.visualstudio.testadapter: Searching in: 'C:\Program Files\dotnet\sdk\6.0.202\Extensions'.
TpTrace Information: 0 : 18960, 3, 2022/05/13, 13:01:32.372, 699481201770, testhost.net472.x86.exe, AssemblyResolver.OnResolve: xunit.runner.visualstudio.testadapter: Assembly path does not exist: 'C:\Program Files\dotnet\sdk\6.0.202\Extensions\xunit.runner.visualstudio.testadapter.dll', returning.
TpTrace Information: 0 : 18960, 3, 2022/05/13, 13:01:32.372, 699481202721, testhost.net472.x86.exe, AssemblyResolver.OnResolve: xunit.runner.visualstudio.testadapter: Assembly path does not exist: 'C:\Program Files\dotnet\sdk\6.0.202\Extensions\xunit.runner.visualstudio.testadapter.exe', returning.
TpTrace Information: 0 : 18960, 3, 2022/05/13, 13:01:32.372, 699481203417, testhost.net472.x86.exe, AssemblyResolver.OnResolve: xunit.runner.visualstudio.testadapter: Searching in: 'E:\CS\APPZ\lab_4\TestingBussinesLogic\bin\Debug\net472\fine-code-coverage\build-output'.
TpTrace Information: 0 : 18960, 3, 2022/05/13, 13:01:32.373, 699481207635, testhost.net472.x86.exe, AssemblyResolver.OnResolve: xunit.runner.visualstudio.testadapter: Loading assembly 'E:\CS\APPZ\lab_4\TestingBussinesLogic\bin\Debug\net472\fine-code-coverage\build-output\xunit.runner.visualstudio.testadapter.dll'.
TpTrace Information: 0 : 18960, 3, 2022/05/13, 13:01:32.374, 699481223616, testhost.net472.x86.exe, AssemblyResolver.OnResolve: Resolved assembly: xunit.runner.visualstudio.testadapter, from path: E:\CS\APPZ\lab_4\TestingBussinesLogic\bin\Debug\net472\fine-code-coverage\build-output\xunit.runner.visualstudio.testadapter.dll
TpTrace Verbose: 0 : 18960, 3, 2022/05/13, 13:01:32.385, 699481329208, testhost.net472.x86.exe, TestPluginCache: Discovered the extensions using extension path ''.
TpTrace Verbose: 0 : 18960, 3, 2022/05/13, 13:01:32.387, 699481346420, testhost.net472.x86.exe, TestPluginCache: Discoverers are ''.
TpTrace Verbose: 0 : 18960, 3, 2022/05/13, 13:01:32.387, 699481347502, testhost.net472.x86.exe, TestPluginCache: Executors are 'executor://xunit/VsTestRunner2/net'.
TpTrace Verbose: 0 : 18960, 3, 2022/05/13, 13:01:32.387, 699481348128, testhost.net472.x86.exe, TestPluginCache: Executors2 are ''.
TpTrace Verbose: 0 : 18960, 3, 2022/05/13, 13:01:32.387, 699481348690, testhost.net472.x86.exe, TestPluginCache: Setting providers are ''.
TpTrace Verbose: 0 : 18960, 3, 2022/05/13, 13:01:32.387, 699481349242, testhost.net472.x86.exe, TestPluginCache: Loggers are ''.
TpTrace Verbose: 0 : 18960, 3, 2022/05/13, 13:01:32.390, 699481379653, testhost.net472.x86.exe, TestPluginCache.DiscoverTestExtensions: finding test extensions in assemblies ends with: TestAdapter.dll TPluginInfo: Microsoft.VisualStudio.TestPlatform.Common.ExtensionFramework.Utilities.TestExecutorPluginInformation2 TExtension: Microsoft.VisualStudio.TestPlatform.ObjectModel.Adapter.ITestExecutor2
TpTrace Verbose: 0 : 18960, 3, 2022/05/13, 13:01:32.390, 699481382479, testhost.net472.x86.exe, TestPluginCache.GetExtensionPaths: Filtered extension paths: 
TpTrace Verbose: 0 : 18960, 3, 2022/05/13, 13:01:32.390, 699481383248, testhost.net472.x86.exe, TestPluginCache.GetExtensionPaths: Added default extension paths: C:\Program Files\dotnet\sdk\6.0.202\Extensions\DumpMinitool.exe
C:\Program Files\dotnet\sdk\6.0.202\Extensions\DumpMinitool.x86.exe
C:\Program Files\dotnet\sdk\6.0.202\Extensions\Microsoft.Diagnostics.NETCore.Client.dll
C:\Program Files\dotnet\sdk\6.0.202\Extensions\Microsoft.TestPlatform.Extensions.BlameDataCollector.dll
C:\Program Files\dotnet\sdk\6.0.202\Extensions\Microsoft.TestPlatform.Extensions.EventLogCollector.dll
C:\Program Files\dotnet\sdk\6.0.202\Extensions\Microsoft.TestPlatform.TestHostRuntimeProvider.dll
C:\Program Files\dotnet\sdk\6.0.202\Extensions\Microsoft.VisualStudio.TestPlatform.Extensions.Html.TestLogger.dll
C:\Program Files\dotnet\sdk\6.0.202\Extensions\Microsoft.VisualStudio.TestPlatform.Extensions.Trx.TestLogger.dll
E:\CS\APPZ\lab_4\TestingBussinesLogic\bin\Debug\net472\fine-code-coverage\build-output\xunit.runner.visualstudio.testadapter.dll
TpTrace Verbose: 0 : 18960, 3, 2022/05/13, 13:01:32.390, 699481383926, testhost.net472.x86.exe, TestPluginCache.GetExtensionPaths: Added unfilterableExtensionPaths: 
TpTrace Information: 0 : 18960, 3, 2022/05/13, 13:01:32.391, 699481385713, testhost.net472.x86.exe, AssemblyResolver.AddSearchDirectories: Adding more searchDirectories C:\Program Files\dotnet\sdk\6.0.202\Extensions,E:\CS\APPZ\lab_4\TestingBussinesLogic\bin\Debug\net472\fine-code-coverage\build-output,C:\Program Files\dotnet\sdk\6.0.202\TestHost
TpTrace Verbose: 0 : 18960, 3, 2022/05/13, 13:01:32.391, 699481386405, testhost.net472.x86.exe, TestPluginCache.DiscoverTestExtensions: Discovering the extensions using extension path.
TpTrace Verbose: 0 : 18960, 3, 2022/05/13, 13:01:32.391, 699481387063, testhost.net472.x86.exe, TestPluginCache.GetExtensionPaths: Filtered extension paths: 
TpTrace Verbose: 0 : 18960, 3, 2022/05/13, 13:01:32.391, 699481387716, testhost.net472.x86.exe, TestPluginCache.GetExtensionPaths: Added default extension paths: C:\Program Files\dotnet\sdk\6.0.202\Extensions\DumpMinitool.exe
C:\Program Files\dotnet\sdk\6.0.202\Extensions\DumpMinitool.x86.exe
C:\Program Files\dotnet\sdk\6.0.202\Extensions\Microsoft.Diagnostics.NETCore.Client.dll
C:\Program Files\dotnet\sdk\6.0.202\Extensions\Microsoft.TestPlatform.Extensions.BlameDataCollector.dll
C:\Program Files\dotnet\sdk\6.0.202\Extensions\Microsoft.TestPlatform.Extensions.EventLogCollector.dll
C:\Program Files\dotnet\sdk\6.0.202\Extensions\Microsoft.TestPlatform.TestHostRuntimeProvider.dll
C:\Program Files\dotnet\sdk\6.0.202\Extensions\Microsoft.VisualStudio.TestPlatform.Extensions.Html.TestLogger.dll
C:\Program Files\dotnet\sdk\6.0.202\Extensions\Microsoft.VisualStudio.TestPlatform.Extensions.Trx.TestLogger.dll
E:\CS\APPZ\lab_4\TestingBussinesLogic\bin\Debug\net472\fine-code-coverage\build-output\xunit.runner.visualstudio.testadapter.dll
TpTrace Verbose: 0 : 18960, 3, 2022/05/13, 13:01:32.391, 699481388383, testhost.net472.x86.exe, TestPluginCache.GetExtensionPaths: Added unfilterableExtensionPaths: 
TpTrace Verbose: 0 : 18960, 3, 2022/05/13, 13:01:32.391, 699481389023, testhost.net472.x86.exe, TestPluginCache.DiscoverTestExtensions: Discovering the extensions using allExtensionPaths: C:\Program Files\dotnet\sdk\6.0.202\Extensions\DumpMinitool.exe
C:\Program Files\dotnet\sdk\6.0.202\Extensions\DumpMinitool.x86.exe
C:\Program Files\dotnet\sdk\6.0.202\Extensions\Microsoft.Diagnostics.NETCore.Client.dll
C:\Program Files\dotnet\sdk\6.0.202\Extensions\Microsoft.TestPlatform.Extensions.BlameDataCollector.dll
C:\Program Files\dotnet\sdk\6.0.202\Extensions\Microsoft.TestPlatform.Extensions.EventLogCollector.dll
C:\Program Files\dotnet\sdk\6.0.202\Extensions\Microsoft.TestPlatform.TestHostRuntimeProvider.dll
C:\Program Files\dotnet\sdk\6.0.202\Extensions\Microsoft.VisualStudio.TestPlatform.Extensions.Html.TestLogger.dll
C:\Program Files\dotnet\sdk\6.0.202\Extensions\Microsoft.VisualStudio.TestPlatform.Extensions.Trx.TestLogger.dll
E:\CS\APPZ\lab_4\TestingBussinesLogic\bin\Debug\net472\fine-code-coverage\build-output\xunit.runner.visualstudio.testadapter.dll
TpTrace Information: 0 : 18960, 3, 2022/05/13, 13:01:32.391, 699481389900, testhost.net472.x86.exe, AssemblyResolver.AddSearchDirectories: Adding more searchDirectories C:\Program Files\dotnet\sdk\6.0.202\Extensions,C:\Program Files\dotnet\sdk\6.0.202\TestHost
TpTrace Information: 0 : 18960, 3, 2022/05/13, 13:01:32.391, 699481390620, testhost.net472.x86.exe, AssemblyResolver.AddSearchDirectories: Adding more searchDirectories C:\Program Files\dotnet\sdk\6.0.202\Extensions,C:\Program Files\dotnet\sdk\6.0.202\TestHost
TpTrace Information: 0 : 18960, 3, 2022/05/13, 13:01:32.391, 699481391293, testhost.net472.x86.exe, AssemblyResolver.AddSearchDirectories: Adding more searchDirectories C:\Program Files\dotnet\sdk\6.0.202\Extensions,C:\Program Files\dotnet\sdk\6.0.202\TestHost
TpTrace Information: 0 : 18960, 3, 2022/05/13, 13:01:32.391, 699481391956, testhost.net472.x86.exe, AssemblyResolver.AddSearchDirectories: Adding more searchDirectories C:\Program Files\dotnet\sdk\6.0.202\Extensions,C:\Program Files\dotnet\sdk\6.0.202\TestHost
TpTrace Information: 0 : 18960, 3, 2022/05/13, 13:01:32.391, 699481392611, testhost.net472.x86.exe, AssemblyResolver.AddSearchDirectories: Adding more searchDirectories C:\Program Files\dotnet\sdk\6.0.202\Extensions,C:\Program Files\dotnet\sdk\6.0.202\TestHost
TpTrace Information: 0 : 18960, 3, 2022/05/13, 13:01:32.391, 699481393278, testhost.net472.x86.exe, AssemblyResolver.AddSearchDirectories: Adding more searchDirectories C:\Program Files\dotnet\sdk\6.0.202\Extensions,C:\Program Files\dotnet\sdk\6.0.202\TestHost
TpTrace Information: 0 : 18960, 3, 2022/05/13, 13:01:32.391, 699481393960, testhost.net472.x86.exe, AssemblyResolver.AddSearchDirectories: Adding more searchDirectories C:\Program Files\dotnet\sdk\6.0.202\Extensions,C:\Program Files\dotnet\sdk\6.0.202\TestHost
TpTrace Information: 0 : 18960, 3, 2022/05/13, 13:01:32.391, 699481394652, testhost.net472.x86.exe, AssemblyResolver.AddSearchDirectories: Adding more searchDirectories C:\Program Files\dotnet\sdk\6.0.202\Extensions,C:\Program Files\dotnet\sdk\6.0.202\TestHost
TpTrace Information: 0 : 18960, 3, 2022/05/13, 13:01:32.392, 699481395367, testhost.net472.x86.exe, AssemblyResolver.AddSearchDirectories: Adding more searchDirectories E:\CS\APPZ\lab_4\TestingBussinesLogic\bin\Debug\net472\fine-code-coverage\build-output,C:\Program Files\dotnet\sdk\6.0.202\TestHost
TpTrace Warning: 0 : 18960, 3, 2022/05/13, 13:01:32.392, 699481397518, testhost.net472.x86.exe, TestPluginDiscoverer: Failed to load extensions from file 'C:\Program Files\dotnet\sdk\6.0.202\Extensions\DumpMinitool.exe'.  Skipping test extension scan for this file.  Error: System.IO.FileNotFoundException: Не удалось загрузить файл или сборку "DumpMinitool" либо одну из их зависимостей. Не удается найти указанный файл.
Имя файла: 'DumpMinitool'
   в System.Reflection.RuntimeAssembly._nLoad(AssemblyName fileName, String codeBase, Evidence assemblySecurity, RuntimeAssembly locationHint, StackCrawlMark& stackMark, IntPtr pPrivHostBinder, Boolean throwOnFileNotFound, Boolean forIntrospection, Boolean suppressSecurityChecks)
   в System.Reflection.RuntimeAssembly.nLoad(AssemblyName fileName, String codeBase, Evidence assemblySecurity, RuntimeAssembly locationHint, StackCrawlMark& stackMark, IntPtr pPrivHostBinder, Boolean throwOnFileNotFound, Boolean forIntrospection, Boolean suppressSecurityChecks)
   в System.Reflection.RuntimeAssembly.InternalLoadAssemblyName(AssemblyName assemblyRef, Evidence assemblySecurity, RuntimeAssembly reqAssembly, StackCrawlMark& stackMark, IntPtr pPrivHostBinder, Boolean throwOnFileNotFound, Boolean forIntrospection, Boolean suppressSecurityChecks)
   в System.Reflection.Assembly.Load(AssemblyName assemblyRef)
   в Microsoft.VisualStudio.TestPlatform.Common.ExtensionFramework.TestPluginDiscoverer.GetTestExtensionsFromFiles[TPluginInfo,TExtension](String[] files, Dictionary`2 pluginInfos)

Предупреждение: регистрация привязки сборок выключена.
Чтобы включить регистрацию ошибок привязки сборок, установите значение параметра реестра [HKLM\Software\Microsoft\Fusion!EnableLog] (DWORD) в 1.
Примечание. Регистрация ошибок привязки сборок может привести к некоторому снижению производительности.
Чтобы отключить эту функцию, удалите параметр реестра [HKLM\Software\Microsoft\Fusion!EnableLog].

TpTrace Warning: 0 : 18960, 3, 2022/05/13, 13:01:32.392, 699481399327, testhost.net472.x86.exe, TestPluginDiscoverer: Failed to load extensions from file 'C:\Program Files\dotnet\sdk\6.0.202\Extensions\DumpMinitool.x86.exe'.  Skipping test extension scan for this file.  Error: System.IO.FileNotFoundException: Не удалось загрузить файл или сборку "DumpMinitool.x86" либо одну из их зависимостей. Не удается найти указанный файл.
Имя файла: 'DumpMinitool.x86'
   в System.Reflection.RuntimeAssembly._nLoad(AssemblyName fileName, String codeBase, Evidence assemblySecurity, RuntimeAssembly locationHint, StackCrawlMark& stackMark, IntPtr pPrivHostBinder, Boolean throwOnFileNotFound, Boolean forIntrospection, Boolean suppressSecurityChecks)
   в System.Reflection.RuntimeAssembly.nLoad(AssemblyName fileName, String codeBase, Evidence assemblySecurity, RuntimeAssembly locationHint, StackCrawlMark& stackMark, IntPtr pPrivHostBinder, Boolean throwOnFileNotFound, Boolean forIntrospection, Boolean suppressSecurityChecks)
   в System.Reflection.RuntimeAssembly.InternalLoadAssemblyName(AssemblyName assemblyRef, Evidence assemblySecurity, RuntimeAssembly reqAssembly, StackCrawlMark& stackMark, IntPtr pPrivHostBinder, Boolean throwOnFileNotFound, Boolean forIntrospection, Boolean suppressSecurityChecks)
   в System.Reflection.Assembly.Load(AssemblyName assemblyRef)
   в Microsoft.VisualStudio.TestPlatform.Common.ExtensionFramework.TestPluginDiscoverer.GetTestExtensionsFromFiles[TPluginInfo,TExtension](String[] files, Dictionary`2 pluginInfos)

Предупреждение: регистрация привязки сборок выключена.
Чтобы включить регистрацию ошибок привязки сборок, установите значение параметра реестра [HKLM\Software\Microsoft\Fusion!EnableLog] (DWORD) в 1.
Примечание. Регистрация ошибок привязки сборок может привести к некоторому снижению производительности.
Чтобы отключить эту функцию, удалите параметр реестра [HKLM\Software\Microsoft\Fusion!EnableLog].

TpTrace Warning: 0 : 18960, 3, 2022/05/13, 13:01:32.392, 699481401093, testhost.net472.x86.exe, TestPluginDiscoverer: Failed to load extensions from file 'C:\Program Files\dotnet\sdk\6.0.202\Extensions\Microsoft.Diagnostics.NETCore.Client.dll'.  Skipping test extension scan for this file.  Error: System.IO.FileNotFoundException: Не удалось загрузить файл или сборку "Microsoft.Diagnostics.NETCore.Client" либо одну из их зависимостей. Не удается найти указанный файл.
Имя файла: 'Microsoft.Diagnostics.NETCore.Client'
   в System.Reflection.RuntimeAssembly._nLoad(AssemblyName fileName, String codeBase, Evidence assemblySecurity, RuntimeAssembly locationHint, StackCrawlMark& stackMark, IntPtr pPrivHostBinder, Boolean throwOnFileNotFound, Boolean forIntrospection, Boolean suppressSecurityChecks)
   в System.Reflection.RuntimeAssembly.nLoad(AssemblyName fileName, String codeBase, Evidence assemblySecurity, RuntimeAssembly locationHint, StackCrawlMark& stackMark, IntPtr pPrivHostBinder, Boolean throwOnFileNotFound, Boolean forIntrospection, Boolean suppressSecurityChecks)
   в System.Reflection.RuntimeAssembly.InternalLoadAssemblyName(AssemblyName assemblyRef, Evidence assemblySecurity, RuntimeAssembly reqAssembly, StackCrawlMark& stackMark, IntPtr pPrivHostBinder, Boolean throwOnFileNotFound, Boolean forIntrospection, Boolean suppressSecurityChecks)
   в System.Reflection.Assembly.Load(AssemblyName assemblyRef)
   в Microsoft.VisualStudio.TestPlatform.Common.ExtensionFramework.TestPluginDiscoverer.GetTestExtensionsFromFiles[TPluginInfo,TExtension](String[] files, Dictionary`2 pluginInfos)

Предупреждение: регистрация привязки сборок выключена.
Чтобы включить регистрацию ошибок привязки сборок, установите значение параметра реестра [HKLM\Software\Microsoft\Fusion!EnableLog] (DWORD) в 1.
Примечание. Регистрация ошибок привязки сборок может привести к некоторому снижению производительности.
Чтобы отключить эту функцию, удалите параметр реестра [HKLM\Software\Microsoft\Fusion!EnableLog].

TpTrace Warning: 0 : 18960, 3, 2022/05/13, 13:01:32.392, 699481402857, testhost.net472.x86.exe, TestPluginDiscoverer: Failed to load extensions from file 'C:\Program Files\dotnet\sdk\6.0.202\Extensions\Microsoft.TestPlatform.Extensions.BlameDataCollector.dll'.  Skipping test extension scan for this file.  Error: System.IO.FileNotFoundException: Не удалось загрузить файл или сборку "Microsoft.TestPlatform.Extensions.BlameDataCollector" либо одну из их зависимостей. Не удается найти указанный файл.
Имя файла: 'Microsoft.TestPlatform.Extensions.BlameDataCollector'
   в System.Reflection.RuntimeAssembly._nLoad(AssemblyName fileName, String codeBase, Evidence assemblySecurity, RuntimeAssembly locationHint, StackCrawlMark& stackMark, IntPtr pPrivHostBinder, Boolean throwOnFileNotFound, Boolean forIntrospection, Boolean suppressSecurityChecks)
   в System.Reflection.RuntimeAssembly.nLoad(AssemblyName fileName, String codeBase, Evidence assemblySecurity, RuntimeAssembly locationHint, StackCrawlMark& stackMark, IntPtr pPrivHostBinder, Boolean throwOnFileNotFound, Boolean forIntrospection, Boolean suppressSecurityChecks)
   в System.Reflection.RuntimeAssembly.InternalLoadAssemblyName(AssemblyName assemblyRef, Evidence assemblySecurity, RuntimeAssembly reqAssembly, StackCrawlMark& stackMark, IntPtr pPrivHostBinder, Boolean throwOnFileNotFound, Boolean forIntrospection, Boolean suppressSecurityChecks)
   в System.Reflection.Assembly.Load(AssemblyName assemblyRef)
   в Microsoft.VisualStudio.TestPlatform.Common.ExtensionFramework.TestPluginDiscoverer.GetTestExtensionsFromFiles[TPluginInfo,TExtension](String[] files, Dictionary`2 pluginInfos)

Предупреждение: регистрация привязки сборок выключена.
Чтобы включить регистрацию ошибок привязки сборок, установите значение параметра реестра [HKLM\Software\Microsoft\Fusion!EnableLog] (DWORD) в 1.
Примечание. Регистрация ошибок привязки сборок может привести к некоторому снижению производительности.
Чтобы отключить эту функцию, удалите параметр реестра [HKLM\Software\Microsoft\Fusion!EnableLog].

TpTrace Warning: 0 : 18960, 3, 2022/05/13, 13:01:32.393, 699481405779, testhost.net472.x86.exe, TestPluginDiscoverer: Failed to load extensions from file 'C:\Program Files\dotnet\sdk\6.0.202\Extensions\Microsoft.TestPlatform.TestHostRuntimeProvider.dll'.  Skipping test extension scan for this file.  Error: System.IO.FileNotFoundException: Не удалось загрузить файл или сборку "Microsoft.TestPlatform.TestHostRuntimeProvider" либо одну из их зависимостей. Не удается найти указанный файл.
Имя файла: 'Microsoft.TestPlatform.TestHostRuntimeProvider'
   в System.Reflection.RuntimeAssembly._nLoad(AssemblyName fileName, String codeBase, Evidence assemblySecurity, RuntimeAssembly locationHint, StackCrawlMark& stackMark, IntPtr pPrivHostBinder, Boolean throwOnFileNotFound, Boolean forIntrospection, Boolean suppressSecurityChecks)
   в System.Reflection.RuntimeAssembly.nLoad(AssemblyName fileName, String codeBase, Evidence assemblySecurity, RuntimeAssembly locationHint, StackCrawlMark& stackMark, IntPtr pPrivHostBinder, Boolean throwOnFileNotFound, Boolean forIntrospection, Boolean suppressSecurityChecks)
   в System.Reflection.RuntimeAssembly.InternalLoadAssemblyName(AssemblyName assemblyRef, Evidence assemblySecurity, RuntimeAssembly reqAssembly, StackCrawlMark& stackMark, IntPtr pPrivHostBinder, Boolean throwOnFileNotFound, Boolean forIntrospection, Boolean suppressSecurityChecks)
   в System.Reflection.Assembly.Load(AssemblyName assemblyRef)
   в Microsoft.VisualStudio.TestPlatform.Common.ExtensionFramework.TestPluginDiscoverer.GetTestExtensionsFromFiles[TPluginInfo,TExtension](String[] files, Dictionary`2 pluginInfos)

Предупреждение: регистрация привязки сборок выключена.
Чтобы включить регистрацию ошибок привязки сборок, установите значение параметра реестра [HKLM\Software\Microsoft\Fusion!EnableLog] (DWORD) в 1.
Примечание. Регистрация ошибок привязки сборок может привести к некоторому снижению производительности.
Чтобы отключить эту функцию, удалите параметр реестра [HKLM\Software\Microsoft\Fusion!EnableLog].

TpTrace Warning: 0 : 18960, 3, 2022/05/13, 13:01:32.393, 699481407567, testhost.net472.x86.exe, TestPluginDiscoverer: Failed to load extensions from file 'C:\Program Files\dotnet\sdk\6.0.202\Extensions\Microsoft.VisualStudio.TestPlatform.Extensions.Html.TestLogger.dll'.  Skipping test extension scan for this file.  Error: System.IO.FileNotFoundException: Не удалось загрузить файл или сборку "Microsoft.VisualStudio.TestPlatform.Extensions.Html.TestLogger" либо одну из их зависимостей. Не удается найти указанный файл.
Имя файла: 'Microsoft.VisualStudio.TestPlatform.Extensions.Html.TestLogger'
   в System.Reflection.RuntimeAssembly._nLoad(AssemblyName fileName, String codeBase, Evidence assemblySecurity, RuntimeAssembly locationHint, StackCrawlMark& stackMark, IntPtr pPrivHostBinder, Boolean throwOnFileNotFound, Boolean forIntrospection, Boolean suppressSecurityChecks)
   в System.Reflection.RuntimeAssembly.nLoad(AssemblyName fileName, String codeBase, Evidence assemblySecurity, RuntimeAssembly locationHint, StackCrawlMark& stackMark, IntPtr pPrivHostBinder, Boolean throwOnFileNotFound, Boolean forIntrospection, Boolean suppressSecurityChecks)
   в System.Reflection.RuntimeAssembly.InternalLoadAssemblyName(AssemblyName assemblyRef, Evidence assemblySecurity, RuntimeAssembly reqAssembly, StackCrawlMark& stackMark, IntPtr pPrivHostBinder, Boolean throwOnFileNotFound, Boolean forIntrospection, Boolean suppressSecurityChecks)
   в System.Reflection.Assembly.Load(AssemblyName assemblyRef)
   в Microsoft.VisualStudio.TestPlatform.Common.ExtensionFramework.TestPluginDiscoverer.GetTestExtensionsFromFiles[TPluginInfo,TExtension](String[] files, Dictionary`2 pluginInfos)

Предупреждение: регистрация привязки сборок выключена.
Чтобы включить регистрацию ошибок привязки сборок, установите значение параметра реестра [HKLM\Software\Microsoft\Fusion!EnableLog] (DWORD) в 1.
Примечание. Регистрация ошибок привязки сборок может привести к некоторому снижению производительности.
Чтобы отключить эту функцию, удалите параметр реестра [HKLM\Software\Microsoft\Fusion!EnableLog].

TpTrace Warning: 0 : 18960, 3, 2022/05/13, 13:01:32.393, 699481409337, testhost.net472.x86.exe, TestPluginDiscoverer: Failed to load extensions from file 'C:\Program Files\dotnet\sdk\6.0.202\Extensions\Microsoft.VisualStudio.TestPlatform.Extensions.Trx.TestLogger.dll'.  Skipping test extension scan for this file.  Error: System.IO.FileNotFoundException: Не удалось загрузить файл или сборку "Microsoft.VisualStudio.TestPlatform.Extensions.Trx.TestLogger" либо одну из их зависимостей. Не удается найти указанный файл.
Имя файла: 'Microsoft.VisualStudio.TestPlatform.Extensions.Trx.TestLogger'
   в System.Reflection.RuntimeAssembly._nLoad(AssemblyName fileName, String codeBase, Evidence assemblySecurity, RuntimeAssembly locationHint, StackCrawlMark& stackMark, IntPtr pPrivHostBinder, Boolean throwOnFileNotFound, Boolean forIntrospection, Boolean suppressSecurityChecks)
   в System.Reflection.RuntimeAssembly.nLoad(AssemblyName fileName, String codeBase, Evidence assemblySecurity, RuntimeAssembly locationHint, StackCrawlMark& stackMark, IntPtr pPrivHostBinder, Boolean throwOnFileNotFound, Boolean forIntrospection, Boolean suppressSecurityChecks)
   в System.Reflection.RuntimeAssembly.InternalLoadAssemblyName(AssemblyName assemblyRef, Evidence assemblySecurity, RuntimeAssembly reqAssembly, StackCrawlMark& stackMark, IntPtr pPrivHostBinder, Boolean throwOnFileNotFound, Boolean forIntrospection, Boolean suppressSecurityChecks)
   в System.Reflection.Assembly.Load(AssemblyName assemblyRef)
   в Microsoft.VisualStudio.TestPlatform.Common.ExtensionFramework.TestPluginDiscoverer.GetTestExtensionsFromFiles[TPluginInfo,TExtension](String[] files, Dictionary`2 pluginInfos)

Предупреждение: регистрация привязки сборок выключена.
Чтобы включить регистрацию ошибок привязки сборок, установите значение параметра реестра [HKLM\Software\Microsoft\Fusion!EnableLog] (DWORD) в 1.
Примечание. Регистрация ошибок привязки сборок может привести к некоторому снижению производительности.
Чтобы отключить эту функцию, удалите параметр реестра [HKLM\Software\Microsoft\Fusion!EnableLog].

TpTrace Verbose: 0 : 18960, 3, 2022/05/13, 13:01:32.393, 699481411880, testhost.net472.x86.exe, TestPluginCache: Discovered the extensions using extension path ''.
TpTrace Verbose: 0 : 18960, 3, 2022/05/13, 13:01:32.393, 699481412580, testhost.net472.x86.exe, TestPluginCache: Discoverers are ''.
TpTrace Verbose: 0 : 18960, 3, 2022/05/13, 13:01:32.393, 699481413168, testhost.net472.x86.exe, TestPluginCache: Executors are 'executor://xunit/VsTestRunner2/net'.
TpTrace Verbose: 0 : 18960, 3, 2022/05/13, 13:01:32.393, 699481413781, testhost.net472.x86.exe, TestPluginCache: Executors2 are ''.
TpTrace Verbose: 0 : 18960, 3, 2022/05/13, 13:01:32.393, 699481414350, testhost.net472.x86.exe, TestPluginCache: Setting providers are ''.
TpTrace Verbose: 0 : 18960, 3, 2022/05/13, 13:01:32.394, 699481414941, testhost.net472.x86.exe, TestPluginCache: Loggers are ''.
TpTrace Information: 0 : 18960, 3, 2022/05/13, 13:01:32.399, 699481468796, testhost.net472.x86.exe, AssemblyResolver.OnResolve: xunit.runner.visualstudio.testadapter, Version=2.4.0.0, Culture=neutral, PublicKeyToken=8d05b1bb7a6fdb6c: Resolving assembly.
TpTrace Information: 0 : 18960, 3, 2022/05/13, 13:01:32.399, 699481469910, testhost.net472.x86.exe, AssemblyResolver.OnResolve: xunit.runner.visualstudio.testadapter, Version=2.4.0.0, Culture=neutral, PublicKeyToken=8d05b1bb7a6fdb6c: Searching in: 'C:\Program Files\dotnet\sdk\6.0.202\Extensions'.
TpTrace Information: 0 : 18960, 3, 2022/05/13, 13:01:32.399, 699481470933, testhost.net472.x86.exe, AssemblyResolver.OnResolve: xunit.runner.visualstudio.testadapter, Version=2.4.0.0, Culture=neutral, PublicKeyToken=8d05b1bb7a6fdb6c: Assembly path does not exist: 'C:\Program Files\dotnet\sdk\6.0.202\Extensions\xunit.runner.visualstudio.testadapter.dll', returning.
TpTrace Information: 0 : 18960, 3, 2022/05/13, 13:01:32.399, 699481471873, testhost.net472.x86.exe, AssemblyResolver.OnResolve: xunit.runner.visualstudio.testadapter, Version=2.4.0.0, Culture=neutral, PublicKeyToken=8d05b1bb7a6fdb6c: Assembly path does not exist: 'C:\Program Files\dotnet\sdk\6.0.202\Extensions\xunit.runner.visualstudio.testadapter.exe', returning.
TpTrace Information: 0 : 18960, 3, 2022/05/13, 13:01:32.399, 699481472514, testhost.net472.x86.exe, AssemblyResolver.OnResolve: xunit.runner.visualstudio.testadapter, Version=2.4.0.0, Culture=neutral, PublicKeyToken=8d05b1bb7a6fdb6c: Searching in: 'E:\CS\APPZ\lab_4\TestingBussinesLogic\bin\Debug\net472\fine-code-coverage\build-output'.
TpTrace Information: 0 : 18960, 3, 2022/05/13, 13:01:32.400, 699481481299, testhost.net472.x86.exe, AssemblyResolver.OnResolve: xunit.runner.visualstudio.testadapter, Version=2.4.0.0, Culture=neutral, PublicKeyToken=8d05b1bb7a6fdb6c: Loading assembly 'E:\CS\APPZ\lab_4\TestingBussinesLogic\bin\Debug\net472\fine-code-coverage\build-output\xunit.runner.visualstudio.testadapter.dll'.
TpTrace Information: 0 : 18960, 3, 2022/05/13, 13:01:32.400, 699481484191, testhost.net472.x86.exe, AssemblyResolver.OnResolve: Resolved assembly: xunit.runner.visualstudio.testadapter, Version=2.4.0.0, Culture=neutral, PublicKeyToken=8d05b1bb7a6fdb6c, from path: E:\CS\APPZ\lab_4\TestingBussinesLogic\bin\Debug\net472\fine-code-coverage\build-output\xunit.runner.visualstudio.testadapter.dll
TpTrace Information: 0 : 18960, 3, 2022/05/13, 13:01:32.401, 699481492358, testhost.net472.x86.exe, TestPluginManager.CreateTestExtension: Attempting to load test extension: Xunit.Runner.VisualStudio.VsTestRunner
TpTrace Verbose: 0 : 18960, 3, 2022/05/13, 13:01:32.401, 699481493567, testhost.net472.x86.exe, TestExecutorExtensionManager: Loading executor Xunit.Runner.VisualStudio.VsTestRunner
TpTrace Verbose: 0 : 18960, 3, 2022/05/13, 13:01:32.401, 699481494260, testhost.net472.x86.exe, TestExecutorService: Loaded the executors
TpTrace Verbose: 0 : 18960, 3, 2022/05/13, 13:01:32.402, 699481504347, testhost.net472.x86.exe, TestPluginCache.DiscoverTestExtensions: finding test extensions in assemblies ends with: TestAdapter.dll TPluginInfo: Microsoft.VisualStudio.TestPlatform.Common.ExtensionFramework.Utilities.TestSettingsProviderPluginInformation TExtension: Microsoft.VisualStudio.TestPlatform.ObjectModel.Adapter.ISettingsProvider
TpTrace Verbose: 0 : 18960, 3, 2022/05/13, 13:01:32.403, 699481505409, testhost.net472.x86.exe, TestPluginCache.GetExtensionPaths: Filtered extension paths: 
TpTrace Verbose: 0 : 18960, 3, 2022/05/13, 13:01:32.403, 699481506096, testhost.net472.x86.exe, TestPluginCache.GetExtensionPaths: Added default extension paths: C:\Program Files\dotnet\sdk\6.0.202\Extensions\DumpMinitool.exe
C:\Program Files\dotnet\sdk\6.0.202\Extensions\DumpMinitool.x86.exe
C:\Program Files\dotnet\sdk\6.0.202\Extensions\Microsoft.Diagnostics.NETCore.Client.dll
C:\Program Files\dotnet\sdk\6.0.202\Extensions\Microsoft.TestPlatform.Extensions.BlameDataCollector.dll
C:\Program Files\dotnet\sdk\6.0.202\Extensions\Microsoft.TestPlatform.Extensions.EventLogCollector.dll
C:\Program Files\dotnet\sdk\6.0.202\Extensions\Microsoft.TestPlatform.TestHostRuntimeProvider.dll
C:\Program Files\dotnet\sdk\6.0.202\Extensions\Microsoft.VisualStudio.TestPlatform.Extensions.Html.TestLogger.dll
C:\Program Files\dotnet\sdk\6.0.202\Extensions\Microsoft.VisualStudio.TestPlatform.Extensions.Trx.TestLogger.dll
E:\CS\APPZ\lab_4\TestingBussinesLogic\bin\Debug\net472\fine-code-coverage\build-output\xunit.runner.visualstudio.testadapter.dll
TpTrace Verbose: 0 : 18960, 3, 2022/05/13, 13:01:32.403, 699481506759, testhost.net472.x86.exe, TestPluginCache.GetExtensionPaths: Added unfilterableExtensionPaths: 
TpTrace Information: 0 : 18960, 3, 2022/05/13, 13:01:32.403, 699481508616, testhost.net472.x86.exe, AssemblyResolver.AddSearchDirectories: Adding more searchDirectories C:\Program Files\dotnet\sdk\6.0.202\Extensions,E:\CS\APPZ\lab_4\TestingBussinesLogic\bin\Debug\net472\fine-code-coverage\build-output,C:\Program Files\dotnet\sdk\6.0.202\TestHost
TpTrace Verbose: 0 : 18960, 3, 2022/05/13, 13:01:32.403, 699481509312, testhost.net472.x86.exe, TestPluginCache.DiscoverTestExtensions: Discovering the extensions using extension path.
TpTrace Verbose: 0 : 18960, 3, 2022/05/13, 13:01:32.403, 699481509905, testhost.net472.x86.exe, TestPluginCache.GetExtensionPaths: Filtered extension paths: 
TpTrace Verbose: 0 : 18960, 3, 2022/05/13, 13:01:32.403, 699481510497, testhost.net472.x86.exe, TestPluginCache.GetExtensionPaths: Added default extension paths: C:\Program Files\dotnet\sdk\6.0.202\Extensions\DumpMinitool.exe
C:\Program Files\dotnet\sdk\6.0.202\Extensions\DumpMinitool.x86.exe
C:\Program Files\dotnet\sdk\6.0.202\Extensions\Microsoft.Diagnostics.NETCore.Client.dll
C:\Program Files\dotnet\sdk\6.0.202\Extensions\Microsoft.TestPlatform.Extensions.BlameDataCollector.dll
C:\Program Files\dotnet\sdk\6.0.202\Extensions\Microsoft.TestPlatform.Extensions.EventLogCollector.dll
C:\Program Files\dotnet\sdk\6.0.202\Extensions\Microsoft.TestPlatform.TestHostRuntimeProvider.dll
C:\Program Files\dotnet\sdk\6.0.202\Extensions\Microsoft.VisualStudio.TestPlatform.Extensions.Html.TestLogger.dll
C:\Program Files\dotnet\sdk\6.0.202\Extensions\Microsoft.VisualStudio.TestPlatform.Extensions.Trx.TestLogger.dll
E:\CS\APPZ\lab_4\TestingBussinesLogic\bin\Debug\net472\fine-code-coverage\build-output\xunit.runner.visualstudio.testadapter.dll
TpTrace Verbose: 0 : 18960, 3, 2022/05/13, 13:01:32.403, 699481511549, testhost.net472.x86.exe, TestPluginCache.GetExtensionPaths: Added unfilterableExtensionPaths: 
TpTrace Verbose: 0 : 18960, 3, 2022/05/13, 13:01:32.403, 699481512273, testhost.net472.x86.exe, TestPluginCache.DiscoverTestExtensions: Discovering the extensions using allExtensionPaths: C:\Program Files\dotnet\sdk\6.0.202\Extensions\DumpMinitool.exe
C:\Program Files\dotnet\sdk\6.0.202\Extensions\DumpMinitool.x86.exe
C:\Program Files\dotnet\sdk\6.0.202\Extensions\Microsoft.Diagnostics.NETCore.Client.dll
C:\Program Files\dotnet\sdk\6.0.202\Extensions\Microsoft.TestPlatform.Extensions.BlameDataCollector.dll
C:\Program Files\dotnet\sdk\6.0.202\Extensions\Microsoft.TestPlatform.Extensions.EventLogCollector.dll
C:\Program Files\dotnet\sdk\6.0.202\Extensions\Microsoft.TestPlatform.TestHostRuntimeProvider.dll
C:\Program Files\dotnet\sdk\6.0.202\Extensions\Microsoft.VisualStudio.TestPlatform.Extensions.Html.TestLogger.dll
C:\Program Files\dotnet\sdk\6.0.202\Extensions\Microsoft.VisualStudio.TestPlatform.Extensions.Trx.TestLogger.dll
E:\CS\APPZ\lab_4\TestingBussinesLogic\bin\Debug\net472\fine-code-coverage\build-output\xunit.runner.visualstudio.testadapter.dll
TpTrace Information: 0 : 18960, 3, 2022/05/13, 13:01:32.403, 699481513144, testhost.net472.x86.exe, AssemblyResolver.AddSearchDirectories: Adding more searchDirectories C:\Program Files\dotnet\sdk\6.0.202\Extensions,C:\Program Files\dotnet\sdk\6.0.202\TestHost
TpTrace Information: 0 : 18960, 3, 2022/05/13, 13:01:32.403, 699481513853, testhost.net472.x86.exe, AssemblyResolver.AddSearchDirectories: Adding more searchDirectories C:\Program Files\dotnet\sdk\6.0.202\Extensions,C:\Program Files\dotnet\sdk\6.0.202\TestHost
TpTrace Information: 0 : 18960, 3, 2022/05/13, 13:01:32.404, 699481514543, testhost.net472.x86.exe, AssemblyResolver.AddSearchDirectories: Adding more searchDirectories C:\Program Files\dotnet\sdk\6.0.202\Extensions,C:\Program Files\dotnet\sdk\6.0.202\TestHost
TpTrace Information: 0 : 18960, 3, 2022/05/13, 13:01:32.404, 699481515220, testhost.net472.x86.exe, AssemblyResolver.AddSearchDirectories: Adding more searchDirectories C:\Program Files\dotnet\sdk\6.0.202\Extensions,C:\Program Files\dotnet\sdk\6.0.202\TestHost
TpTrace Information: 0 : 18960, 3, 2022/05/13, 13:01:32.404, 699481515875, testhost.net472.x86.exe, AssemblyResolver.AddSearchDirectories: Adding more searchDirectories C:\Program Files\dotnet\sdk\6.0.202\Extensions,C:\Program Files\dotnet\sdk\6.0.202\TestHost
TpTrace Information: 0 : 18960, 3, 2022/05/13, 13:01:32.404, 699481516536, testhost.net472.x86.exe, AssemblyResolver.AddSearchDirectories: Adding more searchDirectories C:\Program Files\dotnet\sdk\6.0.202\Extensions,C:\Program Files\dotnet\sdk\6.0.202\TestHost
TpTrace Information: 0 : 18960, 3, 2022/05/13, 13:01:32.404, 699481517188, testhost.net472.x86.exe, AssemblyResolver.AddSearchDirectories: Adding more searchDirectories C:\Program Files\dotnet\sdk\6.0.202\Extensions,C:\Program Files\dotnet\sdk\6.0.202\TestHost
TpTrace Information: 0 : 18960, 3, 2022/05/13, 13:01:32.404, 699481517844, testhost.net472.x86.exe, AssemblyResolver.AddSearchDirectories: Adding more searchDirectories C:\Program Files\dotnet\sdk\6.0.202\Extensions,C:\Program Files\dotnet\sdk\6.0.202\TestHost
TpTrace Information: 0 : 18960, 3, 2022/05/13, 13:01:32.404, 699481518503, testhost.net472.x86.exe, AssemblyResolver.AddSearchDirectories: Adding more searchDirectories E:\CS\APPZ\lab_4\TestingBussinesLogic\bin\Debug\net472\fine-code-coverage\build-output,C:\Program Files\dotnet\sdk\6.0.202\TestHost
TpTrace Warning: 0 : 18960, 3, 2022/05/13, 13:01:32.404, 699481520525, testhost.net472.x86.exe, TestPluginDiscoverer: Failed to load extensions from file 'C:\Program Files\dotnet\sdk\6.0.202\Extensions\DumpMinitool.exe'.  Skipping test extension scan for this file.  Error: System.IO.FileNotFoundException: Не удалось загрузить файл или сборку "DumpMinitool" либо одну из их зависимостей. Не удается найти указанный файл.
Имя файла: 'DumpMinitool'
   в System.Reflection.RuntimeAssembly._nLoad(AssemblyName fileName, String codeBase, Evidence assemblySecurity, RuntimeAssembly locationHint, StackCrawlMark& stackMark, IntPtr pPrivHostBinder, Boolean throwOnFileNotFound, Boolean forIntrospection, Boolean suppressSecurityChecks)
   в System.Reflection.RuntimeAssembly.nLoad(AssemblyName fileName, String codeBase, Evidence assemblySecurity, RuntimeAssembly locationHint, StackCrawlMark& stackMark, IntPtr pPrivHostBinder, Boolean throwOnFileNotFound, Boolean forIntrospection, Boolean suppressSecurityChecks)
   в System.Reflection.RuntimeAssembly.InternalLoadAssemblyName(AssemblyName assemblyRef, Evidence assemblySecurity, RuntimeAssembly reqAssembly, StackCrawlMark& stackMark, IntPtr pPrivHostBinder, Boolean throwOnFileNotFound, Boolean forIntrospection, Boolean suppressSecurityChecks)
   в System.Reflection.Assembly.Load(AssemblyName assemblyRef)
   в Microsoft.VisualStudio.TestPlatform.Common.ExtensionFramework.TestPluginDiscoverer.GetTestExtensionsFromFiles[TPluginInfo,TExtension](String[] files, Dictionary`2 pluginInfos)

Предупреждение: регистрация привязки сборок выключена.
Чтобы включить регистрацию ошибок привязки сборок, установите значение параметра реестра [HKLM\Software\Microsoft\Fusion!EnableLog] (DWORD) в 1.
Примечание. Регистрация ошибок привязки сборок может привести к некоторому снижению производительности.
Чтобы отключить эту функцию, удалите параметр реестра [HKLM\Software\Microsoft\Fusion!EnableLog].

TpTrace Warning: 0 : 18960, 3, 2022/05/13, 13:01:32.404, 699481522843, testhost.net472.x86.exe, TestPluginDiscoverer: Failed to load extensions from file 'C:\Program Files\dotnet\sdk\6.0.202\Extensions\DumpMinitool.x86.exe'.  Skipping test extension scan for this file.  Error: System.IO.FileNotFoundException: Не удалось загрузить файл или сборку "DumpMinitool.x86" либо одну из их зависимостей. Не удается найти указанный файл.
Имя файла: 'DumpMinitool.x86'
   в System.Reflection.RuntimeAssembly._nLoad(AssemblyName fileName, String codeBase, Evidence assemblySecurity, RuntimeAssembly locationHint, StackCrawlMark& stackMark, IntPtr pPrivHostBinder, Boolean throwOnFileNotFound, Boolean forIntrospection, Boolean suppressSecurityChecks)
   в System.Reflection.RuntimeAssembly.nLoad(AssemblyName fileName, String codeBase, Evidence assemblySecurity, RuntimeAssembly locationHint, StackCrawlMark& stackMark, IntPtr pPrivHostBinder, Boolean throwOnFileNotFound, Boolean forIntrospection, Boolean suppressSecurityChecks)
   в System.Reflection.RuntimeAssembly.InternalLoadAssemblyName(AssemblyName assemblyRef, Evidence assemblySecurity, RuntimeAssembly reqAssembly, StackCrawlMark& stackMark, IntPtr pPrivHostBinder, Boolean throwOnFileNotFound, Boolean forIntrospection, Boolean suppressSecurityChecks)
   в System.Reflection.Assembly.Load(AssemblyName assemblyRef)
   в Microsoft.VisualStudio.TestPlatform.Common.ExtensionFramework.TestPluginDiscoverer.GetTestExtensionsFromFiles[TPluginInfo,TExtension](String[] files, Dictionary`2 pluginInfos)

Предупреждение: регистрация привязки сборок выключена.
Чтобы включить регистрацию ошибок привязки сборок, установите значение параметра реестра [HKLM\Software\Microsoft\Fusion!EnableLog] (DWORD) в 1.
Примечание. Регистрация ошибок привязки сборок может привести к некоторому снижению производительности.
Чтобы отключить эту функцию, удалите параметр реестра [HKLM\Software\Microsoft\Fusion!EnableLog].

TpTrace Warning: 0 : 18960, 3, 2022/05/13, 13:01:32.405, 699481524638, testhost.net472.x86.exe, TestPluginDiscoverer: Failed to load extensions from file 'C:\Program Files\dotnet\sdk\6.0.202\Extensions\Microsoft.Diagnostics.NETCore.Client.dll'.  Skipping test extension scan for this file.  Error: System.IO.FileNotFoundException: Не удалось загрузить файл или сборку "Microsoft.Diagnostics.NETCore.Client" либо одну из их зависимостей. Не удается найти указанный файл.
Имя файла: 'Microsoft.Diagnostics.NETCore.Client'
   в System.Reflection.RuntimeAssembly._nLoad(AssemblyName fileName, String codeBase, Evidence assemblySecurity, RuntimeAssembly locationHint, StackCrawlMark& stackMark, IntPtr pPrivHostBinder, Boolean throwOnFileNotFound, Boolean forIntrospection, Boolean suppressSecurityChecks)
   в System.Reflection.RuntimeAssembly.nLoad(AssemblyName fileName, String codeBase, Evidence assemblySecurity, RuntimeAssembly locationHint, StackCrawlMark& stackMark, IntPtr pPrivHostBinder, Boolean throwOnFileNotFound, Boolean forIntrospection, Boolean suppressSecurityChecks)
   в System.Reflection.RuntimeAssembly.InternalLoadAssemblyName(AssemblyName assemblyRef, Evidence assemblySecurity, RuntimeAssembly reqAssembly, StackCrawlMark& stackMark, IntPtr pPrivHostBinder, Boolean throwOnFileNotFound, Boolean forIntrospection, Boolean suppressSecurityChecks)
   в System.Reflection.Assembly.Load(AssemblyName assemblyRef)
   в Microsoft.VisualStudio.TestPlatform.Common.ExtensionFramework.TestPluginDiscoverer.GetTestExtensionsFromFiles[TPluginInfo,TExtension](String[] files, Dictionary`2 pluginInfos)

Предупреждение: регистрация привязки сборок выключена.
Чтобы включить регистрацию ошибок привязки сборок, установите значение параметра реестра [HKLM\Software\Microsoft\Fusion!EnableLog] (DWORD) в 1.
Примечание. Регистрация ошибок привязки сборок может привести к некоторому снижению производительности.
Чтобы отключить эту функцию, удалите параметр реестра [HKLM\Software\Microsoft\Fusion!EnableLog].

TpTrace Warning: 0 : 18960, 3, 2022/05/13, 13:01:32.405, 699481526781, testhost.net472.x86.exe, TestPluginDiscoverer: Failed to load extensions from file 'C:\Program Files\dotnet\sdk\6.0.202\Extensions\Microsoft.TestPlatform.Extensions.BlameDataCollector.dll'.  Skipping test extension scan for this file.  Error: System.IO.FileNotFoundException: Не удалось загрузить файл или сборку "Microsoft.TestPlatform.Extensions.BlameDataCollector" либо одну из их зависимостей. Не удается найти указанный файл.
Имя файла: 'Microsoft.TestPlatform.Extensions.BlameDataCollector'
   в System.Reflection.RuntimeAssembly._nLoad(AssemblyName fileName, String codeBase, Evidence assemblySecurity, RuntimeAssembly locationHint, StackCrawlMark& stackMark, IntPtr pPrivHostBinder, Boolean throwOnFileNotFound, Boolean forIntrospection, Boolean suppressSecurityChecks)
   в System.Reflection.RuntimeAssembly.nLoad(AssemblyName fileName, String codeBase, Evidence assemblySecurity, RuntimeAssembly locationHint, StackCrawlMark& stackMark, IntPtr pPrivHostBinder, Boolean throwOnFileNotFound, Boolean forIntrospection, Boolean suppressSecurityChecks)
   в System.Reflection.RuntimeAssembly.InternalLoadAssemblyName(AssemblyName assemblyRef, Evidence assemblySecurity, RuntimeAssembly reqAssembly, StackCrawlMark& stackMark, IntPtr pPrivHostBinder, Boolean throwOnFileNotFound, Boolean forIntrospection, Boolean suppressSecurityChecks)
   в System.Reflection.Assembly.Load(AssemblyName assemblyRef)
   в Microsoft.VisualStudio.TestPlatform.Common.ExtensionFramework.TestPluginDiscoverer.GetTestExtensionsFromFiles[TPluginInfo,TExtension](String[] files, Dictionary`2 pluginInfos)

Предупреждение: регистрация привязки сборок выключена.
Чтобы включить регистрацию ошибок привязки сборок, установите значение параметра реестра [HKLM\Software\Microsoft\Fusion!EnableLog] (DWORD) в 1.
Примечание. Регистрация ошибок привязки сборок может привести к некоторому снижению производительности.
Чтобы отключить эту функцию, удалите параметр реестра [HKLM\Software\Microsoft\Fusion!EnableLog].

TpTrace Warning: 0 : 18960, 3, 2022/05/13, 13:01:32.405, 699481529422, testhost.net472.x86.exe, TestPluginDiscoverer: Failed to load extensions from file 'C:\Program Files\dotnet\sdk\6.0.202\Extensions\Microsoft.TestPlatform.TestHostRuntimeProvider.dll'.  Skipping test extension scan for this file.  Error: System.IO.FileNotFoundException: Не удалось загрузить файл или сборку "Microsoft.TestPlatform.TestHostRuntimeProvider" либо одну из их зависимостей. Не удается найти указанный файл.
Имя файла: 'Microsoft.TestPlatform.TestHostRuntimeProvider'
   в System.Reflection.RuntimeAssembly._nLoad(AssemblyName fileName, String codeBase, Evidence assemblySecurity, RuntimeAssembly locationHint, StackCrawlMark& stackMark, IntPtr pPrivHostBinder, Boolean throwOnFileNotFound, Boolean forIntrospection, Boolean suppressSecurityChecks)
   в System.Reflection.RuntimeAssembly.nLoad(AssemblyName fileName, String codeBase, Evidence assemblySecurity, RuntimeAssembly locationHint, StackCrawlMark& stackMark, IntPtr pPrivHostBinder, Boolean throwOnFileNotFound, Boolean forIntrospection, Boolean suppressSecurityChecks)
   в System.Reflection.RuntimeAssembly.InternalLoadAssemblyName(AssemblyName assemblyRef, Evidence assemblySecurity, RuntimeAssembly reqAssembly, StackCrawlMark& stackMark, IntPtr pPrivHostBinder, Boolean throwOnFileNotFound, Boolean forIntrospection, Boolean suppressSecurityChecks)
   в System.Reflection.Assembly.Load(AssemblyName assemblyRef)
   в Microsoft.VisualStudio.TestPlatform.Common.ExtensionFramework.TestPluginDiscoverer.GetTestExtensionsFromFiles[TPluginInfo,TExtension](String[] files, Dictionary`2 pluginInfos)

Предупреждение: регистрация привязки сборок выключена.
Чтобы включить регистрацию ошибок привязки сборок, установите значение параметра реестра [HKLM\Software\Microsoft\Fusion!EnableLog] (DWORD) в 1.
Примечание. Регистрация ошибок привязки сборок может привести к некоторому снижению производительности.
Чтобы отключить эту функцию, удалите параметр реестра [HKLM\Software\Microsoft\Fusion!EnableLog].

TpTrace Warning: 0 : 18960, 3, 2022/05/13, 13:01:32.405, 699481531141, testhost.net472.x86.exe, TestPluginDiscoverer: Failed to load extensions from file 'C:\Program Files\dotnet\sdk\6.0.202\Extensions\Microsoft.VisualStudio.TestPlatform.Extensions.Html.TestLogger.dll'.  Skipping test extension scan for this file.  Error: System.IO.FileNotFoundException: Не удалось загрузить файл или сборку "Microsoft.VisualStudio.TestPlatform.Extensions.Html.TestLogger" либо одну из их зависимостей. Не удается найти указанный файл.
Имя файла: 'Microsoft.VisualStudio.TestPlatform.Extensions.Html.TestLogger'
   в System.Reflection.RuntimeAssembly._nLoad(AssemblyName fileName, String codeBase, Evidence assemblySecurity, RuntimeAssembly locationHint, StackCrawlMark& stackMark, IntPtr pPrivHostBinder, Boolean throwOnFileNotFound, Boolean forIntrospection, Boolean suppressSecurityChecks)
   в System.Reflection.RuntimeAssembly.nLoad(AssemblyName fileName, String codeBase, Evidence assemblySecurity, RuntimeAssembly locationHint, StackCrawlMark& stackMark, IntPtr pPrivHostBinder, Boolean throwOnFileNotFound, Boolean forIntrospection, Boolean suppressSecurityChecks)
   в System.Reflection.RuntimeAssembly.InternalLoadAssemblyName(AssemblyName assemblyRef, Evidence assemblySecurity, RuntimeAssembly reqAssembly, StackCrawlMark& stackMark, IntPtr pPrivHostBinder, Boolean throwOnFileNotFound, Boolean forIntrospection, Boolean suppressSecurityChecks)
   в System.Reflection.Assembly.Load(AssemblyName assemblyRef)
   в Microsoft.VisualStudio.TestPlatform.Common.ExtensionFramework.TestPluginDiscoverer.GetTestExtensionsFromFiles[TPluginInfo,TExtension](String[] files, Dictionary`2 pluginInfos)

Предупреждение: регистрация привязки сборок выключена.
Чтобы включить регистрацию ошибок привязки сборок, установите значение параметра реестра [HKLM\Software\Microsoft\Fusion!EnableLog] (DWORD) в 1.
Примечание. Регистрация ошибок привязки сборок может привести к некоторому снижению производительности.
Чтобы отключить эту функцию, удалите параметр реестра [HKLM\Software\Microsoft\Fusion!EnableLog].

TpTrace Warning: 0 : 18960, 3, 2022/05/13, 13:01:32.405, 699481532867, testhost.net472.x86.exe, TestPluginDiscoverer: Failed to load extensions from file 'C:\Program Files\dotnet\sdk\6.0.202\Extensions\Microsoft.VisualStudio.TestPlatform.Extensions.Trx.TestLogger.dll'.  Skipping test extension scan for this file.  Error: System.IO.FileNotFoundException: Не удалось загрузить файл или сборку "Microsoft.VisualStudio.TestPlatform.Extensions.Trx.TestLogger" либо одну из их зависимостей. Не удается найти указанный файл.
Имя файла: 'Microsoft.VisualStudio.TestPlatform.Extensions.Trx.TestLogger'
   в System.Reflection.RuntimeAssembly._nLoad(AssemblyName fileName, String codeBase, Evidence assemblySecurity, RuntimeAssembly locationHint, StackCrawlMark& stackMark, IntPtr pPrivHostBinder, Boolean throwOnFileNotFound, Boolean forIntrospection, Boolean suppressSecurityChecks)
   в System.Reflection.RuntimeAssembly.nLoad(AssemblyName fileName, String codeBase, Evidence assemblySecurity, RuntimeAssembly locationHint, StackCrawlMark& stackMark, IntPtr pPrivHostBinder, Boolean throwOnFileNotFound, Boolean forIntrospection, Boolean suppressSecurityChecks)
   в System.Reflection.RuntimeAssembly.InternalLoadAssemblyName(AssemblyName assemblyRef, Evidence assemblySecurity, RuntimeAssembly reqAssembly, StackCrawlMark& stackMark, IntPtr pPrivHostBinder, Boolean throwOnFileNotFound, Boolean forIntrospection, Boolean suppressSecurityChecks)
   в System.Reflection.Assembly.Load(AssemblyName assemblyRef)
   в Microsoft.VisualStudio.TestPlatform.Common.ExtensionFramework.TestPluginDiscoverer.GetTestExtensionsFromFiles[TPluginInfo,TExtension](String[] files, Dictionary`2 pluginInfos)

Предупреждение: регистрация привязки сборок выключена.
Чтобы включить регистрацию ошибок привязки сборок, установите значение параметра реестра [HKLM\Software\Microsoft\Fusion!EnableLog] (DWORD) в 1.
Примечание. Регистрация ошибок привязки сборок может привести к некоторому снижению производительности.
Чтобы отключить эту функцию, удалите параметр реестра [HKLM\Software\Microsoft\Fusion!EnableLog].

TpTrace Verbose: 0 : 18960, 3, 2022/05/13, 13:01:32.406, 699481535345, testhost.net472.x86.exe, TestPluginCache: Discovered the extensions using extension path ''.
TpTrace Verbose: 0 : 18960, 3, 2022/05/13, 13:01:32.406, 699481536033, testhost.net472.x86.exe, TestPluginCache: Discoverers are ''.
TpTrace Verbose: 0 : 18960, 3, 2022/05/13, 13:01:32.406, 699481536621, testhost.net472.x86.exe, TestPluginCache: Executors are 'executor://xunit/VsTestRunner2/net'.
TpTrace Verbose: 0 : 18960, 3, 2022/05/13, 13:01:32.406, 699481537195, testhost.net472.x86.exe, TestPluginCache: Executors2 are ''.
TpTrace Verbose: 0 : 18960, 3, 2022/05/13, 13:01:32.406, 699481537792, testhost.net472.x86.exe, TestPluginCache: Setting providers are ''.
TpTrace Verbose: 0 : 18960, 3, 2022/05/13, 13:01:32.406, 699481538354, testhost.net472.x86.exe, TestPluginCache: Loggers are ''.
TpTrace Verbose: 0 : 18960, 3, 2022/05/13, 13:01:32.407, 699481545954, testhost.net472.x86.exe, TestExecutorService: Loaded the settings providers
TpTrace Information: 0 : 18960, 3, 2022/05/13, 13:01:32.407, 699481546734, testhost.net472.x86.exe, TestExecutorService: Loaded the extensions
TpTrace Information: 0 : 18960, 3, 2022/05/13, 13:01:32.407, 699481551654, testhost.net472.x86.exe, TestRequestHandler.OnMessageReceived: Running job 'TestExecution.StartWithSources'.
TpTrace Information: 0 : 18960, 3, 2022/05/13, 13:01:32.422, 699481697587, testhost.net472.x86.exe, AssemblyResolver.OnResolve: Microsoft.VisualStudio.TestPlatform.Common.resources, Version=15.0.0.0, Culture=ru-RU, PublicKeyToken=b03f5f7f11d50a3a: Resolving assembly.
TpTrace Information: 0 : 18960, 3, 2022/05/13, 13:01:32.422, 699481698951, testhost.net472.x86.exe, AssemblyResolver.OnResolve: Microsoft.VisualStudio.TestPlatform.Common.resources, Version=15.0.0.0, Culture=ru-RU, PublicKeyToken=b03f5f7f11d50a3a: Searching in: 'C:\Program Files\dotnet\sdk\6.0.202\Extensions'.
TpTrace Information: 0 : 18960, 3, 2022/05/13, 13:01:32.422, 699481699944, testhost.net472.x86.exe, AssemblyResolver.OnResolve: Microsoft.VisualStudio.TestPlatform.Common.resources, Version=15.0.0.0, Culture=ru-RU, PublicKeyToken=b03f5f7f11d50a3a: Assembly path does not exist: 'C:\Program Files\dotnet\sdk\6.0.202\Extensions\Microsoft.VisualStudio.TestPlatform.Common.resources.dll', returning.
TpTrace Information: 0 : 18960, 3, 2022/05/13, 13:01:32.422, 699481700862, testhost.net472.x86.exe, AssemblyResolver.OnResolve: Microsoft.VisualStudio.TestPlatform.Common.resources, Version=15.0.0.0, Culture=ru-RU, PublicKeyToken=b03f5f7f11d50a3a: Assembly path does not exist: 'C:\Program Files\dotnet\sdk\6.0.202\Extensions\Microsoft.VisualStudio.TestPlatform.Common.resources.exe', returning.
TpTrace Information: 0 : 18960, 3, 2022/05/13, 13:01:32.422, 699481701494, testhost.net472.x86.exe, AssemblyResolver.OnResolve: Microsoft.VisualStudio.TestPlatform.Common.resources, Version=15.0.0.0, Culture=ru-RU, PublicKeyToken=b03f5f7f11d50a3a: Searching in: 'E:\CS\APPZ\lab_4\TestingBussinesLogic\bin\Debug\net472\fine-code-coverage\build-output'.
TpTrace Information: 0 : 18960, 3, 2022/05/13, 13:01:32.422, 699481702340, testhost.net472.x86.exe, AssemblyResolver.OnResolve: Microsoft.VisualStudio.TestPlatform.Common.resources, Version=15.0.0.0, Culture=ru-RU, PublicKeyToken=b03f5f7f11d50a3a: Assembly path does not exist: 'E:\CS\APPZ\lab_4\TestingBussinesLogic\bin\Debug\net472\fine-code-coverage\build-output\Microsoft.VisualStudio.TestPlatform.Common.resources.dll', returning.
TpTrace Information: 0 : 18960, 3, 2022/05/13, 13:01:32.422, 699481703125, testhost.net472.x86.exe, AssemblyResolver.OnResolve: Microsoft.VisualStudio.TestPlatform.Common.resources, Version=15.0.0.0, Culture=ru-RU, PublicKeyToken=b03f5f7f11d50a3a: Assembly path does not exist: 'E:\CS\APPZ\lab_4\TestingBussinesLogic\bin\Debug\net472\fine-code-coverage\build-output\Microsoft.VisualStudio.TestPlatform.Common.resources.exe', returning.
TpTrace Information: 0 : 18960, 3, 2022/05/13, 13:01:32.422, 699481703778, testhost.net472.x86.exe, AssemblyResolver.OnResolve: Microsoft.VisualStudio.TestPlatform.Common.resources, Version=15.0.0.0, Culture=ru-RU, PublicKeyToken=b03f5f7f11d50a3a: Searching in: 'C:\Program Files\dotnet\sdk\6.0.202\TestHost'.
TpTrace Information: 0 : 18960, 3, 2022/05/13, 13:01:32.422, 699481704674, testhost.net472.x86.exe, AssemblyResolver.OnResolve: Microsoft.VisualStudio.TestPlatform.Common.resources, Version=15.0.0.0, Culture=ru-RU, PublicKeyToken=b03f5f7f11d50a3a: Assembly path does not exist: 'C:\Program Files\dotnet\sdk\6.0.202\TestHost\Microsoft.VisualStudio.TestPlatform.Common.resources.dll', returning.
TpTrace Information: 0 : 18960, 3, 2022/05/13, 13:01:32.423, 699481705610, testhost.net472.x86.exe, AssemblyResolver.OnResolve: Microsoft.VisualStudio.TestPlatform.Common.resources, Version=15.0.0.0, Culture=ru-RU, PublicKeyToken=b03f5f7f11d50a3a: Assembly path does not exist: 'C:\Program Files\dotnet\sdk\6.0.202\TestHost\Microsoft.VisualStudio.TestPlatform.Common.resources.exe', returning.
TpTrace Information: 0 : 18960, 3, 2022/05/13, 13:01:32.423, 699481706215, testhost.net472.x86.exe, AssemblyResolver.OnResolve: Microsoft.VisualStudio.TestPlatform.Common.resources, Version=15.0.0.0, Culture=ru-RU, PublicKeyToken=b03f5f7f11d50a3a: Failed to load assembly.
TpTrace Information: 0 : 18960, 3, 2022/05/13, 13:01:32.423, 699481707211, testhost.net472.x86.exe, AssemblyResolver.OnResolve: Microsoft.VisualStudio.TestPlatform.Common.resources, Version=15.0.0.0, Culture=ru-RU, PublicKeyToken=b03f5f7f11d50a3a: Resolving assembly.
TpTrace Information: 0 : 18960, 3, 2022/05/13, 13:01:32.423, 699481707815, testhost.net472.x86.exe, AssemblyResolver.OnResolve: Microsoft.VisualStudio.TestPlatform.Common.resources, Version=15.0.0.0, Culture=ru-RU, PublicKeyToken=b03f5f7f11d50a3a: Resolved from cache.
TpTrace Information: 0 : 18960, 3, 2022/05/13, 13:01:32.476, 699482230267, testhost.net472.x86.exe, TestDiscoveryManager: Discovering tests from sources E:\CS\APPZ\lab_4\TestingBussinesLogic\bin\Debug\net472\fine-code-coverage\build-output\TestingBussinesLogic.dll
TpTrace Verbose: 0 : 18960, 3, 2022/05/13, 13:01:32.477, 699482246945, testhost.net472.x86.exe, TestPluginCache.DiscoverTestExtensions: finding test extensions in assemblies ends with: TestAdapter.dll TPluginInfo: Microsoft.VisualStudio.TestPlatform.Common.ExtensionFramework.Utilities.TestDiscovererPluginInformation TExtension: Microsoft.VisualStudio.TestPlatform.ObjectModel.Adapter.ITestDiscoverer
TpTrace Verbose: 0 : 18960, 3, 2022/05/13, 13:01:32.477, 699482247939, testhost.net472.x86.exe, TestPluginCache.GetExtensionPaths: Filtered extension paths: 
TpTrace Verbose: 0 : 18960, 3, 2022/05/13, 13:01:32.477, 699482248619, testhost.net472.x86.exe, TestPluginCache.GetExtensionPaths: Added default extension paths: C:\Program Files\dotnet\sdk\6.0.202\Extensions\DumpMinitool.exe
C:\Program Files\dotnet\sdk\6.0.202\Extensions\DumpMinitool.x86.exe
C:\Program Files\dotnet\sdk\6.0.202\Extensions\Microsoft.Diagnostics.NETCore.Client.dll
C:\Program Files\dotnet\sdk\6.0.202\Extensions\Microsoft.TestPlatform.Extensions.BlameDataCollector.dll
C:\Program Files\dotnet\sdk\6.0.202\Extensions\Microsoft.TestPlatform.Extensions.EventLogCollector.dll
C:\Program Files\dotnet\sdk\6.0.202\Extensions\Microsoft.TestPlatform.TestHostRuntimeProvider.dll
C:\Program Files\dotnet\sdk\6.0.202\Extensions\Microsoft.VisualStudio.TestPlatform.Extensions.Html.TestLogger.dll
C:\Program Files\dotnet\sdk\6.0.202\Extensions\Microsoft.VisualStudio.TestPlatform.Extensions.Trx.TestLogger.dll
E:\CS\APPZ\lab_4\TestingBussinesLogic\bin\Debug\net472\fine-code-coverage\build-output\xunit.runner.visualstudio.testadapter.dll
TpTrace Verbose: 0 : 18960, 3, 2022/05/13, 13:01:32.477, 699482249312, testhost.net472.x86.exe, TestPluginCache.GetExtensionPaths: Added unfilterableExtensionPaths: 
TpTrace Information: 0 : 18960, 3, 2022/05/13, 13:01:32.478, 699482253955, testhost.net472.x86.exe, AssemblyResolver.AddSearchDirectories: Adding more searchDirectories C:\Program Files\dotnet\sdk\6.0.202\Extensions,E:\CS\APPZ\lab_4\TestingBussinesLogic\bin\Debug\net472\fine-code-coverage\build-output,C:\Program Files\dotnet\sdk\6.0.202\TestHost
TpTrace Verbose: 0 : 18960, 3, 2022/05/13, 13:01:32.478, 699482255435, testhost.net472.x86.exe, TestPluginCache.DiscoverTestExtensions: Discovering the extensions using extension path.
TpTrace Verbose: 0 : 18960, 3, 2022/05/13, 13:01:32.478, 699482256378, testhost.net472.x86.exe, TestPluginCache.GetExtensionPaths: Filtered extension paths: 
TpTrace Verbose: 0 : 18960, 3, 2022/05/13, 13:01:32.478, 699482257436, testhost.net472.x86.exe, TestPluginCache.GetExtensionPaths: Added default extension paths: C:\Program Files\dotnet\sdk\6.0.202\Extensions\DumpMinitool.exe
C:\Program Files\dotnet\sdk\6.0.202\Extensions\DumpMinitool.x86.exe
C:\Program Files\dotnet\sdk\6.0.202\Extensions\Microsoft.Diagnostics.NETCore.Client.dll
C:\Program Files\dotnet\sdk\6.0.202\Extensions\Microsoft.TestPlatform.Extensions.BlameDataCollector.dll
C:\Program Files\dotnet\sdk\6.0.202\Extensions\Microsoft.TestPlatform.Extensions.EventLogCollector.dll
C:\Program Files\dotnet\sdk\6.0.202\Extensions\Microsoft.TestPlatform.TestHostRuntimeProvider.dll
C:\Program Files\dotnet\sdk\6.0.202\Extensions\Microsoft.VisualStudio.TestPlatform.Extensions.Html.TestLogger.dll
C:\Program Files\dotnet\sdk\6.0.202\Extensions\Microsoft.VisualStudio.TestPlatform.Extensions.Trx.TestLogger.dll
E:\CS\APPZ\lab_4\TestingBussinesLogic\bin\Debug\net472\fine-code-coverage\build-output\xunit.runner.visualstudio.testadapter.dll
TpTrace Verbose: 0 : 18960, 3, 2022/05/13, 13:01:32.478, 699482258499, testhost.net472.x86.exe, TestPluginCache.GetExtensionPaths: Added unfilterableExtensionPaths: 
TpTrace Verbose: 0 : 18960, 3, 2022/05/13, 13:01:32.478, 699482259386, testhost.net472.x86.exe, TestPluginCache.DiscoverTestExtensions: Discovering the extensions using allExtensionPaths: C:\Program Files\dotnet\sdk\6.0.202\Extensions\DumpMinitool.exe
C:\Program Files\dotnet\sdk\6.0.202\Extensions\DumpMinitool.x86.exe
C:\Program Files\dotnet\sdk\6.0.202\Extensions\Microsoft.Diagnostics.NETCore.Client.dll
C:\Program Files\dotnet\sdk\6.0.202\Extensions\Microsoft.TestPlatform.Extensions.BlameDataCollector.dll
C:\Program Files\dotnet\sdk\6.0.202\Extensions\Microsoft.TestPlatform.Extensions.EventLogCollector.dll
C:\Program Files\dotnet\sdk\6.0.202\Extensions\Microsoft.TestPlatform.TestHostRuntimeProvider.dll
C:\Program Files\dotnet\sdk\6.0.202\Extensions\Microsoft.VisualStudio.TestPlatform.Extensions.Html.TestLogger.dll
C:\Program Files\dotnet\sdk\6.0.202\Extensions\Microsoft.VisualStudio.TestPlatform.Extensions.Trx.TestLogger.dll
E:\CS\APPZ\lab_4\TestingBussinesLogic\bin\Debug\net472\fine-code-coverage\build-output\xunit.runner.visualstudio.testadapter.dll
TpTrace Information: 0 : 18960, 3, 2022/05/13, 13:01:32.479, 699482260432, testhost.net472.x86.exe, AssemblyResolver.AddSearchDirectories: Adding more searchDirectories C:\Program Files\dotnet\sdk\6.0.202\Extensions,C:\Program Files\dotnet\sdk\6.0.202\TestHost
TpTrace Information: 0 : 18960, 3, 2022/05/13, 13:01:32.479, 699482261147, testhost.net472.x86.exe, AssemblyResolver.AddSearchDirectories: Adding more searchDirectories C:\Program Files\dotnet\sdk\6.0.202\Extensions,C:\Program Files\dotnet\sdk\6.0.202\TestHost
TpTrace Information: 0 : 18960, 3, 2022/05/13, 13:01:32.479, 699482261825, testhost.net472.x86.exe, AssemblyResolver.AddSearchDirectories: Adding more searchDirectories C:\Program Files\dotnet\sdk\6.0.202\Extensions,C:\Program Files\dotnet\sdk\6.0.202\TestHost
TpTrace Information: 0 : 18960, 3, 2022/05/13, 13:01:32.479, 699482262483, testhost.net472.x86.exe, AssemblyResolver.AddSearchDirectories: Adding more searchDirectories C:\Program Files\dotnet\sdk\6.0.202\Extensions,C:\Program Files\dotnet\sdk\6.0.202\TestHost
TpTrace Information: 0 : 18960, 3, 2022/05/13, 13:01:32.479, 699482263188, testhost.net472.x86.exe, AssemblyResolver.AddSearchDirectories: Adding more searchDirectories C:\Program Files\dotnet\sdk\6.0.202\Extensions,C:\Program Files\dotnet\sdk\6.0.202\TestHost
TpTrace Information: 0 : 18960, 3, 2022/05/13, 13:01:32.479, 699482263864, testhost.net472.x86.exe, AssemblyResolver.AddSearchDirectories: Adding more searchDirectories C:\Program Files\dotnet\sdk\6.0.202\Extensions,C:\Program Files\dotnet\sdk\6.0.202\TestHost
TpTrace Information: 0 : 18960, 3, 2022/05/13, 13:01:32.479, 699482264542, testhost.net472.x86.exe, AssemblyResolver.AddSearchDirectories: Adding more searchDirectories C:\Program Files\dotnet\sdk\6.0.202\Extensions,C:\Program Files\dotnet\sdk\6.0.202\TestHost
TpTrace Information: 0 : 18960, 3, 2022/05/13, 13:01:32.479, 699482265264, testhost.net472.x86.exe, AssemblyResolver.AddSearchDirectories: Adding more searchDirectories C:\Program Files\dotnet\sdk\6.0.202\Extensions,C:\Program Files\dotnet\sdk\6.0.202\TestHost
TpTrace Information: 0 : 18960, 3, 2022/05/13, 13:01:32.479, 699482266073, testhost.net472.x86.exe, AssemblyResolver.AddSearchDirectories: Adding more searchDirectories E:\CS\APPZ\lab_4\TestingBussinesLogic\bin\Debug\net472\fine-code-coverage\build-output,C:\Program Files\dotnet\sdk\6.0.202\TestHost
TpTrace Warning: 0 : 18960, 3, 2022/05/13, 13:01:32.479, 699482268348, testhost.net472.x86.exe, TestPluginDiscoverer: Failed to load extensions from file 'C:\Program Files\dotnet\sdk\6.0.202\Extensions\DumpMinitool.exe'.  Skipping test extension scan for this file.  Error: System.IO.FileNotFoundException: Не удалось загрузить файл или сборку "DumpMinitool" либо одну из их зависимостей. Не удается найти указанный файл.
Имя файла: 'DumpMinitool'
   в System.Reflection.RuntimeAssembly._nLoad(AssemblyName fileName, String codeBase, Evidence assemblySecurity, RuntimeAssembly locationHint, StackCrawlMark& stackMark, IntPtr pPrivHostBinder, Boolean throwOnFileNotFound, Boolean forIntrospection, Boolean suppressSecurityChecks)
   в System.Reflection.RuntimeAssembly.nLoad(AssemblyName fileName, String codeBase, Evidence assemblySecurity, RuntimeAssembly locationHint, StackCrawlMark& stackMark, IntPtr pPrivHostBinder, Boolean throwOnFileNotFound, Boolean forIntrospection, Boolean suppressSecurityChecks)
   в System.Reflection.RuntimeAssembly.InternalLoadAssemblyName(AssemblyName assemblyRef, Evidence assemblySecurity, RuntimeAssembly reqAssembly, StackCrawlMark& stackMark, IntPtr pPrivHostBinder, Boolean throwOnFileNotFound, Boolean forIntrospection, Boolean suppressSecurityChecks)
   в System.Reflection.Assembly.Load(AssemblyName assemblyRef)
   в Microsoft.VisualStudio.TestPlatform.Common.ExtensionFramework.TestPluginDiscoverer.GetTestExtensionsFromFiles[TPluginInfo,TExtension](String[] files, Dictionary`2 pluginInfos)

Предупреждение: регистрация привязки сборок выключена.
Чтобы включить регистрацию ошибок привязки сборок, установите значение параметра реестра [HKLM\Software\Microsoft\Fusion!EnableLog] (DWORD) в 1.
Примечание. Регистрация ошибок привязки сборок может привести к некоторому снижению производительности.
Чтобы отключить эту функцию, удалите параметр реестра [HKLM\Software\Microsoft\Fusion!EnableLog].

TpTrace Warning: 0 : 18960, 3, 2022/05/13, 13:01:32.480, 699482270295, testhost.net472.x86.exe, TestPluginDiscoverer: Failed to load extensions from file 'C:\Program Files\dotnet\sdk\6.0.202\Extensions\DumpMinitool.x86.exe'.  Skipping test extension scan for this file.  Error: System.IO.FileNotFoundException: Не удалось загрузить файл или сборку "DumpMinitool.x86" либо одну из их зависимостей. Не удается найти указанный файл.
Имя файла: 'DumpMinitool.x86'
   в System.Reflection.RuntimeAssembly._nLoad(AssemblyName fileName, String codeBase, Evidence assemblySecurity, RuntimeAssembly locationHint, StackCrawlMark& stackMark, IntPtr pPrivHostBinder, Boolean throwOnFileNotFound, Boolean forIntrospection, Boolean suppressSecurityChecks)
   в System.Reflection.RuntimeAssembly.nLoad(AssemblyName fileName, String codeBase, Evidence assemblySecurity, RuntimeAssembly locationHint, StackCrawlMark& stackMark, IntPtr pPrivHostBinder, Boolean throwOnFileNotFound, Boolean forIntrospection, Boolean suppressSecurityChecks)
   в System.Reflection.RuntimeAssembly.InternalLoadAssemblyName(AssemblyName assemblyRef, Evidence assemblySecurity, RuntimeAssembly reqAssembly, StackCrawlMark& stackMark, IntPtr pPrivHostBinder, Boolean throwOnFileNotFound, Boolean forIntrospection, Boolean suppressSecurityChecks)
   в System.Reflection.Assembly.Load(AssemblyName assemblyRef)
   в Microsoft.VisualStudio.TestPlatform.Common.ExtensionFramework.TestPluginDiscoverer.GetTestExtensionsFromFiles[TPluginInfo,TExtension](String[] files, Dictionary`2 pluginInfos)

Предупреждение: регистрация привязки сборок выключена.
Чтобы включить регистрацию ошибок привязки сборок, установите значение параметра реестра [HKLM\Software\Microsoft\Fusion!EnableLog] (DWORD) в 1.
Примечание. Регистрация ошибок привязки сборок может привести к некоторому снижению производительности.
Чтобы отключить эту функцию, удалите параметр реестра [HKLM\Software\Microsoft\Fusion!EnableLog].

TpTrace Warning: 0 : 18960, 3, 2022/05/13, 13:01:32.480, 699482272085, testhost.net472.x86.exe, TestPluginDiscoverer: Failed to load extensions from file 'C:\Program Files\dotnet\sdk\6.0.202\Extensions\Microsoft.Diagnostics.NETCore.Client.dll'.  Skipping test extension scan for this file.  Error: System.IO.FileNotFoundException: Не удалось загрузить файл или сборку "Microsoft.Diagnostics.NETCore.Client" либо одну из их зависимостей. Не удается найти указанный файл.
Имя файла: 'Microsoft.Diagnostics.NETCore.Client'
   в System.Reflection.RuntimeAssembly._nLoad(AssemblyName fileName, String codeBase, Evidence assemblySecurity, RuntimeAssembly locationHint, StackCrawlMark& stackMark, IntPtr pPrivHostBinder, Boolean throwOnFileNotFound, Boolean forIntrospection, Boolean suppressSecurityChecks)
   в System.Reflection.RuntimeAssembly.nLoad(AssemblyName fileName, String codeBase, Evidence assemblySecurity, RuntimeAssembly locationHint, StackCrawlMark& stackMark, IntPtr pPrivHostBinder, Boolean throwOnFileNotFound, Boolean forIntrospection, Boolean suppressSecurityChecks)
   в System.Reflection.RuntimeAssembly.InternalLoadAssemblyName(AssemblyName assemblyRef, Evidence assemblySecurity, RuntimeAssembly reqAssembly, StackCrawlMark& stackMark, IntPtr pPrivHostBinder, Boolean throwOnFileNotFound, Boolean forIntrospection, Boolean suppressSecurityChecks)
   в System.Reflection.Assembly.Load(AssemblyName assemblyRef)
   в Microsoft.VisualStudio.TestPlatform.Common.ExtensionFramework.TestPluginDiscoverer.GetTestExtensionsFromFiles[TPluginInfo,TExtension](String[] files, Dictionary`2 pluginInfos)

Предупреждение: регистрация привязки сборок выключена.
Чтобы включить регистрацию ошибок привязки сборок, установите значение параметра реестра [HKLM\Software\Microsoft\Fusion!EnableLog] (DWORD) в 1.
Примечание. Регистрация ошибок привязки сборок может привести к некоторому снижению производительности.
Чтобы отключить эту функцию, удалите параметр реестра [HKLM\Software\Microsoft\Fusion!EnableLog].

TpTrace Warning: 0 : 18960, 3, 2022/05/13, 13:01:32.480, 699482273858, testhost.net472.x86.exe, TestPluginDiscoverer: Failed to load extensions from file 'C:\Program Files\dotnet\sdk\6.0.202\Extensions\Microsoft.TestPlatform.Extensions.BlameDataCollector.dll'.  Skipping test extension scan for this file.  Error: System.IO.FileNotFoundException: Не удалось загрузить файл или сборку "Microsoft.TestPlatform.Extensions.BlameDataCollector" либо одну из их зависимостей. Не удается найти указанный файл.
Имя файла: 'Microsoft.TestPlatform.Extensions.BlameDataCollector'
   в System.Reflection.RuntimeAssembly._nLoad(AssemblyName fileName, String codeBase, Evidence assemblySecurity, RuntimeAssembly locationHint, StackCrawlMark& stackMark, IntPtr pPrivHostBinder, Boolean throwOnFileNotFound, Boolean forIntrospection, Boolean suppressSecurityChecks)
   в System.Reflection.RuntimeAssembly.nLoad(AssemblyName fileName, String codeBase, Evidence assemblySecurity, RuntimeAssembly locationHint, StackCrawlMark& stackMark, IntPtr pPrivHostBinder, Boolean throwOnFileNotFound, Boolean forIntrospection, Boolean suppressSecurityChecks)
   в System.Reflection.RuntimeAssembly.InternalLoadAssemblyName(AssemblyName assemblyRef, Evidence assemblySecurity, RuntimeAssembly reqAssembly, StackCrawlMark& stackMark, IntPtr pPrivHostBinder, Boolean throwOnFileNotFound, Boolean forIntrospection, Boolean suppressSecurityChecks)
   в System.Reflection.Assembly.Load(AssemblyName assemblyRef)
   в Microsoft.VisualStudio.TestPlatform.Common.ExtensionFramework.TestPluginDiscoverer.GetTestExtensionsFromFiles[TPluginInfo,TExtension](String[] files, Dictionary`2 pluginInfos)

Предупреждение: регистрация привязки сборок выключена.
Чтобы включить регистрацию ошибок привязки сборок, установите значение параметра реестра [HKLM\Software\Microsoft\Fusion!EnableLog] (DWORD) в 1.
Примечание. Регистрация ошибок привязки сборок может привести к некоторому снижению производительности.
Чтобы отключить эту функцию, удалите параметр реестра [HKLM\Software\Microsoft\Fusion!EnableLog].

TpTrace Warning: 0 : 18960, 3, 2022/05/13, 13:01:32.480, 699482276323, testhost.net472.x86.exe, TestPluginDiscoverer: Failed to load extensions from file 'C:\Program Files\dotnet\sdk\6.0.202\Extensions\Microsoft.TestPlatform.TestHostRuntimeProvider.dll'.  Skipping test extension scan for this file.  Error: System.IO.FileNotFoundException: Не удалось загрузить файл или сборку "Microsoft.TestPlatform.TestHostRuntimeProvider" либо одну из их зависимостей. Не удается найти указанный файл.
Имя файла: 'Microsoft.TestPlatform.TestHostRuntimeProvider'
   в System.Reflection.RuntimeAssembly._nLoad(AssemblyName fileName, String codeBase, Evidence assemblySecurity, RuntimeAssembly locationHint, StackCrawlMark& stackMark, IntPtr pPrivHostBinder, Boolean throwOnFileNotFound, Boolean forIntrospection, Boolean suppressSecurityChecks)
   в System.Reflection.RuntimeAssembly.nLoad(AssemblyName fileName, String codeBase, Evidence assemblySecurity, RuntimeAssembly locationHint, StackCrawlMark& stackMark, IntPtr pPrivHostBinder, Boolean throwOnFileNotFound, Boolean forIntrospection, Boolean suppressSecurityChecks)
   в System.Reflection.RuntimeAssembly.InternalLoadAssemblyName(AssemblyName assemblyRef, Evidence assemblySecurity, RuntimeAssembly reqAssembly, StackCrawlMark& stackMark, IntPtr pPrivHostBinder, Boolean throwOnFileNotFound, Boolean forIntrospection, Boolean suppressSecurityChecks)
   в System.Reflection.Assembly.Load(AssemblyName assemblyRef)
   в Microsoft.VisualStudio.TestPlatform.Common.ExtensionFramework.TestPluginDiscoverer.GetTestExtensionsFromFiles[TPluginInfo,TExtension](String[] files, Dictionary`2 pluginInfos)

Предупреждение: регистрация привязки сборок выключена.
Чтобы включить регистрацию ошибок привязки сборок, установите значение параметра реестра [HKLM\Software\Microsoft\Fusion!EnableLog] (DWORD) в 1.
Примечание. Регистрация ошибок привязки сборок может привести к некоторому снижению производительности.
Чтобы отключить эту функцию, удалите параметр реестра [HKLM\Software\Microsoft\Fusion!EnableLog].

TpTrace Warning: 0 : 18960, 3, 2022/05/13, 13:01:32.480, 699482278105, testhost.net472.x86.exe, TestPluginDiscoverer: Failed to load extensions from file 'C:\Program Files\dotnet\sdk\6.0.202\Extensions\Microsoft.VisualStudio.TestPlatform.Extensions.Html.TestLogger.dll'.  Skipping test extension scan for this file.  Error: System.IO.FileNotFoundException: Не удалось загрузить файл или сборку "Microsoft.VisualStudio.TestPlatform.Extensions.Html.TestLogger" либо одну из их зависимостей. Не удается найти указанный файл.
Имя файла: 'Microsoft.VisualStudio.TestPlatform.Extensions.Html.TestLogger'
   в System.Reflection.RuntimeAssembly._nLoad(AssemblyName fileName, String codeBase, Evidence assemblySecurity, RuntimeAssembly locationHint, StackCrawlMark& stackMark, IntPtr pPrivHostBinder, Boolean throwOnFileNotFound, Boolean forIntrospection, Boolean suppressSecurityChecks)
   в System.Reflection.RuntimeAssembly.nLoad(AssemblyName fileName, String codeBase, Evidence assemblySecurity, RuntimeAssembly locationHint, StackCrawlMark& stackMark, IntPtr pPrivHostBinder, Boolean throwOnFileNotFound, Boolean forIntrospection, Boolean suppressSecurityChecks)
   в System.Reflection.RuntimeAssembly.InternalLoadAssemblyName(AssemblyName assemblyRef, Evidence assemblySecurity, RuntimeAssembly reqAssembly, StackCrawlMark& stackMark, IntPtr pPrivHostBinder, Boolean throwOnFileNotFound, Boolean forIntrospection, Boolean suppressSecurityChecks)
   в System.Reflection.Assembly.Load(AssemblyName assemblyRef)
   в Microsoft.VisualStudio.TestPlatform.Common.ExtensionFramework.TestPluginDiscoverer.GetTestExtensionsFromFiles[TPluginInfo,TExtension](String[] files, Dictionary`2 pluginInfos)

Предупреждение: регистрация привязки сборок выключена.
Чтобы включить регистрацию ошибок привязки сборок, установите значение параметра реестра [HKLM\Software\Microsoft\Fusion!EnableLog] (DWORD) в 1.
Примечание. Регистрация ошибок привязки сборок может привести к некоторому снижению производительности.
Чтобы отключить эту функцию, удалите параметр реестра [HKLM\Software\Microsoft\Fusion!EnableLog].

TpTrace Warning: 0 : 18960, 3, 2022/05/13, 13:01:32.481, 699482279888, testhost.net472.x86.exe, TestPluginDiscoverer: Failed to load extensions from file 'C:\Program Files\dotnet\sdk\6.0.202\Extensions\Microsoft.VisualStudio.TestPlatform.Extensions.Trx.TestLogger.dll'.  Skipping test extension scan for this file.  Error: System.IO.FileNotFoundException: Не удалось загрузить файл или сборку "Microsoft.VisualStudio.TestPlatform.Extensions.Trx.TestLogger" либо одну из их зависимостей. Не удается найти указанный файл.
Имя файла: 'Microsoft.VisualStudio.TestPlatform.Extensions.Trx.TestLogger'
   в System.Reflection.RuntimeAssembly._nLoad(AssemblyName fileName, String codeBase, Evidence assemblySecurity, RuntimeAssembly locationHint, StackCrawlMark& stackMark, IntPtr pPrivHostBinder, Boolean throwOnFileNotFound, Boolean forIntrospection, Boolean suppressSecurityChecks)
   в System.Reflection.RuntimeAssembly.nLoad(AssemblyName fileName, String codeBase, Evidence assemblySecurity, RuntimeAssembly locationHint, StackCrawlMark& stackMark, IntPtr pPrivHostBinder, Boolean throwOnFileNotFound, Boolean forIntrospection, Boolean suppressSecurityChecks)
   в System.Reflection.RuntimeAssembly.InternalLoadAssemblyName(AssemblyName assemblyRef, Evidence assemblySecurity, RuntimeAssembly reqAssembly, StackCrawlMark& stackMark, IntPtr pPrivHostBinder, Boolean throwOnFileNotFound, Boolean forIntrospection, Boolean suppressSecurityChecks)
   в System.Reflection.Assembly.Load(AssemblyName assemblyRef)
   в Microsoft.VisualStudio.TestPlatform.Common.ExtensionFramework.TestPluginDiscoverer.GetTestExtensionsFromFiles[TPluginInfo,TExtension](String[] files, Dictionary`2 pluginInfos)

Предупреждение: регистрация привязки сборок выключена.
Чтобы включить регистрацию ошибок привязки сборок, установите значение параметра реестра [HKLM\Software\Microsoft\Fusion!EnableLog] (DWORD) в 1.
Примечание. Регистрация ошибок привязки сборок может привести к некоторому снижению производительности.
Чтобы отключить эту функцию, удалите параметр реестра [HKLM\Software\Microsoft\Fusion!EnableLog].

TpTrace Verbose: 0 : 18960, 3, 2022/05/13, 13:01:32.484, 699482319640, testhost.net472.x86.exe, TestPluginCache: Discovered the extensions using extension path ''.
TpTrace Verbose: 0 : 18960, 3, 2022/05/13, 13:01:32.485, 699482320713, testhost.net472.x86.exe, TestPluginCache: Discoverers are 'Xunit.Runner.VisualStudio.VsTestRunner, xunit.runner.visualstudio.testadapter, Version=2.4.0.0, Culture=neutral, PublicKeyToken=8d05b1bb7a6fdb6c'.
TpTrace Verbose: 0 : 18960, 3, 2022/05/13, 13:01:32.485, 699482321339, testhost.net472.x86.exe, TestPluginCache: Executors are 'executor://xunit/VsTestRunner2/net'.
TpTrace Verbose: 0 : 18960, 3, 2022/05/13, 13:01:32.485, 699482322019, testhost.net472.x86.exe, TestPluginCache: Executors2 are ''.
TpTrace Verbose: 0 : 18960, 3, 2022/05/13, 13:01:32.485, 699482322586, testhost.net472.x86.exe, TestPluginCache: Setting providers are ''.
TpTrace Verbose: 0 : 18960, 3, 2022/05/13, 13:01:32.485, 699482323142, testhost.net472.x86.exe, TestPluginCache: Loggers are ''.
TpTrace Information: 0 : 18960, 3, 2022/05/13, 13:01:32.520, 699482675417, testhost.net472.x86.exe, PEReaderHelper.GetAssemblyType: Determined assemblyType:'Managed' for source: 'E:\CS\APPZ\lab_4\TestingBussinesLogic\bin\Debug\net472\fine-code-coverage\build-output\TestingBussinesLogic.dll'
TpTrace Verbose: 0 : 18960, 3, 2022/05/13, 13:01:32.526, 699482729457, testhost.net472.x86.exe, BaseRunTests.RunTestInternalWithExecutors: Running tests for executor://xunit/VsTestRunner2/net
TpTrace Verbose: 0 : 18960, 3, 2022/05/13, 13:01:32.526, 699482737331, testhost.net472.x86.exe, BaseRunTests.TryToRunInSTAThread: Using STA thread to call adapter API.
TpTrace Information: 0 : 18960, 12, 2022/05/13, 13:01:32.534, 699482818287, testhost.net472.x86.exe, [xUnit.net 00:00:00.00] xUnit.net VSTest Adapter v2.4.3+1b45f5407b (32-bit Desktop .NET 4.0.30319.42000)
TpTrace Verbose: 0 : 18960, 12, 2022/05/13, 13:01:32.535, 699482819731, testhost.net472.x86.exe, TestRequestHandler.SendData:  sending data from testhost: {"Version":5,"MessageType":"TestSession.Message","Payload":{"MessageLevel":0,"Message":"[xUnit.net 00:00:00.00] xUnit.net VSTest Adapter v2.4.3+1b45f5407b (32-bit Desktop .NET 4.0.30319.42000)"}}
TpTrace Information: 0 : 18960, 12, 2022/05/13, 13:01:32.584, 699483314137, testhost.net472.x86.exe, AssemblyResolver.OnResolve: xunit.runner.utility.net452, Version=2.4.1.0, Culture=neutral, PublicKeyToken=8d05b1bb7a6fdb6c: Resolving assembly.
TpTrace Information: 0 : 18960, 12, 2022/05/13, 13:01:32.584, 699483315649, testhost.net472.x86.exe, AssemblyResolver.OnResolve: xunit.runner.utility.net452, Version=2.4.1.0, Culture=neutral, PublicKeyToken=8d05b1bb7a6fdb6c: Searching in: 'C:\Program Files\dotnet\sdk\6.0.202\Extensions'.
TpTrace Information: 0 : 18960, 12, 2022/05/13, 13:01:32.585, 699483316995, testhost.net472.x86.exe, AssemblyResolver.OnResolve: xunit.runner.utility.net452, Version=2.4.1.0, Culture=neutral, PublicKeyToken=8d05b1bb7a6fdb6c: Assembly path does not exist: 'C:\Program Files\dotnet\sdk\6.0.202\Extensions\xunit.runner.utility.net452.dll', returning.
TpTrace Information: 0 : 18960, 12, 2022/05/13, 13:01:32.585, 699483317987, testhost.net472.x86.exe, AssemblyResolver.OnResolve: xunit.runner.utility.net452, Version=2.4.1.0, Culture=neutral, PublicKeyToken=8d05b1bb7a6fdb6c: Assembly path does not exist: 'C:\Program Files\dotnet\sdk\6.0.202\Extensions\xunit.runner.utility.net452.exe', returning.
TpTrace Information: 0 : 18960, 12, 2022/05/13, 13:01:32.585, 699483319253, testhost.net472.x86.exe, AssemblyResolver.OnResolve: xunit.runner.utility.net452, Version=2.4.1.0, Culture=neutral, PublicKeyToken=8d05b1bb7a6fdb6c: Searching in: 'E:\CS\APPZ\lab_4\TestingBussinesLogic\bin\Debug\net472\fine-code-coverage\build-output'.
TpTrace Information: 0 : 18960, 12, 2022/05/13, 13:01:32.585, 699483323734, testhost.net472.x86.exe, AssemblyResolver.OnResolve: xunit.runner.utility.net452, Version=2.4.1.0, Culture=neutral, PublicKeyToken=8d05b1bb7a6fdb6c: Loading assembly 'E:\CS\APPZ\lab_4\TestingBussinesLogic\bin\Debug\net472\fine-code-coverage\build-output\xunit.runner.utility.net452.dll'.
TpTrace Information: 0 : 18960, 12, 2022/05/13, 13:01:32.586, 699483330913, testhost.net472.x86.exe, AssemblyResolver.OnResolve: Resolved assembly: xunit.runner.utility.net452, Version=2.4.1.0, Culture=neutral, PublicKeyToken=8d05b1bb7a6fdb6c, from path: E:\CS\APPZ\lab_4\TestingBussinesLogic\bin\Debug\net472\fine-code-coverage\build-output\xunit.runner.utility.net452.dll
TpTrace Information: 0 : 18960, 12, 2022/05/13, 13:01:32.586, 699483333624, testhost.net472.x86.exe, AssemblyResolver.OnResolve: xunit.abstractions, Version=2.0.0.0, Culture=neutral, PublicKeyToken=8d05b1bb7a6fdb6c: Resolving assembly.
TpTrace Information: 0 : 18960, 12, 2022/05/13, 13:01:32.586, 699483334847, testhost.net472.x86.exe, AssemblyResolver.OnResolve: xunit.abstractions, Version=2.0.0.0, Culture=neutral, PublicKeyToken=8d05b1bb7a6fdb6c: Searching in: 'C:\Program Files\dotnet\sdk\6.0.202\Extensions'.
TpTrace Information: 0 : 18960, 12, 2022/05/13, 13:01:32.586, 699483336024, testhost.net472.x86.exe, AssemblyResolver.OnResolve: xunit.abstractions, Version=2.0.0.0, Culture=neutral, PublicKeyToken=8d05b1bb7a6fdb6c: Assembly path does not exist: 'C:\Program Files\dotnet\sdk\6.0.202\Extensions\xunit.abstractions.dll', returning.
TpTrace Information: 0 : 18960, 12, 2022/05/13, 13:01:32.587, 699483337111, testhost.net472.x86.exe, AssemblyResolver.OnResolve: xunit.abstractions, Version=2.0.0.0, Culture=neutral, PublicKeyToken=8d05b1bb7a6fdb6c: Assembly path does not exist: 'C:\Program Files\dotnet\sdk\6.0.202\Extensions\xunit.abstractions.exe', returning.
TpTrace Information: 0 : 18960, 12, 2022/05/13, 13:01:32.587, 699483337897, testhost.net472.x86.exe, AssemblyResolver.OnResolve: xunit.abstractions, Version=2.0.0.0, Culture=neutral, PublicKeyToken=8d05b1bb7a6fdb6c: Searching in: 'E:\CS\APPZ\lab_4\TestingBussinesLogic\bin\Debug\net472\fine-code-coverage\build-output'.
TpTrace Information: 0 : 18960, 12, 2022/05/13, 13:01:32.587, 699483341508, testhost.net472.x86.exe, AssemblyResolver.OnResolve: xunit.abstractions, Version=2.0.0.0, Culture=neutral, PublicKeyToken=8d05b1bb7a6fdb6c: Loading assembly 'E:\CS\APPZ\lab_4\TestingBussinesLogic\bin\Debug\net472\fine-code-coverage\build-output\xunit.abstractions.dll'.
TpTrace Information: 0 : 18960, 12, 2022/05/13, 13:01:32.587, 699483346034, testhost.net472.x86.exe, AssemblyResolver.OnResolve: Resolved assembly: xunit.abstractions, Version=2.0.0.0, Culture=neutral, PublicKeyToken=8d05b1bb7a6fdb6c, from path: E:\CS\APPZ\lab_4\TestingBussinesLogic\bin\Debug\net472\fine-code-coverage\build-output\xunit.abstractions.dll
TpTrace Information: 0 : 18960, 12, 2022/05/13, 13:01:32.800, 699485473465, testhost.net472.x86.exe, [xUnit.net 00:00:00.26]   Discovering: TestingBussinesLogic
TpTrace Verbose: 0 : 18960, 12, 2022/05/13, 13:01:32.800, 699485474786, testhost.net472.x86.exe, TestRequestHandler.SendData:  sending data from testhost: {"Version":5,"MessageType":"TestSession.Message","Payload":{"MessageLevel":0,"Message":"[xUnit.net 00:00:00.26]   Discovering: TestingBussinesLogic"}}
TpTrace Information: 0 : 18960, 12, 2022/05/13, 13:01:32.864, 699486112868, testhost.net472.x86.exe, [xUnit.net 00:00:00.33]   Discovered:  TestingBussinesLogic
TpTrace Verbose: 0 : 18960, 12, 2022/05/13, 13:01:32.864, 699486114456, testhost.net472.x86.exe, TestRequestHandler.SendData:  sending data from testhost: {"Version":5,"MessageType":"TestSession.Message","Payload":{"MessageLevel":0,"Message":"[xUnit.net 00:00:00.33]   Discovered:  TestingBussinesLogic"}}
TpTrace Information: 0 : 18960, 12, 2022/05/13, 13:01:32.867, 699486146791, testhost.net472.x86.exe, [xUnit.net 00:00:00.33]   Starting:    TestingBussinesLogic
TpTrace Verbose: 0 : 18960, 12, 2022/05/13, 13:01:32.867, 699486148071, testhost.net472.x86.exe, TestRequestHandler.SendData:  sending data from testhost: {"Version":5,"MessageType":"TestSession.Message","Payload":{"MessageLevel":0,"Message":"[xUnit.net 00:00:00.33]   Starting:    TestingBussinesLogic"}}
TpTrace Information: 0 : 18960, 12, 2022/05/13, 13:01:32.870, 699486175111, testhost.net472.x86.exe, AssemblyResolver.OnResolve: xunit.execution.desktop, Version=2.4.1.0, Culture=neutral, PublicKeyToken=8d05b1bb7a6fdb6c: Resolving assembly.
TpTrace Information: 0 : 18960, 12, 2022/05/13, 13:01:32.870, 699486176067, testhost.net472.x86.exe, AssemblyResolver.OnResolve: xunit.execution.desktop, Version=2.4.1.0, Culture=neutral, PublicKeyToken=8d05b1bb7a6fdb6c: Searching in: 'C:\Program Files\dotnet\sdk\6.0.202\Extensions'.
TpTrace Information: 0 : 18960, 12, 2022/05/13, 13:01:32.870, 699486177397, testhost.net472.x86.exe, AssemblyResolver.OnResolve: xunit.execution.desktop, Version=2.4.1.0, Culture=neutral, PublicKeyToken=8d05b1bb7a6fdb6c: Assembly path does not exist: 'C:\Program Files\dotnet\sdk\6.0.202\Extensions\xunit.execution.desktop.dll', returning.
TpTrace Information: 0 : 18960, 12, 2022/05/13, 13:01:32.871, 699486178770, testhost.net472.x86.exe, AssemblyResolver.OnResolve: xunit.execution.desktop, Version=2.4.1.0, Culture=neutral, PublicKeyToken=8d05b1bb7a6fdb6c: Assembly path does not exist: 'C:\Program Files\dotnet\sdk\6.0.202\Extensions\xunit.execution.desktop.exe', returning.
TpTrace Information: 0 : 18960, 12, 2022/05/13, 13:01:32.871, 699486179395, testhost.net472.x86.exe, AssemblyResolver.OnResolve: xunit.execution.desktop, Version=2.4.1.0, Culture=neutral, PublicKeyToken=8d05b1bb7a6fdb6c: Searching in: 'E:\CS\APPZ\lab_4\TestingBussinesLogic\bin\Debug\net472\fine-code-coverage\build-output'.
TpTrace Information: 0 : 18960, 12, 2022/05/13, 13:01:32.871, 699486184460, testhost.net472.x86.exe, AssemblyResolver.OnResolve: xunit.execution.desktop, Version=2.4.1.0, Culture=neutral, PublicKeyToken=8d05b1bb7a6fdb6c: Loading assembly 'E:\CS\APPZ\lab_4\TestingBussinesLogic\bin\Debug\net472\fine-code-coverage\build-output\xunit.execution.desktop.dll'.
TpTrace Information: 0 : 18960, 12, 2022/05/13, 13:01:32.872, 699486189379, testhost.net472.x86.exe, AssemblyResolver.OnResolve: Resolved assembly: xunit.execution.desktop, Version=2.4.1.0, Culture=neutral, PublicKeyToken=8d05b1bb7a6fdb6c, from path: E:\CS\APPZ\lab_4\TestingBussinesLogic\bin\Debug\net472\fine-code-coverage\build-output\xunit.execution.desktop.dll
TpTrace Information: 0 : 18960, 12, 2022/05/13, 13:01:32.872, 699486190836, testhost.net472.x86.exe, AssemblyResolver.OnResolve: xunit.execution.desktop, Version=2.4.1.0, Culture=neutral, PublicKeyToken=8d05b1bb7a6fdb6c: Resolving assembly.
TpTrace Information: 0 : 18960, 12, 2022/05/13, 13:01:32.872, 699486191583, testhost.net472.x86.exe, AssemblyResolver.OnResolve: xunit.execution.desktop, Version=2.4.1.0, Culture=neutral, PublicKeyToken=8d05b1bb7a6fdb6c: Resolved from cache.
TpTrace Information: 0 : 18960, 12, 2022/05/13, 13:01:32.872, 699486194644, testhost.net472.x86.exe, AssemblyResolver.OnResolve: xunit.abstractions, Version=2.0.0.0, Culture=neutral, PublicKeyToken=8d05b1bb7a6fdb6c: Resolving assembly.
TpTrace Information: 0 : 18960, 12, 2022/05/13, 13:01:32.872, 699486195324, testhost.net472.x86.exe, AssemblyResolver.OnResolve: xunit.abstractions, Version=2.0.0.0, Culture=neutral, PublicKeyToken=8d05b1bb7a6fdb6c: Resolved from cache.
TpTrace Information: 0 : 18960, 12, 2022/05/13, 13:01:32.873, 699486198744, testhost.net472.x86.exe, AssemblyResolver.OnResolve: xunit.core, Version=2.4.1.0, Culture=neutral, PublicKeyToken=8d05b1bb7a6fdb6c: Resolving assembly.
TpTrace Information: 0 : 18960, 12, 2022/05/13, 13:01:32.873, 699486200783, testhost.net472.x86.exe, AssemblyResolver.OnResolve: xunit.core, Version=2.4.1.0, Culture=neutral, PublicKeyToken=8d05b1bb7a6fdb6c: Searching in: 'C:\Program Files\dotnet\sdk\6.0.202\Extensions'.
TpTrace Information: 0 : 18960, 12, 2022/05/13, 13:01:32.873, 699486202599, testhost.net472.x86.exe, AssemblyResolver.OnResolve: xunit.core, Version=2.4.1.0, Culture=neutral, PublicKeyToken=8d05b1bb7a6fdb6c: Assembly path does not exist: 'C:\Program Files\dotnet\sdk\6.0.202\Extensions\xunit.core.dll', returning.
TpTrace Information: 0 : 18960, 12, 2022/05/13, 13:01:32.873, 699486205382, testhost.net472.x86.exe, AssemblyResolver.OnResolve: xunit.core, Version=2.4.1.0, Culture=neutral, PublicKeyToken=8d05b1bb7a6fdb6c: Assembly path does not exist: 'C:\Program Files\dotnet\sdk\6.0.202\Extensions\xunit.core.exe', returning.
TpTrace Information: 0 : 18960, 12, 2022/05/13, 13:01:32.873, 699486206454, testhost.net472.x86.exe, AssemblyResolver.OnResolve: xunit.core, Version=2.4.1.0, Culture=neutral, PublicKeyToken=8d05b1bb7a6fdb6c: Searching in: 'E:\CS\APPZ\lab_4\TestingBussinesLogic\bin\Debug\net472\fine-code-coverage\build-output'.
TpTrace Information: 0 : 18960, 12, 2022/05/13, 13:01:32.874, 699486211684, testhost.net472.x86.exe, AssemblyResolver.OnResolve: xunit.core, Version=2.4.1.0, Culture=neutral, PublicKeyToken=8d05b1bb7a6fdb6c: Loading assembly 'E:\CS\APPZ\lab_4\TestingBussinesLogic\bin\Debug\net472\fine-code-coverage\build-output\xunit.core.dll'.
TpTrace Information: 0 : 18960, 12, 2022/05/13, 13:01:32.874, 699486216566, testhost.net472.x86.exe, AssemblyResolver.OnResolve: Resolved assembly: xunit.core, Version=2.4.1.0, Culture=neutral, PublicKeyToken=8d05b1bb7a6fdb6c, from path: E:\CS\APPZ\lab_4\TestingBussinesLogic\bin\Debug\net472\fine-code-coverage\build-output\xunit.core.dll
TpTrace Information: 0 : 18960, 12, 2022/05/13, 13:01:32.875, 699486220552, testhost.net472.x86.exe, AssemblyResolver.OnResolve: xunit.abstractions, Version=2.0.0.0, Culture=neutral, PublicKeyToken=8d05b1bb7a6fdb6c: Resolving assembly.
TpTrace Information: 0 : 18960, 12, 2022/05/13, 13:01:32.875, 699486221453, testhost.net472.x86.exe, AssemblyResolver.OnResolve: xunit.abstractions, Version=2.0.0.0, Culture=neutral, PublicKeyToken=8d05b1bb7a6fdb6c: Resolved from cache.
TpTrace Verbose: 0 : 18960, 15, 2022/05/13, 13:01:32.942, 699486891141, testhost.net472.x86.exe, TestExecutionRecorder.RecordStart: Starting test: TestingBussinesLogic.TestCartLogic.GetCartWihtId.
TpTrace Verbose: 0 : 18960, 8, 2022/05/13, 13:01:33.312, 699490591655, testhost.net472.x86.exe, TcpClientExtensions.MessageLoopAsync: Polling on remoteEndPoint: 127.0.0.1:53199 localEndPoint: 127.0.0.1:53200
TpTrace Verbose: 0 : 18960, 15, 2022/05/13, 13:01:33.361, 699491086697, testhost.net472.x86.exe, TestExecutionRecorder.RecordResult: Received result for test: TestingBussinesLogic.TestCartLogic.GetCartWihtId.
TpTrace Verbose: 0 : 18960, 15, 2022/05/13, 13:01:33.381, 699491288154, testhost.net472.x86.exe, TestExecutionRecorder.RecordEnd: test: TestingBussinesLogic.TestCartLogic.GetCartWihtId execution completed.
TpTrace Warning: 0 : 18960, 15, 2022/05/13, 13:01:33.382, 699491289501, testhost.net472.x86.exe, TestRunCache: InProgressTests is null
TpTrace Verbose: 0 : 18960, 15, 2022/05/13, 13:01:33.382, 699491294361, testhost.net472.x86.exe, TestExecutionRecorder.RecordStart: Starting test: TestingBussinesLogic.TestCartLogic.GetCarts.
TpTrace Verbose: 0 : 18960, 15, 2022/05/13, 13:01:33.401, 699491487218, testhost.net472.x86.exe, TestExecutionRecorder.RecordResult: Received result for test: TestingBussinesLogic.TestCartLogic.GetCarts.
TpTrace Verbose: 0 : 18960, 15, 2022/05/13, 13:01:33.404, 699491508434, testhost.net472.x86.exe, TestExecutionRecorder.RecordEnd: test: TestingBussinesLogic.TestCartLogic.GetCarts execution completed.
TpTrace Warning: 0 : 18960, 15, 2022/05/13, 13:01:33.404, 699491509644, testhost.net472.x86.exe, TestRunCache: InProgressTests is null
TpTrace Verbose: 0 : 18960, 15, 2022/05/13, 13:01:33.404, 699491514664, testhost.net472.x86.exe, TestExecutionRecorder.RecordStart: Starting test: TestingBussinesLogic.TestCartLogic.RemoveCart.
TpTrace Verbose: 0 : 18960, 15, 2022/05/13, 13:01:33.406, 699491532047, testhost.net472.x86.exe, TestExecutionRecorder.RecordResult: Received result for test: TestingBussinesLogic.TestCartLogic.RemoveCart.
TpTrace Verbose: 0 : 18960, 15, 2022/05/13, 13:01:33.407, 699491546050, testhost.net472.x86.exe, TestExecutionRecorder.RecordEnd: test: TestingBussinesLogic.TestCartLogic.RemoveCart execution completed.
TpTrace Warning: 0 : 18960, 15, 2022/05/13, 13:01:33.407, 699491547131, testhost.net472.x86.exe, TestRunCache: InProgressTests is null
TpTrace Verbose: 0 : 18960, 15, 2022/05/13, 13:01:33.408, 699491551869, testhost.net472.x86.exe, TestExecutionRecorder.RecordStart: Starting test: TestingBussinesLogic.TestCartLogic.ChangeTimeTable.
TpTrace Verbose: 0 : 18960, 15, 2022/05/13, 13:01:33.412, 699491588184, testhost.net472.x86.exe, TestExecutionRecorder.RecordResult: Received result for test: TestingBussinesLogic.TestCartLogic.ChangeTimeTable.
TpTrace Verbose: 0 : 18960, 15, 2022/05/13, 13:01:33.413, 699491601280, testhost.net472.x86.exe, TestExecutionRecorder.RecordEnd: test: TestingBussinesLogic.TestCartLogic.ChangeTimeTable execution completed.
TpTrace Warning: 0 : 18960, 15, 2022/05/13, 13:01:33.413, 699491602324, testhost.net472.x86.exe, TestRunCache: InProgressTests is null
TpTrace Verbose: 0 : 18960, 15, 2022/05/13, 13:01:33.413, 699491606753, testhost.net472.x86.exe, TestExecutionRecorder.RecordStart: Starting test: TestingBussinesLogic.TestCartLogic.GetTimeTable.
TpTrace Verbose: 0 : 18960, 15, 2022/05/13, 13:01:33.415, 699491622151, testhost.net472.x86.exe, TestExecutionRecorder.RecordResult: Received result for test: TestingBussinesLogic.TestCartLogic.GetTimeTable.
TpTrace Verbose: 0 : 18960, 15, 2022/05/13, 13:01:33.416, 699491635742, testhost.net472.x86.exe, TestExecutionRecorder.RecordEnd: test: TestingBussinesLogic.TestCartLogic.GetTimeTable execution completed.
TpTrace Warning: 0 : 18960, 15, 2022/05/13, 13:01:33.416, 699491636900, testhost.net472.x86.exe, TestRunCache: InProgressTests is null
TpTrace Information: 0 : 18960, 12, 2022/05/13, 13:01:33.421, 699491682826, testhost.net472.x86.exe, [xUnit.net 00:00:00.89]   Finished:    TestingBussinesLogic
TpTrace Verbose: 0 : 18960, 12, 2022/05/13, 13:01:33.421, 699491684309, testhost.net472.x86.exe, TestRequestHandler.SendData:  sending data from testhost: {"Version":5,"MessageType":"TestSession.Message","Payload":{"MessageLevel":0,"Message":"[xUnit.net 00:00:00.89]   Finished:    TestingBussinesLogic"}}
TpTrace Verbose: 0 : 18960, 3, 2022/05/13, 13:01:33.456, 699492032250, testhost.net472.x86.exe, BaseRunTests.RunTestInternalWithExecutors: Completed running tests for executor://xunit/VsTestRunner2/net
TpTrace Information: 0 : 18960, 3, 2022/05/13, 13:01:33.460, 699492075732, testhost.net472.x86.exe, Sending test run complete
TpTrace Verbose: 0 : 18960, 3, 2022/05/13, 13:01:33.488, 699492351836, testhost.net472.x86.exe, TestRequestHandler.SendData:  sending data from testhost: {"Version":5,"MessageType":"TestExecution.Completed","Payload":{"TestRunCompleteArgs":{"TestRunStatistics":{"ExecutedTests":5,"Stats":{"Passed":5}},"IsCanceled":false,"IsAborted":false,"Error":null,"AttachmentSets":[],"ElapsedTimeInRunningTests":"00:00:00.9350576","Metrics":{}},"LastRunTests":{"NewTestResults":[{"TestCase":{"Id":"fe76a4f9-97dc-ec34-58f2-aea01b417fe0","FullyQualifiedName":"TestingBussinesLogic.TestCartLogic.GetCartWihtId","DisplayName":"TestingBussinesLogic.TestCartLogic.GetCartWihtId","ExecutorUri":"executor://xunit/VsTestRunner2/net","Source":"E:\\CS\\APPZ\\lab_4\\TestingBussinesLogic\\bin\\Debug\\net472\\fine-code-coverage\\build-output\\TestingBussinesLogic.dll","CodeFilePath":null,"LineNumber":0,"Properties":[]},"Attachments":[],"Outcome":1,"ErrorMessage":null,"ErrorStackTrace":null,"DisplayName":"TestingBussinesLogic.TestCartLogic.GetCartWihtId","Messages":[],"ComputerName":"DESKTOP-51G97IS","Duration":"00:00:00.3940000","StartTime":"2022-05-13T10:01:33.3613369+00:00","EndTime":"2022-05-13T10:01:33.3613369+00:00","Properties":[]},{"TestCase":{"Id":"92c47885-9d82-ba32-7bbd-29f7ff701305","FullyQualifiedName":"TestingBussinesLogic.TestCartLogic.GetCarts","DisplayName":"TestingBussinesLogic.TestCartLogic.GetCarts","ExecutorUri":"executor://xunit/VsTestRunner2/net","Source":"E:\\CS\\APPZ\\lab_4\\TestingBussinesLogic\\bin\\Debug\\net472\\fine-code-coverage\\build-output\\TestingBussinesLogic.dll","CodeFilePath":null,"LineNumber":0,"Properties":[]},"Attachments":[],"Outcome":1,"ErrorMessage":null,"ErrorStackTrace":null,"DisplayName":"TestingBussinesLogic.TestCartLogic.GetCarts","Messages":[],"ComputerName":"DESKTOP-51G97IS","Duration":"00:00:00.0420000","StartTime":"2022-05-13T10:01:33.4012275+00:00","EndTime":"2022-05-13T10:01:33.4012275+00:00","Properties":[]},{"TestCase":{"Id":"3f079376-c9d6-566b-6206-0df0e19a8810","FullyQualifiedName":"TestingBussinesLogic.TestCartLogic.RemoveCart","DisplayName":"TestingBussinesLogic.TestCartLogic.RemoveCart","ExecutorUri":"executor://xunit/VsTestRunner2/net","Source":"E:\\CS\\APPZ\\lab_4\\TestingBussinesLogic\\bin\\Debug\\net472\\fine-code-coverage\\build-output\\TestingBussinesLogic.dll","CodeFilePath":null,"LineNumber":0,"Properties":[]},"Attachments":[],"Outcome":1,"ErrorMessage":null,"ErrorStackTrace":null,"DisplayName":"TestingBussinesLogic.TestCartLogic.RemoveCart","Messages":[],"ComputerName":"DESKTOP-51G97IS","Duration":"00:00:00.0030000","StartTime":"2022-05-13T10:01:33.4062238+00:00","EndTime":"2022-05-13T10:01:33.4062238+00:00","Properties":[]},{"TestCase":{"Id":"6e0aa8b5-fae2-d427-0ca3-7e592615c749","FullyQualifiedName":"TestingBussinesLogic.TestCartLogic.ChangeTimeTable","DisplayName":"TestingBussinesLogic.TestCartLogic.ChangeTimeTable","ExecutorUri":"executor://xunit/VsTestRunner2/net","Source":"E:\\CS\\APPZ\\lab_4\\TestingBussinesLogic\\bin\\Debug\\net472\\fine-code-coverage\\build-output\\TestingBussinesLogic.dll","CodeFilePath":null,"LineNumber":0,"Properties":[]},"Attachments":[],"Outcome":1,"ErrorMessage":null,"ErrorStackTrace":null,"DisplayName":"TestingBussinesLogic.TestCartLogic.ChangeTimeTable","Messages":[],"ComputerName":"DESKTOP-51G97IS","Duration":"00:00:00.0070000","StartTime":"2022-05-13T10:01:33.4112009+00:00","EndTime":"2022-05-13T10:01:33.4112009+00:00","Properties":[]},{"TestCase":{"Id":"3877078b-5842-0c44-2eaa-d38ee6eb02d2","FullyQualifiedName":"TestingBussinesLogic.TestCartLogic.GetTimeTable","DisplayName":"TestingBussinesLogic.TestCartLogic.GetTimeTable","ExecutorUri":"executor://xunit/VsTestRunner2/net","Source":"E:\\CS\\APPZ\\lab_4\\TestingBussinesLogic\\bin\\Debug\\net472\\fine-code-coverage\\build-output\\TestingBussinesLogic.dll","CodeFilePath":null,"LineNumber":0,"Properties":[]},"Attachments":[],"Outcome":1,"ErrorMessage":null,"ErrorStackTrace":null,"DisplayName":"TestingBussinesLogic.TestCartLogic.GetTimeTable","Messages":[],"ComputerName":"DESKTOP-51G97IS","Duration":"00:00:00.0010000","StartTime":"2022-05-13T10:01:33.4151915+00:00","EndTime":"2022-05-13T10:01:33.4151915+00:00","Properties":[]}],"TestRunStatistics":{"ExecutedTests":5,"Stats":{"Passed":5}},"ActiveTests":[]},"RunAttachments":[],"ExecutorUris":["executor://xunit/VsTestRunner2/net"]}}
TpTrace Verbose: 0 : 18960, 3, 2022/05/13, 13:01:33.488, 699492355677, testhost.net472.x86.exe, BaseRunTests.RunTests: Run is complete.
TpTrace Verbose: 0 : 18960, 8, 2022/05/13, 13:01:33.489, 699492366867, testhost.net472.x86.exe, TcpClientExtensions.MessageLoopAsync: NotifyDataAvailable remoteEndPoint: 127.0.0.1:53199 localEndPoint: 127.0.0.1:53200
TpTrace Information: 0 : 18960, 8, 2022/05/13, 13:01:33.489, 699492372627, testhost.net472.x86.exe, TestRequestHandler.OnMessageReceived: received message: (TestSession.Terminate) -> null
TpTrace Information: 0 : 18960, 8, 2022/05/13, 13:01:33.489, 699492373369, testhost.net472.x86.exe, Session End message received from server. Closing the connection.
TpTrace Information: 0 : 18960, 8, 2022/05/13, 13:01:33.490, 699492377100, testhost.net472.x86.exe, SocketClient.Stop: Stop communication from server endpoint: 127.0.0.1:053199
TpTrace Information: 0 : 18960, 8, 2022/05/13, 13:01:33.490, 699492377846, testhost.net472.x86.exe, SocketClient: Stop: Cancellation requested. Stopping message loop.
TpTrace Verbose: 0 : 18960, 8, 2022/05/13, 13:01:33.490, 699492379284, testhost.net472.x86.exe, LengthPrefixCommunicationChannel.Dispose: Dispose reader and writer.
TpTrace Information: 0 : 18960, 8, 2022/05/13, 13:01:33.490, 699492380039, testhost.net472.x86.exe, Closing the connection !
TpTrace Information: 0 : 18960, 1, 2022/05/13, 13:01:33.490, 699492380223, testhost.net472.x86.exe, Closing the connection !
TpTrace Information: 0 : 18960, 1, 2022/05/13, 13:01:33.490, 699492381465, testhost.net472.x86.exe, SocketClient.Stop: Stop communication from server endpoint: 127.0.0.1:053199
TpTrace Information: 0 : 18960, 1, 2022/05/13, 13:01:33.490, 699492382090, testhost.net472.x86.exe, SocketClient: Stop: Cancellation requested. Stopping message loop.
TpTrace Verbose: 0 : 18960, 1, 2022/05/13, 13:01:33.490, 699492382678, testhost.net472.x86.exe, LengthPrefixCommunicationChannel.Dispose: Dispose reader and writer.
TpTrace Information: 0 : 18960, 8, 2022/05/13, 13:01:33.490, 699492382914, testhost.net472.x86.exe, SocketClient.PrivateStop: Stop communication from server endpoint: 127.0.0.1:053199, error:
TpTrace Information: 0 : 18960, 1, 2022/05/13, 13:01:33.490, 699492383742, testhost.net472.x86.exe, Testhost process exiting.
TpTrace Verbose: 0 : 18960, 8, 2022/05/13, 13:01:33.490, 699492384706, testhost.net472.x86.exe, LengthPrefixCommunicationChannel.Dispose: Dispose reader and writer.
TpTrace Verbose: 0 : 18960, 8, 2022/05/13, 13:01:33.490, 699492385423, testhost.net472.x86.exe, TcpClientExtensions.MessageLoopAsync: exiting MessageLoopAsync remoteEndPoint: 127.0.0.1:53199 localEndPoint: 127.0.0.1:53200
