TpTrace Verbose: 0 : 3028, 1, 2022/05/13, 13:22:28.167, 712039174676, vstest.console.dll, Version: 17.1.0-release-20220113-05
TpTrace Information: 0 : 3028, 1, 2022/05/13, 13:22:28.178, 712039247779, vstest.console.dll, FilePatternParser: The given file E:\CS\APPZ\lab_4\TestingBussinesLogic\bin\Debug\net472\fine-code-coverage\build-output\TestingBussinesLogic.dll is a full path.
TpTrace Verbose: 0 : 3028, 1, 2022/05/13, 13:22:28.181, 712039285139, vstest.console.dll, TestPluginCache.DiscoverTestExtensions: finding test extensions in assemblies ends with: RuntimeProvider.dll TPluginInfo: Microsoft.VisualStudio.TestPlatform.Common.ExtensionFramework.Utilities.TestRuntimePluginInformation TExtension: Microsoft.VisualStudio.TestPlatform.ObjectModel.Host.ITestRuntimeProvider
TpTrace Verbose: 0 : 3028, 1, 2022/05/13, 13:22:28.187, 712039337254, vstest.console.dll, TestPluginCache.GetExtensionPaths: Filtered extension paths: 
TpTrace Verbose: 0 : 3028, 1, 2022/05/13, 13:22:28.187, 712039338364, vstest.console.dll, TestPluginCache.GetExtensionPaths: Added default extension paths: C:\Program Files\dotnet\sdk\6.0.202\Extensions\DumpMinitool.exe
C:\Program Files\dotnet\sdk\6.0.202\Extensions\DumpMinitool.x86.exe
C:\Program Files\dotnet\sdk\6.0.202\Extensions\Microsoft.Diagnostics.NETCore.Client.dll
C:\Program Files\dotnet\sdk\6.0.202\Extensions\Microsoft.TestPlatform.Extensions.BlameDataCollector.dll
C:\Program Files\dotnet\sdk\6.0.202\Extensions\Microsoft.TestPlatform.Extensions.EventLogCollector.dll
C:\Program Files\dotnet\sdk\6.0.202\Extensions\Microsoft.TestPlatform.TestHostRuntimeProvider.dll
C:\Program Files\dotnet\sdk\6.0.202\Extensions\Microsoft.VisualStudio.TestPlatform.Extensions.Html.TestLogger.dll
C:\Program Files\dotnet\sdk\6.0.202\Extensions\Microsoft.VisualStudio.TestPlatform.Extensions.Trx.TestLogger.dll
TpTrace Verbose: 0 : 3028, 1, 2022/05/13, 13:22:28.187, 712039338735, vstest.console.dll, TestPluginCache.GetExtensionPaths: Added unfilterableExtensionPaths: 
TpTrace Information: 0 : 3028, 1, 2022/05/13, 13:22:28.187, 712039346045, vstest.console.dll, AssemblyResolver.ctor: Creating AssemblyResolver with searchDirectories C:\Program Files\dotnet\sdk\6.0.202\Extensions,C:\Program Files\dotnet\sdk\6.0.202
TpTrace Verbose: 0 : 3028, 1, 2022/05/13, 13:22:28.188, 712039353504, vstest.console.dll, TestPluginCache.DiscoverTestExtensions: Discovering the extensions using extension path.
TpTrace Verbose: 0 : 3028, 1, 2022/05/13, 13:22:28.188, 712039354523, vstest.console.dll, TestPluginCache.GetExtensionPaths: Filtered extension paths: 
TpTrace Verbose: 0 : 3028, 1, 2022/05/13, 13:22:28.188, 712039354892, vstest.console.dll, TestPluginCache.GetExtensionPaths: Added default extension paths: C:\Program Files\dotnet\sdk\6.0.202\Extensions\DumpMinitool.exe
C:\Program Files\dotnet\sdk\6.0.202\Extensions\DumpMinitool.x86.exe
C:\Program Files\dotnet\sdk\6.0.202\Extensions\Microsoft.Diagnostics.NETCore.Client.dll
C:\Program Files\dotnet\sdk\6.0.202\Extensions\Microsoft.TestPlatform.Extensions.BlameDataCollector.dll
C:\Program Files\dotnet\sdk\6.0.202\Extensions\Microsoft.TestPlatform.Extensions.EventLogCollector.dll
C:\Program Files\dotnet\sdk\6.0.202\Extensions\Microsoft.TestPlatform.TestHostRuntimeProvider.dll
C:\Program Files\dotnet\sdk\6.0.202\Extensions\Microsoft.VisualStudio.TestPlatform.Extensions.Html.TestLogger.dll
C:\Program Files\dotnet\sdk\6.0.202\Extensions\Microsoft.VisualStudio.TestPlatform.Extensions.Trx.TestLogger.dll
TpTrace Verbose: 0 : 3028, 1, 2022/05/13, 13:22:28.188, 712039355252, vstest.console.dll, TestPluginCache.GetExtensionPaths: Added unfilterableExtensionPaths: 
TpTrace Verbose: 0 : 3028, 1, 2022/05/13, 13:22:28.188, 712039355816, vstest.console.dll, TestPluginCache.DiscoverTestExtensions: Discovering the extensions using allExtensionPaths: C:\Program Files\dotnet\sdk\6.0.202\Extensions\DumpMinitool.exe
C:\Program Files\dotnet\sdk\6.0.202\Extensions\DumpMinitool.x86.exe
C:\Program Files\dotnet\sdk\6.0.202\Extensions\Microsoft.Diagnostics.NETCore.Client.dll
C:\Program Files\dotnet\sdk\6.0.202\Extensions\Microsoft.TestPlatform.Extensions.BlameDataCollector.dll
C:\Program Files\dotnet\sdk\6.0.202\Extensions\Microsoft.TestPlatform.Extensions.EventLogCollector.dll
C:\Program Files\dotnet\sdk\6.0.202\Extensions\Microsoft.TestPlatform.TestHostRuntimeProvider.dll
C:\Program Files\dotnet\sdk\6.0.202\Extensions\Microsoft.VisualStudio.TestPlatform.Extensions.Html.TestLogger.dll
C:\Program Files\dotnet\sdk\6.0.202\Extensions\Microsoft.VisualStudio.TestPlatform.Extensions.Trx.TestLogger.dll
TpTrace Information: 0 : 3028, 1, 2022/05/13, 13:22:28.189, 712039357177, vstest.console.dll, AssemblyResolver.AddSearchDirectories: Adding more searchDirectories C:\Program Files\dotnet\sdk\6.0.202\Extensions,C:\Program Files\dotnet\sdk\6.0.202
TpTrace Information: 0 : 3028, 1, 2022/05/13, 13:22:28.189, 712039357645, vstest.console.dll, AssemblyResolver.AddSearchDirectories: Adding more searchDirectories C:\Program Files\dotnet\sdk\6.0.202\Extensions,C:\Program Files\dotnet\sdk\6.0.202
TpTrace Information: 0 : 3028, 1, 2022/05/13, 13:22:28.189, 712039358016, vstest.console.dll, AssemblyResolver.AddSearchDirectories: Adding more searchDirectories C:\Program Files\dotnet\sdk\6.0.202\Extensions,C:\Program Files\dotnet\sdk\6.0.202
TpTrace Information: 0 : 3028, 1, 2022/05/13, 13:22:28.189, 712039358297, vstest.console.dll, AssemblyResolver.AddSearchDirectories: Adding more searchDirectories C:\Program Files\dotnet\sdk\6.0.202\Extensions,C:\Program Files\dotnet\sdk\6.0.202
TpTrace Information: 0 : 3028, 1, 2022/05/13, 13:22:28.189, 712039358571, vstest.console.dll, AssemblyResolver.AddSearchDirectories: Adding more searchDirectories C:\Program Files\dotnet\sdk\6.0.202\Extensions,C:\Program Files\dotnet\sdk\6.0.202
TpTrace Information: 0 : 3028, 1, 2022/05/13, 13:22:28.189, 712039358892, vstest.console.dll, AssemblyResolver.AddSearchDirectories: Adding more searchDirectories C:\Program Files\dotnet\sdk\6.0.202\Extensions,C:\Program Files\dotnet\sdk\6.0.202
TpTrace Information: 0 : 3028, 1, 2022/05/13, 13:22:28.189, 712039359169, vstest.console.dll, AssemblyResolver.AddSearchDirectories: Adding more searchDirectories C:\Program Files\dotnet\sdk\6.0.202\Extensions,C:\Program Files\dotnet\sdk\6.0.202
TpTrace Information: 0 : 3028, 1, 2022/05/13, 13:22:28.189, 712039359437, vstest.console.dll, AssemblyResolver.AddSearchDirectories: Adding more searchDirectories C:\Program Files\dotnet\sdk\6.0.202\Extensions,C:\Program Files\dotnet\sdk\6.0.202
TpTrace Information: 0 : 3028, 1, 2022/05/13, 13:22:28.189, 712039362347, vstest.console.dll, AssemblyResolver.OnResolve: DumpMinitool: Resolving assembly.
TpTrace Information: 0 : 3028, 1, 2022/05/13, 13:22:28.189, 712039362896, vstest.console.dll, AssemblyResolver.OnResolve: DumpMinitool: Searching in: 'C:\Program Files\dotnet\sdk\6.0.202\Extensions'.
TpTrace Information: 0 : 3028, 1, 2022/05/13, 13:22:28.189, 712039363736, vstest.console.dll, AssemblyResolver.OnResolve: DumpMinitool: Assembly path does not exist: 'C:\Program Files\dotnet\sdk\6.0.202\Extensions\DumpMinitool.dll', returning.
TpTrace Information: 0 : 3028, 1, 2022/05/13, 13:22:28.190, 712039366821, vstest.console.dll, AssemblyResolver.OnResolve: DumpMinitool: Loading assembly 'C:\Program Files\dotnet\sdk\6.0.202\Extensions\DumpMinitool.exe'.
TpTrace Information: 0 : 3028, 1, 2022/05/13, 13:22:28.190, 712039370441, vstest.console.dll, AssemblyResolver.OnResolve: Resolved assembly: DumpMinitool, from path: C:\Program Files\dotnet\sdk\6.0.202\Extensions\DumpMinitool.exe
TpTrace Information: 0 : 3028, 1, 2022/05/13, 13:22:28.194, 712039414441, vstest.console.dll, AssemblyResolver.OnResolve: DumpMinitool.x86: Resolving assembly.
TpTrace Information: 0 : 3028, 1, 2022/05/13, 13:22:28.194, 712039415230, vstest.console.dll, AssemblyResolver.OnResolve: DumpMinitool.x86: Searching in: 'C:\Program Files\dotnet\sdk\6.0.202\Extensions'.
TpTrace Information: 0 : 3028, 1, 2022/05/13, 13:22:28.195, 712039416158, vstest.console.dll, AssemblyResolver.OnResolve: DumpMinitool.x86: Assembly path does not exist: 'C:\Program Files\dotnet\sdk\6.0.202\Extensions\DumpMinitool.x86.dll', returning.
TpTrace Information: 0 : 3028, 1, 2022/05/13, 13:22:28.195, 712039418820, vstest.console.dll, AssemblyResolver.OnResolve: DumpMinitool.x86: Loading assembly 'C:\Program Files\dotnet\sdk\6.0.202\Extensions\DumpMinitool.x86.exe'.
TpTrace Information: 0 : 3028, 1, 2022/05/13, 13:22:28.195, 712039422172, vstest.console.dll, AssemblyResolver.OnResolve: Resolved assembly: DumpMinitool.x86, from path: C:\Program Files\dotnet\sdk\6.0.202\Extensions\DumpMinitool.x86.exe
TpTrace Information: 0 : 3028, 1, 2022/05/13, 13:22:28.195, 712039424379, vstest.console.dll, AssemblyResolver.OnResolve: Microsoft.Diagnostics.NETCore.Client: Resolving assembly.
TpTrace Information: 0 : 3028, 1, 2022/05/13, 13:22:28.195, 712039424781, vstest.console.dll, AssemblyResolver.OnResolve: Microsoft.Diagnostics.NETCore.Client: Searching in: 'C:\Program Files\dotnet\sdk\6.0.202\Extensions'.
TpTrace Information: 0 : 3028, 1, 2022/05/13, 13:22:28.196, 712039426720, vstest.console.dll, AssemblyResolver.OnResolve: Microsoft.Diagnostics.NETCore.Client: Loading assembly 'C:\Program Files\dotnet\sdk\6.0.202\Extensions\Microsoft.Diagnostics.NETCore.Client.dll'.
TpTrace Information: 0 : 3028, 1, 2022/05/13, 13:22:28.196, 712039430237, vstest.console.dll, AssemblyResolver.OnResolve: Resolved assembly: Microsoft.Diagnostics.NETCore.Client, from path: C:\Program Files\dotnet\sdk\6.0.202\Extensions\Microsoft.Diagnostics.NETCore.Client.dll
TpTrace Information: 0 : 3028, 1, 2022/05/13, 13:22:28.198, 712039450328, vstest.console.dll, AssemblyResolver.OnResolve: Microsoft.Bcl.AsyncInterfaces: Resolving assembly.
TpTrace Information: 0 : 3028, 1, 2022/05/13, 13:22:28.198, 712039450910, vstest.console.dll, AssemblyResolver.OnResolve: Microsoft.Bcl.AsyncInterfaces: Searching in: 'C:\Program Files\dotnet\sdk\6.0.202\Extensions'.
TpTrace Information: 0 : 3028, 1, 2022/05/13, 13:22:28.198, 712039451567, vstest.console.dll, AssemblyResolver.OnResolve: Microsoft.Bcl.AsyncInterfaces: Assembly path does not exist: 'C:\Program Files\dotnet\sdk\6.0.202\Extensions\Microsoft.Bcl.AsyncInterfaces.dll', returning.
TpTrace Information: 0 : 3028, 1, 2022/05/13, 13:22:28.198, 712039452107, vstest.console.dll, AssemblyResolver.OnResolve: Microsoft.Bcl.AsyncInterfaces: Assembly path does not exist: 'C:\Program Files\dotnet\sdk\6.0.202\Extensions\Microsoft.Bcl.AsyncInterfaces.exe', returning.
TpTrace Information: 0 : 3028, 1, 2022/05/13, 13:22:28.198, 712039452443, vstest.console.dll, AssemblyResolver.OnResolve: Microsoft.Bcl.AsyncInterfaces: Searching in: 'C:\Program Files\dotnet\sdk\6.0.202'.
TpTrace Information: 0 : 3028, 1, 2022/05/13, 13:22:28.198, 712039453006, vstest.console.dll, AssemblyResolver.OnResolve: Microsoft.Bcl.AsyncInterfaces: Assembly path does not exist: 'C:\Program Files\dotnet\sdk\6.0.202\Microsoft.Bcl.AsyncInterfaces.dll', returning.
TpTrace Information: 0 : 3028, 1, 2022/05/13, 13:22:28.198, 712039453513, vstest.console.dll, AssemblyResolver.OnResolve: Microsoft.Bcl.AsyncInterfaces: Assembly path does not exist: 'C:\Program Files\dotnet\sdk\6.0.202\Microsoft.Bcl.AsyncInterfaces.exe', returning.
TpTrace Information: 0 : 3028, 1, 2022/05/13, 13:22:28.198, 712039453788, vstest.console.dll, AssemblyResolver.OnResolve: Microsoft.Bcl.AsyncInterfaces: Failed to load assembly.
TpTrace Verbose: 0 : 3028, 1, 2022/05/13, 13:22:28.198, 712039454243, vstest.console.dll, CurrentDomainAssemblyResolve: Resolving assembly 'Microsoft.Bcl.AsyncInterfaces'.
TpTrace Information: 0 : 3028, 1, 2022/05/13, 13:22:28.198, 712039454713, vstest.console.dll, AssemblyResolver.OnResolve: Microsoft.Bcl.AsyncInterfaces: Resolving assembly.
TpTrace Information: 0 : 3028, 1, 2022/05/13, 13:22:28.198, 712039455093, vstest.console.dll, AssemblyResolver.OnResolve: Microsoft.Bcl.AsyncInterfaces: Resolved from cache.
TpTrace Verbose: 0 : 3028, 1, 2022/05/13, 13:22:28.198, 712039455382, vstest.console.dll, CurrentDomainAssemblyResolve: Resolving assembly 'Microsoft.Bcl.AsyncInterfaces'.
TpTrace Verbose: 0 : 3028, 1, 2022/05/13, 13:22:28.198, 712039455708, vstest.console.dll, CurrentDomainAssemblyResolve: Failed to resolve assembly 'Microsoft.Bcl.AsyncInterfaces'.
TpTrace Verbose: 0 : 3028, 1, 2022/05/13, 13:22:28.199, 712039463039, vstest.console.dll, CurrentDomainAssemblyResolve: Failed to resolve assembly 'Microsoft.Bcl.AsyncInterfaces'.
TpTrace Warning: 0 : 3028, 1, 2022/05/13, 13:22:28.212, 712039588789, vstest.console.dll, TestPluginDiscoverer: Failed to get types from assembly 'Microsoft.Diagnostics.NETCore.Client, Version=0.2.5.801, Culture=neutral, PublicKeyToken=31bf3856ad364e35'.  Skipping test extension scan for this assembly.  Error: System.Reflection.ReflectionTypeLoadException: Unable to load one or more of the requested types.
Could not load file or assembly 'Microsoft.Bcl.AsyncInterfaces, Version=1.0.0.0, Culture=neutral, PublicKeyToken=cc7b13ffcd2ddd51'. Не удается найти указанный файл.
   at System.Reflection.RuntimeModule.GetTypes(RuntimeModule module)
   at System.Reflection.Assembly.GetTypes()
   at Microsoft.VisualStudio.TestPlatform.Common.ExtensionFramework.TestPluginDiscoverer.GetTestExtensionsFromAssembly[TPluginInfo,TExtension](Assembly assembly, Dictionary`2 pluginInfos)
System.IO.FileNotFoundException: Could not load file or assembly 'Microsoft.Bcl.AsyncInterfaces, Version=1.0.0.0, Culture=neutral, PublicKeyToken=cc7b13ffcd2ddd51'. Не удается найти указанный файл.
File name: 'Microsoft.Bcl.AsyncInterfaces, Version=1.0.0.0, Culture=neutral, PublicKeyToken=cc7b13ffcd2ddd51'
 ---> System.IO.FileNotFoundException: Could not load file or assembly 'Microsoft.Bcl.AsyncInterfaces, Culture=neutral, PublicKeyToken=null'. Не удается найти указанный файл.
File name: 'Microsoft.Bcl.AsyncInterfaces, Culture=neutral, PublicKeyToken=null'
   at System.Reflection.RuntimeAssembly.InternalLoad(ObjectHandleOnStack assemblyName, ObjectHandleOnStack requestingAssembly, StackCrawlMarkHandle stackMark, Boolean throwOnFileNotFound, ObjectHandleOnStack assemblyLoadContext, ObjectHandleOnStack retAssembly)
   at System.Reflection.RuntimeAssembly.InternalLoad(AssemblyName assemblyName, RuntimeAssembly requestingAssembly, StackCrawlMark& stackMark, Boolean throwOnFileNotFound, AssemblyLoadContext assemblyLoadContext)
   at System.Reflection.Assembly.Load(AssemblyName assemblyRef)
   at Microsoft.VisualStudio.TestPlatform.Common.ExtensionFramework.TestPluginCache.CurrentDomainAssemblyResolve(Object sender, AssemblyResolveEventArgs args)
   at Microsoft.VisualStudio.TestPlatform.PlatformAbstractions.PlatformAssemblyResolver.AssemblyResolverEvent(Object sender, Object eventArgs)
   at System.Runtime.Loader.AssemblyLoadContext.GetFirstResolvedAssemblyFromResolvingEvent(AssemblyName assemblyName)
   at System.Runtime.Loader.AssemblyLoadContext.ResolveUsingEvent(AssemblyName assemblyName)
   at System.Runtime.Loader.AssemblyLoadContext.ResolveUsingResolvingEvent(IntPtr gchManagedAssemblyLoadContext, AssemblyName assemblyName)
TpTrace Warning: 0 : 3028, 1, 2022/05/13, 13:22:28.212, 712039590623, vstest.console.dll, LoaderExceptions: System.IO.FileNotFoundException: Could not load file or assembly 'Microsoft.Bcl.AsyncInterfaces, Version=1.0.0.0, Culture=neutral, PublicKeyToken=cc7b13ffcd2ddd51'. Не удается найти указанный файл.
File name: 'Microsoft.Bcl.AsyncInterfaces, Version=1.0.0.0, Culture=neutral, PublicKeyToken=cc7b13ffcd2ddd51'
 ---> System.IO.FileNotFoundException: Could not load file or assembly 'Microsoft.Bcl.AsyncInterfaces, Culture=neutral, PublicKeyToken=null'. Не удается найти указанный файл.
File name: 'Microsoft.Bcl.AsyncInterfaces, Culture=neutral, PublicKeyToken=null'
   at System.Reflection.RuntimeAssembly.InternalLoad(ObjectHandleOnStack assemblyName, ObjectHandleOnStack requestingAssembly, StackCrawlMarkHandle stackMark, Boolean throwOnFileNotFound, ObjectHandleOnStack assemblyLoadContext, ObjectHandleOnStack retAssembly)
   at System.Reflection.RuntimeAssembly.InternalLoad(AssemblyName assemblyName, RuntimeAssembly requestingAssembly, StackCrawlMark& stackMark, Boolean throwOnFileNotFound, AssemblyLoadContext assemblyLoadContext)
   at System.Reflection.Assembly.Load(AssemblyName assemblyRef)
   at Microsoft.VisualStudio.TestPlatform.Common.ExtensionFramework.TestPluginCache.CurrentDomainAssemblyResolve(Object sender, AssemblyResolveEventArgs args)
   at Microsoft.VisualStudio.TestPlatform.PlatformAbstractions.PlatformAssemblyResolver.AssemblyResolverEvent(Object sender, Object eventArgs)
   at System.Runtime.Loader.AssemblyLoadContext.GetFirstResolvedAssemblyFromResolvingEvent(AssemblyName assemblyName)
   at System.Runtime.Loader.AssemblyLoadContext.ResolveUsingEvent(AssemblyName assemblyName)
   at System.Runtime.Loader.AssemblyLoadContext.ResolveUsingResolvingEvent(IntPtr gchManagedAssemblyLoadContext, AssemblyName assemblyName)
TpTrace Information: 0 : 3028, 1, 2022/05/13, 13:22:28.212, 712039591537, vstest.console.dll, AssemblyResolver.OnResolve: Microsoft.TestPlatform.Extensions.BlameDataCollector: Resolving assembly.
TpTrace Information: 0 : 3028, 1, 2022/05/13, 13:22:28.212, 712039591916, vstest.console.dll, AssemblyResolver.OnResolve: Microsoft.TestPlatform.Extensions.BlameDataCollector: Searching in: 'C:\Program Files\dotnet\sdk\6.0.202\Extensions'.
TpTrace Information: 0 : 3028, 1, 2022/05/13, 13:22:28.212, 712039593995, vstest.console.dll, AssemblyResolver.OnResolve: Microsoft.TestPlatform.Extensions.BlameDataCollector: Loading assembly 'C:\Program Files\dotnet\sdk\6.0.202\Extensions\Microsoft.TestPlatform.Extensions.BlameDataCollector.dll'.
TpTrace Information: 0 : 3028, 1, 2022/05/13, 13:22:28.213, 712039597826, vstest.console.dll, AssemblyResolver.OnResolve: Resolved assembly: Microsoft.TestPlatform.Extensions.BlameDataCollector, from path: C:\Program Files\dotnet\sdk\6.0.202\Extensions\Microsoft.TestPlatform.Extensions.BlameDataCollector.dll
TpTrace Information: 0 : 3028, 1, 2022/05/13, 13:22:28.213, 712039602208, vstest.console.dll, AssemblyResolver.OnResolve: Microsoft.TestPlatform.Extensions.EventLogCollector: Resolving assembly.
TpTrace Information: 0 : 3028, 1, 2022/05/13, 13:22:28.213, 712039602654, vstest.console.dll, AssemblyResolver.OnResolve: Microsoft.TestPlatform.Extensions.EventLogCollector: Searching in: 'C:\Program Files\dotnet\sdk\6.0.202\Extensions'.
TpTrace Information: 0 : 3028, 1, 2022/05/13, 13:22:28.213, 712039604803, vstest.console.dll, AssemblyResolver.OnResolve: Microsoft.TestPlatform.Extensions.EventLogCollector: Loading assembly 'C:\Program Files\dotnet\sdk\6.0.202\Extensions\Microsoft.TestPlatform.Extensions.EventLogCollector.dll'.
TpTrace Information: 0 : 3028, 1, 2022/05/13, 13:22:28.214, 712039607422, vstest.console.dll, AssemblyResolver.OnResolve: Resolved assembly: Microsoft.TestPlatform.Extensions.EventLogCollector, from path: C:\Program Files\dotnet\sdk\6.0.202\Extensions\Microsoft.TestPlatform.Extensions.EventLogCollector.dll
TpTrace Information: 0 : 3028, 1, 2022/05/13, 13:22:28.214, 712039613273, vstest.console.dll, AssemblyResolver.OnResolve: Microsoft.TestPlatform.TestHostRuntimeProvider: Resolving assembly.
TpTrace Information: 0 : 3028, 1, 2022/05/13, 13:22:28.214, 712039613728, vstest.console.dll, AssemblyResolver.OnResolve: Microsoft.TestPlatform.TestHostRuntimeProvider: Searching in: 'C:\Program Files\dotnet\sdk\6.0.202\Extensions'.
TpTrace Information: 0 : 3028, 1, 2022/05/13, 13:22:28.214, 712039615554, vstest.console.dll, AssemblyResolver.OnResolve: Microsoft.TestPlatform.TestHostRuntimeProvider: Loading assembly 'C:\Program Files\dotnet\sdk\6.0.202\Extensions\Microsoft.TestPlatform.TestHostRuntimeProvider.dll'.
TpTrace Information: 0 : 3028, 1, 2022/05/13, 13:22:28.215, 712039618725, vstest.console.dll, AssemblyResolver.OnResolve: Resolved assembly: Microsoft.TestPlatform.TestHostRuntimeProvider, from path: C:\Program Files\dotnet\sdk\6.0.202\Extensions\Microsoft.TestPlatform.TestHostRuntimeProvider.dll
TpTrace Information: 0 : 3028, 1, 2022/05/13, 13:22:28.216, 712039628007, vstest.console.dll, AssemblyResolver.OnResolve: Microsoft.VisualStudio.TestPlatform.Extensions.Html.TestLogger: Resolving assembly.
TpTrace Information: 0 : 3028, 1, 2022/05/13, 13:22:28.216, 712039628758, vstest.console.dll, AssemblyResolver.OnResolve: Microsoft.VisualStudio.TestPlatform.Extensions.Html.TestLogger: Searching in: 'C:\Program Files\dotnet\sdk\6.0.202\Extensions'.
TpTrace Information: 0 : 3028, 1, 2022/05/13, 13:22:28.216, 712039630974, vstest.console.dll, AssemblyResolver.OnResolve: Microsoft.VisualStudio.TestPlatform.Extensions.Html.TestLogger: Loading assembly 'C:\Program Files\dotnet\sdk\6.0.202\Extensions\Microsoft.VisualStudio.TestPlatform.Extensions.Html.TestLogger.dll'.
TpTrace Information: 0 : 3028, 1, 2022/05/13, 13:22:28.216, 712039634666, vstest.console.dll, AssemblyResolver.OnResolve: Resolved assembly: Microsoft.VisualStudio.TestPlatform.Extensions.Html.TestLogger, from path: C:\Program Files\dotnet\sdk\6.0.202\Extensions\Microsoft.VisualStudio.TestPlatform.Extensions.Html.TestLogger.dll
TpTrace Information: 0 : 3028, 1, 2022/05/13, 13:22:28.217, 712039637369, vstest.console.dll, AssemblyResolver.OnResolve: Microsoft.VisualStudio.TestPlatform.Extensions.Trx.TestLogger: Resolving assembly.
TpTrace Information: 0 : 3028, 1, 2022/05/13, 13:22:28.217, 712039637796, vstest.console.dll, AssemblyResolver.OnResolve: Microsoft.VisualStudio.TestPlatform.Extensions.Trx.TestLogger: Searching in: 'C:\Program Files\dotnet\sdk\6.0.202\Extensions'.
TpTrace Information: 0 : 3028, 1, 2022/05/13, 13:22:28.217, 712039639837, vstest.console.dll, AssemblyResolver.OnResolve: Microsoft.VisualStudio.TestPlatform.Extensions.Trx.TestLogger: Loading assembly 'C:\Program Files\dotnet\sdk\6.0.202\Extensions\Microsoft.VisualStudio.TestPlatform.Extensions.Trx.TestLogger.dll'.
TpTrace Information: 0 : 3028, 1, 2022/05/13, 13:22:28.217, 712039643513, vstest.console.dll, AssemblyResolver.OnResolve: Resolved assembly: Microsoft.VisualStudio.TestPlatform.Extensions.Trx.TestLogger, from path: C:\Program Files\dotnet\sdk\6.0.202\Extensions\Microsoft.VisualStudio.TestPlatform.Extensions.Trx.TestLogger.dll
TpTrace Verbose: 0 : 3028, 1, 2022/05/13, 13:22:28.218, 712039647753, vstest.console.dll, TestPluginCache: Discovered the extensions using extension path ''.
TpTrace Verbose: 0 : 3028, 1, 2022/05/13, 13:22:28.218, 712039648331, vstest.console.dll, TestPluginCache: Discoverers are ''.
TpTrace Verbose: 0 : 3028, 1, 2022/05/13, 13:22:28.218, 712039648604, vstest.console.dll, TestPluginCache: Executors are ''.
TpTrace Verbose: 0 : 3028, 1, 2022/05/13, 13:22:28.218, 712039648842, vstest.console.dll, TestPluginCache: Executors2 are ''.
TpTrace Verbose: 0 : 3028, 1, 2022/05/13, 13:22:28.218, 712039649074, vstest.console.dll, TestPluginCache: Setting providers are ''.
TpTrace Verbose: 0 : 3028, 1, 2022/05/13, 13:22:28.218, 712039649303, vstest.console.dll, TestPluginCache: Loggers are ''.
TpTrace Information: 0 : 3028, 1, 2022/05/13, 13:22:28.221, 712039683743, vstest.console.dll, RunTestsArgumentProcessor:Execute: Test run is starting.
TpTrace Verbose: 0 : 3028, 1, 2022/05/13, 13:22:28.221, 712039684586, vstest.console.dll, RunTestsArgumentProcessor:Execute: Queuing Test run.
TpTrace Information: 0 : 3028, 1, 2022/05/13, 13:22:28.222, 712039686381, vstest.console.dll, TestRequestManager.RunTests: run tests started.
TpTrace Information: 0 : 3028, 1, 2022/05/13, 13:22:28.225, 712039718268, vstest.console.dll, AssemblyMetadataProvider.GetFrameWork: Determined framework:'.NETFramework,Version=v4.7.2' for source: 'E:\CS\APPZ\lab_4\TestingBussinesLogic\bin\Debug\net472\fine-code-coverage\build-output\TestingBussinesLogic.dll'
TpTrace Information: 0 : 3028, 1, 2022/05/13, 13:22:28.225, 712039720256, vstest.console.dll, Determined framework for all sources: .NETFramework,Version=v4.7.2
TpTrace Information: 0 : 3028, 1, 2022/05/13, 13:22:28.225, 712039724486, vstest.console.dll, AssemblyMetadataProvider.GetArchitecture: Determined architecture:AnyCPU info for assembly: E:\CS\APPZ\lab_4\TestingBussinesLogic\bin\Debug\net472\fine-code-coverage\build-output\TestingBussinesLogic.dll
TpTrace Information: 0 : 3028, 1, 2022/05/13, 13:22:28.225, 712039724986, vstest.console.dll, Determined platform for source 'E:\CS\APPZ\lab_4\TestingBussinesLogic\bin\Debug\net472\fine-code-coverage\build-output\TestingBussinesLogic.dll' is 'AnyCPU'
TpTrace Information: 0 : 3028, 1, 2022/05/13, 13:22:28.227, 712039741570, vstest.console.dll, Determined platform for all sources: X86
TpTrace Information: 0 : 3028, 1, 2022/05/13, 13:22:28.227, 712039743224, vstest.console.dll, Infered platform 'X86'.
TpTrace Information: 0 : 3028, 1, 2022/05/13, 13:22:28.227, 712039743564, vstest.console.dll, Platform update to 'X86' required.
TpTrace Information: 0 : 3028, 1, 2022/05/13, 13:22:28.230, 712039766735, vstest.console.dll, Compatible sources list : 
TpTrace Information: 0 : 3028, 1, 2022/05/13, 13:22:28.230, 712039767340, vstest.console.dll, E:\CS\APPZ\lab_4\TestingBussinesLogic\bin\Debug\net472\fine-code-coverage\build-output\TestingBussinesLogic.dll
TpTrace Information: 0 : 3028, 1, 2022/05/13, 13:22:28.232, 712039787802, vstest.console.dll, InferRunSettingsHelper.IsTestSettingsEnabled: Unable to navigate to RunSettings/MSTest. Current node: RunSettings
TpTrace Information: 0 : 3028, 1, 2022/05/13, 13:22:28.232, 712039794589, vstest.console.dll, AssemblyResolver.OnResolve: Microsoft.VisualStudio.TestPlatform.Fakes: Resolving assembly.
TpTrace Information: 0 : 3028, 1, 2022/05/13, 13:22:28.232, 712039795478, vstest.console.dll, AssemblyResolver.OnResolve: Microsoft.VisualStudio.TestPlatform.Fakes: Searching in: 'C:\Program Files\dotnet\sdk\6.0.202\Extensions'.
TpTrace Information: 0 : 3028, 1, 2022/05/13, 13:22:28.233, 712039796458, vstest.console.dll, AssemblyResolver.OnResolve: Microsoft.VisualStudio.TestPlatform.Fakes: Assembly path does not exist: 'C:\Program Files\dotnet\sdk\6.0.202\Extensions\Microsoft.VisualStudio.TestPlatform.Fakes.dll', returning.
TpTrace Information: 0 : 3028, 1, 2022/05/13, 13:22:28.233, 712039797138, vstest.console.dll, AssemblyResolver.OnResolve: Microsoft.VisualStudio.TestPlatform.Fakes: Assembly path does not exist: 'C:\Program Files\dotnet\sdk\6.0.202\Extensions\Microsoft.VisualStudio.TestPlatform.Fakes.exe', returning.
TpTrace Information: 0 : 3028, 1, 2022/05/13, 13:22:28.233, 712039797446, vstest.console.dll, AssemblyResolver.OnResolve: Microsoft.VisualStudio.TestPlatform.Fakes: Searching in: 'C:\Program Files\dotnet\sdk\6.0.202'.
TpTrace Information: 0 : 3028, 1, 2022/05/13, 13:22:28.233, 712039798054, vstest.console.dll, AssemblyResolver.OnResolve: Microsoft.VisualStudio.TestPlatform.Fakes: Assembly path does not exist: 'C:\Program Files\dotnet\sdk\6.0.202\Microsoft.VisualStudio.TestPlatform.Fakes.dll', returning.
TpTrace Information: 0 : 3028, 1, 2022/05/13, 13:22:28.233, 712039798606, vstest.console.dll, AssemblyResolver.OnResolve: Microsoft.VisualStudio.TestPlatform.Fakes: Assembly path does not exist: 'C:\Program Files\dotnet\sdk\6.0.202\Microsoft.VisualStudio.TestPlatform.Fakes.exe', returning.
TpTrace Information: 0 : 3028, 1, 2022/05/13, 13:22:28.233, 712039798938, vstest.console.dll, AssemblyResolver.OnResolve: Microsoft.VisualStudio.TestPlatform.Fakes: Failed to load assembly.
TpTrace Information: 0 : 3028, 1, 2022/05/13, 13:22:28.233, 712039801462, vstest.console.dll, Failed to load assembly Microsoft.VisualStudio.TestPlatform.Fakes, Version=17.0.0.0, Culture=neutral. Reason:System.IO.FileNotFoundException: Could not load file or assembly 'Microsoft.VisualStudio.TestPlatform.Fakes, Version=17.0.0.0, Culture=neutral, PublicKeyToken=null'. Не удается найти указанный файл.
File name: 'Microsoft.VisualStudio.TestPlatform.Fakes, Version=17.0.0.0, Culture=neutral, PublicKeyToken=null'
   at System.Reflection.RuntimeAssembly.InternalLoad(ObjectHandleOnStack assemblyName, ObjectHandleOnStack requestingAssembly, StackCrawlMarkHandle stackMark, Boolean throwOnFileNotFound, ObjectHandleOnStack assemblyLoadContext, ObjectHandleOnStack retAssembly)
   at System.Reflection.RuntimeAssembly.InternalLoad(AssemblyName assemblyName, RuntimeAssembly requestingAssembly, StackCrawlMark& stackMark, Boolean throwOnFileNotFound, AssemblyLoadContext assemblyLoadContext)
   at System.Reflection.Assembly.Load(AssemblyName assemblyRef)
   at Microsoft.VisualStudio.TestPlatform.Common.Utilities.FakesUtilities.LoadTestPlatformAssembly()
TpTrace Verbose: 0 : 3028, 1, 2022/05/13, 13:22:28.236, 712039832861, vstest.console.dll, TestPluginCache.DiscoverTestExtensions: finding test extensions in assemblies ends with: TestLogger.dll TPluginInfo: Microsoft.VisualStudio.TestPlatform.Common.ExtensionFramework.Utilities.TestLoggerPluginInformation TExtension: Microsoft.VisualStudio.TestPlatform.ObjectModel.Client.ITestLogger
TpTrace Verbose: 0 : 3028, 1, 2022/05/13, 13:22:28.236, 712039833595, vstest.console.dll, TestPluginCache.GetExtensionPaths: Filtered extension paths: 
TpTrace Verbose: 0 : 3028, 1, 2022/05/13, 13:22:28.236, 712039833921, vstest.console.dll, TestPluginCache.GetExtensionPaths: Added default extension paths: C:\Program Files\dotnet\sdk\6.0.202\Extensions\DumpMinitool.exe
C:\Program Files\dotnet\sdk\6.0.202\Extensions\DumpMinitool.x86.exe
C:\Program Files\dotnet\sdk\6.0.202\Extensions\Microsoft.Diagnostics.NETCore.Client.dll
C:\Program Files\dotnet\sdk\6.0.202\Extensions\Microsoft.TestPlatform.Extensions.BlameDataCollector.dll
C:\Program Files\dotnet\sdk\6.0.202\Extensions\Microsoft.TestPlatform.Extensions.EventLogCollector.dll
C:\Program Files\dotnet\sdk\6.0.202\Extensions\Microsoft.TestPlatform.TestHostRuntimeProvider.dll
C:\Program Files\dotnet\sdk\6.0.202\Extensions\Microsoft.VisualStudio.TestPlatform.Extensions.Html.TestLogger.dll
C:\Program Files\dotnet\sdk\6.0.202\Extensions\Microsoft.VisualStudio.TestPlatform.Extensions.Trx.TestLogger.dll
TpTrace Verbose: 0 : 3028, 1, 2022/05/13, 13:22:28.236, 712039834287, vstest.console.dll, TestPluginCache.GetExtensionPaths: Added unfilterableExtensionPaths: 
TpTrace Information: 0 : 3028, 1, 2022/05/13, 13:22:28.236, 712039835448, vstest.console.dll, AssemblyResolver.AddSearchDirectories: Adding more searchDirectories C:\Program Files\dotnet\sdk\6.0.202\Extensions,C:\Program Files\dotnet\sdk\6.0.202
TpTrace Verbose: 0 : 3028, 1, 2022/05/13, 13:22:28.236, 712039835868, vstest.console.dll, TestPluginCache.DiscoverTestExtensions: Discovering the extensions using extension path.
TpTrace Verbose: 0 : 3028, 1, 2022/05/13, 13:22:28.237, 712039836316, vstest.console.dll, TestPluginCache.GetExtensionPaths: Filtered extension paths: 
TpTrace Verbose: 0 : 3028, 1, 2022/05/13, 13:22:28.237, 712039836586, vstest.console.dll, TestPluginCache.GetExtensionPaths: Added default extension paths: C:\Program Files\dotnet\sdk\6.0.202\Extensions\DumpMinitool.exe
C:\Program Files\dotnet\sdk\6.0.202\Extensions\DumpMinitool.x86.exe
C:\Program Files\dotnet\sdk\6.0.202\Extensions\Microsoft.Diagnostics.NETCore.Client.dll
C:\Program Files\dotnet\sdk\6.0.202\Extensions\Microsoft.TestPlatform.Extensions.BlameDataCollector.dll
C:\Program Files\dotnet\sdk\6.0.202\Extensions\Microsoft.TestPlatform.Extensions.EventLogCollector.dll
C:\Program Files\dotnet\sdk\6.0.202\Extensions\Microsoft.TestPlatform.TestHostRuntimeProvider.dll
C:\Program Files\dotnet\sdk\6.0.202\Extensions\Microsoft.VisualStudio.TestPlatform.Extensions.Html.TestLogger.dll
C:\Program Files\dotnet\sdk\6.0.202\Extensions\Microsoft.VisualStudio.TestPlatform.Extensions.Trx.TestLogger.dll
TpTrace Verbose: 0 : 3028, 1, 2022/05/13, 13:22:28.237, 712039836932, vstest.console.dll, TestPluginCache.GetExtensionPaths: Added unfilterableExtensionPaths: 
TpTrace Verbose: 0 : 3028, 1, 2022/05/13, 13:22:28.237, 712039837209, vstest.console.dll, TestPluginCache.DiscoverTestExtensions: Discovering the extensions using allExtensionPaths: C:\Program Files\dotnet\sdk\6.0.202\Extensions\DumpMinitool.exe
C:\Program Files\dotnet\sdk\6.0.202\Extensions\DumpMinitool.x86.exe
C:\Program Files\dotnet\sdk\6.0.202\Extensions\Microsoft.Diagnostics.NETCore.Client.dll
C:\Program Files\dotnet\sdk\6.0.202\Extensions\Microsoft.TestPlatform.Extensions.BlameDataCollector.dll
C:\Program Files\dotnet\sdk\6.0.202\Extensions\Microsoft.TestPlatform.Extensions.EventLogCollector.dll
C:\Program Files\dotnet\sdk\6.0.202\Extensions\Microsoft.TestPlatform.TestHostRuntimeProvider.dll
C:\Program Files\dotnet\sdk\6.0.202\Extensions\Microsoft.VisualStudio.TestPlatform.Extensions.Html.TestLogger.dll
C:\Program Files\dotnet\sdk\6.0.202\Extensions\Microsoft.VisualStudio.TestPlatform.Extensions.Trx.TestLogger.dll
TpTrace Information: 0 : 3028, 1, 2022/05/13, 13:22:28.237, 712039838085, vstest.console.dll, AssemblyResolver.AddSearchDirectories: Adding more searchDirectories C:\Program Files\dotnet\sdk\6.0.202\Extensions,C:\Program Files\dotnet\sdk\6.0.202
TpTrace Information: 0 : 3028, 1, 2022/05/13, 13:22:28.237, 712039838431, vstest.console.dll, AssemblyResolver.AddSearchDirectories: Adding more searchDirectories C:\Program Files\dotnet\sdk\6.0.202\Extensions,C:\Program Files\dotnet\sdk\6.0.202
TpTrace Information: 0 : 3028, 1, 2022/05/13, 13:22:28.237, 712039838711, vstest.console.dll, AssemblyResolver.AddSearchDirectories: Adding more searchDirectories C:\Program Files\dotnet\sdk\6.0.202\Extensions,C:\Program Files\dotnet\sdk\6.0.202
TpTrace Information: 0 : 3028, 1, 2022/05/13, 13:22:28.237, 712039839050, vstest.console.dll, AssemblyResolver.AddSearchDirectories: Adding more searchDirectories C:\Program Files\dotnet\sdk\6.0.202\Extensions,C:\Program Files\dotnet\sdk\6.0.202
TpTrace Information: 0 : 3028, 1, 2022/05/13, 13:22:28.237, 712039839321, vstest.console.dll, AssemblyResolver.AddSearchDirectories: Adding more searchDirectories C:\Program Files\dotnet\sdk\6.0.202\Extensions,C:\Program Files\dotnet\sdk\6.0.202
TpTrace Information: 0 : 3028, 1, 2022/05/13, 13:22:28.237, 712039839587, vstest.console.dll, AssemblyResolver.AddSearchDirectories: Adding more searchDirectories C:\Program Files\dotnet\sdk\6.0.202\Extensions,C:\Program Files\dotnet\sdk\6.0.202
TpTrace Information: 0 : 3028, 1, 2022/05/13, 13:22:28.237, 712039839884, vstest.console.dll, AssemblyResolver.AddSearchDirectories: Adding more searchDirectories C:\Program Files\dotnet\sdk\6.0.202\Extensions,C:\Program Files\dotnet\sdk\6.0.202
TpTrace Information: 0 : 3028, 1, 2022/05/13, 13:22:28.237, 712039840154, vstest.console.dll, AssemblyResolver.AddSearchDirectories: Adding more searchDirectories C:\Program Files\dotnet\sdk\6.0.202\Extensions,C:\Program Files\dotnet\sdk\6.0.202
TpTrace Information: 0 : 3028, 1, 2022/05/13, 13:22:28.237, 712039842946, vstest.console.dll, AssemblyResolver.OnResolve: Microsoft.Bcl.AsyncInterfaces: Resolving assembly.
TpTrace Information: 0 : 3028, 1, 2022/05/13, 13:22:28.237, 712039843306, vstest.console.dll, AssemblyResolver.OnResolve: Microsoft.Bcl.AsyncInterfaces: Resolved from cache.
TpTrace Verbose: 0 : 3028, 1, 2022/05/13, 13:22:28.237, 712039843681, vstest.console.dll, CurrentDomainAssemblyResolve: Resolving assembly 'Microsoft.Bcl.AsyncInterfaces'.
TpTrace Information: 0 : 3028, 1, 2022/05/13, 13:22:28.237, 712039844070, vstest.console.dll, AssemblyResolver.OnResolve: Microsoft.Bcl.AsyncInterfaces: Resolving assembly.
TpTrace Information: 0 : 3028, 1, 2022/05/13, 13:22:28.237, 712039844703, vstest.console.dll, AssemblyResolver.OnResolve: Microsoft.Bcl.AsyncInterfaces: Resolved from cache.
TpTrace Verbose: 0 : 3028, 1, 2022/05/13, 13:22:28.237, 712039845149, vstest.console.dll, CurrentDomainAssemblyResolve: Resolving assembly 'Microsoft.Bcl.AsyncInterfaces'.
TpTrace Verbose: 0 : 3028, 1, 2022/05/13, 13:22:28.237, 712039845557, vstest.console.dll, CurrentDomainAssemblyResolve: Failed to resolve assembly 'Microsoft.Bcl.AsyncInterfaces'.
TpTrace Verbose: 0 : 3028, 1, 2022/05/13, 13:22:28.238, 712039847227, vstest.console.dll, CurrentDomainAssemblyResolve: Failed to resolve assembly 'Microsoft.Bcl.AsyncInterfaces'.
TpTrace Warning: 0 : 3028, 1, 2022/05/13, 13:22:28.238, 712039850238, vstest.console.dll, TestPluginDiscoverer: Failed to get types from assembly 'Microsoft.Diagnostics.NETCore.Client, Version=0.2.5.801, Culture=neutral, PublicKeyToken=31bf3856ad364e35'.  Skipping test extension scan for this assembly.  Error: System.Reflection.ReflectionTypeLoadException: Unable to load one or more of the requested types.
Could not load file or assembly 'Microsoft.Bcl.AsyncInterfaces, Version=1.0.0.0, Culture=neutral, PublicKeyToken=cc7b13ffcd2ddd51'. Не удается найти указанный файл.
   at System.Reflection.RuntimeModule.GetTypes(RuntimeModule module)
   at System.Reflection.Assembly.GetTypes()
   at Microsoft.VisualStudio.TestPlatform.Common.ExtensionFramework.TestPluginDiscoverer.GetTestExtensionsFromAssembly[TPluginInfo,TExtension](Assembly assembly, Dictionary`2 pluginInfos)
System.IO.FileNotFoundException: Could not load file or assembly 'Microsoft.Bcl.AsyncInterfaces, Version=1.0.0.0, Culture=neutral, PublicKeyToken=cc7b13ffcd2ddd51'. Не удается найти указанный файл.
File name: 'Microsoft.Bcl.AsyncInterfaces, Version=1.0.0.0, Culture=neutral, PublicKeyToken=cc7b13ffcd2ddd51'
 ---> System.IO.FileNotFoundException: Could not load file or assembly 'Microsoft.Bcl.AsyncInterfaces, Culture=neutral, PublicKeyToken=null'. Не удается найти указанный файл.
File name: 'Microsoft.Bcl.AsyncInterfaces, Culture=neutral, PublicKeyToken=null'
   at System.Reflection.RuntimeAssembly.InternalLoad(ObjectHandleOnStack assemblyName, ObjectHandleOnStack requestingAssembly, StackCrawlMarkHandle stackMark, Boolean throwOnFileNotFound, ObjectHandleOnStack assemblyLoadContext, ObjectHandleOnStack retAssembly)
   at System.Reflection.RuntimeAssembly.InternalLoad(AssemblyName assemblyName, RuntimeAssembly requestingAssembly, StackCrawlMark& stackMark, Boolean throwOnFileNotFound, AssemblyLoadContext assemblyLoadContext)
   at System.Reflection.Assembly.Load(AssemblyName assemblyRef)
   at Microsoft.VisualStudio.TestPlatform.Common.ExtensionFramework.TestPluginCache.CurrentDomainAssemblyResolve(Object sender, AssemblyResolveEventArgs args)
   at Microsoft.VisualStudio.TestPlatform.PlatformAbstractions.PlatformAssemblyResolver.AssemblyResolverEvent(Object sender, Object eventArgs)
   at System.Runtime.Loader.AssemblyLoadContext.GetFirstResolvedAssemblyFromResolvingEvent(AssemblyName assemblyName)
   at System.Runtime.Loader.AssemblyLoadContext.ResolveUsingEvent(AssemblyName assemblyName)
   at System.Runtime.Loader.AssemblyLoadContext.ResolveUsingResolvingEvent(IntPtr gchManagedAssemblyLoadContext, AssemblyName assemblyName)
TpTrace Warning: 0 : 3028, 1, 2022/05/13, 13:22:28.238, 712039851505, vstest.console.dll, LoaderExceptions: System.IO.FileNotFoundException: Could not load file or assembly 'Microsoft.Bcl.AsyncInterfaces, Version=1.0.0.0, Culture=neutral, PublicKeyToken=cc7b13ffcd2ddd51'. Не удается найти указанный файл.
File name: 'Microsoft.Bcl.AsyncInterfaces, Version=1.0.0.0, Culture=neutral, PublicKeyToken=cc7b13ffcd2ddd51'
 ---> System.IO.FileNotFoundException: Could not load file or assembly 'Microsoft.Bcl.AsyncInterfaces, Culture=neutral, PublicKeyToken=null'. Не удается найти указанный файл.
File name: 'Microsoft.Bcl.AsyncInterfaces, Culture=neutral, PublicKeyToken=null'
   at System.Reflection.RuntimeAssembly.InternalLoad(ObjectHandleOnStack assemblyName, ObjectHandleOnStack requestingAssembly, StackCrawlMarkHandle stackMark, Boolean throwOnFileNotFound, ObjectHandleOnStack assemblyLoadContext, ObjectHandleOnStack retAssembly)
   at System.Reflection.RuntimeAssembly.InternalLoad(AssemblyName assemblyName, RuntimeAssembly requestingAssembly, StackCrawlMark& stackMark, Boolean throwOnFileNotFound, AssemblyLoadContext assemblyLoadContext)
   at System.Reflection.Assembly.Load(AssemblyName assemblyRef)
   at Microsoft.VisualStudio.TestPlatform.Common.ExtensionFramework.TestPluginCache.CurrentDomainAssemblyResolve(Object sender, AssemblyResolveEventArgs args)
   at Microsoft.VisualStudio.TestPlatform.PlatformAbstractions.PlatformAssemblyResolver.AssemblyResolverEvent(Object sender, Object eventArgs)
   at System.Runtime.Loader.AssemblyLoadContext.GetFirstResolvedAssemblyFromResolvingEvent(AssemblyName assemblyName)
   at System.Runtime.Loader.AssemblyLoadContext.ResolveUsingEvent(AssemblyName assemblyName)
   at System.Runtime.Loader.AssemblyLoadContext.ResolveUsingResolvingEvent(IntPtr gchManagedAssemblyLoadContext, AssemblyName assemblyName)
TpTrace Verbose: 0 : 3028, 1, 2022/05/13, 13:22:28.238, 712039854503, vstest.console.dll, TestPluginCache: Discovered the extensions using extension path ''.
TpTrace Verbose: 0 : 3028, 1, 2022/05/13, 13:22:28.238, 712039854939, vstest.console.dll, TestPluginCache: Discoverers are ''.
TpTrace Verbose: 0 : 3028, 1, 2022/05/13, 13:22:28.238, 712039855197, vstest.console.dll, TestPluginCache: Executors are ''.
TpTrace Verbose: 0 : 3028, 1, 2022/05/13, 13:22:28.238, 712039855432, vstest.console.dll, TestPluginCache: Executors2 are ''.
TpTrace Verbose: 0 : 3028, 1, 2022/05/13, 13:22:28.238, 712039855662, vstest.console.dll, TestPluginCache: Setting providers are ''.
TpTrace Verbose: 0 : 3028, 1, 2022/05/13, 13:22:28.239, 712039856268, vstest.console.dll, TestPluginCache: Loggers are 'logger://Microsoft/TestPlatform/Extensions/Blame/v1,logger://Microsoft/TestPlatform/HtmlLogger/v1,logger://Microsoft/TestPlatform/TrxLogger/v1'.
TpTrace Information: 0 : 3028, 1, 2022/05/13, 13:22:28.239, 712039861358, vstest.console.dll, TestPluginManager.CreateTestExtension: Attempting to load test extension: Microsoft.TestPlatform.Extensions.BlameDataCollector.BlameLogger
TpTrace Information: 0 : 3028, 1, 2022/05/13, 13:22:28.244, 712039915826, vstest.console.dll, TestPluginManager.CreateTestExtension: Attempting to load test extension: Microsoft.VisualStudio.TestPlatform.CrossPlatEngine.Hosting.DefaultTestHostManager
TpTrace Verbose: 0 : 3028, 1, 2022/05/13, 13:22:28.246, 712039929018, vstest.console.dll, TestEngine: Initializing Parallel Execution as MaxCpuCount is set to: 1
TpTrace Information: 0 : 3028, 1, 2022/05/13, 13:22:28.246, 712039933817, vstest.console.dll, InferRunSettingsHelper.IsTestSettingsEnabled: Unable to navigate to RunSettings/MSTest. Current node: RunSettings
TpTrace Verbose: 0 : 3028, 1, 2022/05/13, 13:22:28.257, 712040039502, vstest.console.dll, TestRequestSender is acting as server
TpTrace Verbose: 0 : 3028, 1, 2022/05/13, 13:22:28.258, 712040051275, vstest.console.dll, DataCollectionRequestSender.InitializeCommunication : Initialize communication. 
TpTrace Information: 0 : 3028, 1, 2022/05/13, 13:22:28.263, 712040102329, vstest.console.dll, Listening on Endpoint : 127.0.0.1:53329
TpTrace Verbose: 0 : 3028, 1, 2022/05/13, 13:22:28.273, 712040199573, vstest.console.dll, DotnetDataCollectionLauncher: Full path of dotnet.exe is C:\Program Files\dotnet\dotnet.exe
TpTrace Verbose: 0 : 3028, 1, 2022/05/13, 13:22:28.273, 712040201303, vstest.console.dll, DotnetDataCollectionLauncher: Adding  --runtimeconfig "C:\Program Files\dotnet\sdk\6.0.202\datacollector.runtimeconfig.json" in args
TpTrace Verbose: 0 : 3028, 1, 2022/05/13, 13:22:28.273, 712040201984, vstest.console.dll, DotnetDataCollectionLauncher: Adding  --depsfile "C:\Program Files\dotnet\sdk\6.0.202\datacollector.deps.json" in args
TpTrace Information: 0 : 3028, 1, 2022/05/13, 13:22:28.282, 712040292558, vstest.console.dll, ProxyDataCollectionManager.Initialize: Launched datacollector processId: 9548 port: 53329
TpTrace Information: 0 : 3028, 1, 2022/05/13, 13:22:28.282, 712040294712, vstest.console.dll, ProxyDataCollectionManager.Initialize: waiting for connection with timeout: 90 seconds
TpTrace Verbose: 0 : 3028, 1, 2022/05/13, 13:22:28.282, 712040295535, vstest.console.dll, DataCollectionRequestSender.WaitForRequestHandlerConnection : Waiting for connection with timeout: 90000
TpTrace Information: 0 : 3028, 5, 2022/05/13, 13:22:28.399, 712041464315, vstest.console.dll, Using the buffer size of 16384 bytes
TpTrace Verbose: 0 : 3028, 1, 2022/05/13, 13:22:28.399, 712041465057, vstest.console.dll, ProxyDataCollectionManager.InvokeDataCollectionServiceAction: Starting.
TpTrace Information: 0 : 3028, 1, 2022/05/13, 13:22:28.400, 712041466222, vstest.console.dll, ProxyDataCollectionManager.BeforeTestRunStart: Get environment variable and port for datacollector processId: 9548 port: 53329
TpTrace Information: 0 : 3028, 5, 2022/05/13, 13:22:28.400, 712041466218, vstest.console.dll, Accepted Client request and set the flag
TpTrace Verbose: 0 : 3028, 1, 2022/05/13, 13:22:28.400, 712041467490, vstest.console.dll, DataCollectionRequestSender.SendBeforeTestRunStartAndGetResult : Send BeforeTestRunStart message with settingsXml <RunSettings><RunConfiguration><ResultsDirectory>E:\CS\APPZ\lab_4\TestingBussinesLogic\bin\Debug\net472\fine-code-coverage\coverage-tool-output</ResultsDirectory><TargetPlatform>X86</TargetPlatform><TargetFrameworkVersion>.NETFramework,Version=v4.7.2</TargetFrameworkVersion><DesignMode>False</DesignMode><CollectSourceInformation>False</CollectSourceInformation><TestAdaptersPaths>C:\Program Files\dotnet\sdk\6.0.202\Extensions</TestAdaptersPaths></RunConfiguration><LoggerRunSettings><Loggers><Logger friendlyName="blame" enabled="True" /><Logger friendlyName="Console" uri="logger://microsoft/TestPlatform/ConsoleLogger/v1" assemblyQualifiedName="Microsoft.VisualStudio.TestPlatform.CommandLine.Internal.ConsoleLogger, vstest.console, Version=15.0.0.0, Culture=neutral, PublicKeyToken=b03f5f7f11d50a3a" codeBase="C:\Program Files\dotnet\sdk\6.0.202\vstest.console.dll" enabled="True" /></Loggers></LoggerRunSettings><DataCollectionRunSettings><DataCollectors><DataCollector friendlyName="blame" enabled="True"><Configuration><ResultsDirectory>E:\CS\APPZ\lab_4\TestingBussinesLogic\bin\Debug\net472\fine-code-coverage\coverage-tool-output</ResultsDirectory></Configuration></DataCollector></DataCollectors></DataCollectionRunSettings></RunSettings> and sources System.Linq.Enumerable+Concat2Iterator`1[System.String]: 
TpTrace Verbose: 0 : 3028, 1, 2022/05/13, 13:22:28.461, 712042081909, vstest.console.dll, DataCollectionRequestSender.SendBeforeTestRunStartAndGetResult : Received message: (DataCollection.SendMessage) -> {
  "FriendlyName": null,
  "Uri": null,
  "TestCaseId": "00000000-0000-0000-0000-000000000000",
  "Message": "Logging DataCollector Diagnostics in file: E:\\CS\\APPZ\\lab_4\\TestingBussinesLogic\\bin\\Debug\\net472\\fine-code-coverage\\coverage-tool-output\\diagnostics.datacollector.22-05-13_13-22-28_26975_1.log",
  "Level": 0
}
TpTrace Information: 0 : 3028, 1, 2022/05/13, 13:22:28.467, 712042140345, vstest.console.dll, AssemblyResolver.OnResolve: Microsoft.VisualStudio.TestPlatform.Common.resources: Resolving assembly.
TpTrace Information: 0 : 3028, 1, 2022/05/13, 13:22:28.467, 712042141347, vstest.console.dll, AssemblyResolver.OnResolve: Microsoft.VisualStudio.TestPlatform.Common.resources: Searching in: 'C:\Program Files\dotnet\sdk\6.0.202\Extensions'.
TpTrace Information: 0 : 3028, 1, 2022/05/13, 13:22:28.467, 712042141983, vstest.console.dll, AssemblyResolver.OnResolve: Microsoft.VisualStudio.TestPlatform.Common.resources: Assembly path does not exist: 'C:\Program Files\dotnet\sdk\6.0.202\Extensions\Microsoft.VisualStudio.TestPlatform.Common.resources.dll', returning.
TpTrace Information: 0 : 3028, 1, 2022/05/13, 13:22:28.467, 712042142533, vstest.console.dll, AssemblyResolver.OnResolve: Microsoft.VisualStudio.TestPlatform.Common.resources: Assembly path does not exist: 'C:\Program Files\dotnet\sdk\6.0.202\Extensions\Microsoft.VisualStudio.TestPlatform.Common.resources.exe', returning.
TpTrace Information: 0 : 3028, 1, 2022/05/13, 13:22:28.467, 712042142828, vstest.console.dll, AssemblyResolver.OnResolve: Microsoft.VisualStudio.TestPlatform.Common.resources: Searching in: 'C:\Program Files\dotnet\sdk\6.0.202'.
TpTrace Information: 0 : 3028, 1, 2022/05/13, 13:22:28.467, 712042143407, vstest.console.dll, AssemblyResolver.OnResolve: Microsoft.VisualStudio.TestPlatform.Common.resources: Assembly path does not exist: 'C:\Program Files\dotnet\sdk\6.0.202\Microsoft.VisualStudio.TestPlatform.Common.resources.dll', returning.
TpTrace Information: 0 : 3028, 1, 2022/05/13, 13:22:28.467, 712042143932, vstest.console.dll, AssemblyResolver.OnResolve: Microsoft.VisualStudio.TestPlatform.Common.resources: Assembly path does not exist: 'C:\Program Files\dotnet\sdk\6.0.202\Microsoft.VisualStudio.TestPlatform.Common.resources.exe', returning.
TpTrace Information: 0 : 3028, 1, 2022/05/13, 13:22:28.467, 712042144617, vstest.console.dll, AssemblyResolver.OnResolve: Microsoft.VisualStudio.TestPlatform.Common.resources: Failed to load assembly.
TpTrace Verbose: 0 : 3028, 1, 2022/05/13, 13:22:28.520, 712042669936, vstest.console.dll, DataCollectionRequestSender.SendBeforeTestRunStartAndGetResult : Received message: (DataCollection.BeforeTestRunStartResult) -> {
  "EnvironmentVariables": {},
  "DataCollectionEventsPort": 53331
}
TpTrace Information: 0 : 3028, 1, 2022/05/13, 13:22:28.527, 712042741200, vstest.console.dll, ProxyDataCollectionManager.BeforeTestRunStart: SendBeforeTestRunStartAndGetResult successful, env variable from datacollector:   and testhost port: 53331
TpTrace Information: 0 : 3028, 1, 2022/05/13, 13:22:28.527, 712042742208, vstest.console.dll, ProxyDataCollectionManager.InvokeDataCollectionServiceAction: Completed.
TpTrace Verbose: 0 : 3028, 1, 2022/05/13, 13:22:28.527, 712042742985, vstest.console.dll, TestRunRequest.ExecuteAsync: Creating test run request.
TpTrace Verbose: 0 : 3028, 1, 2022/05/13, 13:22:28.527, 712042745194, vstest.console.dll, TestRunRequest.ExecuteAsync: Starting.
TpTrace Information: 0 : 3028, 1, 2022/05/13, 13:22:28.528, 712042748630, vstest.console.dll, TestRunRequest.ExecuteAsync: Starting run with settings:TestRunCriteria:
   KeepAlive=False,FrequencyOfRunStatsChangeEvent=10,RunStatsChangeEventTimeout=00:00:01.5000000,TestCaseFilter=,TestExecutorLauncher=
   Settingsxml=<RunSettings>
  <RunConfiguration>
    <ResultsDirectory>E:\CS\APPZ\lab_4\TestingBussinesLogic\bin\Debug\net472\fine-code-coverage\coverage-tool-output</ResultsDirectory>
    <TargetPlatform>X86</TargetPlatform>
    <TargetFrameworkVersion>.NETFramework,Version=v4.7.2</TargetFrameworkVersion>
    <DesignMode>False</DesignMode>
    <CollectSourceInformation>False</CollectSourceInformation>
  </RunConfiguration>
  <LoggerRunSettings>
    <Loggers>
      <Logger friendlyName="blame" enabled="True" />
      <Logger friendlyName="Console" uri="logger://microsoft/TestPlatform/ConsoleLogger/v1" assemblyQualifiedName="Microsoft.VisualStudio.TestPlatform.CommandLine.Internal.ConsoleLogger, vstest.console, Version=15.0.0.0, Culture=neutral, PublicKeyToken=b03f5f7f11d50a3a" codeBase="C:\Program Files\dotnet\sdk\6.0.202\vstest.console.dll" enabled="True" />
    </Loggers>
  </LoggerRunSettings>
  <DataCollectionRunSettings>
    <DataCollectors>
      <DataCollector friendlyName="blame" enabled="True">
        <Configuration>
          <ResultsDirectory>E:\CS\APPZ\lab_4\TestingBussinesLogic\bin\Debug\net472\fine-code-coverage\coverage-tool-output</ResultsDirectory>
        </Configuration>
      </DataCollector>
    </DataCollectors>
  </DataCollectionRunSettings>
</RunSettings>

TpTrace Verbose: 0 : 3028, 1, 2022/05/13, 13:22:28.528, 712042749089, vstest.console.dll, TestRunRequest.ExecuteAsync: Wait for the first run request is over.
TpTrace Verbose: 0 : 3028, 1, 2022/05/13, 13:22:28.528, 712042753450, vstest.console.dll, TestRunRequest:SendTestRunMessage: Starting.
TpTrace Information: 0 : 3028, 1, 2022/05/13, 13:22:28.528, 712042754605, vstest.console.dll, TestRunRequest:SendTestRunMessage: Completed.
TpTrace Verbose: 0 : 3028, 1, 2022/05/13, 13:22:28.529, 712042757781, vstest.console.dll, ProxyExecutionManager: Test host is always Lazy initialize.
TpTrace Verbose: 0 : 3028, 1, 2022/05/13, 13:22:28.529, 712042760842, vstest.console.dll, TestRequestSender.InitializeCommunication: initialize communication. 
TpTrace Information: 0 : 3028, 1, 2022/05/13, 13:22:28.529, 712042765707, vstest.console.dll, SocketServer.Start: Listening on endpoint : 127.0.0.1:53332
TpTrace Verbose: 0 : 3028, 1, 2022/05/13, 13:22:28.532, 712042792635, vstest.console.dll, DefaultTestHostmanager: Full path of TestHost\testhost.net472.x86.exe is C:\Program Files\dotnet\sdk\6.0.202\Extensions\..//TestHost\testhost.net472.x86.exe
TpTrace Verbose: 0 : 3028, 7, 2022/05/13, 13:22:28.533, 712042800049, vstest.console.dll, Launching default test Host Process C:\Program Files\dotnet\sdk\6.0.202\Extensions\..//TestHost\testhost.net472.x86.exe with arguments  --port 53332 --endpoint 127.0.0.1:053332 --role client --parentprocessid 3028 --diag "E:\CS\APPZ\lab_4\TestingBussinesLogic\bin\Debug\net472\fine-code-coverage\coverage-tool-output\diagnostics.host.22-05-13_13-22-28_53025_1.log" --tracelevel 4 --datacollectionport 53331 --telemetryoptedin false
TpTrace Verbose: 0 : 3028, 7, 2022/05/13, 13:22:28.533, 712042800584, vstest.console.dll, DefaultTestHostManager: Starting process 'C:\Program Files\dotnet\sdk\6.0.202\Extensions\..//TestHost\testhost.net472.x86.exe' with command line ' --port 53332 --endpoint 127.0.0.1:053332 --role client --parentprocessid 3028 --diag "E:\CS\APPZ\lab_4\TestingBussinesLogic\bin\Debug\net472\fine-code-coverage\coverage-tool-output\diagnostics.host.22-05-13_13-22-28_53025_1.log" --tracelevel 4 --datacollectionport 53331 --telemetryoptedin false'
TpTrace Verbose: 0 : 3028, 7, 2022/05/13, 13:22:28.540, 712042873241, vstest.console.dll, Test Runtime launched
TpTrace Verbose: 0 : 3028, 1, 2022/05/13, 13:22:28.541, 712042878822, vstest.console.dll, TestRequestSender.WaitForRequestHandlerConnection: waiting for connection with timeout: 90000
TpTrace Verbose: 0 : 3028, 7, 2022/05/13, 13:22:28.667, 712044141637, vstest.console.dll, SocketServer.OnClientConnected: Client connected for endPoint: 127.0.0.1:53332, starting MessageLoopAsync:
TpTrace Verbose: 0 : 3028, 13, 2022/05/13, 13:22:28.667, 712044144042, vstest.console.dll, TcpClientExtensions.MessageLoopAsync: Polling on remoteEndPoint: 127.0.0.1:53333 localEndPoint: 127.0.0.1:53332
TpTrace Verbose: 0 : 3028, 1, 2022/05/13, 13:22:28.668, 712044150636, vstest.console.dll, TestRequestSender.CheckVersionWithTestHost: Sending check version message: {"MessageType":"ProtocolVersion","Payload":5}
TpTrace Verbose: 0 : 3028, 13, 2022/05/13, 13:22:28.806, 712045527825, vstest.console.dll, TcpClientExtensions.MessageLoopAsync: NotifyDataAvailable remoteEndPoint: 127.0.0.1:53333 localEndPoint: 127.0.0.1:53332
TpTrace Verbose: 0 : 3028, 13, 2022/05/13, 13:22:28.806, 712045530082, vstest.console.dll, TestRequestSender.CheckVersionWithTestHost: onMessageReceived received message: (ProtocolVersion) -> 5
TpTrace Verbose: 0 : 3028, 13, 2022/05/13, 13:22:28.806, 712045533446, vstest.console.dll, TcpClientExtensions.MessageLoopAsync: Polling on remoteEndPoint: 127.0.0.1:53333 localEndPoint: 127.0.0.1:53332
TpTrace Verbose: 0 : 3028, 1, 2022/05/13, 13:22:28.806, 712045534048, vstest.console.dll, TestPluginCache.GetExtensionPaths: Filtered extension paths: 
TpTrace Verbose: 0 : 3028, 1, 2022/05/13, 13:22:28.806, 712045534810, vstest.console.dll, TestPluginCache.GetExtensionPaths: Added default extension paths: C:\Program Files\dotnet\sdk\6.0.202\Extensions\DumpMinitool.exe
C:\Program Files\dotnet\sdk\6.0.202\Extensions\DumpMinitool.x86.exe
C:\Program Files\dotnet\sdk\6.0.202\Extensions\Microsoft.Diagnostics.NETCore.Client.dll
C:\Program Files\dotnet\sdk\6.0.202\Extensions\Microsoft.TestPlatform.Extensions.BlameDataCollector.dll
C:\Program Files\dotnet\sdk\6.0.202\Extensions\Microsoft.TestPlatform.Extensions.EventLogCollector.dll
C:\Program Files\dotnet\sdk\6.0.202\Extensions\Microsoft.TestPlatform.TestHostRuntimeProvider.dll
C:\Program Files\dotnet\sdk\6.0.202\Extensions\Microsoft.VisualStudio.TestPlatform.Extensions.Html.TestLogger.dll
C:\Program Files\dotnet\sdk\6.0.202\Extensions\Microsoft.VisualStudio.TestPlatform.Extensions.Trx.TestLogger.dll
TpTrace Verbose: 0 : 3028, 1, 2022/05/13, 13:22:28.806, 712045535143, vstest.console.dll, TestPluginCache.GetExtensionPaths: Added unfilterableExtensionPaths: 
TpTrace Verbose: 0 : 3028, 1, 2022/05/13, 13:22:28.809, 712045566092, vstest.console.dll, TestRequestSender.InitializeExecution: Sending initialize execution with message: {"Version":5,"MessageType":"TestExecution.Initialize","Payload":["C:\\Program Files\\dotnet\\sdk\\6.0.202\\Extensions\\DumpMinitool.exe","C:\\Program Files\\dotnet\\sdk\\6.0.202\\Extensions\\DumpMinitool.x86.exe","C:\\Program Files\\dotnet\\sdk\\6.0.202\\Extensions\\Microsoft.Diagnostics.NETCore.Client.dll","C:\\Program Files\\dotnet\\sdk\\6.0.202\\Extensions\\Microsoft.TestPlatform.Extensions.BlameDataCollector.dll","C:\\Program Files\\dotnet\\sdk\\6.0.202\\Extensions\\Microsoft.TestPlatform.Extensions.EventLogCollector.dll","C:\\Program Files\\dotnet\\sdk\\6.0.202\\Extensions\\Microsoft.TestPlatform.TestHostRuntimeProvider.dll","C:\\Program Files\\dotnet\\sdk\\6.0.202\\Extensions\\Microsoft.VisualStudio.TestPlatform.Extensions.Html.TestLogger.dll","C:\\Program Files\\dotnet\\sdk\\6.0.202\\Extensions\\Microsoft.VisualStudio.TestPlatform.Extensions.Trx.TestLogger.dll","E:\\CS\\APPZ\\lab_4\\TestingBussinesLogic\\bin\\Debug\\net472\\fine-code-coverage\\build-output\\xunit.runner.visualstudio.testadapter.dll"]}
TpTrace Warning: 0 : 3028, 1, 2022/05/13, 13:22:28.810, 712045569875, vstest.console.dll, InferRunSettingsHelper.MakeRunsettingsCompatible: Removing the following settings: TargetPlatform from RunSettings file. To use those settings please move to latest version of Microsoft.NET.Test.Sdk
TpTrace Verbose: 0 : 3028, 1, 2022/05/13, 13:22:28.816, 712045628643, vstest.console.dll, TestRequestSender.StartTestRun: Sending test run with message: {"Version":5,"MessageType":"TestExecution.StartWithSources","Payload":{"AdapterSourceMap":{"_none_":["E:\\CS\\APPZ\\lab_4\\TestingBussinesLogic\\bin\\Debug\\net472\\fine-code-coverage\\build-output\\TestingBussinesLogic.dll"]},"RunSettings":"<RunSettings>\r\n  <RunConfiguration>\r\n    <ResultsDirectory>E:\\CS\\APPZ\\lab_4\\TestingBussinesLogic\\bin\\Debug\\net472\\fine-code-coverage\\coverage-tool-output</ResultsDirectory>\r\n    <TargetFrameworkVersion>.NETFramework,Version=v4.7.2</TargetFrameworkVersion>\r\n    <DesignMode>False</DesignMode>\r\n    <CollectSourceInformation>False</CollectSourceInformation>\r\n  </RunConfiguration>\r\n  <LoggerRunSettings>\r\n    <Loggers>\r\n      <Logger friendlyName=\"blame\" enabled=\"True\" />\r\n      <Logger friendlyName=\"Console\" uri=\"logger://microsoft/TestPlatform/ConsoleLogger/v1\" assemblyQualifiedName=\"Microsoft.VisualStudio.TestPlatform.CommandLine.Internal.ConsoleLogger, vstest.console, Version=15.0.0.0, Culture=neutral, PublicKeyToken=b03f5f7f11d50a3a\" codeBase=\"C:\\Program Files\\dotnet\\sdk\\6.0.202\\vstest.console.dll\" enabled=\"True\" />\r\n    </Loggers>\r\n  </LoggerRunSettings>\r\n  <DataCollectionRunSettings>\r\n    <DataCollectors>\r\n      <DataCollector friendlyName=\"blame\" enabled=\"True\">\r\n        <Configuration>\r\n          <ResultsDirectory>E:\\CS\\APPZ\\lab_4\\TestingBussinesLogic\\bin\\Debug\\net472\\fine-code-coverage\\coverage-tool-output</ResultsDirectory>\r\n        </Configuration>\r\n      </DataCollector>\r\n    </DataCollectors>\r\n  </DataCollectionRunSettings>\r\n</RunSettings>","TestExecutionContext":{"FrequencyOfRunStatsChangeEvent":10,"RunStatsChangeEventTimeout":"00:00:01.5000000","InIsolation":false,"KeepAlive":false,"AreTestCaseLevelEventsRequired":false,"IsDebug":false,"TestCaseFilter":null,"FilterOptions":null},"Package":null}}
TpTrace Information: 0 : 3028, 1, 2022/05/13, 13:22:28.816, 712045630309, vstest.console.dll, TestRunRequest.ExecuteAsync: Started.
TpTrace Verbose: 0 : 3028, 1, 2022/05/13, 13:22:28.816, 712045631026, vstest.console.dll, TestRunRequest.WaitForCompletion: Waiting with timeout -1.
TpTrace Verbose: 0 : 3028, 13, 2022/05/13, 13:22:28.828, 712045747713, vstest.console.dll, TcpClientExtensions.MessageLoopAsync: NotifyDataAvailable remoteEndPoint: 127.0.0.1:53333 localEndPoint: 127.0.0.1:53332
TpTrace Verbose: 0 : 3028, 13, 2022/05/13, 13:22:28.828, 712045749268, vstest.console.dll, TestRequestSender.OnExecutionMessageReceived: Received message: {"Version":5,"MessageType":"TestSession.Message","Payload":{"MessageLevel":0,"Message":"Ведение журналов диагностики TestHost в файле: E:\\CS\\APPZ\\lab_4\\TestingBussinesLogic\\bin\\Debug\\net472\\fine-code-coverage\\coverage-tool-output\\diagnostics.host.22-05-13_13-22-28_53025_1.log"}}
TpTrace Verbose: 0 : 3028, 13, 2022/05/13, 13:22:28.829, 712045764962, vstest.console.dll, TestRunRequest:SendTestRunMessage: Starting.
TpTrace Information: 0 : 3028, 13, 2022/05/13, 13:22:28.829, 712045765867, vstest.console.dll, TestRunRequest:SendTestRunMessage: Completed.
TpTrace Verbose: 0 : 3028, 13, 2022/05/13, 13:22:28.830, 712045766205, vstest.console.dll, TcpClientExtensions.MessageLoopAsync: Polling on remoteEndPoint: 127.0.0.1:53333 localEndPoint: 127.0.0.1:53332
TpTrace Verbose: 0 : 3028, 13, 2022/05/13, 13:22:29.084, 712048311621, vstest.console.dll, TcpClientExtensions.MessageLoopAsync: NotifyDataAvailable remoteEndPoint: 127.0.0.1:53333 localEndPoint: 127.0.0.1:53332
TpTrace Verbose: 0 : 3028, 13, 2022/05/13, 13:22:29.084, 712048313030, vstest.console.dll, TestRequestSender.OnExecutionMessageReceived: Received message: {"Version":5,"MessageType":"TestSession.Message","Payload":{"MessageLevel":0,"Message":"[xUnit.net 00:00:00.00] xUnit.net VSTest Adapter v2.4.3+1b45f5407b (32-bit Desktop .NET 4.0.30319.42000)"}}
TpTrace Verbose: 0 : 3028, 13, 2022/05/13, 13:22:29.084, 712048315277, vstest.console.dll, TestRunRequest:SendTestRunMessage: Starting.
TpTrace Information: 0 : 3028, 13, 2022/05/13, 13:22:29.084, 712048315859, vstest.console.dll, TestRunRequest:SendTestRunMessage: Completed.
TpTrace Verbose: 0 : 3028, 13, 2022/05/13, 13:22:29.085, 712048316217, vstest.console.dll, TcpClientExtensions.MessageLoopAsync: Polling on remoteEndPoint: 127.0.0.1:53333 localEndPoint: 127.0.0.1:53332
TpTrace Verbose: 0 : 3028, 13, 2022/05/13, 13:22:29.314, 712050614414, vstest.console.dll, TcpClientExtensions.MessageLoopAsync: NotifyDataAvailable remoteEndPoint: 127.0.0.1:53333 localEndPoint: 127.0.0.1:53332
TpTrace Verbose: 0 : 3028, 13, 2022/05/13, 13:22:29.314, 712050616036, vstest.console.dll, TestRequestSender.OnExecutionMessageReceived: Received message: {"Version":5,"MessageType":"TestSession.Message","Payload":{"MessageLevel":0,"Message":"[xUnit.net 00:00:00.23]   Discovering: TestingBussinesLogic"}}
TpTrace Verbose: 0 : 3028, 13, 2022/05/13, 13:22:29.315, 712050618850, vstest.console.dll, TestRunRequest:SendTestRunMessage: Starting.
TpTrace Information: 0 : 3028, 13, 2022/05/13, 13:22:29.315, 712050619563, vstest.console.dll, TestRunRequest:SendTestRunMessage: Completed.
TpTrace Verbose: 0 : 3028, 13, 2022/05/13, 13:22:29.315, 712050619939, vstest.console.dll, TcpClientExtensions.MessageLoopAsync: Polling on remoteEndPoint: 127.0.0.1:53333 localEndPoint: 127.0.0.1:53332
TpTrace Verbose: 0 : 3028, 13, 2022/05/13, 13:22:29.385, 712051316915, vstest.console.dll, TcpClientExtensions.MessageLoopAsync: NotifyDataAvailable remoteEndPoint: 127.0.0.1:53333 localEndPoint: 127.0.0.1:53332
TpTrace Verbose: 0 : 3028, 13, 2022/05/13, 13:22:29.385, 712051318644, vstest.console.dll, TestRequestSender.OnExecutionMessageReceived: Received message: {"Version":5,"MessageType":"TestSession.Message","Payload":{"MessageLevel":0,"Message":"[xUnit.net 00:00:00.30]   Discovered:  TestingBussinesLogic"}}
TpTrace Verbose: 0 : 3028, 13, 2022/05/13, 13:22:29.385, 712051320712, vstest.console.dll, TestRunRequest:SendTestRunMessage: Starting.
TpTrace Information: 0 : 3028, 13, 2022/05/13, 13:22:29.385, 712051321518, vstest.console.dll, TestRunRequest:SendTestRunMessage: Completed.
TpTrace Verbose: 0 : 3028, 13, 2022/05/13, 13:22:29.385, 712051322073, vstest.console.dll, TcpClientExtensions.MessageLoopAsync: Polling on remoteEndPoint: 127.0.0.1:53333 localEndPoint: 127.0.0.1:53332
TpTrace Verbose: 0 : 3028, 13, 2022/05/13, 13:22:29.388, 712051354012, vstest.console.dll, TcpClientExtensions.MessageLoopAsync: NotifyDataAvailable remoteEndPoint: 127.0.0.1:53333 localEndPoint: 127.0.0.1:53332
TpTrace Verbose: 0 : 3028, 13, 2022/05/13, 13:22:29.388, 712051355305, vstest.console.dll, TestRequestSender.OnExecutionMessageReceived: Received message: {"Version":5,"MessageType":"TestSession.Message","Payload":{"MessageLevel":0,"Message":"[xUnit.net 00:00:00.30]   Starting:    TestingBussinesLogic"}}
TpTrace Verbose: 0 : 3028, 13, 2022/05/13, 13:22:29.389, 712051357581, vstest.console.dll, TestRunRequest:SendTestRunMessage: Starting.
TpTrace Information: 0 : 3028, 13, 2022/05/13, 13:22:29.389, 712051358147, vstest.console.dll, TestRunRequest:SendTestRunMessage: Completed.
TpTrace Verbose: 0 : 3028, 13, 2022/05/13, 13:22:29.389, 712051358514, vstest.console.dll, TcpClientExtensions.MessageLoopAsync: Polling on remoteEndPoint: 127.0.0.1:53333 localEndPoint: 127.0.0.1:53332
TpTrace Verbose: 0 : 3028, 13, 2022/05/13, 13:22:29.936, 712056830373, vstest.console.dll, TcpClientExtensions.MessageLoopAsync: NotifyDataAvailable remoteEndPoint: 127.0.0.1:53333 localEndPoint: 127.0.0.1:53332
TpTrace Verbose: 0 : 3028, 13, 2022/05/13, 13:22:29.936, 712056831492, vstest.console.dll, TestRequestSender.OnExecutionMessageReceived: Received message: {"Version":5,"MessageType":"TestSession.Message","Payload":{"MessageLevel":0,"Message":"[xUnit.net 00:00:00.85]   Finished:    TestingBussinesLogic"}}
TpTrace Verbose: 0 : 3028, 13, 2022/05/13, 13:22:29.936, 712056832956, vstest.console.dll, TestRunRequest:SendTestRunMessage: Starting.
TpTrace Information: 0 : 3028, 13, 2022/05/13, 13:22:29.936, 712056833492, vstest.console.dll, TestRunRequest:SendTestRunMessage: Completed.
TpTrace Verbose: 0 : 3028, 13, 2022/05/13, 13:22:29.936, 712056833820, vstest.console.dll, TcpClientExtensions.MessageLoopAsync: Polling on remoteEndPoint: 127.0.0.1:53333 localEndPoint: 127.0.0.1:53332
TpTrace Verbose: 0 : 3028, 13, 2022/05/13, 13:22:30.002, 712057486350, vstest.console.dll, TcpClientExtensions.MessageLoopAsync: NotifyDataAvailable remoteEndPoint: 127.0.0.1:53333 localEndPoint: 127.0.0.1:53332
TpTrace Verbose: 0 : 3028, 13, 2022/05/13, 13:22:30.002, 712057488591, vstest.console.dll, TestRequestSender.OnExecutionMessageReceived: Received message: {"Version":5,"MessageType":"TestExecution.Completed","Payload":{"TestRunCompleteArgs":{"TestRunStatistics":{"ExecutedTests":9,"Stats":{"Passed":9}},"IsCanceled":false,"IsAborted":false,"Error":null,"AttachmentSets":[],"ElapsedTimeInRunningTests":"00:00:00.8913491","Metrics":{}},"LastRunTests":{"NewTestResults":[{"TestCase":{"Id":"98d0fcdf-1b2d-6cd3-419c-585624eb7b35","FullyQualifiedName":"TestingBussinesLogic.TestClubsLogic.GetClubs","DisplayName":"TestingBussinesLogic.TestClubsLogic.GetClubs","ExecutorUri":"executor://xunit/VsTestRunner2/net","Source":"E:\\CS\\APPZ\\lab_4\\TestingBussinesLogic\\bin\\Debug\\net472\\fine-code-coverage\\build-output\\TestingBussinesLogic.dll","CodeFilePath":null,"LineNumber":0,"Properties":[]},"Attachments":[],"Outcome":1,"ErrorMessage":null,"ErrorStackTrace":null,"DisplayName":"TestingBussinesLogic.TestClubsLogic.GetClubs","Messages":[],"ComputerName":"DESKTOP-51G97IS","Duration":"00:00:00.3870000","StartTime":"2022-05-13T10:22:29.8782159+00:00","EndTime":"2022-05-13T10:22:29.8782159+00:00","Properties":[]},{"TestCase":{"Id":"fe76a4f9-97dc-ec34-58f2-aea01b417fe0","FullyQualifiedName":"TestingBussinesLogic.TestCartLogic.GetCartWihtId","DisplayName":"TestingBussinesLogic.TestCartLogic.GetCartWihtId","ExecutorUri":"executor://xunit/VsTestRunner2/net","Source":"E:\\CS\\APPZ\\lab_4\\TestingBussinesLogic\\bin\\Debug\\net472\\fine-code-coverage\\build-output\\TestingBussinesLogic.dll","CodeFilePath":null,"LineNumber":0,"Properties":[]},"Attachments":[],"Outcome":1,"ErrorMessage":null,"ErrorStackTrace":null,"DisplayName":"TestingBussinesLogic.TestCartLogic.GetCartWihtId","Messages":[],"ComputerName":"DESKTOP-51G97IS","Duration":"00:00:00.3870000","StartTime":"2022-05-13T10:22:29.9001572+00:00","EndTime":"2022-05-13T10:22:29.9001572+00:00","Properties":[]},{"TestCase":{"Id":"92c47885-9d82-ba32-7bbd-29f7ff701305","FullyQualifiedName":"TestingBussinesLogic.TestCartLogic.GetCarts","DisplayName":"TestingBussinesLogic.TestCartLogic.GetCarts","ExecutorUri":"executor://xunit/VsTestRunner2/net","Source":"E:\\CS\\APPZ\\lab_4\\TestingBussinesLogic\\bin\\Debug\\net472\\fine-code-coverage\\build-output\\TestingBussinesLogic.dll","CodeFilePath":null,"LineNumber":0,"Properties":[]},"Attachments":[],"Outcome":1,"ErrorMessage":null,"ErrorStackTrace":null,"DisplayName":"TestingBussinesLogic.TestCartLogic.GetCarts","Messages":[],"ComputerName":"DESKTOP-51G97IS","Duration":"00:00:00.0040000","StartTime":"2022-05-13T10:22:29.9101312+00:00","EndTime":"2022-05-13T10:22:29.9101312+00:00","Properties":[]},{"TestCase":{"Id":"5580246b-abe2-684c-1835-d252533c0384","FullyQualifiedName":"TestingBussinesLogic.TestClubsLogic.CreateClub","DisplayName":"TestingBussinesLogic.TestClubsLogic.CreateClub","ExecutorUri":"executor://xunit/VsTestRunner2/net","Source":"E:\\CS\\APPZ\\lab_4\\TestingBussinesLogic\\bin\\Debug\\net472\\fine-code-coverage\\build-output\\TestingBussinesLogic.dll","CodeFilePath":null,"LineNumber":0,"Properties":[]},"Attachments":[],"Outcome":1,"ErrorMessage":null,"ErrorStackTrace":null,"DisplayName":"TestingBussinesLogic.TestClubsLogic.CreateClub","Messages":[],"ComputerName":"DESKTOP-51G97IS","Duration":"00:00:00.0050000","StartTime":"2022-05-13T10:22:29.9141216+00:00","EndTime":"2022-05-13T10:22:29.9141216+00:00","Properties":[]},{"TestCase":{"Id":"a1611dfb-0839-a2d5-a716-45d4c76ee485","FullyQualifiedName":"TestingBussinesLogic.TestClubsLogic.DeleteClub","DisplayName":"TestingBussinesLogic.TestClubsLogic.DeleteClub","ExecutorUri":"executor://xunit/VsTestRunner2/net","Source":"E:\\CS\\APPZ\\lab_4\\TestingBussinesLogic\\bin\\Debug\\net472\\fine-code-coverage\\build-output\\TestingBussinesLogic.dll","CodeFilePath":null,"LineNumber":0,"Properties":[]},"Attachments":[],"Outcome":1,"ErrorMessage":null,"ErrorStackTrace":null,"DisplayName":"TestingBussinesLogic.TestClubsLogic.DeleteClub","Messages":[],"ComputerName":"DESKTOP-51G97IS","Duration":"00:00:00.0010000","StartTime":"2022-05-13T10:22:29.9171159+00:00","EndTime":"2022-05-13T10:22:29.9171159+00:00","Properties":[]},{"TestCase":{"Id":"3f079376-c9d6-566b-6206-0df0e19a8810","FullyQualifiedName":"TestingBussinesLogic.TestCartLogic.RemoveCart","DisplayName":"TestingBussinesLogic.TestCartLogic.RemoveCart","ExecutorUri":"executor://xunit/VsTestRunner2/net","Source":"E:\\CS\\APPZ\\lab_4\\TestingBussinesLogic\\bin\\Debug\\net472\\fine-code-coverage\\build-output\\TestingBussinesLogic.dll","CodeFilePath":null,"LineNumber":0,"Properties":[]},"Attachments":[],"Outcome":1,"ErrorMessage":null,"ErrorStackTrace":null,"DisplayName":"TestingBussinesLogic.TestCartLogic.RemoveCart","Messages":[],"ComputerName":"DESKTOP-51G97IS","Duration":"00:00:00.0020000","StartTime":"2022-05-13T10:22:29.924094+00:00","EndTime":"2022-05-13T10:22:29.924094+00:00","Properties":[]},{"TestCase":{"Id":"6e0aa8b5-fae2-d427-0ca3-7e592615c749","FullyQualifiedName":"TestingBussinesLogic.TestCartLogic.ChangeTimeTable","DisplayName":"TestingBussinesLogic.TestCartLogic.ChangeTimeTable","ExecutorUri":"executor://xunit/VsTestRunner2/net","Source":"E:\\CS\\APPZ\\lab_4\\TestingBussinesLogic\\bin\\Debug\\net472\\fine-code-coverage\\build-output\\TestingBussinesLogic.dll","CodeFilePath":null,"LineNumber":0,"Properties":[]},"Attachments":[],"Outcome":1,"ErrorMessage":null,"ErrorStackTrace":null,"DisplayName":"TestingBussinesLogic.TestCartLogic.ChangeTimeTable","Messages":[],"ComputerName":"DESKTOP-51G97IS","Duration":"00:00:00.0100000","StartTime":"2022-05-13T10:22:29.9280824+00:00","EndTime":"2022-05-13T10:22:29.9280824+00:00","Properties":[]},{"TestCase":{"Id":"3877078b-5842-0c44-2eaa-d38ee6eb02d2","FullyQualifiedName":"TestingBussinesLogic.TestCartLogic.GetTimeTable","DisplayName":"TestingBussinesLogic.TestCartLogic.GetTimeTable","ExecutorUri":"executor://xunit/VsTestRunner2/net","Source":"E:\\CS\\APPZ\\lab_4\\TestingBussinesLogic\\bin\\Debug\\net472\\fine-code-coverage\\build-output\\TestingBussinesLogic.dll","CodeFilePath":null,"LineNumber":0,"Properties":[]},"Attachments":[],"Outcome":1,"ErrorMessage":null,"ErrorStackTrace":null,"DisplayName":"TestingBussinesLogic.TestCartLogic.GetTimeTable","Messages":[],"ComputerName":"DESKTOP-51G97IS","Duration":"00:00:00.0010000","StartTime":"2022-05-13T10:22:29.9310766+00:00","EndTime":"2022-05-13T10:22:29.9310766+00:00","Properties":[]},{"TestCase":{"Id":"47c54709-3326-7345-c9c8-89bbf74df8c6","FullyQualifiedName":"TestingBussinesLogic.TestClubsLogic.SetClub","DisplayName":"TestingBussinesLogic.TestClubsLogic.SetClub","ExecutorUri":"executor://xunit/VsTestRunner2/net","Source":"E:\\CS\\APPZ\\lab_4\\TestingBussinesLogic\\bin\\Debug\\net472\\fine-code-coverage\\build-output\\TestingBussinesLogic.dll","CodeFilePath":null,"LineNumber":0,"Properties":[]},"Attachments":[],"Outcome":1,"ErrorMessage":null,"ErrorStackTrace":null,"DisplayName":"TestingBussinesLogic.TestClubsLogic.SetClub","Messages":[],"ComputerName":"DESKTOP-51G97IS","Duration":"00:00:00.0140000","StartTime":"2022-05-13T10:22:29.9331205+00:00","EndTime":"2022-05-13T10:22:29.9331205+00:00","Properties":[]}],"TestRunStatistics":{"ExecutedTests":9,"Stats":{"Passed":9}},"ActiveTests":[]},"RunAttachments":[],"ExecutorUris":["executor://xunit/VsTestRunner2/net"]}}
TpTrace Verbose: 0 : 3028, 13, 2022/05/13, 13:22:30.002, 712057494442, vstest.console.dll, TestRequestSender.EndSession: Sending end session.
TpTrace Verbose: 0 : 3028, 13, 2022/05/13, 13:22:30.003, 712057496158, vstest.console.dll, ProxyOperationManager.Close: waiting for test host to exit for 100 ms
TpTrace Warning: 0 : 3028, 12, 2022/05/13, 13:22:30.011, 712057583285, vstest.console.dll, TestHostManagerCallbacks.ErrorReceivedCallback Test host standard error line: 
TpTrace Verbose: 0 : 3028, 5, 2022/05/13, 13:22:30.017, 712057642953, vstest.console.dll, TestHostProvider.ExitCallBack: Host exited starting callback.
TpTrace Information: 0 : 3028, 5, 2022/05/13, 13:22:30.018, 712057647760, vstest.console.dll, TestHostManagerCallbacks.ExitCallBack: Testhost processId: 20440 exited with exitcode: 0 error: ''
TpTrace Verbose: 0 : 3028, 5, 2022/05/13, 13:22:30.018, 712057648610, vstest.console.dll, CrossPlatEngine.TestHostManagerHostExited: calling on client process exit callback.
TpTrace Information: 0 : 3028, 5, 2022/05/13, 13:22:30.018, 712057649098, vstest.console.dll, TestRequestSender.OnClientProcessExit: Test host process exited. Standard error: 
TpTrace Information: 0 : 3028, 13, 2022/05/13, 13:22:30.018, 712057649365, vstest.console.dll, SocketServer.Stop: Stop server endPoint: 127.0.0.1:53332
TpTrace Information: 0 : 3028, 5, 2022/05/13, 13:22:30.018, 712057649451, vstest.console.dll, SocketServer.Stop: Stop server endPoint: 127.0.0.1:53332
TpTrace Information: 0 : 3028, 13, 2022/05/13, 13:22:30.018, 712057649877, vstest.console.dll, SocketServer.Stop: Cancellation requested. Stopping message loop.
TpTrace Information: 0 : 3028, 5, 2022/05/13, 13:22:30.018, 712057650316, vstest.console.dll, SocketServer.Stop: Cancellation requested. Stopping message loop.
TpTrace Information: 0 : 3028, 13, 2022/05/13, 13:22:30.018, 712057651923, vstest.console.dll, Closing the connection
TpTrace Warning: 0 : 3028, 13, 2022/05/13, 13:22:30.018, 712057652302, vstest.console.dll, ProxyOperationManager: Timed out waiting for test host to exit. Will terminate process.
TpTrace Verbose: 0 : 3028, 13, 2022/05/13, 13:22:30.019, 712057656333, vstest.console.dll, ProxyDataCollectionManager.InvokeDataCollectionServiceAction: Starting.
TpTrace Information: 0 : 3028, 13, 2022/05/13, 13:22:30.019, 712057656792, vstest.console.dll, ProxyDataCollectionManager.AfterTestRunEnd: Get attachment set for datacollector processId: 9548 port: 53329
TpTrace Verbose: 0 : 3028, 13, 2022/05/13, 13:22:30.019, 712057657239, vstest.console.dll, DataCollectionRequestSender.SendAfterTestRunStartAndGetResult : Send AfterTestRunEnd message with isCancelled: False
TpTrace Verbose: 0 : 3028, 13, 2022/05/13, 13:22:30.023, 712057705710, vstest.console.dll, DataCollectionRequestSender.SendAfterTestRunStartAndGetResult : Received message: (DataCollection.AfterTestRunEndResult) -> {
  "AttachmentSets": [],
  "Metrics": {}
}
TpTrace Information: 0 : 3028, 13, 2022/05/13, 13:22:30.029, 712057763790, vstest.console.dll, ProxyDataCollectionManager.InvokeDataCollectionServiceAction: Completed.
TpTrace Warning: 0 : 3028, 9, 2022/05/13, 13:22:30.030, 712057771144, vstest.console.dll, DataCollectionLauncher.ErrorReceivedCallback datacollector standard error line: 
TpTrace Information: 0 : 3028, 5, 2022/05/13, 13:22:30.036, 712057827515, vstest.console.dll, DataCollectionLauncher.ExitCallBack: Data collector exited with exitcode: 0 error: ''
TpTrace Verbose: 0 : 3028, 13, 2022/05/13, 13:22:30.083, 712058303625, vstest.console.dll, TestRunRequest:TestRunComplete: Starting. IsAborted:False IsCanceled:False.
TpTrace Verbose: 0 : 3028, 13, 2022/05/13, 13:22:30.083, 712058304753, vstest.console.dll, TestRequestSender.EndSession: Sending end session.
TpTrace Information: 0 : 3028, 13, 2022/05/13, 13:22:30.084, 712058313939, vstest.console.dll, AssemblyResolver.OnResolve: System.Net.Sockets.resources: Resolving assembly.
TpTrace Information: 0 : 3028, 13, 2022/05/13, 13:22:30.084, 712058314521, vstest.console.dll, AssemblyResolver.OnResolve: System.Net.Sockets.resources: Searching in: 'C:\Program Files\dotnet\sdk\6.0.202\Extensions'.
TpTrace Information: 0 : 3028, 13, 2022/05/13, 13:22:30.084, 712058315144, vstest.console.dll, AssemblyResolver.OnResolve: System.Net.Sockets.resources: Assembly path does not exist: 'C:\Program Files\dotnet\sdk\6.0.202\Extensions\System.Net.Sockets.resources.dll', returning.
TpTrace Information: 0 : 3028, 13, 2022/05/13, 13:22:30.084, 712058315676, vstest.console.dll, AssemblyResolver.OnResolve: System.Net.Sockets.resources: Assembly path does not exist: 'C:\Program Files\dotnet\sdk\6.0.202\Extensions\System.Net.Sockets.resources.exe', returning.
TpTrace Information: 0 : 3028, 13, 2022/05/13, 13:22:30.084, 712058315959, vstest.console.dll, AssemblyResolver.OnResolve: System.Net.Sockets.resources: Searching in: 'C:\Program Files\dotnet\sdk\6.0.202'.
TpTrace Information: 0 : 3028, 13, 2022/05/13, 13:22:30.085, 712058316487, vstest.console.dll, AssemblyResolver.OnResolve: System.Net.Sockets.resources: Assembly path does not exist: 'C:\Program Files\dotnet\sdk\6.0.202\System.Net.Sockets.resources.dll', returning.
TpTrace Information: 0 : 3028, 13, 2022/05/13, 13:22:30.085, 712058317000, vstest.console.dll, AssemblyResolver.OnResolve: System.Net.Sockets.resources: Assembly path does not exist: 'C:\Program Files\dotnet\sdk\6.0.202\System.Net.Sockets.resources.exe', returning.
TpTrace Information: 0 : 3028, 13, 2022/05/13, 13:22:30.085, 712058317317, vstest.console.dll, AssemblyResolver.OnResolve: System.Net.Sockets.resources: Failed to load assembly.
TpTrace Information: 0 : 3028, 13, 2022/05/13, 13:22:30.085, 712058318648, vstest.console.dll, AssemblyResolver.OnResolve: System.Net.Sockets.resources: Resolving assembly.
TpTrace Information: 0 : 3028, 13, 2022/05/13, 13:22:30.085, 712058319021, vstest.console.dll, AssemblyResolver.OnResolve: System.Net.Sockets.resources: Resolved from cache.
TpTrace Error: 0 : 3028, 13, 2022/05/13, 13:22:30.086, 712058328951, vstest.console.dll, LengthPrefixCommunicationChannel.Send: Error sending data: System.IO.IOException: Unable to write data to the transport connection: Удаленный хост принудительно разорвал существующее подключение..
 ---> System.Net.Sockets.SocketException (10054): Удаленный хост принудительно разорвал существующее подключение.
   at System.Net.Sockets.NetworkStream.Write(Byte[] buffer, Int32 offset, Int32 count)
   --- End of inner exception stack trace ---
   at System.Net.Sockets.NetworkStream.Write(Byte[] buffer, Int32 offset, Int32 count)
   at System.IO.BufferedStream.Flush()
   at System.IO.BinaryWriter.Flush()
   at Microsoft.VisualStudio.TestPlatform.CommunicationUtilities.LengthPrefixCommunicationChannel.Send(String data).
TpTrace Warning: 0 : 3028, 13, 2022/05/13, 13:22:30.086, 712058334702, vstest.console.dll, ProxyOperationManager: Failed to end session: Microsoft.VisualStudio.TestPlatform.CommunicationUtilities.Interfaces.CommunicationException: Unable to send data over channel.
 ---> System.IO.IOException: Unable to write data to the transport connection: Удаленный хост принудительно разорвал существующее подключение..
 ---> System.Net.Sockets.SocketException (10054): Удаленный хост принудительно разорвал существующее подключение.
   at System.Net.Sockets.NetworkStream.Write(Byte[] buffer, Int32 offset, Int32 count)
   --- End of inner exception stack trace ---
   at System.Net.Sockets.NetworkStream.Write(Byte[] buffer, Int32 offset, Int32 count)
   at System.IO.BufferedStream.Flush()
   at System.IO.BinaryWriter.Flush()
   at Microsoft.VisualStudio.TestPlatform.CommunicationUtilities.LengthPrefixCommunicationChannel.Send(String data)
   --- End of inner exception stack trace ---
   at Microsoft.VisualStudio.TestPlatform.CommunicationUtilities.LengthPrefixCommunicationChannel.Send(String data)
   at Microsoft.VisualStudio.TestPlatform.CommunicationUtilities.TestRequestSender.EndSession()
   at Microsoft.VisualStudio.TestPlatform.CrossPlatEngine.Client.ProxyOperationManager.Close()
TpTrace Warning: 0 : 3028, 13, 2022/05/13, 13:22:30.086, 712058335383, vstest.console.dll, ProxyOperationManager: Timed out waiting for test host to exit. Will terminate process.
TpTrace Information: 0 : 3028, 13, 2022/05/13, 13:22:30.087, 712058338839, vstest.console.dll, AssemblyResolver.OnResolve: System.Diagnostics.Process.resources: Resolving assembly.
TpTrace Information: 0 : 3028, 13, 2022/05/13, 13:22:30.087, 712058339304, vstest.console.dll, AssemblyResolver.OnResolve: System.Diagnostics.Process.resources: Searching in: 'C:\Program Files\dotnet\sdk\6.0.202\Extensions'.
TpTrace Information: 0 : 3028, 13, 2022/05/13, 13:22:30.087, 712058339870, vstest.console.dll, AssemblyResolver.OnResolve: System.Diagnostics.Process.resources: Assembly path does not exist: 'C:\Program Files\dotnet\sdk\6.0.202\Extensions\System.Diagnostics.Process.resources.dll', returning.
TpTrace Information: 0 : 3028, 13, 2022/05/13, 13:22:30.087, 712058340442, vstest.console.dll, AssemblyResolver.OnResolve: System.Diagnostics.Process.resources: Assembly path does not exist: 'C:\Program Files\dotnet\sdk\6.0.202\Extensions\System.Diagnostics.Process.resources.exe', returning.
TpTrace Information: 0 : 3028, 13, 2022/05/13, 13:22:30.087, 712058340727, vstest.console.dll, AssemblyResolver.OnResolve: System.Diagnostics.Process.resources: Searching in: 'C:\Program Files\dotnet\sdk\6.0.202'.
TpTrace Information: 0 : 3028, 13, 2022/05/13, 13:22:30.087, 712058341234, vstest.console.dll, AssemblyResolver.OnResolve: System.Diagnostics.Process.resources: Assembly path does not exist: 'C:\Program Files\dotnet\sdk\6.0.202\System.Diagnostics.Process.resources.dll', returning.
TpTrace Information: 0 : 3028, 13, 2022/05/13, 13:22:30.087, 712058341768, vstest.console.dll, AssemblyResolver.OnResolve: System.Diagnostics.Process.resources: Assembly path does not exist: 'C:\Program Files\dotnet\sdk\6.0.202\System.Diagnostics.Process.resources.exe', returning.
TpTrace Information: 0 : 3028, 13, 2022/05/13, 13:22:30.087, 712058342061, vstest.console.dll, AssemblyResolver.OnResolve: System.Diagnostics.Process.resources: Failed to load assembly.
TpTrace Information: 0 : 3028, 13, 2022/05/13, 13:22:30.087, 712058343374, vstest.console.dll, AssemblyResolver.OnResolve: System.Diagnostics.Process.resources: Resolving assembly.
TpTrace Information: 0 : 3028, 13, 2022/05/13, 13:22:30.087, 712058343682, vstest.console.dll, AssemblyResolver.OnResolve: System.Diagnostics.Process.resources: Resolved from cache.
TpTrace Warning: 0 : 3028, 13, 2022/05/13, 13:22:30.087, 712058345416, vstest.console.dll, TestLoggerManager.HandleTestRunStatsChange: Ignoring as the object is disposed.
TpTrace Verbose: 0 : 3028, 13, 2022/05/13, 13:22:30.088, 712058346245, vstest.console.dll, TestLoggerManager.HandleTestRunComplete: Ignoring as the object is disposed.
TpTrace Information: 0 : 3028, 13, 2022/05/13, 13:22:30.088, 712058355549, vstest.console.dll, TestRunRequest:TestRunComplete: Completed.
TpTrace Verbose: 0 : 3028, 1, 2022/05/13, 13:22:30.088, 712058355739, vstest.console.dll, TestRunRequest.Dispose: Starting.
TpTrace Verbose: 0 : 3028, 13, 2022/05/13, 13:22:30.089, 712058356194, vstest.console.dll, TestRequestSender.SetOperationComplete: Setting operation complete.
TpTrace Information: 0 : 3028, 1, 2022/05/13, 13:22:30.089, 712058356784, vstest.console.dll, TestRunRequest.Dispose: Completed.
TpTrace Information: 0 : 3028, 13, 2022/05/13, 13:22:30.089, 712058357100, vstest.console.dll, SocketServer.Stop: Stop server endPoint: 127.0.0.1:53332
TpTrace Information: 0 : 3028, 1, 2022/05/13, 13:22:30.089, 712058357727, vstest.console.dll, TestRequestManager.RunTests: run tests completed.
TpTrace Information: 0 : 3028, 13, 2022/05/13, 13:22:30.089, 712058357828, vstest.console.dll, SocketServer.Stop: Cancellation requested. Stopping message loop.
TpTrace Information: 0 : 3028, 1, 2022/05/13, 13:22:30.089, 712058358473, vstest.console.dll, RunTestsArgumentProcessor:Execute: Test run is completed.
TpTrace Information: 0 : 3028, 13, 2022/05/13, 13:22:30.089, 712058358585, vstest.console.dll, SocketServer.PrivateStop: Stopping server endPoint: 127.0.0.1:53332 error: 
TpTrace Verbose: 0 : 3028, 1, 2022/05/13, 13:22:30.089, 712058360072, vstest.console.dll, Executor.Execute: Exiting with exit code of 0
TpTrace Verbose: 0 : 3028, 13, 2022/05/13, 13:22:30.089, 712058362420, vstest.console.dll, LengthPrefixCommunicationChannel.Dispose: Dispose reader and writer.
