TpTrace Verbose: 0 : 20440, 1, 2022/05/13, 13:22:28.643, 712043922344, testhost.net472.x86.exe, Version: 17.1.0-release-20220113-05
TpTrace Information: 0 : 20440, 1, 2022/05/13, 13:22:28.647, 712043947114, testhost.net472.x86.exe, DefaultEngineInvoker.Invoke: Testhost process started with args :[--port, 53332],[--endpoint, 127.0.0.1:053332],[--role, client],[--parentprocessid, 3028],[--diag, E:\CS\APPZ\lab_4\TestingBussinesLogic\bin\Debug\net472\fine-code-coverage\coverage-tool-output\diagnostics.host.22-05-13_13-22-28_53025_1.log],[--tracelevel, 4],[--datacollectionport, 53331],[--telemetryoptedin, false]
TpTrace Information: 0 : 20440, 1, 2022/05/13, 13:22:28.648, 712043950883, testhost.net472.x86.exe, DefaultEngineInvoker: Using Application Configuration: '<?xml version="1.0" encoding="utf-8"?>
<configuration>
  <startup useLegacyV2RuntimeActivationPolicy="true">
    <supportedRuntime version="v4.0" sku=".NETFramework,Version=v4.0" />
  </startup>
  <runtime>
    <legacyUnhandledExceptionPolicy enabled="1" />
    <legacyCorruptedStateExceptionsPolicy enabled="true" />
    <!-- To get stacktrace information for portable and embedded pdbs when net472 installed on machine.
          More details https://github.com/dotnet/designs/blob/master/accepted/diagnostics/debugging-with-symbols-and-sources.md#stack-traces -->
    <AppContextSwitchOverrides value="Switch.System.Diagnostics.IgnorePortablePDBsInStackTraces=false" />
    <assemblyBinding xmlns="urn:schemas-microsoft-com:asm.v1">
      <probing privatePath="Extensions" />
      <!-- Test adapters compiled against version 11-14, need to be redirected to version 15. -->
      <dependentAssembly>
        <assemblyIdentity name="Microsoft.VisualStudio.TestPlatform.ObjectModel" publicKeyToken="b03f5f7f11d50a3a" culture="neutral" />
        <bindingRedirect oldVersion="11.0.0.0-14.0.0.0" newVersion="15.0.0.0" />
      </dependentAssembly>
      <dependentAssembly>
        <assemblyIdentity name="Microsoft.VisualStudio.TestWindow.Interfaces" publicKeyToken="b03f5f7f11d50a3a" culture="neutral" />
        <bindingRedirect oldVersion="11.0.0.0-16.0.0.0" newVersion="17.0.0.0" />
      </dependentAssembly>
      <dependentAssembly>
        <assemblyIdentity name="Microsoft.VisualStudio.QualityTools.UnitTestFramework" publicKeyToken="b03f5f7f11d50a3a" culture="neutral" />
        <bindingRedirect oldVersion="10.1.0.0" newVersion="10.0.0.0" />
      </dependentAssembly>
      <dependentAssembly>
        <assemblyIdentity name="Microsoft.VisualStudio.QualityTools.Resource" publicKeyToken="b03f5f7f11d50a3a" culture="neutral" />
        <bindingRedirect oldVersion="10.0.0.0-16.0.0.0" newVersion="17.0.0.0" />
      </dependentAssembly>
      <dependentAssembly>
        <assemblyIdentity name="Microsoft.VisualStudio.QualityTools.ControllerObject" publicKeyToken="b03f5f7f11d50a3a" culture="neutral" />
        <bindingRedirect oldVersion="10.0.0.0-16.0.0.0" newVersion="17.0.0.0" />
      </dependentAssembly>
      <dependentAssembly>
        <assemblyIdentity name="Microsoft.VisualStudio.QualityTools.ExecutionCommon" publicKeyToken="b03f5f7f11d50a3a" culture="neutral" />
        <bindingRedirect oldVersion="10.0.0.0-16.0.0.0" newVersion="17.0.0.0" />
      </dependentAssembly>
      <dependentAssembly>
        <assemblyIdentity name="Microsoft.VisualStudio.QualityTools.Common" publicKeyToken="b03f5f7f11d50a3a" culture="neutral" />
        <bindingRedirect oldVersion="10.0.0.0-16.0.0.0" newVersion="17.0.0.0" />
      </dependentAssembly>
      <dependentAssembly>
        <assemblyIdentity name="Microsoft.VisualStudio.QualityTools.Tips.UnitTest.ObjectModel" publicKeyToken="b03f5f7f11d50a3a" culture="neutral" />
        <bindingRedirect oldVersion="10.0.0.0-16.0.0.0" newVersion="17.0.0.0" />
      </dependentAssembly>
    </assemblyBinding>
  </runtime>
  <system.diagnostics>
    <switches>
      <add name="TpTraceLevel" value="0" />
    </switches>
  </system.diagnostics>
  <appSettings>
    <!--<add key="ExecutionThreadApartmentState" value ="MTA"/>-->
    <!--<add key="TraceLogMaxFileSizeInKb" value ="10240"/>-->
    <!-- MsTest Adapter Specific AppSettings -->
    <!-- This flag is added to support test execution for net35 tests through TMI adapter. -->
    <add key="TestProjectRetargetTo35Allowed" value="true" />
  </appSettings>
</configuration>'
TpTrace Information: 0 : 20440, 1, 2022/05/13, 13:22:28.653, 712044006840, testhost.net472.x86.exe, DefaultEngineInvoker.SetParentProcessExitCallback: Monitoring parent process with id: '3028'
TpTrace Information: 0 : 20440, 1, 2022/05/13, 13:22:28.658, 712044063360, testhost.net472.x86.exe, DefaultEngineInvoker.GetConnectionInfo: Initialize communication on endpoint address: '127.0.0.1:053332'
TpTrace Information: 0 : 20440, 1, 2022/05/13, 13:22:28.664, 712044116101, testhost.net472.x86.exe, SocketClient.Start: connecting to server endpoint: 127.0.0.1:053332
TpTrace Information: 0 : 20440, 1, 2022/05/13, 13:22:28.666, 712044140861, testhost.net472.x86.exe, DefaultEngineInvoker.ConnectToDatacollector: Connecting to datacollector, port: 53331
TpTrace Information: 0 : 20440, 7, 2022/05/13, 13:22:28.667, 712044154054, testhost.net472.x86.exe, SocketClient.OnServerConnected: connected to server endpoint: 127.0.0.1:053332
TpTrace Information: 0 : 20440, 1, 2022/05/13, 13:22:28.668, 712044162166, testhost.net472.x86.exe, Trying to connect to server on socket : 127.0.0.1:53331 
TpTrace Verbose: 0 : 20440, 1, 2022/05/13, 13:22:28.669, 712044165983, testhost.net472.x86.exe, SocketCommunicationManager : SetupClientAsync : Attempting to connect to the server.
TpTrace Verbose: 0 : 20440, 7, 2022/05/13, 13:22:28.669, 712044166004, testhost.net472.x86.exe, Connected to server, and starting MessageLoopAsync
TpTrace Information: 0 : 20440, 10, 2022/05/13, 13:22:28.670, 712044176005, testhost.net472.x86.exe, Connected to the server successfully 
TpTrace Information: 0 : 20440, 10, 2022/05/13, 13:22:28.670, 712044177312, testhost.net472.x86.exe, Using the buffer size of 16384 bytes
TpTrace Verbose: 0 : 20440, 7, 2022/05/13, 13:22:28.670, 712044184196, testhost.net472.x86.exe, TcpClientExtensions.MessageLoopAsync: Polling on remoteEndPoint: 127.0.0.1:53332 localEndPoint: 127.0.0.1:53333
TpTrace Information: 0 : 20440, 1, 2022/05/13, 13:22:28.671, 712044184753, testhost.net472.x86.exe, DefaultEngineInvoker.Invoke: Start Request Processing.
TpTrace Verbose: 0 : 20440, 7, 2022/05/13, 13:22:28.671, 712044185342, testhost.net472.x86.exe, TcpClientExtensions.MessageLoopAsync: NotifyDataAvailable remoteEndPoint: 127.0.0.1:53332 localEndPoint: 127.0.0.1:53333
TpTrace Information: 0 : 20440, 11, 2022/05/13, 13:22:28.671, 712044194807, testhost.net472.x86.exe, DefaultEngineInvoker.StartProcessingAsync: Connected to vstest.console, Starting process requests.
TpTrace Information: 0 : 20440, 7, 2022/05/13, 13:22:28.781, 712045283893, testhost.net472.x86.exe, TestRequestHandler.OnMessageReceived: received message: (ProtocolVersion) -> 5
TpTrace Verbose: 0 : 20440, 7, 2022/05/13, 13:22:28.827, 712045745366, testhost.net472.x86.exe, TestRequestHandler.SendData:  sending data from testhost: {"Version":5,"MessageType":"TestSession.Message","Payload":{"MessageLevel":0,"Message":"Ведение журналов диагностики TestHost в файле: E:\\CS\\APPZ\\lab_4\\TestingBussinesLogic\\bin\\Debug\\net472\\fine-code-coverage\\coverage-tool-output\\diagnostics.host.22-05-13_13-22-28_53025_1.log"}}
TpTrace Verbose: 0 : 20440, 7, 2022/05/13, 13:22:28.827, 712045747625, testhost.net472.x86.exe, TcpClientExtensions.MessageLoopAsync: Polling on remoteEndPoint: 127.0.0.1:53332 localEndPoint: 127.0.0.1:53333
TpTrace Verbose: 0 : 20440, 7, 2022/05/13, 13:22:28.827, 712045748446, testhost.net472.x86.exe, TcpClientExtensions.MessageLoopAsync: NotifyDataAvailable remoteEndPoint: 127.0.0.1:53332 localEndPoint: 127.0.0.1:53333
TpTrace Information: 0 : 20440, 7, 2022/05/13, 13:22:28.831, 712045783457, testhost.net472.x86.exe, TestRequestHandler.OnMessageReceived: received message: (TestExecution.Initialize) -> [
  "C:\\Program Files\\dotnet\\sdk\\6.0.202\\Extensions\\DumpMinitool.exe",
  "C:\\Program Files\\dotnet\\sdk\\6.0.202\\Extensions\\DumpMinitool.x86.exe",
  "C:\\Program Files\\dotnet\\sdk\\6.0.202\\Extensions\\Microsoft.Diagnostics.NETCore.Client.dll",
  "C:\\Program Files\\dotnet\\sdk\\6.0.202\\Extensions\\Microsoft.TestPlatform.Extensions.BlameDataCollector.dll",
  "C:\\Program Files\\dotnet\\sdk\\6.0.202\\Extensions\\Microsoft.TestPlatform.Extensions.EventLogCollector.dll",
  "C:\\Program Files\\dotnet\\sdk\\6.0.202\\Extensions\\Microsoft.TestPlatform.TestHostRuntimeProvider.dll",
  "C:\\Program Files\\dotnet\\sdk\\6.0.202\\Extensions\\Microsoft.VisualStudio.TestPlatform.Extensions.Html.TestLogger.dll",
  "C:\\Program Files\\dotnet\\sdk\\6.0.202\\Extensions\\Microsoft.VisualStudio.TestPlatform.Extensions.Trx.TestLogger.dll",
  "E:\\CS\\APPZ\\lab_4\\TestingBussinesLogic\\bin\\Debug\\net472\\fine-code-coverage\\build-output\\xunit.runner.visualstudio.testadapter.dll"
]
TpTrace Verbose: 0 : 20440, 7, 2022/05/13, 13:22:28.841, 712045881554, testhost.net472.x86.exe, TcpClientExtensions.MessageLoopAsync: Polling on remoteEndPoint: 127.0.0.1:53332 localEndPoint: 127.0.0.1:53333
TpTrace Verbose: 0 : 20440, 7, 2022/05/13, 13:22:28.841, 712045882881, testhost.net472.x86.exe, TcpClientExtensions.MessageLoopAsync: NotifyDataAvailable remoteEndPoint: 127.0.0.1:53332 localEndPoint: 127.0.0.1:53333
TpTrace Information: 0 : 20440, 3, 2022/05/13, 13:22:28.841, 712045886374, testhost.net472.x86.exe, TestRequestHandler.OnMessageReceived: Running job 'TestExecution.Initialize'.
TpTrace Information: 0 : 20440, 7, 2022/05/13, 13:22:28.843, 712045907585, testhost.net472.x86.exe, TestRequestHandler.OnMessageReceived: received message: (TestExecution.StartWithSources) -> {
  "AdapterSourceMap": {
    "_none_": [
      "E:\\CS\\APPZ\\lab_4\\TestingBussinesLogic\\bin\\Debug\\net472\\fine-code-coverage\\build-output\\TestingBussinesLogic.dll"
    ]
  },
  "RunSettings": "<RunSettings>\r\n  <RunConfiguration>\r\n    <ResultsDirectory>E:\\CS\\APPZ\\lab_4\\TestingBussinesLogic\\bin\\Debug\\net472\\fine-code-coverage\\coverage-tool-output</ResultsDirectory>\r\n    <TargetFrameworkVersion>.NETFramework,Version=v4.7.2</TargetFrameworkVersion>\r\n    <DesignMode>False</DesignMode>\r\n    <CollectSourceInformation>False</CollectSourceInformation>\r\n  </RunConfiguration>\r\n  <LoggerRunSettings>\r\n    <Loggers>\r\n      <Logger friendlyName=\"blame\" enabled=\"True\" />\r\n      <Logger friendlyName=\"Console\" uri=\"logger://microsoft/TestPlatform/ConsoleLogger/v1\" assemblyQualifiedName=\"Microsoft.VisualStudio.TestPlatform.CommandLine.Internal.ConsoleLogger, vstest.console, Version=15.0.0.0, Culture=neutral, PublicKeyToken=b03f5f7f11d50a3a\" codeBase=\"C:\\Program Files\\dotnet\\sdk\\6.0.202\\vstest.console.dll\" enabled=\"True\" />\r\n    </Loggers>\r\n  </LoggerRunSettings>\r\n  <DataCollectionRunSettings>\r\n    <DataCollectors>\r\n      <DataCollector friendlyName=\"blame\" enabled=\"True\">\r\n        <Configuration>\r\n          <ResultsDirectory>E:\\CS\\APPZ\\lab_4\\TestingBussinesLogic\\bin\\Debug\\net472\\fine-code-coverage\\coverage-tool-output</ResultsDirectory>\r\n        </Configuration>\r\n      </DataCollector>\r\n    </DataCollectors>\r\n  </DataCollectionRunSettings>\r\n</RunSettings>",
  "TestExecutionContext": {
    "FrequencyOfRunStatsChangeEvent": 10,
    "RunStatsChangeEventTimeout": "00:00:01.5000000",
    "InIsolation": false,
    "KeepAlive": false,
    "AreTestCaseLevelEventsRequired": false,
    "IsDebug": false,
    "TestCaseFilter": null,
    "FilterOptions": null
  },
  "Package": null
}
TpTrace Verbose: 0 : 20440, 3, 2022/05/13, 13:22:28.849, 712045966881, testhost.net472.x86.exe, TestExecutorService: Loading the extensions
TpTrace Verbose: 0 : 20440, 3, 2022/05/13, 13:22:28.851, 712045989931, testhost.net472.x86.exe, TestPluginCache.DiscoverTestExtensions: finding test extensions in assemblies ends with: TestAdapter.dll TPluginInfo: Microsoft.VisualStudio.TestPlatform.Common.ExtensionFramework.Utilities.TestExecutorPluginInformation TExtension: Microsoft.VisualStudio.TestPlatform.ObjectModel.Adapter.ITestExecutor
TpTrace Verbose: 0 : 20440, 3, 2022/05/13, 13:22:28.853, 712046007596, testhost.net472.x86.exe, TestPluginCache.GetExtensionPaths: Filtered extension paths: 
TpTrace Verbose: 0 : 20440, 3, 2022/05/13, 13:22:28.853, 712046009321, testhost.net472.x86.exe, TestPluginCache.GetExtensionPaths: Added default extension paths: C:\Program Files\dotnet\sdk\6.0.202\Extensions\DumpMinitool.exe
C:\Program Files\dotnet\sdk\6.0.202\Extensions\DumpMinitool.x86.exe
C:\Program Files\dotnet\sdk\6.0.202\Extensions\Microsoft.Diagnostics.NETCore.Client.dll
C:\Program Files\dotnet\sdk\6.0.202\Extensions\Microsoft.TestPlatform.Extensions.BlameDataCollector.dll
C:\Program Files\dotnet\sdk\6.0.202\Extensions\Microsoft.TestPlatform.Extensions.EventLogCollector.dll
C:\Program Files\dotnet\sdk\6.0.202\Extensions\Microsoft.TestPlatform.TestHostRuntimeProvider.dll
C:\Program Files\dotnet\sdk\6.0.202\Extensions\Microsoft.VisualStudio.TestPlatform.Extensions.Html.TestLogger.dll
C:\Program Files\dotnet\sdk\6.0.202\Extensions\Microsoft.VisualStudio.TestPlatform.Extensions.Trx.TestLogger.dll
E:\CS\APPZ\lab_4\TestingBussinesLogic\bin\Debug\net472\fine-code-coverage\build-output\xunit.runner.visualstudio.testadapter.dll
TpTrace Verbose: 0 : 20440, 3, 2022/05/13, 13:22:28.853, 712046010138, testhost.net472.x86.exe, TestPluginCache.GetExtensionPaths: Added unfilterableExtensionPaths: 
TpTrace Information: 0 : 20440, 3, 2022/05/13, 13:22:28.855, 712046022015, testhost.net472.x86.exe, AssemblyResolver.ctor: Creating AssemblyResolver with searchDirectories C:\Program Files\dotnet\sdk\6.0.202\Extensions,E:\CS\APPZ\lab_4\TestingBussinesLogic\bin\Debug\net472\fine-code-coverage\build-output,C:\Program Files\dotnet\sdk\6.0.202\TestHost
TpTrace Verbose: 0 : 20440, 3, 2022/05/13, 13:22:28.855, 712046025780, testhost.net472.x86.exe, TestPluginCache.DiscoverTestExtensions: Discovering the extensions using extension path.
TpTrace Verbose: 0 : 20440, 3, 2022/05/13, 13:22:28.855, 712046026804, testhost.net472.x86.exe, TestPluginCache.GetExtensionPaths: Filtered extension paths: 
TpTrace Verbose: 0 : 20440, 3, 2022/05/13, 13:22:28.855, 712046027623, testhost.net472.x86.exe, TestPluginCache.GetExtensionPaths: Added default extension paths: C:\Program Files\dotnet\sdk\6.0.202\Extensions\DumpMinitool.exe
C:\Program Files\dotnet\sdk\6.0.202\Extensions\DumpMinitool.x86.exe
C:\Program Files\dotnet\sdk\6.0.202\Extensions\Microsoft.Diagnostics.NETCore.Client.dll
C:\Program Files\dotnet\sdk\6.0.202\Extensions\Microsoft.TestPlatform.Extensions.BlameDataCollector.dll
C:\Program Files\dotnet\sdk\6.0.202\Extensions\Microsoft.TestPlatform.Extensions.EventLogCollector.dll
C:\Program Files\dotnet\sdk\6.0.202\Extensions\Microsoft.TestPlatform.TestHostRuntimeProvider.dll
C:\Program Files\dotnet\sdk\6.0.202\Extensions\Microsoft.VisualStudio.TestPlatform.Extensions.Html.TestLogger.dll
C:\Program Files\dotnet\sdk\6.0.202\Extensions\Microsoft.VisualStudio.TestPlatform.Extensions.Trx.TestLogger.dll
E:\CS\APPZ\lab_4\TestingBussinesLogic\bin\Debug\net472\fine-code-coverage\build-output\xunit.runner.visualstudio.testadapter.dll
TpTrace Verbose: 0 : 20440, 3, 2022/05/13, 13:22:28.855, 712046028415, testhost.net472.x86.exe, TestPluginCache.GetExtensionPaths: Added unfilterableExtensionPaths: 
TpTrace Verbose: 0 : 20440, 3, 2022/05/13, 13:22:28.855, 712046029157, testhost.net472.x86.exe, TestPluginCache.DiscoverTestExtensions: Discovering the extensions using allExtensionPaths: C:\Program Files\dotnet\sdk\6.0.202\Extensions\DumpMinitool.exe
C:\Program Files\dotnet\sdk\6.0.202\Extensions\DumpMinitool.x86.exe
C:\Program Files\dotnet\sdk\6.0.202\Extensions\Microsoft.Diagnostics.NETCore.Client.dll
C:\Program Files\dotnet\sdk\6.0.202\Extensions\Microsoft.TestPlatform.Extensions.BlameDataCollector.dll
C:\Program Files\dotnet\sdk\6.0.202\Extensions\Microsoft.TestPlatform.Extensions.EventLogCollector.dll
C:\Program Files\dotnet\sdk\6.0.202\Extensions\Microsoft.TestPlatform.TestHostRuntimeProvider.dll
C:\Program Files\dotnet\sdk\6.0.202\Extensions\Microsoft.VisualStudio.TestPlatform.Extensions.Html.TestLogger.dll
C:\Program Files\dotnet\sdk\6.0.202\Extensions\Microsoft.VisualStudio.TestPlatform.Extensions.Trx.TestLogger.dll
E:\CS\APPZ\lab_4\TestingBussinesLogic\bin\Debug\net472\fine-code-coverage\build-output\xunit.runner.visualstudio.testadapter.dll
TpTrace Information: 0 : 20440, 3, 2022/05/13, 13:22:28.856, 712046037355, testhost.net472.x86.exe, AssemblyResolver.AddSearchDirectories: Adding more searchDirectories C:\Program Files\dotnet\sdk\6.0.202\Extensions,C:\Program Files\dotnet\sdk\6.0.202\TestHost
TpTrace Information: 0 : 20440, 3, 2022/05/13, 13:22:28.856, 712046038364, testhost.net472.x86.exe, AssemblyResolver.AddSearchDirectories: Adding more searchDirectories C:\Program Files\dotnet\sdk\6.0.202\Extensions,C:\Program Files\dotnet\sdk\6.0.202\TestHost
TpTrace Information: 0 : 20440, 3, 2022/05/13, 13:22:28.856, 712046039144, testhost.net472.x86.exe, AssemblyResolver.AddSearchDirectories: Adding more searchDirectories C:\Program Files\dotnet\sdk\6.0.202\Extensions,C:\Program Files\dotnet\sdk\6.0.202\TestHost
TpTrace Information: 0 : 20440, 3, 2022/05/13, 13:22:28.856, 712046039826, testhost.net472.x86.exe, AssemblyResolver.AddSearchDirectories: Adding more searchDirectories C:\Program Files\dotnet\sdk\6.0.202\Extensions,C:\Program Files\dotnet\sdk\6.0.202\TestHost
TpTrace Information: 0 : 20440, 3, 2022/05/13, 13:22:28.857, 712046040629, testhost.net472.x86.exe, AssemblyResolver.AddSearchDirectories: Adding more searchDirectories C:\Program Files\dotnet\sdk\6.0.202\Extensions,C:\Program Files\dotnet\sdk\6.0.202\TestHost
TpTrace Information: 0 : 20440, 3, 2022/05/13, 13:22:28.857, 712046041311, testhost.net472.x86.exe, AssemblyResolver.AddSearchDirectories: Adding more searchDirectories C:\Program Files\dotnet\sdk\6.0.202\Extensions,C:\Program Files\dotnet\sdk\6.0.202\TestHost
TpTrace Information: 0 : 20440, 3, 2022/05/13, 13:22:28.857, 712046042020, testhost.net472.x86.exe, AssemblyResolver.AddSearchDirectories: Adding more searchDirectories C:\Program Files\dotnet\sdk\6.0.202\Extensions,C:\Program Files\dotnet\sdk\6.0.202\TestHost
TpTrace Information: 0 : 20440, 3, 2022/05/13, 13:22:28.857, 712046042681, testhost.net472.x86.exe, AssemblyResolver.AddSearchDirectories: Adding more searchDirectories C:\Program Files\dotnet\sdk\6.0.202\Extensions,C:\Program Files\dotnet\sdk\6.0.202\TestHost
TpTrace Information: 0 : 20440, 3, 2022/05/13, 13:22:28.857, 712046043396, testhost.net472.x86.exe, AssemblyResolver.AddSearchDirectories: Adding more searchDirectories E:\CS\APPZ\lab_4\TestingBussinesLogic\bin\Debug\net472\fine-code-coverage\build-output,C:\Program Files\dotnet\sdk\6.0.202\TestHost
TpTrace Information: 0 : 20440, 3, 2022/05/13, 13:22:28.860, 712046079077, testhost.net472.x86.exe, AssemblyResolver.OnResolve: DumpMinitool: Resolving assembly.
TpTrace Information: 0 : 20440, 3, 2022/05/13, 13:22:28.860, 712046080299, testhost.net472.x86.exe, AssemblyResolver.OnResolve: DumpMinitool: Searching in: 'C:\Program Files\dotnet\sdk\6.0.202\Extensions'.
TpTrace Information: 0 : 20440, 3, 2022/05/13, 13:22:28.861, 712046081485, testhost.net472.x86.exe, AssemblyResolver.OnResolve: DumpMinitool: Assembly path does not exist: 'C:\Program Files\dotnet\sdk\6.0.202\Extensions\DumpMinitool.dll', returning.
TpTrace Information: 0 : 20440, 3, 2022/05/13, 13:22:28.862, 712046091770, testhost.net472.x86.exe, AssemblyResolver.OnResolve: DumpMinitool: Loading assembly 'C:\Program Files\dotnet\sdk\6.0.202\Extensions\DumpMinitool.exe'.
TpTrace Verbose: 0 : 20440, 7, 2022/05/13, 13:22:28.864, 712046113159, testhost.net472.x86.exe, TcpClientExtensions.MessageLoopAsync: Polling on remoteEndPoint: 127.0.0.1:53332 localEndPoint: 127.0.0.1:53333
TpTrace Information: 0 : 20440, 3, 2022/05/13, 13:22:28.883, 712046307676, testhost.net472.x86.exe, AssemblyResolver.OnResolve: DumpMinitool: Failed to load assembly. Reason:System.BadImageFormatException: Не удалось загрузить файл или сборку "DumpMinitool, Version=15.0.0.0, Culture=neutral, PublicKeyToken=b03f5f7f11d50a3a" либо одну из их зависимостей. Была сделана попытка загрузить программу, имеющую неверный формат.
Имя файла: 'DumpMinitool, Version=15.0.0.0, Culture=neutral, PublicKeyToken=b03f5f7f11d50a3a'
   в System.Reflection.RuntimeAssembly._nLoad(AssemblyName fileName, String codeBase, Evidence assemblySecurity, RuntimeAssembly locationHint, StackCrawlMark& stackMark, IntPtr pPrivHostBinder, Boolean throwOnFileNotFound, Boolean forIntrospection, Boolean suppressSecurityChecks)
   в System.Reflection.RuntimeAssembly.nLoad(AssemblyName fileName, String codeBase, Evidence assemblySecurity, RuntimeAssembly locationHint, StackCrawlMark& stackMark, IntPtr pPrivHostBinder, Boolean throwOnFileNotFound, Boolean forIntrospection, Boolean suppressSecurityChecks)
   в System.Reflection.RuntimeAssembly.InternalLoadAssemblyName(AssemblyName assemblyRef, Evidence assemblySecurity, RuntimeAssembly reqAssembly, StackCrawlMark& stackMark, IntPtr pPrivHostBinder, Boolean throwOnFileNotFound, Boolean forIntrospection, Boolean suppressSecurityChecks)
   в System.Reflection.RuntimeAssembly.InternalLoadFrom(String assemblyFile, Evidence securityEvidence, Byte[] hashValue, AssemblyHashAlgorithm hashAlgorithm, Boolean forIntrospection, Boolean suppressSecurityChecks, StackCrawlMark& stackMark)
   в System.Reflection.Assembly.LoadFrom(String assemblyFile)
   в Microsoft.VisualStudio.TestPlatform.PlatformAbstractions.PlatformAssemblyLoadContext.LoadAssemblyFromPath(String assemblyPath)
   в Microsoft.VisualStudio.TestPlatform.Common.Utilities.AssemblyResolver.OnResolve(Object sender, AssemblyResolveEventArgs args)

 
TpTrace Information: 0 : 20440, 3, 2022/05/13, 13:22:28.883, 712046308916, testhost.net472.x86.exe, AssemblyResolver.OnResolve: DumpMinitool: Searching in: 'E:\CS\APPZ\lab_4\TestingBussinesLogic\bin\Debug\net472\fine-code-coverage\build-output'.
TpTrace Information: 0 : 20440, 3, 2022/05/13, 13:22:28.884, 712046309946, testhost.net472.x86.exe, AssemblyResolver.OnResolve: DumpMinitool: Assembly path does not exist: 'E:\CS\APPZ\lab_4\TestingBussinesLogic\bin\Debug\net472\fine-code-coverage\build-output\DumpMinitool.dll', returning.
TpTrace Information: 0 : 20440, 3, 2022/05/13, 13:22:28.884, 712046310760, testhost.net472.x86.exe, AssemblyResolver.OnResolve: DumpMinitool: Assembly path does not exist: 'E:\CS\APPZ\lab_4\TestingBussinesLogic\bin\Debug\net472\fine-code-coverage\build-output\DumpMinitool.exe', returning.
TpTrace Information: 0 : 20440, 3, 2022/05/13, 13:22:28.884, 712046311362, testhost.net472.x86.exe, AssemblyResolver.OnResolve: DumpMinitool: Searching in: 'C:\Program Files\dotnet\sdk\6.0.202\TestHost'.
TpTrace Information: 0 : 20440, 3, 2022/05/13, 13:22:28.884, 712046312272, testhost.net472.x86.exe, AssemblyResolver.OnResolve: DumpMinitool: Assembly path does not exist: 'C:\Program Files\dotnet\sdk\6.0.202\TestHost\DumpMinitool.dll', returning.
TpTrace Information: 0 : 20440, 3, 2022/05/13, 13:22:28.884, 712046313144, testhost.net472.x86.exe, AssemblyResolver.OnResolve: DumpMinitool: Assembly path does not exist: 'C:\Program Files\dotnet\sdk\6.0.202\TestHost\DumpMinitool.exe', returning.
TpTrace Information: 0 : 20440, 3, 2022/05/13, 13:22:28.884, 712046313837, testhost.net472.x86.exe, AssemblyResolver.OnResolve: DumpMinitool: Failed to load assembly.
TpTrace Verbose: 0 : 20440, 3, 2022/05/13, 13:22:28.884, 712046318394, testhost.net472.x86.exe, CurrentDomainAssemblyResolve: Resolving assembly 'DumpMinitool'.
TpTrace Information: 0 : 20440, 3, 2022/05/13, 13:22:28.885, 712046320142, testhost.net472.x86.exe, AssemblyResolver.OnResolve: DumpMinitool: Resolving assembly.
TpTrace Information: 0 : 20440, 3, 2022/05/13, 13:22:28.885, 712046320886, testhost.net472.x86.exe, AssemblyResolver.OnResolve: DumpMinitool: Resolved from cache.
TpTrace Verbose: 0 : 20440, 3, 2022/05/13, 13:22:28.885, 712046321551, testhost.net472.x86.exe, CurrentDomainAssemblyResolve: Resolving assembly 'DumpMinitool'.
TpTrace Verbose: 0 : 20440, 3, 2022/05/13, 13:22:28.885, 712046322155, testhost.net472.x86.exe, CurrentDomainAssemblyResolve: Failed to resolve assembly 'DumpMinitool'.
TpTrace Verbose: 0 : 20440, 3, 2022/05/13, 13:22:28.885, 712046323754, testhost.net472.x86.exe, CurrentDomainAssemblyResolve: Failed to resolve assembly 'DumpMinitool'.
TpTrace Warning: 0 : 20440, 3, 2022/05/13, 13:22:28.886, 712046335903, testhost.net472.x86.exe, TestPluginDiscoverer: Failed to load extensions from file 'C:\Program Files\dotnet\sdk\6.0.202\Extensions\DumpMinitool.exe'.  Skipping test extension scan for this file.  Error: System.IO.FileNotFoundException: Не удалось загрузить файл или сборку "DumpMinitool" либо одну из их зависимостей. Не удается найти указанный файл.
Имя файла: 'DumpMinitool' ---> System.IO.FileNotFoundException: Не удалось загрузить файл или сборку "DumpMinitool" либо одну из их зависимостей. Не удается найти указанный файл.
Имя файла: 'DumpMinitool'
   в System.Reflection.RuntimeAssembly._nLoad(AssemblyName fileName, String codeBase, Evidence assemblySecurity, RuntimeAssembly locationHint, StackCrawlMark& stackMark, IntPtr pPrivHostBinder, Boolean throwOnFileNotFound, Boolean forIntrospection, Boolean suppressSecurityChecks)
   в System.Reflection.RuntimeAssembly.nLoad(AssemblyName fileName, String codeBase, Evidence assemblySecurity, RuntimeAssembly locationHint, StackCrawlMark& stackMark, IntPtr pPrivHostBinder, Boolean throwOnFileNotFound, Boolean forIntrospection, Boolean suppressSecurityChecks)
   в System.Reflection.RuntimeAssembly.InternalLoadAssemblyName(AssemblyName assemblyRef, Evidence assemblySecurity, RuntimeAssembly reqAssembly, StackCrawlMark& stackMark, IntPtr pPrivHostBinder, Boolean throwOnFileNotFound, Boolean forIntrospection, Boolean suppressSecurityChecks)
   в System.Reflection.Assembly.Load(AssemblyName assemblyRef)
   в Microsoft.VisualStudio.TestPlatform.Common.ExtensionFramework.TestPluginCache.CurrentDomainAssemblyResolve(Object sender, AssemblyResolveEventArgs args)
   в Microsoft.VisualStudio.TestPlatform.PlatformAbstractions.PlatformAssemblyResolver.AssemblyResolverEvent(Object sender, Object eventArgs)
   в System.AppDomain.OnAssemblyResolveEvent(RuntimeAssembly assembly, String assemblyFullName)

Предупреждение: регистрация привязки сборок выключена.
Чтобы включить регистрацию ошибок привязки сборок, установите значение параметра реестра [HKLM\Software\Microsoft\Fusion!EnableLog] (DWORD) в 1.
Примечание. Регистрация ошибок привязки сборок может привести к некоторому снижению производительности.
Чтобы отключить эту функцию, удалите параметр реестра [HKLM\Software\Microsoft\Fusion!EnableLog].

   в System.Reflection.RuntimeAssembly._nLoad(AssemblyName fileName, String codeBase, Evidence assemblySecurity, RuntimeAssembly locationHint, StackCrawlMark& stackMark, IntPtr pPrivHostBinder, Boolean throwOnFileNotFound, Boolean forIntrospection, Boolean suppressSecurityChecks)
   в System.Reflection.RuntimeAssembly.nLoad(AssemblyName fileName, String codeBase, Evidence assemblySecurity, RuntimeAssembly locationHint, StackCrawlMark& stackMark, IntPtr pPrivHostBinder, Boolean throwOnFileNotFound, Boolean forIntrospection, Boolean suppressSecurityChecks)
   в System.Reflection.RuntimeAssembly.InternalLoadAssemblyName(AssemblyName assemblyRef, Evidence assemblySecurity, RuntimeAssembly reqAssembly, StackCrawlMark& stackMark, IntPtr pPrivHostBinder, Boolean throwOnFileNotFound, Boolean forIntrospection, Boolean suppressSecurityChecks)
   в System.Reflection.Assembly.Load(AssemblyName assemblyRef)
   в Microsoft.VisualStudio.TestPlatform.Common.ExtensionFramework.TestPluginDiscoverer.GetTestExtensionsFromFiles[TPluginInfo,TExtension](String[] files, Dictionary`2 pluginInfos)


TpTrace Information: 0 : 20440, 3, 2022/05/13, 13:22:28.887, 712046341444, testhost.net472.x86.exe, AssemblyResolver.OnResolve: DumpMinitool.x86: Resolving assembly.
TpTrace Information: 0 : 20440, 3, 2022/05/13, 13:22:28.887, 712046342285, testhost.net472.x86.exe, AssemblyResolver.OnResolve: DumpMinitool.x86: Searching in: 'C:\Program Files\dotnet\sdk\6.0.202\Extensions'.
TpTrace Information: 0 : 20440, 3, 2022/05/13, 13:22:28.887, 712046343211, testhost.net472.x86.exe, AssemblyResolver.OnResolve: DumpMinitool.x86: Assembly path does not exist: 'C:\Program Files\dotnet\sdk\6.0.202\Extensions\DumpMinitool.x86.dll', returning.
TpTrace Information: 0 : 20440, 3, 2022/05/13, 13:22:28.888, 712046350941, testhost.net472.x86.exe, AssemblyResolver.OnResolve: DumpMinitool.x86: Loading assembly 'C:\Program Files\dotnet\sdk\6.0.202\Extensions\DumpMinitool.x86.exe'.
TpTrace Information: 0 : 20440, 3, 2022/05/13, 13:22:28.889, 712046369727, testhost.net472.x86.exe, AssemblyResolver.OnResolve: DumpMinitool.x86: Failed to load assembly. Reason:System.BadImageFormatException: Не удалось загрузить файл или сборку "DumpMinitool.x86, Version=15.0.0.0, Culture=neutral, PublicKeyToken=b03f5f7f11d50a3a" либо одну из их зависимостей. Была сделана попытка загрузить программу, имеющую неверный формат.
Имя файла: 'DumpMinitool.x86, Version=15.0.0.0, Culture=neutral, PublicKeyToken=b03f5f7f11d50a3a'
   в System.Reflection.RuntimeAssembly._nLoad(AssemblyName fileName, String codeBase, Evidence assemblySecurity, RuntimeAssembly locationHint, StackCrawlMark& stackMark, IntPtr pPrivHostBinder, Boolean throwOnFileNotFound, Boolean forIntrospection, Boolean suppressSecurityChecks)
   в System.Reflection.RuntimeAssembly.nLoad(AssemblyName fileName, String codeBase, Evidence assemblySecurity, RuntimeAssembly locationHint, StackCrawlMark& stackMark, IntPtr pPrivHostBinder, Boolean throwOnFileNotFound, Boolean forIntrospection, Boolean suppressSecurityChecks)
   в System.Reflection.RuntimeAssembly.InternalLoadAssemblyName(AssemblyName assemblyRef, Evidence assemblySecurity, RuntimeAssembly reqAssembly, StackCrawlMark& stackMark, IntPtr pPrivHostBinder, Boolean throwOnFileNotFound, Boolean forIntrospection, Boolean suppressSecurityChecks)
   в System.Reflection.RuntimeAssembly.InternalLoadFrom(String assemblyFile, Evidence securityEvidence, Byte[] hashValue, AssemblyHashAlgorithm hashAlgorithm, Boolean forIntrospection, Boolean suppressSecurityChecks, StackCrawlMark& stackMark)
   в System.Reflection.Assembly.LoadFrom(String assemblyFile)
   в Microsoft.VisualStudio.TestPlatform.PlatformAbstractions.PlatformAssemblyLoadContext.LoadAssemblyFromPath(String assemblyPath)
   в Microsoft.VisualStudio.TestPlatform.Common.Utilities.AssemblyResolver.OnResolve(Object sender, AssemblyResolveEventArgs args)

 
TpTrace Information: 0 : 20440, 3, 2022/05/13, 13:22:28.890, 712046371174, testhost.net472.x86.exe, AssemblyResolver.OnResolve: DumpMinitool.x86: Searching in: 'E:\CS\APPZ\lab_4\TestingBussinesLogic\bin\Debug\net472\fine-code-coverage\build-output'.
TpTrace Information: 0 : 20440, 3, 2022/05/13, 13:22:28.890, 712046372072, testhost.net472.x86.exe, AssemblyResolver.OnResolve: DumpMinitool.x86: Assembly path does not exist: 'E:\CS\APPZ\lab_4\TestingBussinesLogic\bin\Debug\net472\fine-code-coverage\build-output\DumpMinitool.x86.dll', returning.
TpTrace Information: 0 : 20440, 3, 2022/05/13, 13:22:28.890, 712046372924, testhost.net472.x86.exe, AssemblyResolver.OnResolve: DumpMinitool.x86: Assembly path does not exist: 'E:\CS\APPZ\lab_4\TestingBussinesLogic\bin\Debug\net472\fine-code-coverage\build-output\DumpMinitool.x86.exe', returning.
TpTrace Information: 0 : 20440, 3, 2022/05/13, 13:22:28.890, 712046373522, testhost.net472.x86.exe, AssemblyResolver.OnResolve: DumpMinitool.x86: Searching in: 'C:\Program Files\dotnet\sdk\6.0.202\TestHost'.
TpTrace Information: 0 : 20440, 3, 2022/05/13, 13:22:28.890, 712046374804, testhost.net472.x86.exe, AssemblyResolver.OnResolve: DumpMinitool.x86: Assembly path does not exist: 'C:\Program Files\dotnet\sdk\6.0.202\TestHost\DumpMinitool.x86.dll', returning.
TpTrace Information: 0 : 20440, 3, 2022/05/13, 13:22:28.890, 712046375767, testhost.net472.x86.exe, AssemblyResolver.OnResolve: DumpMinitool.x86: Assembly path does not exist: 'C:\Program Files\dotnet\sdk\6.0.202\TestHost\DumpMinitool.x86.exe', returning.
TpTrace Information: 0 : 20440, 3, 2022/05/13, 13:22:28.890, 712046376370, testhost.net472.x86.exe, AssemblyResolver.OnResolve: DumpMinitool.x86: Failed to load assembly.
TpTrace Verbose: 0 : 20440, 3, 2022/05/13, 13:22:28.890, 712046377115, testhost.net472.x86.exe, CurrentDomainAssemblyResolve: Resolving assembly 'DumpMinitool.x86'.
TpTrace Information: 0 : 20440, 3, 2022/05/13, 13:22:28.890, 712046378493, testhost.net472.x86.exe, AssemblyResolver.OnResolve: DumpMinitool.x86: Resolving assembly.
TpTrace Information: 0 : 20440, 3, 2022/05/13, 13:22:28.890, 712046379106, testhost.net472.x86.exe, AssemblyResolver.OnResolve: DumpMinitool.x86: Resolved from cache.
TpTrace Verbose: 0 : 20440, 3, 2022/05/13, 13:22:28.891, 712046379811, testhost.net472.x86.exe, CurrentDomainAssemblyResolve: Resolving assembly 'DumpMinitool.x86'.
TpTrace Verbose: 0 : 20440, 3, 2022/05/13, 13:22:28.891, 712046380385, testhost.net472.x86.exe, CurrentDomainAssemblyResolve: Failed to resolve assembly 'DumpMinitool.x86'.
TpTrace Verbose: 0 : 20440, 3, 2022/05/13, 13:22:28.891, 712046381539, testhost.net472.x86.exe, CurrentDomainAssemblyResolve: Failed to resolve assembly 'DumpMinitool.x86'.
TpTrace Warning: 0 : 20440, 3, 2022/05/13, 13:22:28.891, 712046384481, testhost.net472.x86.exe, TestPluginDiscoverer: Failed to load extensions from file 'C:\Program Files\dotnet\sdk\6.0.202\Extensions\DumpMinitool.x86.exe'.  Skipping test extension scan for this file.  Error: System.IO.FileNotFoundException: Не удалось загрузить файл или сборку "DumpMinitool.x86" либо одну из их зависимостей. Не удается найти указанный файл.
Имя файла: 'DumpMinitool.x86' ---> System.IO.FileNotFoundException: Не удалось загрузить файл или сборку "DumpMinitool.x86" либо одну из их зависимостей. Не удается найти указанный файл.
Имя файла: 'DumpMinitool.x86'
   в System.Reflection.RuntimeAssembly._nLoad(AssemblyName fileName, String codeBase, Evidence assemblySecurity, RuntimeAssembly locationHint, StackCrawlMark& stackMark, IntPtr pPrivHostBinder, Boolean throwOnFileNotFound, Boolean forIntrospection, Boolean suppressSecurityChecks)
   в System.Reflection.RuntimeAssembly.nLoad(AssemblyName fileName, String codeBase, Evidence assemblySecurity, RuntimeAssembly locationHint, StackCrawlMark& stackMark, IntPtr pPrivHostBinder, Boolean throwOnFileNotFound, Boolean forIntrospection, Boolean suppressSecurityChecks)
   в System.Reflection.RuntimeAssembly.InternalLoadAssemblyName(AssemblyName assemblyRef, Evidence assemblySecurity, RuntimeAssembly reqAssembly, StackCrawlMark& stackMark, IntPtr pPrivHostBinder, Boolean throwOnFileNotFound, Boolean forIntrospection, Boolean suppressSecurityChecks)
   в System.Reflection.Assembly.Load(AssemblyName assemblyRef)
   в Microsoft.VisualStudio.TestPlatform.Common.ExtensionFramework.TestPluginCache.CurrentDomainAssemblyResolve(Object sender, AssemblyResolveEventArgs args)
   в Microsoft.VisualStudio.TestPlatform.PlatformAbstractions.PlatformAssemblyResolver.AssemblyResolverEvent(Object sender, Object eventArgs)
   в System.AppDomain.OnAssemblyResolveEvent(RuntimeAssembly assembly, String assemblyFullName)

Предупреждение: регистрация привязки сборок выключена.
Чтобы включить регистрацию ошибок привязки сборок, установите значение параметра реестра [HKLM\Software\Microsoft\Fusion!EnableLog] (DWORD) в 1.
Примечание. Регистрация ошибок привязки сборок может привести к некоторому снижению производительности.
Чтобы отключить эту функцию, удалите параметр реестра [HKLM\Software\Microsoft\Fusion!EnableLog].

   в System.Reflection.RuntimeAssembly._nLoad(AssemblyName fileName, String codeBase, Evidence assemblySecurity, RuntimeAssembly locationHint, StackCrawlMark& stackMark, IntPtr pPrivHostBinder, Boolean throwOnFileNotFound, Boolean forIntrospection, Boolean suppressSecurityChecks)
   в System.Reflection.RuntimeAssembly.nLoad(AssemblyName fileName, String codeBase, Evidence assemblySecurity, RuntimeAssembly locationHint, StackCrawlMark& stackMark, IntPtr pPrivHostBinder, Boolean throwOnFileNotFound, Boolean forIntrospection, Boolean suppressSecurityChecks)
   в System.Reflection.RuntimeAssembly.InternalLoadAssemblyName(AssemblyName assemblyRef, Evidence assemblySecurity, RuntimeAssembly reqAssembly, StackCrawlMark& stackMark, IntPtr pPrivHostBinder, Boolean throwOnFileNotFound, Boolean forIntrospection, Boolean suppressSecurityChecks)
   в System.Reflection.Assembly.Load(AssemblyName assemblyRef)
   в Microsoft.VisualStudio.TestPlatform.Common.ExtensionFramework.TestPluginDiscoverer.GetTestExtensionsFromFiles[TPluginInfo,TExtension](String[] files, Dictionary`2 pluginInfos)


TpTrace Information: 0 : 20440, 3, 2022/05/13, 13:22:28.892, 712046390050, testhost.net472.x86.exe, AssemblyResolver.OnResolve: Microsoft.Diagnostics.NETCore.Client: Resolving assembly.
TpTrace Information: 0 : 20440, 3, 2022/05/13, 13:22:28.892, 712046390783, testhost.net472.x86.exe, AssemblyResolver.OnResolve: Microsoft.Diagnostics.NETCore.Client: Searching in: 'C:\Program Files\dotnet\sdk\6.0.202\Extensions'.
TpTrace Information: 0 : 20440, 3, 2022/05/13, 13:22:28.893, 712046401830, testhost.net472.x86.exe, AssemblyResolver.OnResolve: Microsoft.Diagnostics.NETCore.Client: Loading assembly 'C:\Program Files\dotnet\sdk\6.0.202\Extensions\Microsoft.Diagnostics.NETCore.Client.dll'.
TpTrace Information: 0 : 20440, 3, 2022/05/13, 13:22:28.895, 712046426978, testhost.net472.x86.exe, AssemblyResolver.OnResolve: Microsoft.Diagnostics.NETCore.Client: Failed to load assembly. Reason:System.BadImageFormatException: Не удалось загрузить файл или сборку "Microsoft.Diagnostics.NETCore.Client, Version=0.2.5.801, Culture=neutral, PublicKeyToken=31bf3856ad364e35" либо одну из их зависимостей. Была сделана попытка загрузить программу, имеющую неверный формат.
Имя файла: 'Microsoft.Diagnostics.NETCore.Client, Version=0.2.5.801, Culture=neutral, PublicKeyToken=31bf3856ad364e35'
   в System.Reflection.RuntimeAssembly._nLoad(AssemblyName fileName, String codeBase, Evidence assemblySecurity, RuntimeAssembly locationHint, StackCrawlMark& stackMark, IntPtr pPrivHostBinder, Boolean throwOnFileNotFound, Boolean forIntrospection, Boolean suppressSecurityChecks)
   в System.Reflection.RuntimeAssembly.nLoad(AssemblyName fileName, String codeBase, Evidence assemblySecurity, RuntimeAssembly locationHint, StackCrawlMark& stackMark, IntPtr pPrivHostBinder, Boolean throwOnFileNotFound, Boolean forIntrospection, Boolean suppressSecurityChecks)
   в System.Reflection.RuntimeAssembly.InternalLoadAssemblyName(AssemblyName assemblyRef, Evidence assemblySecurity, RuntimeAssembly reqAssembly, StackCrawlMark& stackMark, IntPtr pPrivHostBinder, Boolean throwOnFileNotFound, Boolean forIntrospection, Boolean suppressSecurityChecks)
   в System.Reflection.RuntimeAssembly.InternalLoadFrom(String assemblyFile, Evidence securityEvidence, Byte[] hashValue, AssemblyHashAlgorithm hashAlgorithm, Boolean forIntrospection, Boolean suppressSecurityChecks, StackCrawlMark& stackMark)
   в System.Reflection.Assembly.LoadFrom(String assemblyFile)
   в Microsoft.VisualStudio.TestPlatform.PlatformAbstractions.PlatformAssemblyLoadContext.LoadAssemblyFromPath(String assemblyPath)
   в Microsoft.VisualStudio.TestPlatform.Common.Utilities.AssemblyResolver.OnResolve(Object sender, AssemblyResolveEventArgs args)

 
TpTrace Information: 0 : 20440, 3, 2022/05/13, 13:22:28.896, 712046429000, testhost.net472.x86.exe, AssemblyResolver.OnResolve: Microsoft.Diagnostics.NETCore.Client: Assembly path does not exist: 'C:\Program Files\dotnet\sdk\6.0.202\Extensions\Microsoft.Diagnostics.NETCore.Client.exe', returning.
TpTrace Information: 0 : 20440, 3, 2022/05/13, 13:22:28.896, 712046429756, testhost.net472.x86.exe, AssemblyResolver.OnResolve: Microsoft.Diagnostics.NETCore.Client: Searching in: 'E:\CS\APPZ\lab_4\TestingBussinesLogic\bin\Debug\net472\fine-code-coverage\build-output'.
TpTrace Information: 0 : 20440, 3, 2022/05/13, 13:22:28.896, 712046430963, testhost.net472.x86.exe, AssemblyResolver.OnResolve: Microsoft.Diagnostics.NETCore.Client: Assembly path does not exist: 'E:\CS\APPZ\lab_4\TestingBussinesLogic\bin\Debug\net472\fine-code-coverage\build-output\Microsoft.Diagnostics.NETCore.Client.dll', returning.
TpTrace Information: 0 : 20440, 3, 2022/05/13, 13:22:28.896, 712046431791, testhost.net472.x86.exe, AssemblyResolver.OnResolve: Microsoft.Diagnostics.NETCore.Client: Assembly path does not exist: 'E:\CS\APPZ\lab_4\TestingBussinesLogic\bin\Debug\net472\fine-code-coverage\build-output\Microsoft.Diagnostics.NETCore.Client.exe', returning.
TpTrace Information: 0 : 20440, 3, 2022/05/13, 13:22:28.896, 712046432378, testhost.net472.x86.exe, AssemblyResolver.OnResolve: Microsoft.Diagnostics.NETCore.Client: Searching in: 'C:\Program Files\dotnet\sdk\6.0.202\TestHost'.
TpTrace Information: 0 : 20440, 3, 2022/05/13, 13:22:28.896, 712046433254, testhost.net472.x86.exe, AssemblyResolver.OnResolve: Microsoft.Diagnostics.NETCore.Client: Assembly path does not exist: 'C:\Program Files\dotnet\sdk\6.0.202\TestHost\Microsoft.Diagnostics.NETCore.Client.dll', returning.
TpTrace Information: 0 : 20440, 3, 2022/05/13, 13:22:28.896, 712046434088, testhost.net472.x86.exe, AssemblyResolver.OnResolve: Microsoft.Diagnostics.NETCore.Client: Assembly path does not exist: 'C:\Program Files\dotnet\sdk\6.0.202\TestHost\Microsoft.Diagnostics.NETCore.Client.exe', returning.
TpTrace Information: 0 : 20440, 3, 2022/05/13, 13:22:28.896, 712046434746, testhost.net472.x86.exe, AssemblyResolver.OnResolve: Microsoft.Diagnostics.NETCore.Client: Failed to load assembly.
TpTrace Verbose: 0 : 20440, 3, 2022/05/13, 13:22:28.896, 712046435370, testhost.net472.x86.exe, CurrentDomainAssemblyResolve: Resolving assembly 'Microsoft.Diagnostics.NETCore.Client'.
TpTrace Information: 0 : 20440, 3, 2022/05/13, 13:22:28.896, 712046436775, testhost.net472.x86.exe, AssemblyResolver.OnResolve: Microsoft.Diagnostics.NETCore.Client: Resolving assembly.
TpTrace Information: 0 : 20440, 3, 2022/05/13, 13:22:28.897, 712046437839, testhost.net472.x86.exe, AssemblyResolver.OnResolve: Microsoft.Diagnostics.NETCore.Client: Resolved from cache.
TpTrace Verbose: 0 : 20440, 3, 2022/05/13, 13:22:28.897, 712046438800, testhost.net472.x86.exe, CurrentDomainAssemblyResolve: Resolving assembly 'Microsoft.Diagnostics.NETCore.Client'.
TpTrace Verbose: 0 : 20440, 3, 2022/05/13, 13:22:28.897, 712046439795, testhost.net472.x86.exe, CurrentDomainAssemblyResolve: Failed to resolve assembly 'Microsoft.Diagnostics.NETCore.Client'.
TpTrace Verbose: 0 : 20440, 3, 2022/05/13, 13:22:28.897, 712046442140, testhost.net472.x86.exe, CurrentDomainAssemblyResolve: Failed to resolve assembly 'Microsoft.Diagnostics.NETCore.Client'.
TpTrace Warning: 0 : 20440, 3, 2022/05/13, 13:22:28.898, 712046447831, testhost.net472.x86.exe, TestPluginDiscoverer: Failed to load extensions from file 'C:\Program Files\dotnet\sdk\6.0.202\Extensions\Microsoft.Diagnostics.NETCore.Client.dll'.  Skipping test extension scan for this file.  Error: System.IO.FileNotFoundException: Не удалось загрузить файл или сборку "Microsoft.Diagnostics.NETCore.Client" либо одну из их зависимостей. Не удается найти указанный файл.
Имя файла: 'Microsoft.Diagnostics.NETCore.Client' ---> System.IO.FileNotFoundException: Не удалось загрузить файл или сборку "Microsoft.Diagnostics.NETCore.Client" либо одну из их зависимостей. Не удается найти указанный файл.
Имя файла: 'Microsoft.Diagnostics.NETCore.Client'
   в System.Reflection.RuntimeAssembly._nLoad(AssemblyName fileName, String codeBase, Evidence assemblySecurity, RuntimeAssembly locationHint, StackCrawlMark& stackMark, IntPtr pPrivHostBinder, Boolean throwOnFileNotFound, Boolean forIntrospection, Boolean suppressSecurityChecks)
   в System.Reflection.RuntimeAssembly.nLoad(AssemblyName fileName, String codeBase, Evidence assemblySecurity, RuntimeAssembly locationHint, StackCrawlMark& stackMark, IntPtr pPrivHostBinder, Boolean throwOnFileNotFound, Boolean forIntrospection, Boolean suppressSecurityChecks)
   в System.Reflection.RuntimeAssembly.InternalLoadAssemblyName(AssemblyName assemblyRef, Evidence assemblySecurity, RuntimeAssembly reqAssembly, StackCrawlMark& stackMark, IntPtr pPrivHostBinder, Boolean throwOnFileNotFound, Boolean forIntrospection, Boolean suppressSecurityChecks)
   в System.Reflection.Assembly.Load(AssemblyName assemblyRef)
   в Microsoft.VisualStudio.TestPlatform.Common.ExtensionFramework.TestPluginCache.CurrentDomainAssemblyResolve(Object sender, AssemblyResolveEventArgs args)
   в Microsoft.VisualStudio.TestPlatform.PlatformAbstractions.PlatformAssemblyResolver.AssemblyResolverEvent(Object sender, Object eventArgs)
   в System.AppDomain.OnAssemblyResolveEvent(RuntimeAssembly assembly, String assemblyFullName)

Предупреждение: регистрация привязки сборок выключена.
Чтобы включить регистрацию ошибок привязки сборок, установите значение параметра реестра [HKLM\Software\Microsoft\Fusion!EnableLog] (DWORD) в 1.
Примечание. Регистрация ошибок привязки сборок может привести к некоторому снижению производительности.
Чтобы отключить эту функцию, удалите параметр реестра [HKLM\Software\Microsoft\Fusion!EnableLog].

   в System.Reflection.RuntimeAssembly._nLoad(AssemblyName fileName, String codeBase, Evidence assemblySecurity, RuntimeAssembly locationHint, StackCrawlMark& stackMark, IntPtr pPrivHostBinder, Boolean throwOnFileNotFound, Boolean forIntrospection, Boolean suppressSecurityChecks)
   в System.Reflection.RuntimeAssembly.nLoad(AssemblyName fileName, String codeBase, Evidence assemblySecurity, RuntimeAssembly locationHint, StackCrawlMark& stackMark, IntPtr pPrivHostBinder, Boolean throwOnFileNotFound, Boolean forIntrospection, Boolean suppressSecurityChecks)
   в System.Reflection.RuntimeAssembly.InternalLoadAssemblyName(AssemblyName assemblyRef, Evidence assemblySecurity, RuntimeAssembly reqAssembly, StackCrawlMark& stackMark, IntPtr pPrivHostBinder, Boolean throwOnFileNotFound, Boolean forIntrospection, Boolean suppressSecurityChecks)
   в System.Reflection.Assembly.Load(AssemblyName assemblyRef)
   в Microsoft.VisualStudio.TestPlatform.Common.ExtensionFramework.TestPluginDiscoverer.GetTestExtensionsFromFiles[TPluginInfo,TExtension](String[] files, Dictionary`2 pluginInfos)


TpTrace Information: 0 : 20440, 3, 2022/05/13, 13:22:28.899, 712046459427, testhost.net472.x86.exe, AssemblyResolver.OnResolve: Microsoft.TestPlatform.Extensions.BlameDataCollector: Resolving assembly.
TpTrace Information: 0 : 20440, 3, 2022/05/13, 13:22:28.899, 712046460849, testhost.net472.x86.exe, AssemblyResolver.OnResolve: Microsoft.TestPlatform.Extensions.BlameDataCollector: Searching in: 'C:\Program Files\dotnet\sdk\6.0.202\Extensions'.
TpTrace Information: 0 : 20440, 3, 2022/05/13, 13:22:28.900, 712046472731, testhost.net472.x86.exe, AssemblyResolver.OnResolve: Microsoft.TestPlatform.Extensions.BlameDataCollector: Loading assembly 'C:\Program Files\dotnet\sdk\6.0.202\Extensions\Microsoft.TestPlatform.Extensions.BlameDataCollector.dll'.
TpTrace Information: 0 : 20440, 3, 2022/05/13, 13:22:28.902, 712046494145, testhost.net472.x86.exe, AssemblyResolver.OnResolve: Microsoft.TestPlatform.Extensions.BlameDataCollector: Failed to load assembly. Reason:System.BadImageFormatException: Не удалось загрузить файл или сборку "Microsoft.TestPlatform.Extensions.BlameDataCollector, Version=15.0.0.0, Culture=neutral, PublicKeyToken=b03f5f7f11d50a3a" либо одну из их зависимостей. Была сделана попытка загрузить программу, имеющую неверный формат.
Имя файла: 'Microsoft.TestPlatform.Extensions.BlameDataCollector, Version=15.0.0.0, Culture=neutral, PublicKeyToken=b03f5f7f11d50a3a'
   в System.Reflection.RuntimeAssembly._nLoad(AssemblyName fileName, String codeBase, Evidence assemblySecurity, RuntimeAssembly locationHint, StackCrawlMark& stackMark, IntPtr pPrivHostBinder, Boolean throwOnFileNotFound, Boolean forIntrospection, Boolean suppressSecurityChecks)
   в System.Reflection.RuntimeAssembly.nLoad(AssemblyName fileName, String codeBase, Evidence assemblySecurity, RuntimeAssembly locationHint, StackCrawlMark& stackMark, IntPtr pPrivHostBinder, Boolean throwOnFileNotFound, Boolean forIntrospection, Boolean suppressSecurityChecks)
   в System.Reflection.RuntimeAssembly.InternalLoadAssemblyName(AssemblyName assemblyRef, Evidence assemblySecurity, RuntimeAssembly reqAssembly, StackCrawlMark& stackMark, IntPtr pPrivHostBinder, Boolean throwOnFileNotFound, Boolean forIntrospection, Boolean suppressSecurityChecks)
   в System.Reflection.RuntimeAssembly.InternalLoadFrom(String assemblyFile, Evidence securityEvidence, Byte[] hashValue, AssemblyHashAlgorithm hashAlgorithm, Boolean forIntrospection, Boolean suppressSecurityChecks, StackCrawlMark& stackMark)
   в System.Reflection.Assembly.LoadFrom(String assemblyFile)
   в Microsoft.VisualStudio.TestPlatform.PlatformAbstractions.PlatformAssemblyLoadContext.LoadAssemblyFromPath(String assemblyPath)
   в Microsoft.VisualStudio.TestPlatform.Common.Utilities.AssemblyResolver.OnResolve(Object sender, AssemblyResolveEventArgs args)

 
TpTrace Information: 0 : 20440, 3, 2022/05/13, 13:22:28.902, 712046495544, testhost.net472.x86.exe, AssemblyResolver.OnResolve: Microsoft.TestPlatform.Extensions.BlameDataCollector: Assembly path does not exist: 'C:\Program Files\dotnet\sdk\6.0.202\Extensions\Microsoft.TestPlatform.Extensions.BlameDataCollector.exe', returning.
TpTrace Information: 0 : 20440, 3, 2022/05/13, 13:22:28.902, 712046496256, testhost.net472.x86.exe, AssemblyResolver.OnResolve: Microsoft.TestPlatform.Extensions.BlameDataCollector: Searching in: 'E:\CS\APPZ\lab_4\TestingBussinesLogic\bin\Debug\net472\fine-code-coverage\build-output'.
TpTrace Information: 0 : 20440, 3, 2022/05/13, 13:22:28.902, 712046497115, testhost.net472.x86.exe, AssemblyResolver.OnResolve: Microsoft.TestPlatform.Extensions.BlameDataCollector: Assembly path does not exist: 'E:\CS\APPZ\lab_4\TestingBussinesLogic\bin\Debug\net472\fine-code-coverage\build-output\Microsoft.TestPlatform.Extensions.BlameDataCollector.dll', returning.
TpTrace Information: 0 : 20440, 3, 2022/05/13, 13:22:28.903, 712046498006, testhost.net472.x86.exe, AssemblyResolver.OnResolve: Microsoft.TestPlatform.Extensions.BlameDataCollector: Assembly path does not exist: 'E:\CS\APPZ\lab_4\TestingBussinesLogic\bin\Debug\net472\fine-code-coverage\build-output\Microsoft.TestPlatform.Extensions.BlameDataCollector.exe', returning.
TpTrace Information: 0 : 20440, 3, 2022/05/13, 13:22:28.903, 712046498702, testhost.net472.x86.exe, AssemblyResolver.OnResolve: Microsoft.TestPlatform.Extensions.BlameDataCollector: Searching in: 'C:\Program Files\dotnet\sdk\6.0.202\TestHost'.
TpTrace Information: 0 : 20440, 3, 2022/05/13, 13:22:28.903, 712046499625, testhost.net472.x86.exe, AssemblyResolver.OnResolve: Microsoft.TestPlatform.Extensions.BlameDataCollector: Assembly path does not exist: 'C:\Program Files\dotnet\sdk\6.0.202\TestHost\Microsoft.TestPlatform.Extensions.BlameDataCollector.dll', returning.
TpTrace Information: 0 : 20440, 3, 2022/05/13, 13:22:28.903, 712046500568, testhost.net472.x86.exe, AssemblyResolver.OnResolve: Microsoft.TestPlatform.Extensions.BlameDataCollector: Assembly path does not exist: 'C:\Program Files\dotnet\sdk\6.0.202\TestHost\Microsoft.TestPlatform.Extensions.BlameDataCollector.exe', returning.
TpTrace Information: 0 : 20440, 3, 2022/05/13, 13:22:28.903, 712046501178, testhost.net472.x86.exe, AssemblyResolver.OnResolve: Microsoft.TestPlatform.Extensions.BlameDataCollector: Failed to load assembly.
TpTrace Verbose: 0 : 20440, 3, 2022/05/13, 13:22:28.903, 712046501882, testhost.net472.x86.exe, CurrentDomainAssemblyResolve: Resolving assembly 'Microsoft.TestPlatform.Extensions.BlameDataCollector'.
TpTrace Information: 0 : 20440, 3, 2022/05/13, 13:22:28.903, 712046503394, testhost.net472.x86.exe, AssemblyResolver.OnResolve: Microsoft.TestPlatform.Extensions.BlameDataCollector: Resolving assembly.
TpTrace Information: 0 : 20440, 3, 2022/05/13, 13:22:28.903, 712046504013, testhost.net472.x86.exe, AssemblyResolver.OnResolve: Microsoft.TestPlatform.Extensions.BlameDataCollector: Resolved from cache.
TpTrace Verbose: 0 : 20440, 3, 2022/05/13, 13:22:28.903, 712046504683, testhost.net472.x86.exe, CurrentDomainAssemblyResolve: Resolving assembly 'Microsoft.TestPlatform.Extensions.BlameDataCollector'.
TpTrace Verbose: 0 : 20440, 3, 2022/05/13, 13:22:28.903, 712046505257, testhost.net472.x86.exe, CurrentDomainAssemblyResolve: Failed to resolve assembly 'Microsoft.TestPlatform.Extensions.BlameDataCollector'.
TpTrace Verbose: 0 : 20440, 3, 2022/05/13, 13:22:28.903, 712046506481, testhost.net472.x86.exe, CurrentDomainAssemblyResolve: Failed to resolve assembly 'Microsoft.TestPlatform.Extensions.BlameDataCollector'.
TpTrace Warning: 0 : 20440, 3, 2022/05/13, 13:22:28.904, 712046509280, testhost.net472.x86.exe, TestPluginDiscoverer: Failed to load extensions from file 'C:\Program Files\dotnet\sdk\6.0.202\Extensions\Microsoft.TestPlatform.Extensions.BlameDataCollector.dll'.  Skipping test extension scan for this file.  Error: System.IO.FileNotFoundException: Не удалось загрузить файл или сборку "Microsoft.TestPlatform.Extensions.BlameDataCollector" либо одну из их зависимостей. Не удается найти указанный файл.
Имя файла: 'Microsoft.TestPlatform.Extensions.BlameDataCollector' ---> System.IO.FileNotFoundException: Не удалось загрузить файл или сборку "Microsoft.TestPlatform.Extensions.BlameDataCollector" либо одну из их зависимостей. Не удается найти указанный файл.
Имя файла: 'Microsoft.TestPlatform.Extensions.BlameDataCollector'
   в System.Reflection.RuntimeAssembly._nLoad(AssemblyName fileName, String codeBase, Evidence assemblySecurity, RuntimeAssembly locationHint, StackCrawlMark& stackMark, IntPtr pPrivHostBinder, Boolean throwOnFileNotFound, Boolean forIntrospection, Boolean suppressSecurityChecks)
   в System.Reflection.RuntimeAssembly.nLoad(AssemblyName fileName, String codeBase, Evidence assemblySecurity, RuntimeAssembly locationHint, StackCrawlMark& stackMark, IntPtr pPrivHostBinder, Boolean throwOnFileNotFound, Boolean forIntrospection, Boolean suppressSecurityChecks)
   в System.Reflection.RuntimeAssembly.InternalLoadAssemblyName(AssemblyName assemblyRef, Evidence assemblySecurity, RuntimeAssembly reqAssembly, StackCrawlMark& stackMark, IntPtr pPrivHostBinder, Boolean throwOnFileNotFound, Boolean forIntrospection, Boolean suppressSecurityChecks)
   в System.Reflection.Assembly.Load(AssemblyName assemblyRef)
   в Microsoft.VisualStudio.TestPlatform.Common.ExtensionFramework.TestPluginCache.CurrentDomainAssemblyResolve(Object sender, AssemblyResolveEventArgs args)
   в Microsoft.VisualStudio.TestPlatform.PlatformAbstractions.PlatformAssemblyResolver.AssemblyResolverEvent(Object sender, Object eventArgs)
   в System.AppDomain.OnAssemblyResolveEvent(RuntimeAssembly assembly, String assemblyFullName)

Предупреждение: регистрация привязки сборок выключена.
Чтобы включить регистрацию ошибок привязки сборок, установите значение параметра реестра [HKLM\Software\Microsoft\Fusion!EnableLog] (DWORD) в 1.
Примечание. Регистрация ошибок привязки сборок может привести к некоторому снижению производительности.
Чтобы отключить эту функцию, удалите параметр реестра [HKLM\Software\Microsoft\Fusion!EnableLog].

   в System.Reflection.RuntimeAssembly._nLoad(AssemblyName fileName, String codeBase, Evidence assemblySecurity, RuntimeAssembly locationHint, StackCrawlMark& stackMark, IntPtr pPrivHostBinder, Boolean throwOnFileNotFound, Boolean forIntrospection, Boolean suppressSecurityChecks)
   в System.Reflection.RuntimeAssembly.nLoad(AssemblyName fileName, String codeBase, Evidence assemblySecurity, RuntimeAssembly locationHint, StackCrawlMark& stackMark, IntPtr pPrivHostBinder, Boolean throwOnFileNotFound, Boolean forIntrospection, Boolean suppressSecurityChecks)
   в System.Reflection.RuntimeAssembly.InternalLoadAssemblyName(AssemblyName assemblyRef, Evidence assemblySecurity, RuntimeAssembly reqAssembly, StackCrawlMark& stackMark, IntPtr pPrivHostBinder, Boolean throwOnFileNotFound, Boolean forIntrospection, Boolean suppressSecurityChecks)
   в System.Reflection.Assembly.Load(AssemblyName assemblyRef)
   в Microsoft.VisualStudio.TestPlatform.Common.ExtensionFramework.TestPluginDiscoverer.GetTestExtensionsFromFiles[TPluginInfo,TExtension](String[] files, Dictionary`2 pluginInfos)


TpTrace Information: 0 : 20440, 3, 2022/05/13, 13:22:28.904, 712046514748, testhost.net472.x86.exe, AssemblyResolver.OnResolve: Microsoft.TestPlatform.Extensions.EventLogCollector: Resolving assembly.
TpTrace Information: 0 : 20440, 3, 2022/05/13, 13:22:28.904, 712046515553, testhost.net472.x86.exe, AssemblyResolver.OnResolve: Microsoft.TestPlatform.Extensions.EventLogCollector: Searching in: 'C:\Program Files\dotnet\sdk\6.0.202\Extensions'.
TpTrace Information: 0 : 20440, 3, 2022/05/13, 13:22:28.905, 712046521343, testhost.net472.x86.exe, AssemblyResolver.OnResolve: Microsoft.TestPlatform.Extensions.EventLogCollector: Loading assembly 'C:\Program Files\dotnet\sdk\6.0.202\Extensions\Microsoft.TestPlatform.Extensions.EventLogCollector.dll'.
TpTrace Information: 0 : 20440, 3, 2022/05/13, 13:22:28.906, 712046535279, testhost.net472.x86.exe, AssemblyResolver.OnResolve: Resolved assembly: Microsoft.TestPlatform.Extensions.EventLogCollector, from path: C:\Program Files\dotnet\sdk\6.0.202\Extensions\Microsoft.TestPlatform.Extensions.EventLogCollector.dll
TpTrace Information: 0 : 20440, 3, 2022/05/13, 13:22:28.909, 712046574329, testhost.net472.x86.exe, AssemblyResolver.OnResolve: Microsoft.TestPlatform.TestHostRuntimeProvider: Resolving assembly.
TpTrace Information: 0 : 20440, 3, 2022/05/13, 13:22:28.909, 712046575266, testhost.net472.x86.exe, AssemblyResolver.OnResolve: Microsoft.TestPlatform.TestHostRuntimeProvider: Searching in: 'C:\Program Files\dotnet\sdk\6.0.202\Extensions'.
TpTrace Information: 0 : 20440, 3, 2022/05/13, 13:22:28.910, 712046583036, testhost.net472.x86.exe, AssemblyResolver.OnResolve: Microsoft.TestPlatform.TestHostRuntimeProvider: Loading assembly 'C:\Program Files\dotnet\sdk\6.0.202\Extensions\Microsoft.TestPlatform.TestHostRuntimeProvider.dll'.
TpTrace Information: 0 : 20440, 3, 2022/05/13, 13:22:28.912, 712046603406, testhost.net472.x86.exe, AssemblyResolver.OnResolve: Microsoft.TestPlatform.TestHostRuntimeProvider: Failed to load assembly. Reason:System.BadImageFormatException: Не удалось загрузить файл или сборку "Microsoft.TestPlatform.TestHostRuntimeProvider, Version=15.0.0.0, Culture=neutral, PublicKeyToken=b03f5f7f11d50a3a" либо одну из их зависимостей. Была сделана попытка загрузить программу, имеющую неверный формат.
Имя файла: 'Microsoft.TestPlatform.TestHostRuntimeProvider, Version=15.0.0.0, Culture=neutral, PublicKeyToken=b03f5f7f11d50a3a'
   в System.Reflection.RuntimeAssembly._nLoad(AssemblyName fileName, String codeBase, Evidence assemblySecurity, RuntimeAssembly locationHint, StackCrawlMark& stackMark, IntPtr pPrivHostBinder, Boolean throwOnFileNotFound, Boolean forIntrospection, Boolean suppressSecurityChecks)
   в System.Reflection.RuntimeAssembly.nLoad(AssemblyName fileName, String codeBase, Evidence assemblySecurity, RuntimeAssembly locationHint, StackCrawlMark& stackMark, IntPtr pPrivHostBinder, Boolean throwOnFileNotFound, Boolean forIntrospection, Boolean suppressSecurityChecks)
   в System.Reflection.RuntimeAssembly.InternalLoadAssemblyName(AssemblyName assemblyRef, Evidence assemblySecurity, RuntimeAssembly reqAssembly, StackCrawlMark& stackMark, IntPtr pPrivHostBinder, Boolean throwOnFileNotFound, Boolean forIntrospection, Boolean suppressSecurityChecks)
   в System.Reflection.RuntimeAssembly.InternalLoadFrom(String assemblyFile, Evidence securityEvidence, Byte[] hashValue, AssemblyHashAlgorithm hashAlgorithm, Boolean forIntrospection, Boolean suppressSecurityChecks, StackCrawlMark& stackMark)
   в System.Reflection.Assembly.LoadFrom(String assemblyFile)
   в Microsoft.VisualStudio.TestPlatform.PlatformAbstractions.PlatformAssemblyLoadContext.LoadAssemblyFromPath(String assemblyPath)
   в Microsoft.VisualStudio.TestPlatform.Common.Utilities.AssemblyResolver.OnResolve(Object sender, AssemblyResolveEventArgs args)

 
TpTrace Information: 0 : 20440, 3, 2022/05/13, 13:22:28.912, 712046604804, testhost.net472.x86.exe, AssemblyResolver.OnResolve: Microsoft.TestPlatform.TestHostRuntimeProvider: Assembly path does not exist: 'C:\Program Files\dotnet\sdk\6.0.202\Extensions\Microsoft.TestPlatform.TestHostRuntimeProvider.exe', returning.
TpTrace Information: 0 : 20440, 3, 2022/05/13, 13:22:28.912, 712046605464, testhost.net472.x86.exe, AssemblyResolver.OnResolve: Microsoft.TestPlatform.TestHostRuntimeProvider: Searching in: 'E:\CS\APPZ\lab_4\TestingBussinesLogic\bin\Debug\net472\fine-code-coverage\build-output'.
TpTrace Information: 0 : 20440, 3, 2022/05/13, 13:22:28.913, 712046607387, testhost.net472.x86.exe, AssemblyResolver.OnResolve: Microsoft.TestPlatform.TestHostRuntimeProvider: Assembly path does not exist: 'E:\CS\APPZ\lab_4\TestingBussinesLogic\bin\Debug\net472\fine-code-coverage\build-output\Microsoft.TestPlatform.TestHostRuntimeProvider.dll', returning.
TpTrace Information: 0 : 20440, 3, 2022/05/13, 13:22:28.913, 712046608671, testhost.net472.x86.exe, AssemblyResolver.OnResolve: Microsoft.TestPlatform.TestHostRuntimeProvider: Assembly path does not exist: 'E:\CS\APPZ\lab_4\TestingBussinesLogic\bin\Debug\net472\fine-code-coverage\build-output\Microsoft.TestPlatform.TestHostRuntimeProvider.exe', returning.
TpTrace Information: 0 : 20440, 3, 2022/05/13, 13:22:28.913, 712046609320, testhost.net472.x86.exe, AssemblyResolver.OnResolve: Microsoft.TestPlatform.TestHostRuntimeProvider: Searching in: 'C:\Program Files\dotnet\sdk\6.0.202\TestHost'.
TpTrace Information: 0 : 20440, 3, 2022/05/13, 13:22:28.913, 712046610300, testhost.net472.x86.exe, AssemblyResolver.OnResolve: Microsoft.TestPlatform.TestHostRuntimeProvider: Assembly path does not exist: 'C:\Program Files\dotnet\sdk\6.0.202\TestHost\Microsoft.TestPlatform.TestHostRuntimeProvider.dll', returning.
TpTrace Information: 0 : 20440, 3, 2022/05/13, 13:22:28.913, 712046611222, testhost.net472.x86.exe, AssemblyResolver.OnResolve: Microsoft.TestPlatform.TestHostRuntimeProvider: Assembly path does not exist: 'C:\Program Files\dotnet\sdk\6.0.202\TestHost\Microsoft.TestPlatform.TestHostRuntimeProvider.exe', returning.
TpTrace Information: 0 : 20440, 3, 2022/05/13, 13:22:28.913, 712046613080, testhost.net472.x86.exe, AssemblyResolver.OnResolve: Microsoft.TestPlatform.TestHostRuntimeProvider: Failed to load assembly.
TpTrace Verbose: 0 : 20440, 3, 2022/05/13, 13:22:28.913, 712046614898, testhost.net472.x86.exe, CurrentDomainAssemblyResolve: Resolving assembly 'Microsoft.TestPlatform.TestHostRuntimeProvider'.
TpTrace Information: 0 : 20440, 3, 2022/05/13, 13:22:28.914, 712046616799, testhost.net472.x86.exe, AssemblyResolver.OnResolve: Microsoft.TestPlatform.TestHostRuntimeProvider: Resolving assembly.
TpTrace Information: 0 : 20440, 3, 2022/05/13, 13:22:28.914, 712046617659, testhost.net472.x86.exe, AssemblyResolver.OnResolve: Microsoft.TestPlatform.TestHostRuntimeProvider: Resolved from cache.
TpTrace Verbose: 0 : 20440, 3, 2022/05/13, 13:22:28.914, 712046618289, testhost.net472.x86.exe, CurrentDomainAssemblyResolve: Resolving assembly 'Microsoft.TestPlatform.TestHostRuntimeProvider'.
TpTrace Verbose: 0 : 20440, 3, 2022/05/13, 13:22:28.914, 712046618866, testhost.net472.x86.exe, CurrentDomainAssemblyResolve: Failed to resolve assembly 'Microsoft.TestPlatform.TestHostRuntimeProvider'.
TpTrace Verbose: 0 : 20440, 3, 2022/05/13, 13:22:28.914, 712046620292, testhost.net472.x86.exe, CurrentDomainAssemblyResolve: Failed to resolve assembly 'Microsoft.TestPlatform.TestHostRuntimeProvider'.
TpTrace Warning: 0 : 20440, 3, 2022/05/13, 13:22:28.914, 712046624173, testhost.net472.x86.exe, TestPluginDiscoverer: Failed to load extensions from file 'C:\Program Files\dotnet\sdk\6.0.202\Extensions\Microsoft.TestPlatform.TestHostRuntimeProvider.dll'.  Skipping test extension scan for this file.  Error: System.IO.FileNotFoundException: Не удалось загрузить файл или сборку "Microsoft.TestPlatform.TestHostRuntimeProvider" либо одну из их зависимостей. Не удается найти указанный файл.
Имя файла: 'Microsoft.TestPlatform.TestHostRuntimeProvider' ---> System.IO.FileNotFoundException: Не удалось загрузить файл или сборку "Microsoft.TestPlatform.TestHostRuntimeProvider" либо одну из их зависимостей. Не удается найти указанный файл.
Имя файла: 'Microsoft.TestPlatform.TestHostRuntimeProvider'
   в System.Reflection.RuntimeAssembly._nLoad(AssemblyName fileName, String codeBase, Evidence assemblySecurity, RuntimeAssembly locationHint, StackCrawlMark& stackMark, IntPtr pPrivHostBinder, Boolean throwOnFileNotFound, Boolean forIntrospection, Boolean suppressSecurityChecks)
   в System.Reflection.RuntimeAssembly.nLoad(AssemblyName fileName, String codeBase, Evidence assemblySecurity, RuntimeAssembly locationHint, StackCrawlMark& stackMark, IntPtr pPrivHostBinder, Boolean throwOnFileNotFound, Boolean forIntrospection, Boolean suppressSecurityChecks)
   в System.Reflection.RuntimeAssembly.InternalLoadAssemblyName(AssemblyName assemblyRef, Evidence assemblySecurity, RuntimeAssembly reqAssembly, StackCrawlMark& stackMark, IntPtr pPrivHostBinder, Boolean throwOnFileNotFound, Boolean forIntrospection, Boolean suppressSecurityChecks)
   в System.Reflection.Assembly.Load(AssemblyName assemblyRef)
   в Microsoft.VisualStudio.TestPlatform.Common.ExtensionFramework.TestPluginCache.CurrentDomainAssemblyResolve(Object sender, AssemblyResolveEventArgs args)
   в Microsoft.VisualStudio.TestPlatform.PlatformAbstractions.PlatformAssemblyResolver.AssemblyResolverEvent(Object sender, Object eventArgs)
   в System.AppDomain.OnAssemblyResolveEvent(RuntimeAssembly assembly, String assemblyFullName)

Предупреждение: регистрация привязки сборок выключена.
Чтобы включить регистрацию ошибок привязки сборок, установите значение параметра реестра [HKLM\Software\Microsoft\Fusion!EnableLog] (DWORD) в 1.
Примечание. Регистрация ошибок привязки сборок может привести к некоторому снижению производительности.
Чтобы отключить эту функцию, удалите параметр реестра [HKLM\Software\Microsoft\Fusion!EnableLog].

   в System.Reflection.RuntimeAssembly._nLoad(AssemblyName fileName, String codeBase, Evidence assemblySecurity, RuntimeAssembly locationHint, StackCrawlMark& stackMark, IntPtr pPrivHostBinder, Boolean throwOnFileNotFound, Boolean forIntrospection, Boolean suppressSecurityChecks)
   в System.Reflection.RuntimeAssembly.nLoad(AssemblyName fileName, String codeBase, Evidence assemblySecurity, RuntimeAssembly locationHint, StackCrawlMark& stackMark, IntPtr pPrivHostBinder, Boolean throwOnFileNotFound, Boolean forIntrospection, Boolean suppressSecurityChecks)
   в System.Reflection.RuntimeAssembly.InternalLoadAssemblyName(AssemblyName assemblyRef, Evidence assemblySecurity, RuntimeAssembly reqAssembly, StackCrawlMark& stackMark, IntPtr pPrivHostBinder, Boolean throwOnFileNotFound, Boolean forIntrospection, Boolean suppressSecurityChecks)
   в System.Reflection.Assembly.Load(AssemblyName assemblyRef)
   в Microsoft.VisualStudio.TestPlatform.Common.ExtensionFramework.TestPluginDiscoverer.GetTestExtensionsFromFiles[TPluginInfo,TExtension](String[] files, Dictionary`2 pluginInfos)


TpTrace Information: 0 : 20440, 3, 2022/05/13, 13:22:28.917, 712046649702, testhost.net472.x86.exe, AssemblyResolver.OnResolve: Microsoft.VisualStudio.TestPlatform.Extensions.Html.TestLogger: Resolving assembly.
TpTrace Information: 0 : 20440, 3, 2022/05/13, 13:22:28.917, 712046650616, testhost.net472.x86.exe, AssemblyResolver.OnResolve: Microsoft.VisualStudio.TestPlatform.Extensions.Html.TestLogger: Searching in: 'C:\Program Files\dotnet\sdk\6.0.202\Extensions'.
TpTrace Information: 0 : 20440, 3, 2022/05/13, 13:22:28.918, 712046659049, testhost.net472.x86.exe, AssemblyResolver.OnResolve: Microsoft.VisualStudio.TestPlatform.Extensions.Html.TestLogger: Loading assembly 'C:\Program Files\dotnet\sdk\6.0.202\Extensions\Microsoft.VisualStudio.TestPlatform.Extensions.Html.TestLogger.dll'.
TpTrace Information: 0 : 20440, 3, 2022/05/13, 13:22:28.920, 712046678380, testhost.net472.x86.exe, AssemblyResolver.OnResolve: Microsoft.VisualStudio.TestPlatform.Extensions.Html.TestLogger: Failed to load assembly. Reason:System.BadImageFormatException: Не удалось загрузить файл или сборку "Microsoft.VisualStudio.TestPlatform.Extensions.Html.TestLogger, Version=15.0.0.0, Culture=neutral, PublicKeyToken=b03f5f7f11d50a3a" либо одну из их зависимостей. Была сделана попытка загрузить программу, имеющую неверный формат.
Имя файла: 'Microsoft.VisualStudio.TestPlatform.Extensions.Html.TestLogger, Version=15.0.0.0, Culture=neutral, PublicKeyToken=b03f5f7f11d50a3a'
   в System.Reflection.RuntimeAssembly._nLoad(AssemblyName fileName, String codeBase, Evidence assemblySecurity, RuntimeAssembly locationHint, StackCrawlMark& stackMark, IntPtr pPrivHostBinder, Boolean throwOnFileNotFound, Boolean forIntrospection, Boolean suppressSecurityChecks)
   в System.Reflection.RuntimeAssembly.nLoad(AssemblyName fileName, String codeBase, Evidence assemblySecurity, RuntimeAssembly locationHint, StackCrawlMark& stackMark, IntPtr pPrivHostBinder, Boolean throwOnFileNotFound, Boolean forIntrospection, Boolean suppressSecurityChecks)
   в System.Reflection.RuntimeAssembly.InternalLoadAssemblyName(AssemblyName assemblyRef, Evidence assemblySecurity, RuntimeAssembly reqAssembly, StackCrawlMark& stackMark, IntPtr pPrivHostBinder, Boolean throwOnFileNotFound, Boolean forIntrospection, Boolean suppressSecurityChecks)
   в System.Reflection.RuntimeAssembly.InternalLoadFrom(String assemblyFile, Evidence securityEvidence, Byte[] hashValue, AssemblyHashAlgorithm hashAlgorithm, Boolean forIntrospection, Boolean suppressSecurityChecks, StackCrawlMark& stackMark)
   в System.Reflection.Assembly.LoadFrom(String assemblyFile)
   в Microsoft.VisualStudio.TestPlatform.PlatformAbstractions.PlatformAssemblyLoadContext.LoadAssemblyFromPath(String assemblyPath)
   в Microsoft.VisualStudio.TestPlatform.Common.Utilities.AssemblyResolver.OnResolve(Object sender, AssemblyResolveEventArgs args)

 
TpTrace Information: 0 : 20440, 3, 2022/05/13, 13:22:28.920, 712046679657, testhost.net472.x86.exe, AssemblyResolver.OnResolve: Microsoft.VisualStudio.TestPlatform.Extensions.Html.TestLogger: Assembly path does not exist: 'C:\Program Files\dotnet\sdk\6.0.202\Extensions\Microsoft.VisualStudio.TestPlatform.Extensions.Html.TestLogger.exe', returning.
TpTrace Information: 0 : 20440, 3, 2022/05/13, 13:22:28.920, 712046680322, testhost.net472.x86.exe, AssemblyResolver.OnResolve: Microsoft.VisualStudio.TestPlatform.Extensions.Html.TestLogger: Searching in: 'E:\CS\APPZ\lab_4\TestingBussinesLogic\bin\Debug\net472\fine-code-coverage\build-output'.
TpTrace Information: 0 : 20440, 3, 2022/05/13, 13:22:28.920, 712046681298, testhost.net472.x86.exe, AssemblyResolver.OnResolve: Microsoft.VisualStudio.TestPlatform.Extensions.Html.TestLogger: Assembly path does not exist: 'E:\CS\APPZ\lab_4\TestingBussinesLogic\bin\Debug\net472\fine-code-coverage\build-output\Microsoft.VisualStudio.TestPlatform.Extensions.Html.TestLogger.dll', returning.
TpTrace Information: 0 : 20440, 3, 2022/05/13, 13:22:28.920, 712046682085, testhost.net472.x86.exe, AssemblyResolver.OnResolve: Microsoft.VisualStudio.TestPlatform.Extensions.Html.TestLogger: Assembly path does not exist: 'E:\CS\APPZ\lab_4\TestingBussinesLogic\bin\Debug\net472\fine-code-coverage\build-output\Microsoft.VisualStudio.TestPlatform.Extensions.Html.TestLogger.exe', returning.
TpTrace Information: 0 : 20440, 3, 2022/05/13, 13:22:28.920, 712046682821, testhost.net472.x86.exe, AssemblyResolver.OnResolve: Microsoft.VisualStudio.TestPlatform.Extensions.Html.TestLogger: Searching in: 'C:\Program Files\dotnet\sdk\6.0.202\TestHost'.
TpTrace Information: 0 : 20440, 3, 2022/05/13, 13:22:28.920, 712046683689, testhost.net472.x86.exe, AssemblyResolver.OnResolve: Microsoft.VisualStudio.TestPlatform.Extensions.Html.TestLogger: Assembly path does not exist: 'C:\Program Files\dotnet\sdk\6.0.202\TestHost\Microsoft.VisualStudio.TestPlatform.Extensions.Html.TestLogger.dll', returning.
TpTrace Information: 0 : 20440, 3, 2022/05/13, 13:22:28.920, 712046684577, testhost.net472.x86.exe, AssemblyResolver.OnResolve: Microsoft.VisualStudio.TestPlatform.Extensions.Html.TestLogger: Assembly path does not exist: 'C:\Program Files\dotnet\sdk\6.0.202\TestHost\Microsoft.VisualStudio.TestPlatform.Extensions.Html.TestLogger.exe', returning.
TpTrace Information: 0 : 20440, 3, 2022/05/13, 13:22:28.920, 712046685198, testhost.net472.x86.exe, AssemblyResolver.OnResolve: Microsoft.VisualStudio.TestPlatform.Extensions.Html.TestLogger: Failed to load assembly.
TpTrace Verbose: 0 : 20440, 3, 2022/05/13, 13:22:28.921, 712046685879, testhost.net472.x86.exe, CurrentDomainAssemblyResolve: Resolving assembly 'Microsoft.VisualStudio.TestPlatform.Extensions.Html.TestLogger'.
TpTrace Information: 0 : 20440, 3, 2022/05/13, 13:22:28.921, 712046687413, testhost.net472.x86.exe, AssemblyResolver.OnResolve: Microsoft.VisualStudio.TestPlatform.Extensions.Html.TestLogger: Resolving assembly.
TpTrace Information: 0 : 20440, 3, 2022/05/13, 13:22:28.921, 712046688032, testhost.net472.x86.exe, AssemblyResolver.OnResolve: Microsoft.VisualStudio.TestPlatform.Extensions.Html.TestLogger: Resolved from cache.
TpTrace Verbose: 0 : 20440, 3, 2022/05/13, 13:22:28.921, 712046688656, testhost.net472.x86.exe, CurrentDomainAssemblyResolve: Resolving assembly 'Microsoft.VisualStudio.TestPlatform.Extensions.Html.TestLogger'.
TpTrace Verbose: 0 : 20440, 3, 2022/05/13, 13:22:28.921, 712046689223, testhost.net472.x86.exe, CurrentDomainAssemblyResolve: Failed to resolve assembly 'Microsoft.VisualStudio.TestPlatform.Extensions.Html.TestLogger'.
TpTrace Verbose: 0 : 20440, 3, 2022/05/13, 13:22:28.921, 712046690401, testhost.net472.x86.exe, CurrentDomainAssemblyResolve: Failed to resolve assembly 'Microsoft.VisualStudio.TestPlatform.Extensions.Html.TestLogger'.
TpTrace Warning: 0 : 20440, 3, 2022/05/13, 13:22:28.921, 712046693067, testhost.net472.x86.exe, TestPluginDiscoverer: Failed to load extensions from file 'C:\Program Files\dotnet\sdk\6.0.202\Extensions\Microsoft.VisualStudio.TestPlatform.Extensions.Html.TestLogger.dll'.  Skipping test extension scan for this file.  Error: System.IO.FileNotFoundException: Не удалось загрузить файл или сборку "Microsoft.VisualStudio.TestPlatform.Extensions.Html.TestLogger" либо одну из их зависимостей. Не удается найти указанный файл.
Имя файла: 'Microsoft.VisualStudio.TestPlatform.Extensions.Html.TestLogger' ---> System.IO.FileNotFoundException: Не удалось загрузить файл или сборку "Microsoft.VisualStudio.TestPlatform.Extensions.Html.TestLogger" либо одну из их зависимостей. Не удается найти указанный файл.
Имя файла: 'Microsoft.VisualStudio.TestPlatform.Extensions.Html.TestLogger'
   в System.Reflection.RuntimeAssembly._nLoad(AssemblyName fileName, String codeBase, Evidence assemblySecurity, RuntimeAssembly locationHint, StackCrawlMark& stackMark, IntPtr pPrivHostBinder, Boolean throwOnFileNotFound, Boolean forIntrospection, Boolean suppressSecurityChecks)
   в System.Reflection.RuntimeAssembly.nLoad(AssemblyName fileName, String codeBase, Evidence assemblySecurity, RuntimeAssembly locationHint, StackCrawlMark& stackMark, IntPtr pPrivHostBinder, Boolean throwOnFileNotFound, Boolean forIntrospection, Boolean suppressSecurityChecks)
   в System.Reflection.RuntimeAssembly.InternalLoadAssemblyName(AssemblyName assemblyRef, Evidence assemblySecurity, RuntimeAssembly reqAssembly, StackCrawlMark& stackMark, IntPtr pPrivHostBinder, Boolean throwOnFileNotFound, Boolean forIntrospection, Boolean suppressSecurityChecks)
   в System.Reflection.Assembly.Load(AssemblyName assemblyRef)
   в Microsoft.VisualStudio.TestPlatform.Common.ExtensionFramework.TestPluginCache.CurrentDomainAssemblyResolve(Object sender, AssemblyResolveEventArgs args)
   в Microsoft.VisualStudio.TestPlatform.PlatformAbstractions.PlatformAssemblyResolver.AssemblyResolverEvent(Object sender, Object eventArgs)
   в System.AppDomain.OnAssemblyResolveEvent(RuntimeAssembly assembly, String assemblyFullName)

Предупреждение: регистрация привязки сборок выключена.
Чтобы включить регистрацию ошибок привязки сборок, установите значение параметра реестра [HKLM\Software\Microsoft\Fusion!EnableLog] (DWORD) в 1.
Примечание. Регистрация ошибок привязки сборок может привести к некоторому снижению производительности.
Чтобы отключить эту функцию, удалите параметр реестра [HKLM\Software\Microsoft\Fusion!EnableLog].

   в System.Reflection.RuntimeAssembly._nLoad(AssemblyName fileName, String codeBase, Evidence assemblySecurity, RuntimeAssembly locationHint, StackCrawlMark& stackMark, IntPtr pPrivHostBinder, Boolean throwOnFileNotFound, Boolean forIntrospection, Boolean suppressSecurityChecks)
   в System.Reflection.RuntimeAssembly.nLoad(AssemblyName fileName, String codeBase, Evidence assemblySecurity, RuntimeAssembly locationHint, StackCrawlMark& stackMark, IntPtr pPrivHostBinder, Boolean throwOnFileNotFound, Boolean forIntrospection, Boolean suppressSecurityChecks)
   в System.Reflection.RuntimeAssembly.InternalLoadAssemblyName(AssemblyName assemblyRef, Evidence assemblySecurity, RuntimeAssembly reqAssembly, StackCrawlMark& stackMark, IntPtr pPrivHostBinder, Boolean throwOnFileNotFound, Boolean forIntrospection, Boolean suppressSecurityChecks)
   в System.Reflection.Assembly.Load(AssemblyName assemblyRef)
   в Microsoft.VisualStudio.TestPlatform.Common.ExtensionFramework.TestPluginDiscoverer.GetTestExtensionsFromFiles[TPluginInfo,TExtension](String[] files, Dictionary`2 pluginInfos)


TpTrace Information: 0 : 20440, 3, 2022/05/13, 13:22:28.922, 712046699180, testhost.net472.x86.exe, AssemblyResolver.OnResolve: Microsoft.VisualStudio.TestPlatform.Extensions.Trx.TestLogger: Resolving assembly.
TpTrace Information: 0 : 20440, 3, 2022/05/13, 13:22:28.922, 712046699925, testhost.net472.x86.exe, AssemblyResolver.OnResolve: Microsoft.VisualStudio.TestPlatform.Extensions.Trx.TestLogger: Searching in: 'C:\Program Files\dotnet\sdk\6.0.202\Extensions'.
TpTrace Information: 0 : 20440, 3, 2022/05/13, 13:22:28.923, 712046710033, testhost.net472.x86.exe, AssemblyResolver.OnResolve: Microsoft.VisualStudio.TestPlatform.Extensions.Trx.TestLogger: Loading assembly 'C:\Program Files\dotnet\sdk\6.0.202\Extensions\Microsoft.VisualStudio.TestPlatform.Extensions.Trx.TestLogger.dll'.
TpTrace Information: 0 : 20440, 3, 2022/05/13, 13:22:28.925, 712046730176, testhost.net472.x86.exe, AssemblyResolver.OnResolve: Microsoft.VisualStudio.TestPlatform.Extensions.Trx.TestLogger: Failed to load assembly. Reason:System.BadImageFormatException: Не удалось загрузить файл или сборку "Microsoft.VisualStudio.TestPlatform.Extensions.Trx.TestLogger, Version=15.0.0.0, Culture=neutral, PublicKeyToken=b03f5f7f11d50a3a" либо одну из их зависимостей. Была сделана попытка загрузить программу, имеющую неверный формат.
Имя файла: 'Microsoft.VisualStudio.TestPlatform.Extensions.Trx.TestLogger, Version=15.0.0.0, Culture=neutral, PublicKeyToken=b03f5f7f11d50a3a'
   в System.Reflection.RuntimeAssembly._nLoad(AssemblyName fileName, String codeBase, Evidence assemblySecurity, RuntimeAssembly locationHint, StackCrawlMark& stackMark, IntPtr pPrivHostBinder, Boolean throwOnFileNotFound, Boolean forIntrospection, Boolean suppressSecurityChecks)
   в System.Reflection.RuntimeAssembly.nLoad(AssemblyName fileName, String codeBase, Evidence assemblySecurity, RuntimeAssembly locationHint, StackCrawlMark& stackMark, IntPtr pPrivHostBinder, Boolean throwOnFileNotFound, Boolean forIntrospection, Boolean suppressSecurityChecks)
   в System.Reflection.RuntimeAssembly.InternalLoadAssemblyName(AssemblyName assemblyRef, Evidence assemblySecurity, RuntimeAssembly reqAssembly, StackCrawlMark& stackMark, IntPtr pPrivHostBinder, Boolean throwOnFileNotFound, Boolean forIntrospection, Boolean suppressSecurityChecks)
   в System.Reflection.RuntimeAssembly.InternalLoadFrom(String assemblyFile, Evidence securityEvidence, Byte[] hashValue, AssemblyHashAlgorithm hashAlgorithm, Boolean forIntrospection, Boolean suppressSecurityChecks, StackCrawlMark& stackMark)
   в System.Reflection.Assembly.LoadFrom(String assemblyFile)
   в Microsoft.VisualStudio.TestPlatform.PlatformAbstractions.PlatformAssemblyLoadContext.LoadAssemblyFromPath(String assemblyPath)
   в Microsoft.VisualStudio.TestPlatform.Common.Utilities.AssemblyResolver.OnResolve(Object sender, AssemblyResolveEventArgs args)

 
TpTrace Information: 0 : 20440, 3, 2022/05/13, 13:22:28.925, 712046731455, testhost.net472.x86.exe, AssemblyResolver.OnResolve: Microsoft.VisualStudio.TestPlatform.Extensions.Trx.TestLogger: Assembly path does not exist: 'C:\Program Files\dotnet\sdk\6.0.202\Extensions\Microsoft.VisualStudio.TestPlatform.Extensions.Trx.TestLogger.exe', returning.
TpTrace Information: 0 : 20440, 3, 2022/05/13, 13:22:28.925, 712046732124, testhost.net472.x86.exe, AssemblyResolver.OnResolve: Microsoft.VisualStudio.TestPlatform.Extensions.Trx.TestLogger: Searching in: 'E:\CS\APPZ\lab_4\TestingBussinesLogic\bin\Debug\net472\fine-code-coverage\build-output'.
TpTrace Information: 0 : 20440, 3, 2022/05/13, 13:22:28.925, 712046732968, testhost.net472.x86.exe, AssemblyResolver.OnResolve: Microsoft.VisualStudio.TestPlatform.Extensions.Trx.TestLogger: Assembly path does not exist: 'E:\CS\APPZ\lab_4\TestingBussinesLogic\bin\Debug\net472\fine-code-coverage\build-output\Microsoft.VisualStudio.TestPlatform.Extensions.Trx.TestLogger.dll', returning.
TpTrace Information: 0 : 20440, 3, 2022/05/13, 13:22:28.925, 712046733816, testhost.net472.x86.exe, AssemblyResolver.OnResolve: Microsoft.VisualStudio.TestPlatform.Extensions.Trx.TestLogger: Assembly path does not exist: 'E:\CS\APPZ\lab_4\TestingBussinesLogic\bin\Debug\net472\fine-code-coverage\build-output\Microsoft.VisualStudio.TestPlatform.Extensions.Trx.TestLogger.exe', returning.
TpTrace Information: 0 : 20440, 3, 2022/05/13, 13:22:28.925, 712046734459, testhost.net472.x86.exe, AssemblyResolver.OnResolve: Microsoft.VisualStudio.TestPlatform.Extensions.Trx.TestLogger: Searching in: 'C:\Program Files\dotnet\sdk\6.0.202\TestHost'.
TpTrace Information: 0 : 20440, 3, 2022/05/13, 13:22:28.925, 712046735326, testhost.net472.x86.exe, AssemblyResolver.OnResolve: Microsoft.VisualStudio.TestPlatform.Extensions.Trx.TestLogger: Assembly path does not exist: 'C:\Program Files\dotnet\sdk\6.0.202\TestHost\Microsoft.VisualStudio.TestPlatform.Extensions.Trx.TestLogger.dll', returning.
TpTrace Information: 0 : 20440, 3, 2022/05/13, 13:22:28.926, 712046736597, testhost.net472.x86.exe, AssemblyResolver.OnResolve: Microsoft.VisualStudio.TestPlatform.Extensions.Trx.TestLogger: Assembly path does not exist: 'C:\Program Files\dotnet\sdk\6.0.202\TestHost\Microsoft.VisualStudio.TestPlatform.Extensions.Trx.TestLogger.exe', returning.
TpTrace Information: 0 : 20440, 3, 2022/05/13, 13:22:28.926, 712046737532, testhost.net472.x86.exe, AssemblyResolver.OnResolve: Microsoft.VisualStudio.TestPlatform.Extensions.Trx.TestLogger: Failed to load assembly.
TpTrace Verbose: 0 : 20440, 3, 2022/05/13, 13:22:28.926, 712046738708, testhost.net472.x86.exe, CurrentDomainAssemblyResolve: Resolving assembly 'Microsoft.VisualStudio.TestPlatform.Extensions.Trx.TestLogger'.
TpTrace Information: 0 : 20440, 3, 2022/05/13, 13:22:28.926, 712046740714, testhost.net472.x86.exe, AssemblyResolver.OnResolve: Microsoft.VisualStudio.TestPlatform.Extensions.Trx.TestLogger: Resolving assembly.
TpTrace Information: 0 : 20440, 3, 2022/05/13, 13:22:28.926, 712046741363, testhost.net472.x86.exe, AssemblyResolver.OnResolve: Microsoft.VisualStudio.TestPlatform.Extensions.Trx.TestLogger: Resolved from cache.
TpTrace Verbose: 0 : 20440, 3, 2022/05/13, 13:22:28.926, 712046742115, testhost.net472.x86.exe, CurrentDomainAssemblyResolve: Resolving assembly 'Microsoft.VisualStudio.TestPlatform.Extensions.Trx.TestLogger'.
TpTrace Verbose: 0 : 20440, 3, 2022/05/13, 13:22:28.926, 712046742680, testhost.net472.x86.exe, CurrentDomainAssemblyResolve: Failed to resolve assembly 'Microsoft.VisualStudio.TestPlatform.Extensions.Trx.TestLogger'.
TpTrace Verbose: 0 : 20440, 3, 2022/05/13, 13:22:28.926, 712046743865, testhost.net472.x86.exe, CurrentDomainAssemblyResolve: Failed to resolve assembly 'Microsoft.VisualStudio.TestPlatform.Extensions.Trx.TestLogger'.
TpTrace Warning: 0 : 20440, 3, 2022/05/13, 13:22:28.927, 712046746242, testhost.net472.x86.exe, TestPluginDiscoverer: Failed to load extensions from file 'C:\Program Files\dotnet\sdk\6.0.202\Extensions\Microsoft.VisualStudio.TestPlatform.Extensions.Trx.TestLogger.dll'.  Skipping test extension scan for this file.  Error: System.IO.FileNotFoundException: Не удалось загрузить файл или сборку "Microsoft.VisualStudio.TestPlatform.Extensions.Trx.TestLogger" либо одну из их зависимостей. Не удается найти указанный файл.
Имя файла: 'Microsoft.VisualStudio.TestPlatform.Extensions.Trx.TestLogger' ---> System.IO.FileNotFoundException: Не удалось загрузить файл или сборку "Microsoft.VisualStudio.TestPlatform.Extensions.Trx.TestLogger" либо одну из их зависимостей. Не удается найти указанный файл.
Имя файла: 'Microsoft.VisualStudio.TestPlatform.Extensions.Trx.TestLogger'
   в System.Reflection.RuntimeAssembly._nLoad(AssemblyName fileName, String codeBase, Evidence assemblySecurity, RuntimeAssembly locationHint, StackCrawlMark& stackMark, IntPtr pPrivHostBinder, Boolean throwOnFileNotFound, Boolean forIntrospection, Boolean suppressSecurityChecks)
   в System.Reflection.RuntimeAssembly.nLoad(AssemblyName fileName, String codeBase, Evidence assemblySecurity, RuntimeAssembly locationHint, StackCrawlMark& stackMark, IntPtr pPrivHostBinder, Boolean throwOnFileNotFound, Boolean forIntrospection, Boolean suppressSecurityChecks)
   в System.Reflection.RuntimeAssembly.InternalLoadAssemblyName(AssemblyName assemblyRef, Evidence assemblySecurity, RuntimeAssembly reqAssembly, StackCrawlMark& stackMark, IntPtr pPrivHostBinder, Boolean throwOnFileNotFound, Boolean forIntrospection, Boolean suppressSecurityChecks)
   в System.Reflection.Assembly.Load(AssemblyName assemblyRef)
   в Microsoft.VisualStudio.TestPlatform.Common.ExtensionFramework.TestPluginCache.CurrentDomainAssemblyResolve(Object sender, AssemblyResolveEventArgs args)
   в Microsoft.VisualStudio.TestPlatform.PlatformAbstractions.PlatformAssemblyResolver.AssemblyResolverEvent(Object sender, Object eventArgs)
   в System.AppDomain.OnAssemblyResolveEvent(RuntimeAssembly assembly, String assemblyFullName)

Предупреждение: регистрация привязки сборок выключена.
Чтобы включить регистрацию ошибок привязки сборок, установите значение параметра реестра [HKLM\Software\Microsoft\Fusion!EnableLog] (DWORD) в 1.
Примечание. Регистрация ошибок привязки сборок может привести к некоторому снижению производительности.
Чтобы отключить эту функцию, удалите параметр реестра [HKLM\Software\Microsoft\Fusion!EnableLog].

   в System.Reflection.RuntimeAssembly._nLoad(AssemblyName fileName, String codeBase, Evidence assemblySecurity, RuntimeAssembly locationHint, StackCrawlMark& stackMark, IntPtr pPrivHostBinder, Boolean throwOnFileNotFound, Boolean forIntrospection, Boolean suppressSecurityChecks)
   в System.Reflection.RuntimeAssembly.nLoad(AssemblyName fileName, String codeBase, Evidence assemblySecurity, RuntimeAssembly locationHint, StackCrawlMark& stackMark, IntPtr pPrivHostBinder, Boolean throwOnFileNotFound, Boolean forIntrospection, Boolean suppressSecurityChecks)
   в System.Reflection.RuntimeAssembly.InternalLoadAssemblyName(AssemblyName assemblyRef, Evidence assemblySecurity, RuntimeAssembly reqAssembly, StackCrawlMark& stackMark, IntPtr pPrivHostBinder, Boolean throwOnFileNotFound, Boolean forIntrospection, Boolean suppressSecurityChecks)
   в System.Reflection.Assembly.Load(AssemblyName assemblyRef)
   в Microsoft.VisualStudio.TestPlatform.Common.ExtensionFramework.TestPluginDiscoverer.GetTestExtensionsFromFiles[TPluginInfo,TExtension](String[] files, Dictionary`2 pluginInfos)


TpTrace Information: 0 : 20440, 3, 2022/05/13, 13:22:28.927, 712046751547, testhost.net472.x86.exe, AssemblyResolver.OnResolve: xunit.runner.visualstudio.testadapter: Resolving assembly.
TpTrace Information: 0 : 20440, 3, 2022/05/13, 13:22:28.927, 712046752284, testhost.net472.x86.exe, AssemblyResolver.OnResolve: xunit.runner.visualstudio.testadapter: Searching in: 'C:\Program Files\dotnet\sdk\6.0.202\Extensions'.
TpTrace Information: 0 : 20440, 3, 2022/05/13, 13:22:28.927, 712046753182, testhost.net472.x86.exe, AssemblyResolver.OnResolve: xunit.runner.visualstudio.testadapter: Assembly path does not exist: 'C:\Program Files\dotnet\sdk\6.0.202\Extensions\xunit.runner.visualstudio.testadapter.dll', returning.
TpTrace Information: 0 : 20440, 3, 2022/05/13, 13:22:28.927, 712046754052, testhost.net472.x86.exe, AssemblyResolver.OnResolve: xunit.runner.visualstudio.testadapter: Assembly path does not exist: 'C:\Program Files\dotnet\sdk\6.0.202\Extensions\xunit.runner.visualstudio.testadapter.exe', returning.
TpTrace Information: 0 : 20440, 3, 2022/05/13, 13:22:28.927, 712046754690, testhost.net472.x86.exe, AssemblyResolver.OnResolve: xunit.runner.visualstudio.testadapter: Searching in: 'E:\CS\APPZ\lab_4\TestingBussinesLogic\bin\Debug\net472\fine-code-coverage\build-output'.
TpTrace Information: 0 : 20440, 3, 2022/05/13, 13:22:28.928, 712046758653, testhost.net472.x86.exe, AssemblyResolver.OnResolve: xunit.runner.visualstudio.testadapter: Loading assembly 'E:\CS\APPZ\lab_4\TestingBussinesLogic\bin\Debug\net472\fine-code-coverage\build-output\xunit.runner.visualstudio.testadapter.dll'.
TpTrace Information: 0 : 20440, 3, 2022/05/13, 13:22:28.930, 712046777250, testhost.net472.x86.exe, AssemblyResolver.OnResolve: Resolved assembly: xunit.runner.visualstudio.testadapter, from path: E:\CS\APPZ\lab_4\TestingBussinesLogic\bin\Debug\net472\fine-code-coverage\build-output\xunit.runner.visualstudio.testadapter.dll
TpTrace Verbose: 0 : 20440, 3, 2022/05/13, 13:22:28.939, 712046872508, testhost.net472.x86.exe, TestPluginCache: Discovered the extensions using extension path ''.
TpTrace Verbose: 0 : 20440, 3, 2022/05/13, 13:22:28.940, 712046883200, testhost.net472.x86.exe, TestPluginCache: Discoverers are ''.
TpTrace Verbose: 0 : 20440, 3, 2022/05/13, 13:22:28.940, 712046883973, testhost.net472.x86.exe, TestPluginCache: Executors are 'executor://xunit/VsTestRunner2/net'.
TpTrace Verbose: 0 : 20440, 3, 2022/05/13, 13:22:28.940, 712046884556, testhost.net472.x86.exe, TestPluginCache: Executors2 are ''.
TpTrace Verbose: 0 : 20440, 3, 2022/05/13, 13:22:28.940, 712046885085, testhost.net472.x86.exe, TestPluginCache: Setting providers are ''.
TpTrace Verbose: 0 : 20440, 3, 2022/05/13, 13:22:28.941, 712046885638, testhost.net472.x86.exe, TestPluginCache: Loggers are ''.
TpTrace Verbose: 0 : 20440, 3, 2022/05/13, 13:22:28.943, 712046913532, testhost.net472.x86.exe, TestPluginCache.DiscoverTestExtensions: finding test extensions in assemblies ends with: TestAdapter.dll TPluginInfo: Microsoft.VisualStudio.TestPlatform.Common.ExtensionFramework.Utilities.TestExecutorPluginInformation2 TExtension: Microsoft.VisualStudio.TestPlatform.ObjectModel.Adapter.ITestExecutor2
TpTrace Verbose: 0 : 20440, 3, 2022/05/13, 13:22:28.944, 712046915742, testhost.net472.x86.exe, TestPluginCache.GetExtensionPaths: Filtered extension paths: 
TpTrace Verbose: 0 : 20440, 3, 2022/05/13, 13:22:28.944, 712046916464, testhost.net472.x86.exe, TestPluginCache.GetExtensionPaths: Added default extension paths: C:\Program Files\dotnet\sdk\6.0.202\Extensions\DumpMinitool.exe
C:\Program Files\dotnet\sdk\6.0.202\Extensions\DumpMinitool.x86.exe
C:\Program Files\dotnet\sdk\6.0.202\Extensions\Microsoft.Diagnostics.NETCore.Client.dll
C:\Program Files\dotnet\sdk\6.0.202\Extensions\Microsoft.TestPlatform.Extensions.BlameDataCollector.dll
C:\Program Files\dotnet\sdk\6.0.202\Extensions\Microsoft.TestPlatform.Extensions.EventLogCollector.dll
C:\Program Files\dotnet\sdk\6.0.202\Extensions\Microsoft.TestPlatform.TestHostRuntimeProvider.dll
C:\Program Files\dotnet\sdk\6.0.202\Extensions\Microsoft.VisualStudio.TestPlatform.Extensions.Html.TestLogger.dll
C:\Program Files\dotnet\sdk\6.0.202\Extensions\Microsoft.VisualStudio.TestPlatform.Extensions.Trx.TestLogger.dll
E:\CS\APPZ\lab_4\TestingBussinesLogic\bin\Debug\net472\fine-code-coverage\build-output\xunit.runner.visualstudio.testadapter.dll
TpTrace Verbose: 0 : 20440, 3, 2022/05/13, 13:22:28.944, 712046917098, testhost.net472.x86.exe, TestPluginCache.GetExtensionPaths: Added unfilterableExtensionPaths: 
TpTrace Information: 0 : 20440, 3, 2022/05/13, 13:22:28.944, 712046918574, testhost.net472.x86.exe, AssemblyResolver.AddSearchDirectories: Adding more searchDirectories C:\Program Files\dotnet\sdk\6.0.202\Extensions,E:\CS\APPZ\lab_4\TestingBussinesLogic\bin\Debug\net472\fine-code-coverage\build-output,C:\Program Files\dotnet\sdk\6.0.202\TestHost
TpTrace Verbose: 0 : 20440, 3, 2022/05/13, 13:22:28.944, 712046919218, testhost.net472.x86.exe, TestPluginCache.DiscoverTestExtensions: Discovering the extensions using extension path.
TpTrace Verbose: 0 : 20440, 3, 2022/05/13, 13:22:28.944, 712046919841, testhost.net472.x86.exe, TestPluginCache.GetExtensionPaths: Filtered extension paths: 
TpTrace Verbose: 0 : 20440, 3, 2022/05/13, 13:22:28.944, 712046920429, testhost.net472.x86.exe, TestPluginCache.GetExtensionPaths: Added default extension paths: C:\Program Files\dotnet\sdk\6.0.202\Extensions\DumpMinitool.exe
C:\Program Files\dotnet\sdk\6.0.202\Extensions\DumpMinitool.x86.exe
C:\Program Files\dotnet\sdk\6.0.202\Extensions\Microsoft.Diagnostics.NETCore.Client.dll
C:\Program Files\dotnet\sdk\6.0.202\Extensions\Microsoft.TestPlatform.Extensions.BlameDataCollector.dll
C:\Program Files\dotnet\sdk\6.0.202\Extensions\Microsoft.TestPlatform.Extensions.EventLogCollector.dll
C:\Program Files\dotnet\sdk\6.0.202\Extensions\Microsoft.TestPlatform.TestHostRuntimeProvider.dll
C:\Program Files\dotnet\sdk\6.0.202\Extensions\Microsoft.VisualStudio.TestPlatform.Extensions.Html.TestLogger.dll
C:\Program Files\dotnet\sdk\6.0.202\Extensions\Microsoft.VisualStudio.TestPlatform.Extensions.Trx.TestLogger.dll
E:\CS\APPZ\lab_4\TestingBussinesLogic\bin\Debug\net472\fine-code-coverage\build-output\xunit.runner.visualstudio.testadapter.dll
TpTrace Verbose: 0 : 20440, 3, 2022/05/13, 13:22:28.944, 712046921038, testhost.net472.x86.exe, TestPluginCache.GetExtensionPaths: Added unfilterableExtensionPaths: 
TpTrace Verbose: 0 : 20440, 3, 2022/05/13, 13:22:28.944, 712046921633, testhost.net472.x86.exe, TestPluginCache.DiscoverTestExtensions: Discovering the extensions using allExtensionPaths: C:\Program Files\dotnet\sdk\6.0.202\Extensions\DumpMinitool.exe
C:\Program Files\dotnet\sdk\6.0.202\Extensions\DumpMinitool.x86.exe
C:\Program Files\dotnet\sdk\6.0.202\Extensions\Microsoft.Diagnostics.NETCore.Client.dll
C:\Program Files\dotnet\sdk\6.0.202\Extensions\Microsoft.TestPlatform.Extensions.BlameDataCollector.dll
C:\Program Files\dotnet\sdk\6.0.202\Extensions\Microsoft.TestPlatform.Extensions.EventLogCollector.dll
C:\Program Files\dotnet\sdk\6.0.202\Extensions\Microsoft.TestPlatform.TestHostRuntimeProvider.dll
C:\Program Files\dotnet\sdk\6.0.202\Extensions\Microsoft.VisualStudio.TestPlatform.Extensions.Html.TestLogger.dll
C:\Program Files\dotnet\sdk\6.0.202\Extensions\Microsoft.VisualStudio.TestPlatform.Extensions.Trx.TestLogger.dll
E:\CS\APPZ\lab_4\TestingBussinesLogic\bin\Debug\net472\fine-code-coverage\build-output\xunit.runner.visualstudio.testadapter.dll
TpTrace Information: 0 : 20440, 3, 2022/05/13, 13:22:28.944, 712046922454, testhost.net472.x86.exe, AssemblyResolver.AddSearchDirectories: Adding more searchDirectories C:\Program Files\dotnet\sdk\6.0.202\Extensions,C:\Program Files\dotnet\sdk\6.0.202\TestHost
TpTrace Information: 0 : 20440, 3, 2022/05/13, 13:22:28.944, 712046923128, testhost.net472.x86.exe, AssemblyResolver.AddSearchDirectories: Adding more searchDirectories C:\Program Files\dotnet\sdk\6.0.202\Extensions,C:\Program Files\dotnet\sdk\6.0.202\TestHost
TpTrace Information: 0 : 20440, 3, 2022/05/13, 13:22:28.944, 712046923747, testhost.net472.x86.exe, AssemblyResolver.AddSearchDirectories: Adding more searchDirectories C:\Program Files\dotnet\sdk\6.0.202\Extensions,C:\Program Files\dotnet\sdk\6.0.202\TestHost
TpTrace Information: 0 : 20440, 3, 2022/05/13, 13:22:28.944, 712046924373, testhost.net472.x86.exe, AssemblyResolver.AddSearchDirectories: Adding more searchDirectories C:\Program Files\dotnet\sdk\6.0.202\Extensions,C:\Program Files\dotnet\sdk\6.0.202\TestHost
TpTrace Information: 0 : 20440, 3, 2022/05/13, 13:22:28.944, 712046924989, testhost.net472.x86.exe, AssemblyResolver.AddSearchDirectories: Adding more searchDirectories C:\Program Files\dotnet\sdk\6.0.202\Extensions,C:\Program Files\dotnet\sdk\6.0.202\TestHost
TpTrace Information: 0 : 20440, 3, 2022/05/13, 13:22:28.945, 712046926511, testhost.net472.x86.exe, AssemblyResolver.AddSearchDirectories: Adding more searchDirectories C:\Program Files\dotnet\sdk\6.0.202\Extensions,C:\Program Files\dotnet\sdk\6.0.202\TestHost
TpTrace Information: 0 : 20440, 3, 2022/05/13, 13:22:28.945, 712046927316, testhost.net472.x86.exe, AssemblyResolver.AddSearchDirectories: Adding more searchDirectories C:\Program Files\dotnet\sdk\6.0.202\Extensions,C:\Program Files\dotnet\sdk\6.0.202\TestHost
TpTrace Information: 0 : 20440, 3, 2022/05/13, 13:22:28.945, 712046928013, testhost.net472.x86.exe, AssemblyResolver.AddSearchDirectories: Adding more searchDirectories C:\Program Files\dotnet\sdk\6.0.202\Extensions,C:\Program Files\dotnet\sdk\6.0.202\TestHost
TpTrace Information: 0 : 20440, 3, 2022/05/13, 13:22:28.945, 712046928847, testhost.net472.x86.exe, AssemblyResolver.AddSearchDirectories: Adding more searchDirectories E:\CS\APPZ\lab_4\TestingBussinesLogic\bin\Debug\net472\fine-code-coverage\build-output,C:\Program Files\dotnet\sdk\6.0.202\TestHost
TpTrace Warning: 0 : 20440, 3, 2022/05/13, 13:22:28.945, 712046931193, testhost.net472.x86.exe, TestPluginDiscoverer: Failed to load extensions from file 'C:\Program Files\dotnet\sdk\6.0.202\Extensions\DumpMinitool.exe'.  Skipping test extension scan for this file.  Error: System.IO.FileNotFoundException: Не удалось загрузить файл или сборку "DumpMinitool" либо одну из их зависимостей. Не удается найти указанный файл.
Имя файла: 'DumpMinitool'
   в System.Reflection.RuntimeAssembly._nLoad(AssemblyName fileName, String codeBase, Evidence assemblySecurity, RuntimeAssembly locationHint, StackCrawlMark& stackMark, IntPtr pPrivHostBinder, Boolean throwOnFileNotFound, Boolean forIntrospection, Boolean suppressSecurityChecks)
   в System.Reflection.RuntimeAssembly.nLoad(AssemblyName fileName, String codeBase, Evidence assemblySecurity, RuntimeAssembly locationHint, StackCrawlMark& stackMark, IntPtr pPrivHostBinder, Boolean throwOnFileNotFound, Boolean forIntrospection, Boolean suppressSecurityChecks)
   в System.Reflection.RuntimeAssembly.InternalLoadAssemblyName(AssemblyName assemblyRef, Evidence assemblySecurity, RuntimeAssembly reqAssembly, StackCrawlMark& stackMark, IntPtr pPrivHostBinder, Boolean throwOnFileNotFound, Boolean forIntrospection, Boolean suppressSecurityChecks)
   в System.Reflection.Assembly.Load(AssemblyName assemblyRef)
   в Microsoft.VisualStudio.TestPlatform.Common.ExtensionFramework.TestPluginDiscoverer.GetTestExtensionsFromFiles[TPluginInfo,TExtension](String[] files, Dictionary`2 pluginInfos)

Предупреждение: регистрация привязки сборок выключена.
Чтобы включить регистрацию ошибок привязки сборок, установите значение параметра реестра [HKLM\Software\Microsoft\Fusion!EnableLog] (DWORD) в 1.
Примечание. Регистрация ошибок привязки сборок может привести к некоторому снижению производительности.
Чтобы отключить эту функцию, удалите параметр реестра [HKLM\Software\Microsoft\Fusion!EnableLog].

TpTrace Warning: 0 : 20440, 3, 2022/05/13, 13:22:28.945, 712046932886, testhost.net472.x86.exe, TestPluginDiscoverer: Failed to load extensions from file 'C:\Program Files\dotnet\sdk\6.0.202\Extensions\DumpMinitool.x86.exe'.  Skipping test extension scan for this file.  Error: System.IO.FileNotFoundException: Не удалось загрузить файл или сборку "DumpMinitool.x86" либо одну из их зависимостей. Не удается найти указанный файл.
Имя файла: 'DumpMinitool.x86'
   в System.Reflection.RuntimeAssembly._nLoad(AssemblyName fileName, String codeBase, Evidence assemblySecurity, RuntimeAssembly locationHint, StackCrawlMark& stackMark, IntPtr pPrivHostBinder, Boolean throwOnFileNotFound, Boolean forIntrospection, Boolean suppressSecurityChecks)
   в System.Reflection.RuntimeAssembly.nLoad(AssemblyName fileName, String codeBase, Evidence assemblySecurity, RuntimeAssembly locationHint, StackCrawlMark& stackMark, IntPtr pPrivHostBinder, Boolean throwOnFileNotFound, Boolean forIntrospection, Boolean suppressSecurityChecks)
   в System.Reflection.RuntimeAssembly.InternalLoadAssemblyName(AssemblyName assemblyRef, Evidence assemblySecurity, RuntimeAssembly reqAssembly, StackCrawlMark& stackMark, IntPtr pPrivHostBinder, Boolean throwOnFileNotFound, Boolean forIntrospection, Boolean suppressSecurityChecks)
   в System.Reflection.Assembly.Load(AssemblyName assemblyRef)
   в Microsoft.VisualStudio.TestPlatform.Common.ExtensionFramework.TestPluginDiscoverer.GetTestExtensionsFromFiles[TPluginInfo,TExtension](String[] files, Dictionary`2 pluginInfos)

Предупреждение: регистрация привязки сборок выключена.
Чтобы включить регистрацию ошибок привязки сборок, установите значение параметра реестра [HKLM\Software\Microsoft\Fusion!EnableLog] (DWORD) в 1.
Примечание. Регистрация ошибок привязки сборок может привести к некоторому снижению производительности.
Чтобы отключить эту функцию, удалите параметр реестра [HKLM\Software\Microsoft\Fusion!EnableLog].

TpTrace Warning: 0 : 20440, 3, 2022/05/13, 13:22:28.945, 712046934559, testhost.net472.x86.exe, TestPluginDiscoverer: Failed to load extensions from file 'C:\Program Files\dotnet\sdk\6.0.202\Extensions\Microsoft.Diagnostics.NETCore.Client.dll'.  Skipping test extension scan for this file.  Error: System.IO.FileNotFoundException: Не удалось загрузить файл или сборку "Microsoft.Diagnostics.NETCore.Client" либо одну из их зависимостей. Не удается найти указанный файл.
Имя файла: 'Microsoft.Diagnostics.NETCore.Client'
   в System.Reflection.RuntimeAssembly._nLoad(AssemblyName fileName, String codeBase, Evidence assemblySecurity, RuntimeAssembly locationHint, StackCrawlMark& stackMark, IntPtr pPrivHostBinder, Boolean throwOnFileNotFound, Boolean forIntrospection, Boolean suppressSecurityChecks)
   в System.Reflection.RuntimeAssembly.nLoad(AssemblyName fileName, String codeBase, Evidence assemblySecurity, RuntimeAssembly locationHint, StackCrawlMark& stackMark, IntPtr pPrivHostBinder, Boolean throwOnFileNotFound, Boolean forIntrospection, Boolean suppressSecurityChecks)
   в System.Reflection.RuntimeAssembly.InternalLoadAssemblyName(AssemblyName assemblyRef, Evidence assemblySecurity, RuntimeAssembly reqAssembly, StackCrawlMark& stackMark, IntPtr pPrivHostBinder, Boolean throwOnFileNotFound, Boolean forIntrospection, Boolean suppressSecurityChecks)
   в System.Reflection.Assembly.Load(AssemblyName assemblyRef)
   в Microsoft.VisualStudio.TestPlatform.Common.ExtensionFramework.TestPluginDiscoverer.GetTestExtensionsFromFiles[TPluginInfo,TExtension](String[] files, Dictionary`2 pluginInfos)

Предупреждение: регистрация привязки сборок выключена.
Чтобы включить регистрацию ошибок привязки сборок, установите значение параметра реестра [HKLM\Software\Microsoft\Fusion!EnableLog] (DWORD) в 1.
Примечание. Регистрация ошибок привязки сборок может привести к некоторому снижению производительности.
Чтобы отключить эту функцию, удалите параметр реестра [HKLM\Software\Microsoft\Fusion!EnableLog].

TpTrace Warning: 0 : 20440, 3, 2022/05/13, 13:22:28.946, 712046936237, testhost.net472.x86.exe, TestPluginDiscoverer: Failed to load extensions from file 'C:\Program Files\dotnet\sdk\6.0.202\Extensions\Microsoft.TestPlatform.Extensions.BlameDataCollector.dll'.  Skipping test extension scan for this file.  Error: System.IO.FileNotFoundException: Не удалось загрузить файл или сборку "Microsoft.TestPlatform.Extensions.BlameDataCollector" либо одну из их зависимостей. Не удается найти указанный файл.
Имя файла: 'Microsoft.TestPlatform.Extensions.BlameDataCollector'
   в System.Reflection.RuntimeAssembly._nLoad(AssemblyName fileName, String codeBase, Evidence assemblySecurity, RuntimeAssembly locationHint, StackCrawlMark& stackMark, IntPtr pPrivHostBinder, Boolean throwOnFileNotFound, Boolean forIntrospection, Boolean suppressSecurityChecks)
   в System.Reflection.RuntimeAssembly.nLoad(AssemblyName fileName, String codeBase, Evidence assemblySecurity, RuntimeAssembly locationHint, StackCrawlMark& stackMark, IntPtr pPrivHostBinder, Boolean throwOnFileNotFound, Boolean forIntrospection, Boolean suppressSecurityChecks)
   в System.Reflection.RuntimeAssembly.InternalLoadAssemblyName(AssemblyName assemblyRef, Evidence assemblySecurity, RuntimeAssembly reqAssembly, StackCrawlMark& stackMark, IntPtr pPrivHostBinder, Boolean throwOnFileNotFound, Boolean forIntrospection, Boolean suppressSecurityChecks)
   в System.Reflection.Assembly.Load(AssemblyName assemblyRef)
   в Microsoft.VisualStudio.TestPlatform.Common.ExtensionFramework.TestPluginDiscoverer.GetTestExtensionsFromFiles[TPluginInfo,TExtension](String[] files, Dictionary`2 pluginInfos)

Предупреждение: регистрация привязки сборок выключена.
Чтобы включить регистрацию ошибок привязки сборок, установите значение параметра реестра [HKLM\Software\Microsoft\Fusion!EnableLog] (DWORD) в 1.
Примечание. Регистрация ошибок привязки сборок может привести к некоторому снижению производительности.
Чтобы отключить эту функцию, удалите параметр реестра [HKLM\Software\Microsoft\Fusion!EnableLog].

TpTrace Warning: 0 : 20440, 3, 2022/05/13, 13:22:28.946, 712046938924, testhost.net472.x86.exe, TestPluginDiscoverer: Failed to load extensions from file 'C:\Program Files\dotnet\sdk\6.0.202\Extensions\Microsoft.TestPlatform.TestHostRuntimeProvider.dll'.  Skipping test extension scan for this file.  Error: System.IO.FileNotFoundException: Не удалось загрузить файл или сборку "Microsoft.TestPlatform.TestHostRuntimeProvider" либо одну из их зависимостей. Не удается найти указанный файл.
Имя файла: 'Microsoft.TestPlatform.TestHostRuntimeProvider'
   в System.Reflection.RuntimeAssembly._nLoad(AssemblyName fileName, String codeBase, Evidence assemblySecurity, RuntimeAssembly locationHint, StackCrawlMark& stackMark, IntPtr pPrivHostBinder, Boolean throwOnFileNotFound, Boolean forIntrospection, Boolean suppressSecurityChecks)
   в System.Reflection.RuntimeAssembly.nLoad(AssemblyName fileName, String codeBase, Evidence assemblySecurity, RuntimeAssembly locationHint, StackCrawlMark& stackMark, IntPtr pPrivHostBinder, Boolean throwOnFileNotFound, Boolean forIntrospection, Boolean suppressSecurityChecks)
   в System.Reflection.RuntimeAssembly.InternalLoadAssemblyName(AssemblyName assemblyRef, Evidence assemblySecurity, RuntimeAssembly reqAssembly, StackCrawlMark& stackMark, IntPtr pPrivHostBinder, Boolean throwOnFileNotFound, Boolean forIntrospection, Boolean suppressSecurityChecks)
   в System.Reflection.Assembly.Load(AssemblyName assemblyRef)
   в Microsoft.VisualStudio.TestPlatform.Common.ExtensionFramework.TestPluginDiscoverer.GetTestExtensionsFromFiles[TPluginInfo,TExtension](String[] files, Dictionary`2 pluginInfos)

Предупреждение: регистрация привязки сборок выключена.
Чтобы включить регистрацию ошибок привязки сборок, установите значение параметра реестра [HKLM\Software\Microsoft\Fusion!EnableLog] (DWORD) в 1.
Примечание. Регистрация ошибок привязки сборок может привести к некоторому снижению производительности.
Чтобы отключить эту функцию, удалите параметр реестра [HKLM\Software\Microsoft\Fusion!EnableLog].

TpTrace Warning: 0 : 20440, 3, 2022/05/13, 13:22:28.946, 712046940631, testhost.net472.x86.exe, TestPluginDiscoverer: Failed to load extensions from file 'C:\Program Files\dotnet\sdk\6.0.202\Extensions\Microsoft.VisualStudio.TestPlatform.Extensions.Html.TestLogger.dll'.  Skipping test extension scan for this file.  Error: System.IO.FileNotFoundException: Не удалось загрузить файл или сборку "Microsoft.VisualStudio.TestPlatform.Extensions.Html.TestLogger" либо одну из их зависимостей. Не удается найти указанный файл.
Имя файла: 'Microsoft.VisualStudio.TestPlatform.Extensions.Html.TestLogger'
   в System.Reflection.RuntimeAssembly._nLoad(AssemblyName fileName, String codeBase, Evidence assemblySecurity, RuntimeAssembly locationHint, StackCrawlMark& stackMark, IntPtr pPrivHostBinder, Boolean throwOnFileNotFound, Boolean forIntrospection, Boolean suppressSecurityChecks)
   в System.Reflection.RuntimeAssembly.nLoad(AssemblyName fileName, String codeBase, Evidence assemblySecurity, RuntimeAssembly locationHint, StackCrawlMark& stackMark, IntPtr pPrivHostBinder, Boolean throwOnFileNotFound, Boolean forIntrospection, Boolean suppressSecurityChecks)
   в System.Reflection.RuntimeAssembly.InternalLoadAssemblyName(AssemblyName assemblyRef, Evidence assemblySecurity, RuntimeAssembly reqAssembly, StackCrawlMark& stackMark, IntPtr pPrivHostBinder, Boolean throwOnFileNotFound, Boolean forIntrospection, Boolean suppressSecurityChecks)
   в System.Reflection.Assembly.Load(AssemblyName assemblyRef)
   в Microsoft.VisualStudio.TestPlatform.Common.ExtensionFramework.TestPluginDiscoverer.GetTestExtensionsFromFiles[TPluginInfo,TExtension](String[] files, Dictionary`2 pluginInfos)

Предупреждение: регистрация привязки сборок выключена.
Чтобы включить регистрацию ошибок привязки сборок, установите значение параметра реестра [HKLM\Software\Microsoft\Fusion!EnableLog] (DWORD) в 1.
Примечание. Регистрация ошибок привязки сборок может привести к некоторому снижению производительности.
Чтобы отключить эту функцию, удалите параметр реестра [HKLM\Software\Microsoft\Fusion!EnableLog].

TpTrace Warning: 0 : 20440, 3, 2022/05/13, 13:22:28.946, 712046942282, testhost.net472.x86.exe, TestPluginDiscoverer: Failed to load extensions from file 'C:\Program Files\dotnet\sdk\6.0.202\Extensions\Microsoft.VisualStudio.TestPlatform.Extensions.Trx.TestLogger.dll'.  Skipping test extension scan for this file.  Error: System.IO.FileNotFoundException: Не удалось загрузить файл или сборку "Microsoft.VisualStudio.TestPlatform.Extensions.Trx.TestLogger" либо одну из их зависимостей. Не удается найти указанный файл.
Имя файла: 'Microsoft.VisualStudio.TestPlatform.Extensions.Trx.TestLogger'
   в System.Reflection.RuntimeAssembly._nLoad(AssemblyName fileName, String codeBase, Evidence assemblySecurity, RuntimeAssembly locationHint, StackCrawlMark& stackMark, IntPtr pPrivHostBinder, Boolean throwOnFileNotFound, Boolean forIntrospection, Boolean suppressSecurityChecks)
   в System.Reflection.RuntimeAssembly.nLoad(AssemblyName fileName, String codeBase, Evidence assemblySecurity, RuntimeAssembly locationHint, StackCrawlMark& stackMark, IntPtr pPrivHostBinder, Boolean throwOnFileNotFound, Boolean forIntrospection, Boolean suppressSecurityChecks)
   в System.Reflection.RuntimeAssembly.InternalLoadAssemblyName(AssemblyName assemblyRef, Evidence assemblySecurity, RuntimeAssembly reqAssembly, StackCrawlMark& stackMark, IntPtr pPrivHostBinder, Boolean throwOnFileNotFound, Boolean forIntrospection, Boolean suppressSecurityChecks)
   в System.Reflection.Assembly.Load(AssemblyName assemblyRef)
   в Microsoft.VisualStudio.TestPlatform.Common.ExtensionFramework.TestPluginDiscoverer.GetTestExtensionsFromFiles[TPluginInfo,TExtension](String[] files, Dictionary`2 pluginInfos)

Предупреждение: регистрация привязки сборок выключена.
Чтобы включить регистрацию ошибок привязки сборок, установите значение параметра реестра [HKLM\Software\Microsoft\Fusion!EnableLog] (DWORD) в 1.
Примечание. Регистрация ошибок привязки сборок может привести к некоторому снижению производительности.
Чтобы отключить эту функцию, удалите параметр реестра [HKLM\Software\Microsoft\Fusion!EnableLog].

TpTrace Verbose: 0 : 20440, 3, 2022/05/13, 13:22:28.946, 712046944645, testhost.net472.x86.exe, TestPluginCache: Discovered the extensions using extension path ''.
TpTrace Verbose: 0 : 20440, 3, 2022/05/13, 13:22:28.947, 712046945310, testhost.net472.x86.exe, TestPluginCache: Discoverers are ''.
TpTrace Verbose: 0 : 20440, 3, 2022/05/13, 13:22:28.947, 712046945859, testhost.net472.x86.exe, TestPluginCache: Executors are 'executor://xunit/VsTestRunner2/net'.
TpTrace Verbose: 0 : 20440, 3, 2022/05/13, 13:22:28.947, 712046946433, testhost.net472.x86.exe, TestPluginCache: Executors2 are ''.
TpTrace Verbose: 0 : 20440, 3, 2022/05/13, 13:22:28.947, 712046946964, testhost.net472.x86.exe, TestPluginCache: Setting providers are ''.
TpTrace Verbose: 0 : 20440, 3, 2022/05/13, 13:22:28.947, 712046947490, testhost.net472.x86.exe, TestPluginCache: Loggers are ''.
TpTrace Information: 0 : 20440, 3, 2022/05/13, 13:22:28.951, 712046991073, testhost.net472.x86.exe, AssemblyResolver.OnResolve: xunit.runner.visualstudio.testadapter, Version=2.4.0.0, Culture=neutral, PublicKeyToken=8d05b1bb7a6fdb6c: Resolving assembly.
TpTrace Information: 0 : 20440, 3, 2022/05/13, 13:22:28.951, 712046991894, testhost.net472.x86.exe, AssemblyResolver.OnResolve: xunit.runner.visualstudio.testadapter, Version=2.4.0.0, Culture=neutral, PublicKeyToken=8d05b1bb7a6fdb6c: Searching in: 'C:\Program Files\dotnet\sdk\6.0.202\Extensions'.
TpTrace Information: 0 : 20440, 3, 2022/05/13, 13:22:28.951, 712046992840, testhost.net472.x86.exe, AssemblyResolver.OnResolve: xunit.runner.visualstudio.testadapter, Version=2.4.0.0, Culture=neutral, PublicKeyToken=8d05b1bb7a6fdb6c: Assembly path does not exist: 'C:\Program Files\dotnet\sdk\6.0.202\Extensions\xunit.runner.visualstudio.testadapter.dll', returning.
TpTrace Information: 0 : 20440, 3, 2022/05/13, 13:22:28.951, 712046993721, testhost.net472.x86.exe, AssemblyResolver.OnResolve: xunit.runner.visualstudio.testadapter, Version=2.4.0.0, Culture=neutral, PublicKeyToken=8d05b1bb7a6fdb6c: Assembly path does not exist: 'C:\Program Files\dotnet\sdk\6.0.202\Extensions\xunit.runner.visualstudio.testadapter.exe', returning.
TpTrace Information: 0 : 20440, 3, 2022/05/13, 13:22:28.951, 712046994312, testhost.net472.x86.exe, AssemblyResolver.OnResolve: xunit.runner.visualstudio.testadapter, Version=2.4.0.0, Culture=neutral, PublicKeyToken=8d05b1bb7a6fdb6c: Searching in: 'E:\CS\APPZ\lab_4\TestingBussinesLogic\bin\Debug\net472\fine-code-coverage\build-output'.
TpTrace Information: 0 : 20440, 3, 2022/05/13, 13:22:28.952, 712046998850, testhost.net472.x86.exe, AssemblyResolver.OnResolve: xunit.runner.visualstudio.testadapter, Version=2.4.0.0, Culture=neutral, PublicKeyToken=8d05b1bb7a6fdb6c: Loading assembly 'E:\CS\APPZ\lab_4\TestingBussinesLogic\bin\Debug\net472\fine-code-coverage\build-output\xunit.runner.visualstudio.testadapter.dll'.
TpTrace Information: 0 : 20440, 3, 2022/05/13, 13:22:28.952, 712046999718, testhost.net472.x86.exe, AssemblyResolver.OnResolve: Resolved assembly: xunit.runner.visualstudio.testadapter, Version=2.4.0.0, Culture=neutral, PublicKeyToken=8d05b1bb7a6fdb6c, from path: E:\CS\APPZ\lab_4\TestingBussinesLogic\bin\Debug\net472\fine-code-coverage\build-output\xunit.runner.visualstudio.testadapter.dll
TpTrace Information: 0 : 20440, 3, 2022/05/13, 13:22:28.953, 712047005241, testhost.net472.x86.exe, TestPluginManager.CreateTestExtension: Attempting to load test extension: Xunit.Runner.VisualStudio.VsTestRunner
TpTrace Verbose: 0 : 20440, 3, 2022/05/13, 13:22:28.953, 712047006323, testhost.net472.x86.exe, TestExecutorExtensionManager: Loading executor Xunit.Runner.VisualStudio.VsTestRunner
TpTrace Verbose: 0 : 20440, 3, 2022/05/13, 13:22:28.953, 712047006954, testhost.net472.x86.exe, TestExecutorService: Loaded the executors
TpTrace Verbose: 0 : 20440, 3, 2022/05/13, 13:22:28.954, 712047015582, testhost.net472.x86.exe, TestPluginCache.DiscoverTestExtensions: finding test extensions in assemblies ends with: TestAdapter.dll TPluginInfo: Microsoft.VisualStudio.TestPlatform.Common.ExtensionFramework.Utilities.TestSettingsProviderPluginInformation TExtension: Microsoft.VisualStudio.TestPlatform.ObjectModel.Adapter.ISettingsProvider
TpTrace Verbose: 0 : 20440, 3, 2022/05/13, 13:22:28.954, 712047016447, testhost.net472.x86.exe, TestPluginCache.GetExtensionPaths: Filtered extension paths: 
TpTrace Verbose: 0 : 20440, 3, 2022/05/13, 13:22:28.954, 712047017074, testhost.net472.x86.exe, TestPluginCache.GetExtensionPaths: Added default extension paths: C:\Program Files\dotnet\sdk\6.0.202\Extensions\DumpMinitool.exe
C:\Program Files\dotnet\sdk\6.0.202\Extensions\DumpMinitool.x86.exe
C:\Program Files\dotnet\sdk\6.0.202\Extensions\Microsoft.Diagnostics.NETCore.Client.dll
C:\Program Files\dotnet\sdk\6.0.202\Extensions\Microsoft.TestPlatform.Extensions.BlameDataCollector.dll
C:\Program Files\dotnet\sdk\6.0.202\Extensions\Microsoft.TestPlatform.Extensions.EventLogCollector.dll
C:\Program Files\dotnet\sdk\6.0.202\Extensions\Microsoft.TestPlatform.TestHostRuntimeProvider.dll
C:\Program Files\dotnet\sdk\6.0.202\Extensions\Microsoft.VisualStudio.TestPlatform.Extensions.Html.TestLogger.dll
C:\Program Files\dotnet\sdk\6.0.202\Extensions\Microsoft.VisualStudio.TestPlatform.Extensions.Trx.TestLogger.dll
E:\CS\APPZ\lab_4\TestingBussinesLogic\bin\Debug\net472\fine-code-coverage\build-output\xunit.runner.visualstudio.testadapter.dll
TpTrace Verbose: 0 : 20440, 3, 2022/05/13, 13:22:28.954, 712047017698, testhost.net472.x86.exe, TestPluginCache.GetExtensionPaths: Added unfilterableExtensionPaths: 
TpTrace Information: 0 : 20440, 3, 2022/05/13, 13:22:28.954, 712047019020, testhost.net472.x86.exe, AssemblyResolver.AddSearchDirectories: Adding more searchDirectories C:\Program Files\dotnet\sdk\6.0.202\Extensions,E:\CS\APPZ\lab_4\TestingBussinesLogic\bin\Debug\net472\fine-code-coverage\build-output,C:\Program Files\dotnet\sdk\6.0.202\TestHost
TpTrace Verbose: 0 : 20440, 3, 2022/05/13, 13:22:28.954, 712047019680, testhost.net472.x86.exe, TestPluginCache.DiscoverTestExtensions: Discovering the extensions using extension path.
TpTrace Verbose: 0 : 20440, 3, 2022/05/13, 13:22:28.954, 712047020238, testhost.net472.x86.exe, TestPluginCache.GetExtensionPaths: Filtered extension paths: 
TpTrace Verbose: 0 : 20440, 3, 2022/05/13, 13:22:28.954, 712047020796, testhost.net472.x86.exe, TestPluginCache.GetExtensionPaths: Added default extension paths: C:\Program Files\dotnet\sdk\6.0.202\Extensions\DumpMinitool.exe
C:\Program Files\dotnet\sdk\6.0.202\Extensions\DumpMinitool.x86.exe
C:\Program Files\dotnet\sdk\6.0.202\Extensions\Microsoft.Diagnostics.NETCore.Client.dll
C:\Program Files\dotnet\sdk\6.0.202\Extensions\Microsoft.TestPlatform.Extensions.BlameDataCollector.dll
C:\Program Files\dotnet\sdk\6.0.202\Extensions\Microsoft.TestPlatform.Extensions.EventLogCollector.dll
C:\Program Files\dotnet\sdk\6.0.202\Extensions\Microsoft.TestPlatform.TestHostRuntimeProvider.dll
C:\Program Files\dotnet\sdk\6.0.202\Extensions\Microsoft.VisualStudio.TestPlatform.Extensions.Html.TestLogger.dll
C:\Program Files\dotnet\sdk\6.0.202\Extensions\Microsoft.VisualStudio.TestPlatform.Extensions.Trx.TestLogger.dll
E:\CS\APPZ\lab_4\TestingBussinesLogic\bin\Debug\net472\fine-code-coverage\build-output\xunit.runner.visualstudio.testadapter.dll
TpTrace Verbose: 0 : 20440, 3, 2022/05/13, 13:22:28.954, 712047021435, testhost.net472.x86.exe, TestPluginCache.GetExtensionPaths: Added unfilterableExtensionPaths: 
TpTrace Verbose: 0 : 20440, 3, 2022/05/13, 13:22:28.954, 712047022042, testhost.net472.x86.exe, TestPluginCache.DiscoverTestExtensions: Discovering the extensions using allExtensionPaths: C:\Program Files\dotnet\sdk\6.0.202\Extensions\DumpMinitool.exe
C:\Program Files\dotnet\sdk\6.0.202\Extensions\DumpMinitool.x86.exe
C:\Program Files\dotnet\sdk\6.0.202\Extensions\Microsoft.Diagnostics.NETCore.Client.dll
C:\Program Files\dotnet\sdk\6.0.202\Extensions\Microsoft.TestPlatform.Extensions.BlameDataCollector.dll
C:\Program Files\dotnet\sdk\6.0.202\Extensions\Microsoft.TestPlatform.Extensions.EventLogCollector.dll
C:\Program Files\dotnet\sdk\6.0.202\Extensions\Microsoft.TestPlatform.TestHostRuntimeProvider.dll
C:\Program Files\dotnet\sdk\6.0.202\Extensions\Microsoft.VisualStudio.TestPlatform.Extensions.Html.TestLogger.dll
C:\Program Files\dotnet\sdk\6.0.202\Extensions\Microsoft.VisualStudio.TestPlatform.Extensions.Trx.TestLogger.dll
E:\CS\APPZ\lab_4\TestingBussinesLogic\bin\Debug\net472\fine-code-coverage\build-output\xunit.runner.visualstudio.testadapter.dll
TpTrace Information: 0 : 20440, 3, 2022/05/13, 13:22:28.954, 712047022859, testhost.net472.x86.exe, AssemblyResolver.AddSearchDirectories: Adding more searchDirectories C:\Program Files\dotnet\sdk\6.0.202\Extensions,C:\Program Files\dotnet\sdk\6.0.202\TestHost
TpTrace Information: 0 : 20440, 3, 2022/05/13, 13:22:28.954, 712047023530, testhost.net472.x86.exe, AssemblyResolver.AddSearchDirectories: Adding more searchDirectories C:\Program Files\dotnet\sdk\6.0.202\Extensions,C:\Program Files\dotnet\sdk\6.0.202\TestHost
TpTrace Information: 0 : 20440, 3, 2022/05/13, 13:22:28.954, 712047024162, testhost.net472.x86.exe, AssemblyResolver.AddSearchDirectories: Adding more searchDirectories C:\Program Files\dotnet\sdk\6.0.202\Extensions,C:\Program Files\dotnet\sdk\6.0.202\TestHost
TpTrace Information: 0 : 20440, 3, 2022/05/13, 13:22:28.954, 712047024779, testhost.net472.x86.exe, AssemblyResolver.AddSearchDirectories: Adding more searchDirectories C:\Program Files\dotnet\sdk\6.0.202\Extensions,C:\Program Files\dotnet\sdk\6.0.202\TestHost
TpTrace Information: 0 : 20440, 3, 2022/05/13, 13:22:28.955, 712047025437, testhost.net472.x86.exe, AssemblyResolver.AddSearchDirectories: Adding more searchDirectories C:\Program Files\dotnet\sdk\6.0.202\Extensions,C:\Program Files\dotnet\sdk\6.0.202\TestHost
TpTrace Information: 0 : 20440, 3, 2022/05/13, 13:22:28.955, 712047026059, testhost.net472.x86.exe, AssemblyResolver.AddSearchDirectories: Adding more searchDirectories C:\Program Files\dotnet\sdk\6.0.202\Extensions,C:\Program Files\dotnet\sdk\6.0.202\TestHost
TpTrace Information: 0 : 20440, 3, 2022/05/13, 13:22:28.955, 712047026683, testhost.net472.x86.exe, AssemblyResolver.AddSearchDirectories: Adding more searchDirectories C:\Program Files\dotnet\sdk\6.0.202\Extensions,C:\Program Files\dotnet\sdk\6.0.202\TestHost
TpTrace Information: 0 : 20440, 3, 2022/05/13, 13:22:28.955, 712047027297, testhost.net472.x86.exe, AssemblyResolver.AddSearchDirectories: Adding more searchDirectories C:\Program Files\dotnet\sdk\6.0.202\Extensions,C:\Program Files\dotnet\sdk\6.0.202\TestHost
TpTrace Information: 0 : 20440, 3, 2022/05/13, 13:22:28.955, 712047027933, testhost.net472.x86.exe, AssemblyResolver.AddSearchDirectories: Adding more searchDirectories E:\CS\APPZ\lab_4\TestingBussinesLogic\bin\Debug\net472\fine-code-coverage\build-output,C:\Program Files\dotnet\sdk\6.0.202\TestHost
TpTrace Warning: 0 : 20440, 3, 2022/05/13, 13:22:28.955, 712047029779, testhost.net472.x86.exe, TestPluginDiscoverer: Failed to load extensions from file 'C:\Program Files\dotnet\sdk\6.0.202\Extensions\DumpMinitool.exe'.  Skipping test extension scan for this file.  Error: System.IO.FileNotFoundException: Не удалось загрузить файл или сборку "DumpMinitool" либо одну из их зависимостей. Не удается найти указанный файл.
Имя файла: 'DumpMinitool'
   в System.Reflection.RuntimeAssembly._nLoad(AssemblyName fileName, String codeBase, Evidence assemblySecurity, RuntimeAssembly locationHint, StackCrawlMark& stackMark, IntPtr pPrivHostBinder, Boolean throwOnFileNotFound, Boolean forIntrospection, Boolean suppressSecurityChecks)
   в System.Reflection.RuntimeAssembly.nLoad(AssemblyName fileName, String codeBase, Evidence assemblySecurity, RuntimeAssembly locationHint, StackCrawlMark& stackMark, IntPtr pPrivHostBinder, Boolean throwOnFileNotFound, Boolean forIntrospection, Boolean suppressSecurityChecks)
   в System.Reflection.RuntimeAssembly.InternalLoadAssemblyName(AssemblyName assemblyRef, Evidence assemblySecurity, RuntimeAssembly reqAssembly, StackCrawlMark& stackMark, IntPtr pPrivHostBinder, Boolean throwOnFileNotFound, Boolean forIntrospection, Boolean suppressSecurityChecks)
   в System.Reflection.Assembly.Load(AssemblyName assemblyRef)
   в Microsoft.VisualStudio.TestPlatform.Common.ExtensionFramework.TestPluginDiscoverer.GetTestExtensionsFromFiles[TPluginInfo,TExtension](String[] files, Dictionary`2 pluginInfos)

Предупреждение: регистрация привязки сборок выключена.
Чтобы включить регистрацию ошибок привязки сборок, установите значение параметра реестра [HKLM\Software\Microsoft\Fusion!EnableLog] (DWORD) в 1.
Примечание. Регистрация ошибок привязки сборок может привести к некоторому снижению производительности.
Чтобы отключить эту функцию, удалите параметр реестра [HKLM\Software\Microsoft\Fusion!EnableLog].

TpTrace Warning: 0 : 20440, 3, 2022/05/13, 13:22:28.955, 712047031870, testhost.net472.x86.exe, TestPluginDiscoverer: Failed to load extensions from file 'C:\Program Files\dotnet\sdk\6.0.202\Extensions\DumpMinitool.x86.exe'.  Skipping test extension scan for this file.  Error: System.IO.FileNotFoundException: Не удалось загрузить файл или сборку "DumpMinitool.x86" либо одну из их зависимостей. Не удается найти указанный файл.
Имя файла: 'DumpMinitool.x86'
   в System.Reflection.RuntimeAssembly._nLoad(AssemblyName fileName, String codeBase, Evidence assemblySecurity, RuntimeAssembly locationHint, StackCrawlMark& stackMark, IntPtr pPrivHostBinder, Boolean throwOnFileNotFound, Boolean forIntrospection, Boolean suppressSecurityChecks)
   в System.Reflection.RuntimeAssembly.nLoad(AssemblyName fileName, String codeBase, Evidence assemblySecurity, RuntimeAssembly locationHint, StackCrawlMark& stackMark, IntPtr pPrivHostBinder, Boolean throwOnFileNotFound, Boolean forIntrospection, Boolean suppressSecurityChecks)
   в System.Reflection.RuntimeAssembly.InternalLoadAssemblyName(AssemblyName assemblyRef, Evidence assemblySecurity, RuntimeAssembly reqAssembly, StackCrawlMark& stackMark, IntPtr pPrivHostBinder, Boolean throwOnFileNotFound, Boolean forIntrospection, Boolean suppressSecurityChecks)
   в System.Reflection.Assembly.Load(AssemblyName assemblyRef)
   в Microsoft.VisualStudio.TestPlatform.Common.ExtensionFramework.TestPluginDiscoverer.GetTestExtensionsFromFiles[TPluginInfo,TExtension](String[] files, Dictionary`2 pluginInfos)

Предупреждение: регистрация привязки сборок выключена.
Чтобы включить регистрацию ошибок привязки сборок, установите значение параметра реестра [HKLM\Software\Microsoft\Fusion!EnableLog] (DWORD) в 1.
Примечание. Регистрация ошибок привязки сборок может привести к некоторому снижению производительности.
Чтобы отключить эту функцию, удалите параметр реестра [HKLM\Software\Microsoft\Fusion!EnableLog].

TpTrace Warning: 0 : 20440, 3, 2022/05/13, 13:22:28.955, 712047033979, testhost.net472.x86.exe, TestPluginDiscoverer: Failed to load extensions from file 'C:\Program Files\dotnet\sdk\6.0.202\Extensions\Microsoft.Diagnostics.NETCore.Client.dll'.  Skipping test extension scan for this file.  Error: System.IO.FileNotFoundException: Не удалось загрузить файл или сборку "Microsoft.Diagnostics.NETCore.Client" либо одну из их зависимостей. Не удается найти указанный файл.
Имя файла: 'Microsoft.Diagnostics.NETCore.Client'
   в System.Reflection.RuntimeAssembly._nLoad(AssemblyName fileName, String codeBase, Evidence assemblySecurity, RuntimeAssembly locationHint, StackCrawlMark& stackMark, IntPtr pPrivHostBinder, Boolean throwOnFileNotFound, Boolean forIntrospection, Boolean suppressSecurityChecks)
   в System.Reflection.RuntimeAssembly.nLoad(AssemblyName fileName, String codeBase, Evidence assemblySecurity, RuntimeAssembly locationHint, StackCrawlMark& stackMark, IntPtr pPrivHostBinder, Boolean throwOnFileNotFound, Boolean forIntrospection, Boolean suppressSecurityChecks)
   в System.Reflection.RuntimeAssembly.InternalLoadAssemblyName(AssemblyName assemblyRef, Evidence assemblySecurity, RuntimeAssembly reqAssembly, StackCrawlMark& stackMark, IntPtr pPrivHostBinder, Boolean throwOnFileNotFound, Boolean forIntrospection, Boolean suppressSecurityChecks)
   в System.Reflection.Assembly.Load(AssemblyName assemblyRef)
   в Microsoft.VisualStudio.TestPlatform.Common.ExtensionFramework.TestPluginDiscoverer.GetTestExtensionsFromFiles[TPluginInfo,TExtension](String[] files, Dictionary`2 pluginInfos)

Предупреждение: регистрация привязки сборок выключена.
Чтобы включить регистрацию ошибок привязки сборок, установите значение параметра реестра [HKLM\Software\Microsoft\Fusion!EnableLog] (DWORD) в 1.
Примечание. Регистрация ошибок привязки сборок может привести к некоторому снижению производительности.
Чтобы отключить эту функцию, удалите параметр реестра [HKLM\Software\Microsoft\Fusion!EnableLog].

TpTrace Warning: 0 : 20440, 3, 2022/05/13, 13:22:28.956, 712047035686, testhost.net472.x86.exe, TestPluginDiscoverer: Failed to load extensions from file 'C:\Program Files\dotnet\sdk\6.0.202\Extensions\Microsoft.TestPlatform.Extensions.BlameDataCollector.dll'.  Skipping test extension scan for this file.  Error: System.IO.FileNotFoundException: Не удалось загрузить файл или сборку "Microsoft.TestPlatform.Extensions.BlameDataCollector" либо одну из их зависимостей. Не удается найти указанный файл.
Имя файла: 'Microsoft.TestPlatform.Extensions.BlameDataCollector'
   в System.Reflection.RuntimeAssembly._nLoad(AssemblyName fileName, String codeBase, Evidence assemblySecurity, RuntimeAssembly locationHint, StackCrawlMark& stackMark, IntPtr pPrivHostBinder, Boolean throwOnFileNotFound, Boolean forIntrospection, Boolean suppressSecurityChecks)
   в System.Reflection.RuntimeAssembly.nLoad(AssemblyName fileName, String codeBase, Evidence assemblySecurity, RuntimeAssembly locationHint, StackCrawlMark& stackMark, IntPtr pPrivHostBinder, Boolean throwOnFileNotFound, Boolean forIntrospection, Boolean suppressSecurityChecks)
   в System.Reflection.RuntimeAssembly.InternalLoadAssemblyName(AssemblyName assemblyRef, Evidence assemblySecurity, RuntimeAssembly reqAssembly, StackCrawlMark& stackMark, IntPtr pPrivHostBinder, Boolean throwOnFileNotFound, Boolean forIntrospection, Boolean suppressSecurityChecks)
   в System.Reflection.Assembly.Load(AssemblyName assemblyRef)
   в Microsoft.VisualStudio.TestPlatform.Common.ExtensionFramework.TestPluginDiscoverer.GetTestExtensionsFromFiles[TPluginInfo,TExtension](String[] files, Dictionary`2 pluginInfos)

Предупреждение: регистрация привязки сборок выключена.
Чтобы включить регистрацию ошибок привязки сборок, установите значение параметра реестра [HKLM\Software\Microsoft\Fusion!EnableLog] (DWORD) в 1.
Примечание. Регистрация ошибок привязки сборок может привести к некоторому снижению производительности.
Чтобы отключить эту функцию, удалите параметр реестра [HKLM\Software\Microsoft\Fusion!EnableLog].

TpTrace Warning: 0 : 20440, 3, 2022/05/13, 13:22:28.956, 712047038036, testhost.net472.x86.exe, TestPluginDiscoverer: Failed to load extensions from file 'C:\Program Files\dotnet\sdk\6.0.202\Extensions\Microsoft.TestPlatform.TestHostRuntimeProvider.dll'.  Skipping test extension scan for this file.  Error: System.IO.FileNotFoundException: Не удалось загрузить файл или сборку "Microsoft.TestPlatform.TestHostRuntimeProvider" либо одну из их зависимостей. Не удается найти указанный файл.
Имя файла: 'Microsoft.TestPlatform.TestHostRuntimeProvider'
   в System.Reflection.RuntimeAssembly._nLoad(AssemblyName fileName, String codeBase, Evidence assemblySecurity, RuntimeAssembly locationHint, StackCrawlMark& stackMark, IntPtr pPrivHostBinder, Boolean throwOnFileNotFound, Boolean forIntrospection, Boolean suppressSecurityChecks)
   в System.Reflection.RuntimeAssembly.nLoad(AssemblyName fileName, String codeBase, Evidence assemblySecurity, RuntimeAssembly locationHint, StackCrawlMark& stackMark, IntPtr pPrivHostBinder, Boolean throwOnFileNotFound, Boolean forIntrospection, Boolean suppressSecurityChecks)
   в System.Reflection.RuntimeAssembly.InternalLoadAssemblyName(AssemblyName assemblyRef, Evidence assemblySecurity, RuntimeAssembly reqAssembly, StackCrawlMark& stackMark, IntPtr pPrivHostBinder, Boolean throwOnFileNotFound, Boolean forIntrospection, Boolean suppressSecurityChecks)
   в System.Reflection.Assembly.Load(AssemblyName assemblyRef)
   в Microsoft.VisualStudio.TestPlatform.Common.ExtensionFramework.TestPluginDiscoverer.GetTestExtensionsFromFiles[TPluginInfo,TExtension](String[] files, Dictionary`2 pluginInfos)

Предупреждение: регистрация привязки сборок выключена.
Чтобы включить регистрацию ошибок привязки сборок, установите значение параметра реестра [HKLM\Software\Microsoft\Fusion!EnableLog] (DWORD) в 1.
Примечание. Регистрация ошибок привязки сборок может привести к некоторому снижению производительности.
Чтобы отключить эту функцию, удалите параметр реестра [HKLM\Software\Microsoft\Fusion!EnableLog].

TpTrace Warning: 0 : 20440, 3, 2022/05/13, 13:22:28.956, 712047039735, testhost.net472.x86.exe, TestPluginDiscoverer: Failed to load extensions from file 'C:\Program Files\dotnet\sdk\6.0.202\Extensions\Microsoft.VisualStudio.TestPlatform.Extensions.Html.TestLogger.dll'.  Skipping test extension scan for this file.  Error: System.IO.FileNotFoundException: Не удалось загрузить файл или сборку "Microsoft.VisualStudio.TestPlatform.Extensions.Html.TestLogger" либо одну из их зависимостей. Не удается найти указанный файл.
Имя файла: 'Microsoft.VisualStudio.TestPlatform.Extensions.Html.TestLogger'
   в System.Reflection.RuntimeAssembly._nLoad(AssemblyName fileName, String codeBase, Evidence assemblySecurity, RuntimeAssembly locationHint, StackCrawlMark& stackMark, IntPtr pPrivHostBinder, Boolean throwOnFileNotFound, Boolean forIntrospection, Boolean suppressSecurityChecks)
   в System.Reflection.RuntimeAssembly.nLoad(AssemblyName fileName, String codeBase, Evidence assemblySecurity, RuntimeAssembly locationHint, StackCrawlMark& stackMark, IntPtr pPrivHostBinder, Boolean throwOnFileNotFound, Boolean forIntrospection, Boolean suppressSecurityChecks)
   в System.Reflection.RuntimeAssembly.InternalLoadAssemblyName(AssemblyName assemblyRef, Evidence assemblySecurity, RuntimeAssembly reqAssembly, StackCrawlMark& stackMark, IntPtr pPrivHostBinder, Boolean throwOnFileNotFound, Boolean forIntrospection, Boolean suppressSecurityChecks)
   в System.Reflection.Assembly.Load(AssemblyName assemblyRef)
   в Microsoft.VisualStudio.TestPlatform.Common.ExtensionFramework.TestPluginDiscoverer.GetTestExtensionsFromFiles[TPluginInfo,TExtension](String[] files, Dictionary`2 pluginInfos)

Предупреждение: регистрация привязки сборок выключена.
Чтобы включить регистрацию ошибок привязки сборок, установите значение параметра реестра [HKLM\Software\Microsoft\Fusion!EnableLog] (DWORD) в 1.
Примечание. Регистрация ошибок привязки сборок может привести к некоторому снижению производительности.
Чтобы отключить эту функцию, удалите параметр реестра [HKLM\Software\Microsoft\Fusion!EnableLog].

TpTrace Warning: 0 : 20440, 3, 2022/05/13, 13:22:28.956, 712047041415, testhost.net472.x86.exe, TestPluginDiscoverer: Failed to load extensions from file 'C:\Program Files\dotnet\sdk\6.0.202\Extensions\Microsoft.VisualStudio.TestPlatform.Extensions.Trx.TestLogger.dll'.  Skipping test extension scan for this file.  Error: System.IO.FileNotFoundException: Не удалось загрузить файл или сборку "Microsoft.VisualStudio.TestPlatform.Extensions.Trx.TestLogger" либо одну из их зависимостей. Не удается найти указанный файл.
Имя файла: 'Microsoft.VisualStudio.TestPlatform.Extensions.Trx.TestLogger'
   в System.Reflection.RuntimeAssembly._nLoad(AssemblyName fileName, String codeBase, Evidence assemblySecurity, RuntimeAssembly locationHint, StackCrawlMark& stackMark, IntPtr pPrivHostBinder, Boolean throwOnFileNotFound, Boolean forIntrospection, Boolean suppressSecurityChecks)
   в System.Reflection.RuntimeAssembly.nLoad(AssemblyName fileName, String codeBase, Evidence assemblySecurity, RuntimeAssembly locationHint, StackCrawlMark& stackMark, IntPtr pPrivHostBinder, Boolean throwOnFileNotFound, Boolean forIntrospection, Boolean suppressSecurityChecks)
   в System.Reflection.RuntimeAssembly.InternalLoadAssemblyName(AssemblyName assemblyRef, Evidence assemblySecurity, RuntimeAssembly reqAssembly, StackCrawlMark& stackMark, IntPtr pPrivHostBinder, Boolean throwOnFileNotFound, Boolean forIntrospection, Boolean suppressSecurityChecks)
   в System.Reflection.Assembly.Load(AssemblyName assemblyRef)
   в Microsoft.VisualStudio.TestPlatform.Common.ExtensionFramework.TestPluginDiscoverer.GetTestExtensionsFromFiles[TPluginInfo,TExtension](String[] files, Dictionary`2 pluginInfos)

Предупреждение: регистрация привязки сборок выключена.
Чтобы включить регистрацию ошибок привязки сборок, установите значение параметра реестра [HKLM\Software\Microsoft\Fusion!EnableLog] (DWORD) в 1.
Примечание. Регистрация ошибок привязки сборок может привести к некоторому снижению производительности.
Чтобы отключить эту функцию, удалите параметр реестра [HKLM\Software\Microsoft\Fusion!EnableLog].

TpTrace Verbose: 0 : 20440, 3, 2022/05/13, 13:22:28.956, 712047043643, testhost.net472.x86.exe, TestPluginCache: Discovered the extensions using extension path ''.
TpTrace Verbose: 0 : 20440, 3, 2022/05/13, 13:22:28.956, 712047044293, testhost.net472.x86.exe, TestPluginCache: Discoverers are ''.
TpTrace Verbose: 0 : 20440, 3, 2022/05/13, 13:22:28.957, 712047045307, testhost.net472.x86.exe, TestPluginCache: Executors are 'executor://xunit/VsTestRunner2/net'.
TpTrace Verbose: 0 : 20440, 3, 2022/05/13, 13:22:28.957, 712047046267, testhost.net472.x86.exe, TestPluginCache: Executors2 are ''.
TpTrace Verbose: 0 : 20440, 3, 2022/05/13, 13:22:28.957, 712047046828, testhost.net472.x86.exe, TestPluginCache: Setting providers are ''.
TpTrace Verbose: 0 : 20440, 3, 2022/05/13, 13:22:28.957, 712047047364, testhost.net472.x86.exe, TestPluginCache: Loggers are ''.
TpTrace Verbose: 0 : 20440, 3, 2022/05/13, 13:22:28.957, 712047054393, testhost.net472.x86.exe, TestExecutorService: Loaded the settings providers
TpTrace Information: 0 : 20440, 3, 2022/05/13, 13:22:28.958, 712047055341, testhost.net472.x86.exe, TestExecutorService: Loaded the extensions
TpTrace Information: 0 : 20440, 3, 2022/05/13, 13:22:28.958, 712047060865, testhost.net472.x86.exe, TestRequestHandler.OnMessageReceived: Running job 'TestExecution.StartWithSources'.
TpTrace Information: 0 : 20440, 3, 2022/05/13, 13:22:28.971, 712047188940, testhost.net472.x86.exe, AssemblyResolver.OnResolve: Microsoft.VisualStudio.TestPlatform.Common.resources, Version=15.0.0.0, Culture=ru-RU, PublicKeyToken=b03f5f7f11d50a3a: Resolving assembly.
TpTrace Information: 0 : 20440, 3, 2022/05/13, 13:22:28.972, 712047190607, testhost.net472.x86.exe, AssemblyResolver.OnResolve: Microsoft.VisualStudio.TestPlatform.Common.resources, Version=15.0.0.0, Culture=ru-RU, PublicKeyToken=b03f5f7f11d50a3a: Searching in: 'C:\Program Files\dotnet\sdk\6.0.202\Extensions'.
TpTrace Information: 0 : 20440, 3, 2022/05/13, 13:22:28.972, 712047191679, testhost.net472.x86.exe, AssemblyResolver.OnResolve: Microsoft.VisualStudio.TestPlatform.Common.resources, Version=15.0.0.0, Culture=ru-RU, PublicKeyToken=b03f5f7f11d50a3a: Assembly path does not exist: 'C:\Program Files\dotnet\sdk\6.0.202\Extensions\Microsoft.VisualStudio.TestPlatform.Common.resources.dll', returning.
TpTrace Information: 0 : 20440, 3, 2022/05/13, 13:22:28.972, 712047192575, testhost.net472.x86.exe, AssemblyResolver.OnResolve: Microsoft.VisualStudio.TestPlatform.Common.resources, Version=15.0.0.0, Culture=ru-RU, PublicKeyToken=b03f5f7f11d50a3a: Assembly path does not exist: 'C:\Program Files\dotnet\sdk\6.0.202\Extensions\Microsoft.VisualStudio.TestPlatform.Common.resources.exe', returning.
TpTrace Information: 0 : 20440, 3, 2022/05/13, 13:22:28.972, 712047193195, testhost.net472.x86.exe, AssemblyResolver.OnResolve: Microsoft.VisualStudio.TestPlatform.Common.resources, Version=15.0.0.0, Culture=ru-RU, PublicKeyToken=b03f5f7f11d50a3a: Searching in: 'E:\CS\APPZ\lab_4\TestingBussinesLogic\bin\Debug\net472\fine-code-coverage\build-output'.
TpTrace Information: 0 : 20440, 3, 2022/05/13, 13:22:28.972, 712047194030, testhost.net472.x86.exe, AssemblyResolver.OnResolve: Microsoft.VisualStudio.TestPlatform.Common.resources, Version=15.0.0.0, Culture=ru-RU, PublicKeyToken=b03f5f7f11d50a3a: Assembly path does not exist: 'E:\CS\APPZ\lab_4\TestingBussinesLogic\bin\Debug\net472\fine-code-coverage\build-output\Microsoft.VisualStudio.TestPlatform.Common.resources.dll', returning.
TpTrace Information: 0 : 20440, 3, 2022/05/13, 13:22:28.972, 712047194816, testhost.net472.x86.exe, AssemblyResolver.OnResolve: Microsoft.VisualStudio.TestPlatform.Common.resources, Version=15.0.0.0, Culture=ru-RU, PublicKeyToken=b03f5f7f11d50a3a: Assembly path does not exist: 'E:\CS\APPZ\lab_4\TestingBussinesLogic\bin\Debug\net472\fine-code-coverage\build-output\Microsoft.VisualStudio.TestPlatform.Common.resources.exe', returning.
TpTrace Information: 0 : 20440, 3, 2022/05/13, 13:22:28.972, 712047195433, testhost.net472.x86.exe, AssemblyResolver.OnResolve: Microsoft.VisualStudio.TestPlatform.Common.resources, Version=15.0.0.0, Culture=ru-RU, PublicKeyToken=b03f5f7f11d50a3a: Searching in: 'C:\Program Files\dotnet\sdk\6.0.202\TestHost'.
TpTrace Information: 0 : 20440, 3, 2022/05/13, 13:22:28.972, 712047196293, testhost.net472.x86.exe, AssemblyResolver.OnResolve: Microsoft.VisualStudio.TestPlatform.Common.resources, Version=15.0.0.0, Culture=ru-RU, PublicKeyToken=b03f5f7f11d50a3a: Assembly path does not exist: 'C:\Program Files\dotnet\sdk\6.0.202\TestHost\Microsoft.VisualStudio.TestPlatform.Common.resources.dll', returning.
TpTrace Information: 0 : 20440, 3, 2022/05/13, 13:22:28.972, 712047197158, testhost.net472.x86.exe, AssemblyResolver.OnResolve: Microsoft.VisualStudio.TestPlatform.Common.resources, Version=15.0.0.0, Culture=ru-RU, PublicKeyToken=b03f5f7f11d50a3a: Assembly path does not exist: 'C:\Program Files\dotnet\sdk\6.0.202\TestHost\Microsoft.VisualStudio.TestPlatform.Common.resources.exe', returning.
TpTrace Information: 0 : 20440, 3, 2022/05/13, 13:22:28.972, 712047197765, testhost.net472.x86.exe, AssemblyResolver.OnResolve: Microsoft.VisualStudio.TestPlatform.Common.resources, Version=15.0.0.0, Culture=ru-RU, PublicKeyToken=b03f5f7f11d50a3a: Failed to load assembly.
TpTrace Information: 0 : 20440, 3, 2022/05/13, 13:22:28.972, 712047199131, testhost.net472.x86.exe, AssemblyResolver.OnResolve: Microsoft.VisualStudio.TestPlatform.Common.resources, Version=15.0.0.0, Culture=ru-RU, PublicKeyToken=b03f5f7f11d50a3a: Resolving assembly.
TpTrace Information: 0 : 20440, 3, 2022/05/13, 13:22:28.973, 712047200068, testhost.net472.x86.exe, AssemblyResolver.OnResolve: Microsoft.VisualStudio.TestPlatform.Common.resources, Version=15.0.0.0, Culture=ru-RU, PublicKeyToken=b03f5f7f11d50a3a: Resolved from cache.
TpTrace Information: 0 : 20440, 3, 2022/05/13, 13:22:29.022, 712047693155, testhost.net472.x86.exe, TestDiscoveryManager: Discovering tests from sources E:\CS\APPZ\lab_4\TestingBussinesLogic\bin\Debug\net472\fine-code-coverage\build-output\TestingBussinesLogic.dll
TpTrace Verbose: 0 : 20440, 3, 2022/05/13, 13:22:29.024, 712047713441, testhost.net472.x86.exe, TestPluginCache.DiscoverTestExtensions: finding test extensions in assemblies ends with: TestAdapter.dll TPluginInfo: Microsoft.VisualStudio.TestPlatform.Common.ExtensionFramework.Utilities.TestDiscovererPluginInformation TExtension: Microsoft.VisualStudio.TestPlatform.ObjectModel.Adapter.ITestDiscoverer
TpTrace Verbose: 0 : 20440, 3, 2022/05/13, 13:22:29.024, 712047714578, testhost.net472.x86.exe, TestPluginCache.GetExtensionPaths: Filtered extension paths: 
TpTrace Verbose: 0 : 20440, 3, 2022/05/13, 13:22:29.024, 712047715244, testhost.net472.x86.exe, TestPluginCache.GetExtensionPaths: Added default extension paths: C:\Program Files\dotnet\sdk\6.0.202\Extensions\DumpMinitool.exe
C:\Program Files\dotnet\sdk\6.0.202\Extensions\DumpMinitool.x86.exe
C:\Program Files\dotnet\sdk\6.0.202\Extensions\Microsoft.Diagnostics.NETCore.Client.dll
C:\Program Files\dotnet\sdk\6.0.202\Extensions\Microsoft.TestPlatform.Extensions.BlameDataCollector.dll
C:\Program Files\dotnet\sdk\6.0.202\Extensions\Microsoft.TestPlatform.Extensions.EventLogCollector.dll
C:\Program Files\dotnet\sdk\6.0.202\Extensions\Microsoft.TestPlatform.TestHostRuntimeProvider.dll
C:\Program Files\dotnet\sdk\6.0.202\Extensions\Microsoft.VisualStudio.TestPlatform.Extensions.Html.TestLogger.dll
C:\Program Files\dotnet\sdk\6.0.202\Extensions\Microsoft.VisualStudio.TestPlatform.Extensions.Trx.TestLogger.dll
E:\CS\APPZ\lab_4\TestingBussinesLogic\bin\Debug\net472\fine-code-coverage\build-output\xunit.runner.visualstudio.testadapter.dll
TpTrace Verbose: 0 : 20440, 3, 2022/05/13, 13:22:29.024, 712047715889, testhost.net472.x86.exe, TestPluginCache.GetExtensionPaths: Added unfilterableExtensionPaths: 
TpTrace Information: 0 : 20440, 3, 2022/05/13, 13:22:29.024, 712047717507, testhost.net472.x86.exe, AssemblyResolver.AddSearchDirectories: Adding more searchDirectories C:\Program Files\dotnet\sdk\6.0.202\Extensions,E:\CS\APPZ\lab_4\TestingBussinesLogic\bin\Debug\net472\fine-code-coverage\build-output,C:\Program Files\dotnet\sdk\6.0.202\TestHost
TpTrace Verbose: 0 : 20440, 3, 2022/05/13, 13:22:29.024, 712047718197, testhost.net472.x86.exe, TestPluginCache.DiscoverTestExtensions: Discovering the extensions using extension path.
TpTrace Verbose: 0 : 20440, 3, 2022/05/13, 13:22:29.025, 712047719177, testhost.net472.x86.exe, TestPluginCache.GetExtensionPaths: Filtered extension paths: 
TpTrace Verbose: 0 : 20440, 3, 2022/05/13, 13:22:29.025, 712047719759, testhost.net472.x86.exe, TestPluginCache.GetExtensionPaths: Added default extension paths: C:\Program Files\dotnet\sdk\6.0.202\Extensions\DumpMinitool.exe
C:\Program Files\dotnet\sdk\6.0.202\Extensions\DumpMinitool.x86.exe
C:\Program Files\dotnet\sdk\6.0.202\Extensions\Microsoft.Diagnostics.NETCore.Client.dll
C:\Program Files\dotnet\sdk\6.0.202\Extensions\Microsoft.TestPlatform.Extensions.BlameDataCollector.dll
C:\Program Files\dotnet\sdk\6.0.202\Extensions\Microsoft.TestPlatform.Extensions.EventLogCollector.dll
C:\Program Files\dotnet\sdk\6.0.202\Extensions\Microsoft.TestPlatform.TestHostRuntimeProvider.dll
C:\Program Files\dotnet\sdk\6.0.202\Extensions\Microsoft.VisualStudio.TestPlatform.Extensions.Html.TestLogger.dll
C:\Program Files\dotnet\sdk\6.0.202\Extensions\Microsoft.VisualStudio.TestPlatform.Extensions.Trx.TestLogger.dll
E:\CS\APPZ\lab_4\TestingBussinesLogic\bin\Debug\net472\fine-code-coverage\build-output\xunit.runner.visualstudio.testadapter.dll
TpTrace Verbose: 0 : 20440, 3, 2022/05/13, 13:22:29.025, 712047720389, testhost.net472.x86.exe, TestPluginCache.GetExtensionPaths: Added unfilterableExtensionPaths: 
TpTrace Verbose: 0 : 20440, 3, 2022/05/13, 13:22:29.025, 712047721001, testhost.net472.x86.exe, TestPluginCache.DiscoverTestExtensions: Discovering the extensions using allExtensionPaths: C:\Program Files\dotnet\sdk\6.0.202\Extensions\DumpMinitool.exe
C:\Program Files\dotnet\sdk\6.0.202\Extensions\DumpMinitool.x86.exe
C:\Program Files\dotnet\sdk\6.0.202\Extensions\Microsoft.Diagnostics.NETCore.Client.dll
C:\Program Files\dotnet\sdk\6.0.202\Extensions\Microsoft.TestPlatform.Extensions.BlameDataCollector.dll
C:\Program Files\dotnet\sdk\6.0.202\Extensions\Microsoft.TestPlatform.Extensions.EventLogCollector.dll
C:\Program Files\dotnet\sdk\6.0.202\Extensions\Microsoft.TestPlatform.TestHostRuntimeProvider.dll
C:\Program Files\dotnet\sdk\6.0.202\Extensions\Microsoft.VisualStudio.TestPlatform.Extensions.Html.TestLogger.dll
C:\Program Files\dotnet\sdk\6.0.202\Extensions\Microsoft.VisualStudio.TestPlatform.Extensions.Trx.TestLogger.dll
E:\CS\APPZ\lab_4\TestingBussinesLogic\bin\Debug\net472\fine-code-coverage\build-output\xunit.runner.visualstudio.testadapter.dll
TpTrace Information: 0 : 20440, 3, 2022/05/13, 13:22:29.025, 712047721842, testhost.net472.x86.exe, AssemblyResolver.AddSearchDirectories: Adding more searchDirectories C:\Program Files\dotnet\sdk\6.0.202\Extensions,C:\Program Files\dotnet\sdk\6.0.202\TestHost
TpTrace Information: 0 : 20440, 3, 2022/05/13, 13:22:29.025, 712047722545, testhost.net472.x86.exe, AssemblyResolver.AddSearchDirectories: Adding more searchDirectories C:\Program Files\dotnet\sdk\6.0.202\Extensions,C:\Program Files\dotnet\sdk\6.0.202\TestHost
TpTrace Information: 0 : 20440, 3, 2022/05/13, 13:22:29.025, 712047723193, testhost.net472.x86.exe, AssemblyResolver.AddSearchDirectories: Adding more searchDirectories C:\Program Files\dotnet\sdk\6.0.202\Extensions,C:\Program Files\dotnet\sdk\6.0.202\TestHost
TpTrace Information: 0 : 20440, 3, 2022/05/13, 13:22:29.025, 712047723846, testhost.net472.x86.exe, AssemblyResolver.AddSearchDirectories: Adding more searchDirectories C:\Program Files\dotnet\sdk\6.0.202\Extensions,C:\Program Files\dotnet\sdk\6.0.202\TestHost
TpTrace Information: 0 : 20440, 3, 2022/05/13, 13:22:29.025, 712047724509, testhost.net472.x86.exe, AssemblyResolver.AddSearchDirectories: Adding more searchDirectories C:\Program Files\dotnet\sdk\6.0.202\Extensions,C:\Program Files\dotnet\sdk\6.0.202\TestHost
TpTrace Information: 0 : 20440, 3, 2022/05/13, 13:22:29.025, 712047725179, testhost.net472.x86.exe, AssemblyResolver.AddSearchDirectories: Adding more searchDirectories C:\Program Files\dotnet\sdk\6.0.202\Extensions,C:\Program Files\dotnet\sdk\6.0.202\TestHost
TpTrace Information: 0 : 20440, 3, 2022/05/13, 13:22:29.025, 712047725826, testhost.net472.x86.exe, AssemblyResolver.AddSearchDirectories: Adding more searchDirectories C:\Program Files\dotnet\sdk\6.0.202\Extensions,C:\Program Files\dotnet\sdk\6.0.202\TestHost
TpTrace Information: 0 : 20440, 3, 2022/05/13, 13:22:29.025, 712047726477, testhost.net472.x86.exe, AssemblyResolver.AddSearchDirectories: Adding more searchDirectories C:\Program Files\dotnet\sdk\6.0.202\Extensions,C:\Program Files\dotnet\sdk\6.0.202\TestHost
TpTrace Information: 0 : 20440, 3, 2022/05/13, 13:22:29.025, 712047727122, testhost.net472.x86.exe, AssemblyResolver.AddSearchDirectories: Adding more searchDirectories E:\CS\APPZ\lab_4\TestingBussinesLogic\bin\Debug\net472\fine-code-coverage\build-output,C:\Program Files\dotnet\sdk\6.0.202\TestHost
TpTrace Warning: 0 : 20440, 3, 2022/05/13, 13:22:29.026, 712047729633, testhost.net472.x86.exe, TestPluginDiscoverer: Failed to load extensions from file 'C:\Program Files\dotnet\sdk\6.0.202\Extensions\DumpMinitool.exe'.  Skipping test extension scan for this file.  Error: System.IO.FileNotFoundException: Не удалось загрузить файл или сборку "DumpMinitool" либо одну из их зависимостей. Не удается найти указанный файл.
Имя файла: 'DumpMinitool'
   в System.Reflection.RuntimeAssembly._nLoad(AssemblyName fileName, String codeBase, Evidence assemblySecurity, RuntimeAssembly locationHint, StackCrawlMark& stackMark, IntPtr pPrivHostBinder, Boolean throwOnFileNotFound, Boolean forIntrospection, Boolean suppressSecurityChecks)
   в System.Reflection.RuntimeAssembly.nLoad(AssemblyName fileName, String codeBase, Evidence assemblySecurity, RuntimeAssembly locationHint, StackCrawlMark& stackMark, IntPtr pPrivHostBinder, Boolean throwOnFileNotFound, Boolean forIntrospection, Boolean suppressSecurityChecks)
   в System.Reflection.RuntimeAssembly.InternalLoadAssemblyName(AssemblyName assemblyRef, Evidence assemblySecurity, RuntimeAssembly reqAssembly, StackCrawlMark& stackMark, IntPtr pPrivHostBinder, Boolean throwOnFileNotFound, Boolean forIntrospection, Boolean suppressSecurityChecks)
   в System.Reflection.Assembly.Load(AssemblyName assemblyRef)
   в Microsoft.VisualStudio.TestPlatform.Common.ExtensionFramework.TestPluginDiscoverer.GetTestExtensionsFromFiles[TPluginInfo,TExtension](String[] files, Dictionary`2 pluginInfos)

Предупреждение: регистрация привязки сборок выключена.
Чтобы включить регистрацию ошибок привязки сборок, установите значение параметра реестра [HKLM\Software\Microsoft\Fusion!EnableLog] (DWORD) в 1.
Примечание. Регистрация ошибок привязки сборок может привести к некоторому снижению производительности.
Чтобы отключить эту функцию, удалите параметр реестра [HKLM\Software\Microsoft\Fusion!EnableLog].

TpTrace Warning: 0 : 20440, 3, 2022/05/13, 13:22:29.026, 712047731381, testhost.net472.x86.exe, TestPluginDiscoverer: Failed to load extensions from file 'C:\Program Files\dotnet\sdk\6.0.202\Extensions\DumpMinitool.x86.exe'.  Skipping test extension scan for this file.  Error: System.IO.FileNotFoundException: Не удалось загрузить файл или сборку "DumpMinitool.x86" либо одну из их зависимостей. Не удается найти указанный файл.
Имя файла: 'DumpMinitool.x86'
   в System.Reflection.RuntimeAssembly._nLoad(AssemblyName fileName, String codeBase, Evidence assemblySecurity, RuntimeAssembly locationHint, StackCrawlMark& stackMark, IntPtr pPrivHostBinder, Boolean throwOnFileNotFound, Boolean forIntrospection, Boolean suppressSecurityChecks)
   в System.Reflection.RuntimeAssembly.nLoad(AssemblyName fileName, String codeBase, Evidence assemblySecurity, RuntimeAssembly locationHint, StackCrawlMark& stackMark, IntPtr pPrivHostBinder, Boolean throwOnFileNotFound, Boolean forIntrospection, Boolean suppressSecurityChecks)
   в System.Reflection.RuntimeAssembly.InternalLoadAssemblyName(AssemblyName assemblyRef, Evidence assemblySecurity, RuntimeAssembly reqAssembly, StackCrawlMark& stackMark, IntPtr pPrivHostBinder, Boolean throwOnFileNotFound, Boolean forIntrospection, Boolean suppressSecurityChecks)
   в System.Reflection.Assembly.Load(AssemblyName assemblyRef)
   в Microsoft.VisualStudio.TestPlatform.Common.ExtensionFramework.TestPluginDiscoverer.GetTestExtensionsFromFiles[TPluginInfo,TExtension](String[] files, Dictionary`2 pluginInfos)

Предупреждение: регистрация привязки сборок выключена.
Чтобы включить регистрацию ошибок привязки сборок, установите значение параметра реестра [HKLM\Software\Microsoft\Fusion!EnableLog] (DWORD) в 1.
Примечание. Регистрация ошибок привязки сборок может привести к некоторому снижению производительности.
Чтобы отключить эту функцию, удалите параметр реестра [HKLM\Software\Microsoft\Fusion!EnableLog].

TpTrace Warning: 0 : 20440, 3, 2022/05/13, 13:22:29.026, 712047733105, testhost.net472.x86.exe, TestPluginDiscoverer: Failed to load extensions from file 'C:\Program Files\dotnet\sdk\6.0.202\Extensions\Microsoft.Diagnostics.NETCore.Client.dll'.  Skipping test extension scan for this file.  Error: System.IO.FileNotFoundException: Не удалось загрузить файл или сборку "Microsoft.Diagnostics.NETCore.Client" либо одну из их зависимостей. Не удается найти указанный файл.
Имя файла: 'Microsoft.Diagnostics.NETCore.Client'
   в System.Reflection.RuntimeAssembly._nLoad(AssemblyName fileName, String codeBase, Evidence assemblySecurity, RuntimeAssembly locationHint, StackCrawlMark& stackMark, IntPtr pPrivHostBinder, Boolean throwOnFileNotFound, Boolean forIntrospection, Boolean suppressSecurityChecks)
   в System.Reflection.RuntimeAssembly.nLoad(AssemblyName fileName, String codeBase, Evidence assemblySecurity, RuntimeAssembly locationHint, StackCrawlMark& stackMark, IntPtr pPrivHostBinder, Boolean throwOnFileNotFound, Boolean forIntrospection, Boolean suppressSecurityChecks)
   в System.Reflection.RuntimeAssembly.InternalLoadAssemblyName(AssemblyName assemblyRef, Evidence assemblySecurity, RuntimeAssembly reqAssembly, StackCrawlMark& stackMark, IntPtr pPrivHostBinder, Boolean throwOnFileNotFound, Boolean forIntrospection, Boolean suppressSecurityChecks)
   в System.Reflection.Assembly.Load(AssemblyName assemblyRef)
   в Microsoft.VisualStudio.TestPlatform.Common.ExtensionFramework.TestPluginDiscoverer.GetTestExtensionsFromFiles[TPluginInfo,TExtension](String[] files, Dictionary`2 pluginInfos)

Предупреждение: регистрация привязки сборок выключена.
Чтобы включить регистрацию ошибок привязки сборок, установите значение параметра реестра [HKLM\Software\Microsoft\Fusion!EnableLog] (DWORD) в 1.
Примечание. Регистрация ошибок привязки сборок может привести к некоторому снижению производительности.
Чтобы отключить эту функцию, удалите параметр реестра [HKLM\Software\Microsoft\Fusion!EnableLog].

TpTrace Warning: 0 : 20440, 3, 2022/05/13, 13:22:29.026, 712047734853, testhost.net472.x86.exe, TestPluginDiscoverer: Failed to load extensions from file 'C:\Program Files\dotnet\sdk\6.0.202\Extensions\Microsoft.TestPlatform.Extensions.BlameDataCollector.dll'.  Skipping test extension scan for this file.  Error: System.IO.FileNotFoundException: Не удалось загрузить файл или сборку "Microsoft.TestPlatform.Extensions.BlameDataCollector" либо одну из их зависимостей. Не удается найти указанный файл.
Имя файла: 'Microsoft.TestPlatform.Extensions.BlameDataCollector'
   в System.Reflection.RuntimeAssembly._nLoad(AssemblyName fileName, String codeBase, Evidence assemblySecurity, RuntimeAssembly locationHint, StackCrawlMark& stackMark, IntPtr pPrivHostBinder, Boolean throwOnFileNotFound, Boolean forIntrospection, Boolean suppressSecurityChecks)
   в System.Reflection.RuntimeAssembly.nLoad(AssemblyName fileName, String codeBase, Evidence assemblySecurity, RuntimeAssembly locationHint, StackCrawlMark& stackMark, IntPtr pPrivHostBinder, Boolean throwOnFileNotFound, Boolean forIntrospection, Boolean suppressSecurityChecks)
   в System.Reflection.RuntimeAssembly.InternalLoadAssemblyName(AssemblyName assemblyRef, Evidence assemblySecurity, RuntimeAssembly reqAssembly, StackCrawlMark& stackMark, IntPtr pPrivHostBinder, Boolean throwOnFileNotFound, Boolean forIntrospection, Boolean suppressSecurityChecks)
   в System.Reflection.Assembly.Load(AssemblyName assemblyRef)
   в Microsoft.VisualStudio.TestPlatform.Common.ExtensionFramework.TestPluginDiscoverer.GetTestExtensionsFromFiles[TPluginInfo,TExtension](String[] files, Dictionary`2 pluginInfos)

Предупреждение: регистрация привязки сборок выключена.
Чтобы включить регистрацию ошибок привязки сборок, установите значение параметра реестра [HKLM\Software\Microsoft\Fusion!EnableLog] (DWORD) в 1.
Примечание. Регистрация ошибок привязки сборок может привести к некоторому снижению производительности.
Чтобы отключить эту функцию, удалите параметр реестра [HKLM\Software\Microsoft\Fusion!EnableLog].

TpTrace Warning: 0 : 20440, 3, 2022/05/13, 13:22:29.026, 712047737733, testhost.net472.x86.exe, TestPluginDiscoverer: Failed to load extensions from file 'C:\Program Files\dotnet\sdk\6.0.202\Extensions\Microsoft.TestPlatform.TestHostRuntimeProvider.dll'.  Skipping test extension scan for this file.  Error: System.IO.FileNotFoundException: Не удалось загрузить файл или сборку "Microsoft.TestPlatform.TestHostRuntimeProvider" либо одну из их зависимостей. Не удается найти указанный файл.
Имя файла: 'Microsoft.TestPlatform.TestHostRuntimeProvider'
   в System.Reflection.RuntimeAssembly._nLoad(AssemblyName fileName, String codeBase, Evidence assemblySecurity, RuntimeAssembly locationHint, StackCrawlMark& stackMark, IntPtr pPrivHostBinder, Boolean throwOnFileNotFound, Boolean forIntrospection, Boolean suppressSecurityChecks)
   в System.Reflection.RuntimeAssembly.nLoad(AssemblyName fileName, String codeBase, Evidence assemblySecurity, RuntimeAssembly locationHint, StackCrawlMark& stackMark, IntPtr pPrivHostBinder, Boolean throwOnFileNotFound, Boolean forIntrospection, Boolean suppressSecurityChecks)
   в System.Reflection.RuntimeAssembly.InternalLoadAssemblyName(AssemblyName assemblyRef, Evidence assemblySecurity, RuntimeAssembly reqAssembly, StackCrawlMark& stackMark, IntPtr pPrivHostBinder, Boolean throwOnFileNotFound, Boolean forIntrospection, Boolean suppressSecurityChecks)
   в System.Reflection.Assembly.Load(AssemblyName assemblyRef)
   в Microsoft.VisualStudio.TestPlatform.Common.ExtensionFramework.TestPluginDiscoverer.GetTestExtensionsFromFiles[TPluginInfo,TExtension](String[] files, Dictionary`2 pluginInfos)

Предупреждение: регистрация привязки сборок выключена.
Чтобы включить регистрацию ошибок привязки сборок, установите значение параметра реестра [HKLM\Software\Microsoft\Fusion!EnableLog] (DWORD) в 1.
Примечание. Регистрация ошибок привязки сборок может привести к некоторому снижению производительности.
Чтобы отключить эту функцию, удалите параметр реестра [HKLM\Software\Microsoft\Fusion!EnableLog].

TpTrace Warning: 0 : 20440, 3, 2022/05/13, 13:22:29.027, 712047739835, testhost.net472.x86.exe, TestPluginDiscoverer: Failed to load extensions from file 'C:\Program Files\dotnet\sdk\6.0.202\Extensions\Microsoft.VisualStudio.TestPlatform.Extensions.Html.TestLogger.dll'.  Skipping test extension scan for this file.  Error: System.IO.FileNotFoundException: Не удалось загрузить файл или сборку "Microsoft.VisualStudio.TestPlatform.Extensions.Html.TestLogger" либо одну из их зависимостей. Не удается найти указанный файл.
Имя файла: 'Microsoft.VisualStudio.TestPlatform.Extensions.Html.TestLogger'
   в System.Reflection.RuntimeAssembly._nLoad(AssemblyName fileName, String codeBase, Evidence assemblySecurity, RuntimeAssembly locationHint, StackCrawlMark& stackMark, IntPtr pPrivHostBinder, Boolean throwOnFileNotFound, Boolean forIntrospection, Boolean suppressSecurityChecks)
   в System.Reflection.RuntimeAssembly.nLoad(AssemblyName fileName, String codeBase, Evidence assemblySecurity, RuntimeAssembly locationHint, StackCrawlMark& stackMark, IntPtr pPrivHostBinder, Boolean throwOnFileNotFound, Boolean forIntrospection, Boolean suppressSecurityChecks)
   в System.Reflection.RuntimeAssembly.InternalLoadAssemblyName(AssemblyName assemblyRef, Evidence assemblySecurity, RuntimeAssembly reqAssembly, StackCrawlMark& stackMark, IntPtr pPrivHostBinder, Boolean throwOnFileNotFound, Boolean forIntrospection, Boolean suppressSecurityChecks)
   в System.Reflection.Assembly.Load(AssemblyName assemblyRef)
   в Microsoft.VisualStudio.TestPlatform.Common.ExtensionFramework.TestPluginDiscoverer.GetTestExtensionsFromFiles[TPluginInfo,TExtension](String[] files, Dictionary`2 pluginInfos)

Предупреждение: регистрация привязки сборок выключена.
Чтобы включить регистрацию ошибок привязки сборок, установите значение параметра реестра [HKLM\Software\Microsoft\Fusion!EnableLog] (DWORD) в 1.
Примечание. Регистрация ошибок привязки сборок может привести к некоторому снижению производительности.
Чтобы отключить эту функцию, удалите параметр реестра [HKLM\Software\Microsoft\Fusion!EnableLog].

TpTrace Warning: 0 : 20440, 3, 2022/05/13, 13:22:29.027, 712047741571, testhost.net472.x86.exe, TestPluginDiscoverer: Failed to load extensions from file 'C:\Program Files\dotnet\sdk\6.0.202\Extensions\Microsoft.VisualStudio.TestPlatform.Extensions.Trx.TestLogger.dll'.  Skipping test extension scan for this file.  Error: System.IO.FileNotFoundException: Не удалось загрузить файл или сборку "Microsoft.VisualStudio.TestPlatform.Extensions.Trx.TestLogger" либо одну из их зависимостей. Не удается найти указанный файл.
Имя файла: 'Microsoft.VisualStudio.TestPlatform.Extensions.Trx.TestLogger'
   в System.Reflection.RuntimeAssembly._nLoad(AssemblyName fileName, String codeBase, Evidence assemblySecurity, RuntimeAssembly locationHint, StackCrawlMark& stackMark, IntPtr pPrivHostBinder, Boolean throwOnFileNotFound, Boolean forIntrospection, Boolean suppressSecurityChecks)
   в System.Reflection.RuntimeAssembly.nLoad(AssemblyName fileName, String codeBase, Evidence assemblySecurity, RuntimeAssembly locationHint, StackCrawlMark& stackMark, IntPtr pPrivHostBinder, Boolean throwOnFileNotFound, Boolean forIntrospection, Boolean suppressSecurityChecks)
   в System.Reflection.RuntimeAssembly.InternalLoadAssemblyName(AssemblyName assemblyRef, Evidence assemblySecurity, RuntimeAssembly reqAssembly, StackCrawlMark& stackMark, IntPtr pPrivHostBinder, Boolean throwOnFileNotFound, Boolean forIntrospection, Boolean suppressSecurityChecks)
   в System.Reflection.Assembly.Load(AssemblyName assemblyRef)
   в Microsoft.VisualStudio.TestPlatform.Common.ExtensionFramework.TestPluginDiscoverer.GetTestExtensionsFromFiles[TPluginInfo,TExtension](String[] files, Dictionary`2 pluginInfos)

Предупреждение: регистрация привязки сборок выключена.
Чтобы включить регистрацию ошибок привязки сборок, установите значение параметра реестра [HKLM\Software\Microsoft\Fusion!EnableLog] (DWORD) в 1.
Примечание. Регистрация ошибок привязки сборок может привести к некоторому снижению производительности.
Чтобы отключить эту функцию, удалите параметр реестра [HKLM\Software\Microsoft\Fusion!EnableLog].

TpTrace Verbose: 0 : 20440, 3, 2022/05/13, 13:22:29.031, 712047782872, testhost.net472.x86.exe, TestPluginCache: Discovered the extensions using extension path ''.
TpTrace Verbose: 0 : 20440, 3, 2022/05/13, 13:22:29.031, 712047784075, testhost.net472.x86.exe, TestPluginCache: Discoverers are 'Xunit.Runner.VisualStudio.VsTestRunner, xunit.runner.visualstudio.testadapter, Version=2.4.0.0, Culture=neutral, PublicKeyToken=8d05b1bb7a6fdb6c'.
TpTrace Verbose: 0 : 20440, 3, 2022/05/13, 13:22:29.031, 712047784696, testhost.net472.x86.exe, TestPluginCache: Executors are 'executor://xunit/VsTestRunner2/net'.
TpTrace Verbose: 0 : 20440, 3, 2022/05/13, 13:22:29.031, 712047785273, testhost.net472.x86.exe, TestPluginCache: Executors2 are ''.
TpTrace Verbose: 0 : 20440, 3, 2022/05/13, 13:22:29.031, 712047786021, testhost.net472.x86.exe, TestPluginCache: Setting providers are ''.
TpTrace Verbose: 0 : 20440, 3, 2022/05/13, 13:22:29.031, 712047786572, testhost.net472.x86.exe, TestPluginCache: Loggers are ''.
TpTrace Information: 0 : 20440, 3, 2022/05/13, 13:22:29.069, 712048162757, testhost.net472.x86.exe, PEReaderHelper.GetAssemblyType: Determined assemblyType:'Managed' for source: 'E:\CS\APPZ\lab_4\TestingBussinesLogic\bin\Debug\net472\fine-code-coverage\build-output\TestingBussinesLogic.dll'
TpTrace Verbose: 0 : 20440, 3, 2022/05/13, 13:22:29.075, 712048219722, testhost.net472.x86.exe, BaseRunTests.RunTestInternalWithExecutors: Running tests for executor://xunit/VsTestRunner2/net
TpTrace Verbose: 0 : 20440, 3, 2022/05/13, 13:22:29.075, 712048224654, testhost.net472.x86.exe, BaseRunTests.TryToRunInSTAThread: Using STA thread to call adapter API.
TpTrace Information: 0 : 20440, 13, 2022/05/13, 13:22:29.084, 712048308462, testhost.net472.x86.exe, [xUnit.net 00:00:00.00] xUnit.net VSTest Adapter v2.4.3+1b45f5407b (32-bit Desktop .NET 4.0.30319.42000)
TpTrace Verbose: 0 : 20440, 13, 2022/05/13, 13:22:29.084, 712048309793, testhost.net472.x86.exe, TestRequestHandler.SendData:  sending data from testhost: {"Version":5,"MessageType":"TestSession.Message","Payload":{"MessageLevel":0,"Message":"[xUnit.net 00:00:00.00] xUnit.net VSTest Adapter v2.4.3+1b45f5407b (32-bit Desktop .NET 4.0.30319.42000)"}}
TpTrace Information: 0 : 20440, 13, 2022/05/13, 13:22:29.129, 712048765898, testhost.net472.x86.exe, AssemblyResolver.OnResolve: xunit.runner.utility.net452, Version=2.4.1.0, Culture=neutral, PublicKeyToken=8d05b1bb7a6fdb6c: Resolving assembly.
TpTrace Information: 0 : 20440, 13, 2022/05/13, 13:22:29.129, 712048767194, testhost.net472.x86.exe, AssemblyResolver.OnResolve: xunit.runner.utility.net452, Version=2.4.1.0, Culture=neutral, PublicKeyToken=8d05b1bb7a6fdb6c: Searching in: 'C:\Program Files\dotnet\sdk\6.0.202\Extensions'.
TpTrace Information: 0 : 20440, 13, 2022/05/13, 13:22:29.129, 712048768291, testhost.net472.x86.exe, AssemblyResolver.OnResolve: xunit.runner.utility.net452, Version=2.4.1.0, Culture=neutral, PublicKeyToken=8d05b1bb7a6fdb6c: Assembly path does not exist: 'C:\Program Files\dotnet\sdk\6.0.202\Extensions\xunit.runner.utility.net452.dll', returning.
TpTrace Information: 0 : 20440, 13, 2022/05/13, 13:22:29.129, 712048769205, testhost.net472.x86.exe, AssemblyResolver.OnResolve: xunit.runner.utility.net452, Version=2.4.1.0, Culture=neutral, PublicKeyToken=8d05b1bb7a6fdb6c: Assembly path does not exist: 'C:\Program Files\dotnet\sdk\6.0.202\Extensions\xunit.runner.utility.net452.exe', returning.
TpTrace Information: 0 : 20440, 13, 2022/05/13, 13:22:29.129, 712048769919, testhost.net472.x86.exe, AssemblyResolver.OnResolve: xunit.runner.utility.net452, Version=2.4.1.0, Culture=neutral, PublicKeyToken=8d05b1bb7a6fdb6c: Searching in: 'E:\CS\APPZ\lab_4\TestingBussinesLogic\bin\Debug\net472\fine-code-coverage\build-output'.
TpTrace Information: 0 : 20440, 13, 2022/05/13, 13:22:29.129, 712048774225, testhost.net472.x86.exe, AssemblyResolver.OnResolve: xunit.runner.utility.net452, Version=2.4.1.0, Culture=neutral, PublicKeyToken=8d05b1bb7a6fdb6c: Loading assembly 'E:\CS\APPZ\lab_4\TestingBussinesLogic\bin\Debug\net472\fine-code-coverage\build-output\xunit.runner.utility.net452.dll'.
TpTrace Information: 0 : 20440, 13, 2022/05/13, 13:22:29.130, 712048780865, testhost.net472.x86.exe, AssemblyResolver.OnResolve: Resolved assembly: xunit.runner.utility.net452, Version=2.4.1.0, Culture=neutral, PublicKeyToken=8d05b1bb7a6fdb6c, from path: E:\CS\APPZ\lab_4\TestingBussinesLogic\bin\Debug\net472\fine-code-coverage\build-output\xunit.runner.utility.net452.dll
TpTrace Information: 0 : 20440, 13, 2022/05/13, 13:22:29.130, 712048783365, testhost.net472.x86.exe, AssemblyResolver.OnResolve: xunit.abstractions, Version=2.0.0.0, Culture=neutral, PublicKeyToken=8d05b1bb7a6fdb6c: Resolving assembly.
TpTrace Information: 0 : 20440, 13, 2022/05/13, 13:22:29.130, 712048784392, testhost.net472.x86.exe, AssemblyResolver.OnResolve: xunit.abstractions, Version=2.0.0.0, Culture=neutral, PublicKeyToken=8d05b1bb7a6fdb6c: Searching in: 'C:\Program Files\dotnet\sdk\6.0.202\Extensions'.
TpTrace Information: 0 : 20440, 13, 2022/05/13, 13:22:29.131, 712048785557, testhost.net472.x86.exe, AssemblyResolver.OnResolve: xunit.abstractions, Version=2.0.0.0, Culture=neutral, PublicKeyToken=8d05b1bb7a6fdb6c: Assembly path does not exist: 'C:\Program Files\dotnet\sdk\6.0.202\Extensions\xunit.abstractions.dll', returning.
TpTrace Information: 0 : 20440, 13, 2022/05/13, 13:22:29.131, 712048786472, testhost.net472.x86.exe, AssemblyResolver.OnResolve: xunit.abstractions, Version=2.0.0.0, Culture=neutral, PublicKeyToken=8d05b1bb7a6fdb6c: Assembly path does not exist: 'C:\Program Files\dotnet\sdk\6.0.202\Extensions\xunit.abstractions.exe', returning.
TpTrace Information: 0 : 20440, 13, 2022/05/13, 13:22:29.131, 712048787136, testhost.net472.x86.exe, AssemblyResolver.OnResolve: xunit.abstractions, Version=2.0.0.0, Culture=neutral, PublicKeyToken=8d05b1bb7a6fdb6c: Searching in: 'E:\CS\APPZ\lab_4\TestingBussinesLogic\bin\Debug\net472\fine-code-coverage\build-output'.
TpTrace Information: 0 : 20440, 13, 2022/05/13, 13:22:29.131, 712048790704, testhost.net472.x86.exe, AssemblyResolver.OnResolve: xunit.abstractions, Version=2.0.0.0, Culture=neutral, PublicKeyToken=8d05b1bb7a6fdb6c: Loading assembly 'E:\CS\APPZ\lab_4\TestingBussinesLogic\bin\Debug\net472\fine-code-coverage\build-output\xunit.abstractions.dll'.
TpTrace Information: 0 : 20440, 13, 2022/05/13, 13:22:29.131, 712048794833, testhost.net472.x86.exe, AssemblyResolver.OnResolve: Resolved assembly: xunit.abstractions, Version=2.0.0.0, Culture=neutral, PublicKeyToken=8d05b1bb7a6fdb6c, from path: E:\CS\APPZ\lab_4\TestingBussinesLogic\bin\Debug\net472\fine-code-coverage\build-output\xunit.abstractions.dll
TpTrace Information: 0 : 20440, 13, 2022/05/13, 13:22:29.314, 712050610334, testhost.net472.x86.exe, [xUnit.net 00:00:00.23]   Discovering: TestingBussinesLogic
TpTrace Verbose: 0 : 20440, 13, 2022/05/13, 13:22:29.314, 712050611805, testhost.net472.x86.exe, TestRequestHandler.SendData:  sending data from testhost: {"Version":5,"MessageType":"TestSession.Message","Payload":{"MessageLevel":0,"Message":"[xUnit.net 00:00:00.23]   Discovering: TestingBussinesLogic"}}
TpTrace Information: 0 : 20440, 13, 2022/05/13, 13:22:29.383, 712051313153, testhost.net472.x86.exe, [xUnit.net 00:00:00.30]   Discovered:  TestingBussinesLogic
TpTrace Verbose: 0 : 20440, 13, 2022/05/13, 13:22:29.383, 712051314704, testhost.net472.x86.exe, TestRequestHandler.SendData:  sending data from testhost: {"Version":5,"MessageType":"TestSession.Message","Payload":{"MessageLevel":0,"Message":"[xUnit.net 00:00:00.30]   Discovered:  TestingBussinesLogic"}}
TpTrace Information: 0 : 20440, 13, 2022/05/13, 13:22:29.387, 712051350603, testhost.net472.x86.exe, [xUnit.net 00:00:00.30]   Starting:    TestingBussinesLogic
TpTrace Verbose: 0 : 20440, 13, 2022/05/13, 13:22:29.387, 712051352135, testhost.net472.x86.exe, TestRequestHandler.SendData:  sending data from testhost: {"Version":5,"MessageType":"TestSession.Message","Payload":{"MessageLevel":0,"Message":"[xUnit.net 00:00:00.30]   Starting:    TestingBussinesLogic"}}
TpTrace Information: 0 : 20440, 13, 2022/05/13, 13:22:29.390, 712051379725, testhost.net472.x86.exe, AssemblyResolver.OnResolve: xunit.execution.desktop, Version=2.4.1.0, Culture=neutral, PublicKeyToken=8d05b1bb7a6fdb6c: Resolving assembly.
TpTrace Information: 0 : 20440, 13, 2022/05/13, 13:22:29.390, 712051380953, testhost.net472.x86.exe, AssemblyResolver.OnResolve: xunit.execution.desktop, Version=2.4.1.0, Culture=neutral, PublicKeyToken=8d05b1bb7a6fdb6c: Searching in: 'C:\Program Files\dotnet\sdk\6.0.202\Extensions'.
TpTrace Information: 0 : 20440, 13, 2022/05/13, 13:22:29.390, 712051382265, testhost.net472.x86.exe, AssemblyResolver.OnResolve: xunit.execution.desktop, Version=2.4.1.0, Culture=neutral, PublicKeyToken=8d05b1bb7a6fdb6c: Assembly path does not exist: 'C:\Program Files\dotnet\sdk\6.0.202\Extensions\xunit.execution.desktop.dll', returning.
TpTrace Information: 0 : 20440, 13, 2022/05/13, 13:22:29.390, 712051383233, testhost.net472.x86.exe, AssemblyResolver.OnResolve: xunit.execution.desktop, Version=2.4.1.0, Culture=neutral, PublicKeyToken=8d05b1bb7a6fdb6c: Assembly path does not exist: 'C:\Program Files\dotnet\sdk\6.0.202\Extensions\xunit.execution.desktop.exe', returning.
TpTrace Information: 0 : 20440, 13, 2022/05/13, 13:22:29.390, 712051383978, testhost.net472.x86.exe, AssemblyResolver.OnResolve: xunit.execution.desktop, Version=2.4.1.0, Culture=neutral, PublicKeyToken=8d05b1bb7a6fdb6c: Searching in: 'E:\CS\APPZ\lab_4\TestingBussinesLogic\bin\Debug\net472\fine-code-coverage\build-output'.
TpTrace Information: 0 : 20440, 13, 2022/05/13, 13:22:29.391, 712051388270, testhost.net472.x86.exe, AssemblyResolver.OnResolve: xunit.execution.desktop, Version=2.4.1.0, Culture=neutral, PublicKeyToken=8d05b1bb7a6fdb6c: Loading assembly 'E:\CS\APPZ\lab_4\TestingBussinesLogic\bin\Debug\net472\fine-code-coverage\build-output\xunit.execution.desktop.dll'.
TpTrace Information: 0 : 20440, 13, 2022/05/13, 13:22:29.391, 712051393053, testhost.net472.x86.exe, AssemblyResolver.OnResolve: Resolved assembly: xunit.execution.desktop, Version=2.4.1.0, Culture=neutral, PublicKeyToken=8d05b1bb7a6fdb6c, from path: E:\CS\APPZ\lab_4\TestingBussinesLogic\bin\Debug\net472\fine-code-coverage\build-output\xunit.execution.desktop.dll
TpTrace Information: 0 : 20440, 13, 2022/05/13, 13:22:29.391, 712051394587, testhost.net472.x86.exe, AssemblyResolver.OnResolve: xunit.execution.desktop, Version=2.4.1.0, Culture=neutral, PublicKeyToken=8d05b1bb7a6fdb6c: Resolving assembly.
TpTrace Information: 0 : 20440, 13, 2022/05/13, 13:22:29.392, 712051395330, testhost.net472.x86.exe, AssemblyResolver.OnResolve: xunit.execution.desktop, Version=2.4.1.0, Culture=neutral, PublicKeyToken=8d05b1bb7a6fdb6c: Resolved from cache.
TpTrace Information: 0 : 20440, 13, 2022/05/13, 13:22:29.392, 712051398127, testhost.net472.x86.exe, AssemblyResolver.OnResolve: xunit.abstractions, Version=2.0.0.0, Culture=neutral, PublicKeyToken=8d05b1bb7a6fdb6c: Resolving assembly.
TpTrace Information: 0 : 20440, 13, 2022/05/13, 13:22:29.392, 712051398889, testhost.net472.x86.exe, AssemblyResolver.OnResolve: xunit.abstractions, Version=2.0.0.0, Culture=neutral, PublicKeyToken=8d05b1bb7a6fdb6c: Resolved from cache.
TpTrace Information: 0 : 20440, 13, 2022/05/13, 13:22:29.392, 712051402103, testhost.net472.x86.exe, AssemblyResolver.OnResolve: xunit.core, Version=2.4.1.0, Culture=neutral, PublicKeyToken=8d05b1bb7a6fdb6c: Resolving assembly.
TpTrace Information: 0 : 20440, 13, 2022/05/13, 13:22:29.392, 712051403297, testhost.net472.x86.exe, AssemblyResolver.OnResolve: xunit.core, Version=2.4.1.0, Culture=neutral, PublicKeyToken=8d05b1bb7a6fdb6c: Searching in: 'C:\Program Files\dotnet\sdk\6.0.202\Extensions'.
TpTrace Information: 0 : 20440, 13, 2022/05/13, 13:22:29.392, 712051404402, testhost.net472.x86.exe, AssemblyResolver.OnResolve: xunit.core, Version=2.4.1.0, Culture=neutral, PublicKeyToken=8d05b1bb7a6fdb6c: Assembly path does not exist: 'C:\Program Files\dotnet\sdk\6.0.202\Extensions\xunit.core.dll', returning.
TpTrace Information: 0 : 20440, 13, 2022/05/13, 13:22:29.393, 712051405421, testhost.net472.x86.exe, AssemblyResolver.OnResolve: xunit.core, Version=2.4.1.0, Culture=neutral, PublicKeyToken=8d05b1bb7a6fdb6c: Assembly path does not exist: 'C:\Program Files\dotnet\sdk\6.0.202\Extensions\xunit.core.exe', returning.
TpTrace Information: 0 : 20440, 13, 2022/05/13, 13:22:29.393, 712051406062, testhost.net472.x86.exe, AssemblyResolver.OnResolve: xunit.core, Version=2.4.1.0, Culture=neutral, PublicKeyToken=8d05b1bb7a6fdb6c: Searching in: 'E:\CS\APPZ\lab_4\TestingBussinesLogic\bin\Debug\net472\fine-code-coverage\build-output'.
TpTrace Information: 0 : 20440, 13, 2022/05/13, 13:22:29.393, 712051409745, testhost.net472.x86.exe, AssemblyResolver.OnResolve: xunit.core, Version=2.4.1.0, Culture=neutral, PublicKeyToken=8d05b1bb7a6fdb6c: Loading assembly 'E:\CS\APPZ\lab_4\TestingBussinesLogic\bin\Debug\net472\fine-code-coverage\build-output\xunit.core.dll'.
TpTrace Information: 0 : 20440, 13, 2022/05/13, 13:22:29.393, 712051414350, testhost.net472.x86.exe, AssemblyResolver.OnResolve: Resolved assembly: xunit.core, Version=2.4.1.0, Culture=neutral, PublicKeyToken=8d05b1bb7a6fdb6c, from path: E:\CS\APPZ\lab_4\TestingBussinesLogic\bin\Debug\net472\fine-code-coverage\build-output\xunit.core.dll
TpTrace Information: 0 : 20440, 13, 2022/05/13, 13:22:29.394, 712051418267, testhost.net472.x86.exe, AssemblyResolver.OnResolve: xunit.abstractions, Version=2.0.0.0, Culture=neutral, PublicKeyToken=8d05b1bb7a6fdb6c: Resolving assembly.
TpTrace Information: 0 : 20440, 13, 2022/05/13, 13:22:29.394, 712051419024, testhost.net472.x86.exe, AssemblyResolver.OnResolve: xunit.abstractions, Version=2.0.0.0, Culture=neutral, PublicKeyToken=8d05b1bb7a6fdb6c: Resolved from cache.
TpTrace Verbose: 0 : 20440, 16, 2022/05/13, 13:22:29.462, 712052097193, testhost.net472.x86.exe, TestExecutionRecorder.RecordStart: Starting test: TestingBussinesLogic.TestClubsLogic.GetClubs.
TpTrace Verbose: 0 : 20440, 16, 2022/05/13, 13:22:29.485, 712052330948, testhost.net472.x86.exe, TestExecutionRecorder.RecordStart: Starting test: TestingBussinesLogic.TestCartLogic.GetCartWihtId.
TpTrace Verbose: 0 : 20440, 7, 2022/05/13, 13:22:29.871, 712056179102, testhost.net472.x86.exe, TcpClientExtensions.MessageLoopAsync: Polling on remoteEndPoint: 127.0.0.1:53332 localEndPoint: 127.0.0.1:53333
TpTrace Verbose: 0 : 20440, 16, 2022/05/13, 13:22:29.879, 712056263999, testhost.net472.x86.exe, TestExecutionRecorder.RecordResult: Received result for test: TestingBussinesLogic.TestClubsLogic.GetClubs.
TpTrace Verbose: 0 : 20440, 16, 2022/05/13, 13:22:29.900, 712056476928, testhost.net472.x86.exe, TestExecutionRecorder.RecordResult: Received result for test: TestingBussinesLogic.TestCartLogic.GetCartWihtId.
TpTrace Verbose: 0 : 20440, 16, 2022/05/13, 13:22:29.904, 712056512630, testhost.net472.x86.exe, TestExecutionRecorder.RecordEnd: test: TestingBussinesLogic.TestClubsLogic.GetClubs execution completed.
TpTrace Warning: 0 : 20440, 16, 2022/05/13, 13:22:29.904, 712056514768, testhost.net472.x86.exe, TestRunCache: InProgressTests is null
TpTrace Verbose: 0 : 20440, 16, 2022/05/13, 13:22:29.905, 712056520806, testhost.net472.x86.exe, TestExecutionRecorder.RecordEnd: test: TestingBussinesLogic.TestCartLogic.GetCartWihtId execution completed.
TpTrace Warning: 0 : 20440, 16, 2022/05/13, 13:22:29.905, 712056521746, testhost.net472.x86.exe, TestRunCache: InProgressTests is null
TpTrace Verbose: 0 : 20440, 16, 2022/05/13, 13:22:29.905, 712056527400, testhost.net472.x86.exe, TestExecutionRecorder.RecordStart: Starting test: TestingBussinesLogic.TestClubsLogic.CreateClub.
TpTrace Verbose: 0 : 20440, 16, 2022/05/13, 13:22:29.907, 712056546753, testhost.net472.x86.exe, TestExecutionRecorder.RecordStart: Starting test: TestingBussinesLogic.TestCartLogic.GetCarts.
TpTrace Verbose: 0 : 20440, 16, 2022/05/13, 13:22:29.910, 712056569026, testhost.net472.x86.exe, TestExecutionRecorder.RecordResult: Received result for test: TestingBussinesLogic.TestCartLogic.GetCarts.
TpTrace Verbose: 0 : 20440, 16, 2022/05/13, 13:22:29.911, 712056582157, testhost.net472.x86.exe, TestExecutionRecorder.RecordEnd: test: TestingBussinesLogic.TestCartLogic.GetCarts execution completed.
TpTrace Verbose: 0 : 20440, 16, 2022/05/13, 13:22:29.912, 712056588960, testhost.net472.x86.exe, TestExecutionRecorder.RecordStart: Starting test: TestingBussinesLogic.TestCartLogic.RemoveCart.
TpTrace Verbose: 0 : 20440, 16, 2022/05/13, 13:22:29.914, 712056611015, testhost.net472.x86.exe, TestExecutionRecorder.RecordResult: Received result for test: TestingBussinesLogic.TestClubsLogic.CreateClub.
TpTrace Verbose: 0 : 20440, 16, 2022/05/13, 13:22:29.915, 712056626615, testhost.net472.x86.exe, TestExecutionRecorder.RecordEnd: test: TestingBussinesLogic.TestClubsLogic.CreateClub execution completed.
TpTrace Verbose: 0 : 20440, 16, 2022/05/13, 13:22:29.916, 712056631832, testhost.net472.x86.exe, TestExecutionRecorder.RecordStart: Starting test: TestingBussinesLogic.TestClubsLogic.DeleteClub.
TpTrace Verbose: 0 : 20440, 16, 2022/05/13, 13:22:29.917, 712056646375, testhost.net472.x86.exe, TestExecutionRecorder.RecordResult: Received result for test: TestingBussinesLogic.TestClubsLogic.DeleteClub.
TpTrace Verbose: 0 : 20440, 16, 2022/05/13, 13:22:29.922, 712056690373, testhost.net472.x86.exe, TestExecutionRecorder.RecordEnd: test: TestingBussinesLogic.TestClubsLogic.DeleteClub execution completed.
TpTrace Verbose: 0 : 20440, 16, 2022/05/13, 13:22:29.923, 712056698195, testhost.net472.x86.exe, TestExecutionRecorder.RecordStart: Starting test: TestingBussinesLogic.TestClubsLogic.SetClub.
TpTrace Verbose: 0 : 20440, 16, 2022/05/13, 13:22:29.924, 712056716304, testhost.net472.x86.exe, TestExecutionRecorder.RecordResult: Received result for test: TestingBussinesLogic.TestCartLogic.RemoveCart.
TpTrace Verbose: 0 : 20440, 16, 2022/05/13, 13:22:29.926, 712056729255, testhost.net472.x86.exe, TestExecutionRecorder.RecordEnd: test: TestingBussinesLogic.TestCartLogic.RemoveCart execution completed.
TpTrace Verbose: 0 : 20440, 16, 2022/05/13, 13:22:29.926, 712056736754, testhost.net472.x86.exe, TestExecutionRecorder.RecordStart: Starting test: TestingBussinesLogic.TestCartLogic.ChangeTimeTable.
TpTrace Verbose: 0 : 20440, 16, 2022/05/13, 13:22:29.928, 712056753681, testhost.net472.x86.exe, TestExecutionRecorder.RecordResult: Received result for test: TestingBussinesLogic.TestCartLogic.ChangeTimeTable.
TpTrace Verbose: 0 : 20440, 16, 2022/05/13, 13:22:29.929, 712056766088, testhost.net472.x86.exe, TestExecutionRecorder.RecordEnd: test: TestingBussinesLogic.TestCartLogic.ChangeTimeTable execution completed.
TpTrace Verbose: 0 : 20440, 16, 2022/05/13, 13:22:29.930, 712056770738, testhost.net472.x86.exe, TestExecutionRecorder.RecordStart: Starting test: TestingBussinesLogic.TestCartLogic.GetTimeTable.
TpTrace Verbose: 0 : 20440, 16, 2022/05/13, 13:22:29.931, 712056783672, testhost.net472.x86.exe, TestExecutionRecorder.RecordResult: Received result for test: TestingBussinesLogic.TestCartLogic.GetTimeTable.
TpTrace Verbose: 0 : 20440, 16, 2022/05/13, 13:22:29.932, 712056793218, testhost.net472.x86.exe, TestExecutionRecorder.RecordEnd: test: TestingBussinesLogic.TestCartLogic.GetTimeTable execution completed.
TpTrace Verbose: 0 : 20440, 16, 2022/05/13, 13:22:29.933, 712056798047, testhost.net472.x86.exe, TestExecutionRecorder.RecordResult: Received result for test: TestingBussinesLogic.TestClubsLogic.SetClub.
TpTrace Verbose: 0 : 20440, 16, 2022/05/13, 13:22:29.933, 712056807180, testhost.net472.x86.exe, TestExecutionRecorder.RecordEnd: test: TestingBussinesLogic.TestClubsLogic.SetClub execution completed.
TpTrace Warning: 0 : 20440, 16, 2022/05/13, 13:22:29.934, 712056807995, testhost.net472.x86.exe, TestRunCache: InProgressTests is null
TpTrace Information: 0 : 20440, 13, 2022/05/13, 13:22:29.936, 712056827471, testhost.net472.x86.exe, [xUnit.net 00:00:00.85]   Finished:    TestingBussinesLogic
TpTrace Verbose: 0 : 20440, 13, 2022/05/13, 13:22:29.936, 712056828839, testhost.net472.x86.exe, TestRequestHandler.SendData:  sending data from testhost: {"Version":5,"MessageType":"TestSession.Message","Payload":{"MessageLevel":0,"Message":"[xUnit.net 00:00:00.85]   Finished:    TestingBussinesLogic"}}
TpTrace Verbose: 0 : 20440, 3, 2022/05/13, 13:22:29.961, 712057087526, testhost.net472.x86.exe, BaseRunTests.RunTestInternalWithExecutors: Completed running tests for executor://xunit/VsTestRunner2/net
TpTrace Information: 0 : 20440, 3, 2022/05/13, 13:22:29.966, 712057144558, testhost.net472.x86.exe, Sending test run complete
TpTrace Verbose: 0 : 20440, 3, 2022/05/13, 13:22:30.000, 712057482462, testhost.net472.x86.exe, TestRequestHandler.SendData:  sending data from testhost: {"Version":5,"MessageType":"TestExecution.Completed","Payload":{"TestRunCompleteArgs":{"TestRunStatistics":{"ExecutedTests":9,"Stats":{"Passed":9}},"IsCanceled":false,"IsAborted":false,"Error":null,"AttachmentSets":[],"ElapsedTimeInRunningTests":"00:00:00.8913491","Metrics":{}},"LastRunTests":{"NewTestResults":[{"TestCase":{"Id":"98d0fcdf-1b2d-6cd3-419c-585624eb7b35","FullyQualifiedName":"TestingBussinesLogic.TestClubsLogic.GetClubs","DisplayName":"TestingBussinesLogic.TestClubsLogic.GetClubs","ExecutorUri":"executor://xunit/VsTestRunner2/net","Source":"E:\\CS\\APPZ\\lab_4\\TestingBussinesLogic\\bin\\Debug\\net472\\fine-code-coverage\\build-output\\TestingBussinesLogic.dll","CodeFilePath":null,"LineNumber":0,"Properties":[]},"Attachments":[],"Outcome":1,"ErrorMessage":null,"ErrorStackTrace":null,"DisplayName":"TestingBussinesLogic.TestClubsLogic.GetClubs","Messages":[],"ComputerName":"DESKTOP-51G97IS","Duration":"00:00:00.3870000","StartTime":"2022-05-13T10:22:29.8782159+00:00","EndTime":"2022-05-13T10:22:29.8782159+00:00","Properties":[]},{"TestCase":{"Id":"fe76a4f9-97dc-ec34-58f2-aea01b417fe0","FullyQualifiedName":"TestingBussinesLogic.TestCartLogic.GetCartWihtId","DisplayName":"TestingBussinesLogic.TestCartLogic.GetCartWihtId","ExecutorUri":"executor://xunit/VsTestRunner2/net","Source":"E:\\CS\\APPZ\\lab_4\\TestingBussinesLogic\\bin\\Debug\\net472\\fine-code-coverage\\build-output\\TestingBussinesLogic.dll","CodeFilePath":null,"LineNumber":0,"Properties":[]},"Attachments":[],"Outcome":1,"ErrorMessage":null,"ErrorStackTrace":null,"DisplayName":"TestingBussinesLogic.TestCartLogic.GetCartWihtId","Messages":[],"ComputerName":"DESKTOP-51G97IS","Duration":"00:00:00.3870000","StartTime":"2022-05-13T10:22:29.9001572+00:00","EndTime":"2022-05-13T10:22:29.9001572+00:00","Properties":[]},{"TestCase":{"Id":"92c47885-9d82-ba32-7bbd-29f7ff701305","FullyQualifiedName":"TestingBussinesLogic.TestCartLogic.GetCarts","DisplayName":"TestingBussinesLogic.TestCartLogic.GetCarts","ExecutorUri":"executor://xunit/VsTestRunner2/net","Source":"E:\\CS\\APPZ\\lab_4\\TestingBussinesLogic\\bin\\Debug\\net472\\fine-code-coverage\\build-output\\TestingBussinesLogic.dll","CodeFilePath":null,"LineNumber":0,"Properties":[]},"Attachments":[],"Outcome":1,"ErrorMessage":null,"ErrorStackTrace":null,"DisplayName":"TestingBussinesLogic.TestCartLogic.GetCarts","Messages":[],"ComputerName":"DESKTOP-51G97IS","Duration":"00:00:00.0040000","StartTime":"2022-05-13T10:22:29.9101312+00:00","EndTime":"2022-05-13T10:22:29.9101312+00:00","Properties":[]},{"TestCase":{"Id":"5580246b-abe2-684c-1835-d252533c0384","FullyQualifiedName":"TestingBussinesLogic.TestClubsLogic.CreateClub","DisplayName":"TestingBussinesLogic.TestClubsLogic.CreateClub","ExecutorUri":"executor://xunit/VsTestRunner2/net","Source":"E:\\CS\\APPZ\\lab_4\\TestingBussinesLogic\\bin\\Debug\\net472\\fine-code-coverage\\build-output\\TestingBussinesLogic.dll","CodeFilePath":null,"LineNumber":0,"Properties":[]},"Attachments":[],"Outcome":1,"ErrorMessage":null,"ErrorStackTrace":null,"DisplayName":"TestingBussinesLogic.TestClubsLogic.CreateClub","Messages":[],"ComputerName":"DESKTOP-51G97IS","Duration":"00:00:00.0050000","StartTime":"2022-05-13T10:22:29.9141216+00:00","EndTime":"2022-05-13T10:22:29.9141216+00:00","Properties":[]},{"TestCase":{"Id":"a1611dfb-0839-a2d5-a716-45d4c76ee485","FullyQualifiedName":"TestingBussinesLogic.TestClubsLogic.DeleteClub","DisplayName":"TestingBussinesLogic.TestClubsLogic.DeleteClub","ExecutorUri":"executor://xunit/VsTestRunner2/net","Source":"E:\\CS\\APPZ\\lab_4\\TestingBussinesLogic\\bin\\Debug\\net472\\fine-code-coverage\\build-output\\TestingBussinesLogic.dll","CodeFilePath":null,"LineNumber":0,"Properties":[]},"Attachments":[],"Outcome":1,"ErrorMessage":null,"ErrorStackTrace":null,"DisplayName":"TestingBussinesLogic.TestClubsLogic.DeleteClub","Messages":[],"ComputerName":"DESKTOP-51G97IS","Duration":"00:00:00.0010000","StartTime":"2022-05-13T10:22:29.9171159+00:00","EndTime":"2022-05-13T10:22:29.9171159+00:00","Properties":[]},{"TestCase":{"Id":"3f079376-c9d6-566b-6206-0df0e19a8810","FullyQualifiedName":"TestingBussinesLogic.TestCartLogic.RemoveCart","DisplayName":"TestingBussinesLogic.TestCartLogic.RemoveCart","ExecutorUri":"executor://xunit/VsTestRunner2/net","Source":"E:\\CS\\APPZ\\lab_4\\TestingBussinesLogic\\bin\\Debug\\net472\\fine-code-coverage\\build-output\\TestingBussinesLogic.dll","CodeFilePath":null,"LineNumber":0,"Properties":[]},"Attachments":[],"Outcome":1,"ErrorMessage":null,"ErrorStackTrace":null,"DisplayName":"TestingBussinesLogic.TestCartLogic.RemoveCart","Messages":[],"ComputerName":"DESKTOP-51G97IS","Duration":"00:00:00.0020000","StartTime":"2022-05-13T10:22:29.924094+00:00","EndTime":"2022-05-13T10:22:29.924094+00:00","Properties":[]},{"TestCase":{"Id":"6e0aa8b5-fae2-d427-0ca3-7e592615c749","FullyQualifiedName":"TestingBussinesLogic.TestCartLogic.ChangeTimeTable","DisplayName":"TestingBussinesLogic.TestCartLogic.ChangeTimeTable","ExecutorUri":"executor://xunit/VsTestRunner2/net","Source":"E:\\CS\\APPZ\\lab_4\\TestingBussinesLogic\\bin\\Debug\\net472\\fine-code-coverage\\build-output\\TestingBussinesLogic.dll","CodeFilePath":null,"LineNumber":0,"Properties":[]},"Attachments":[],"Outcome":1,"ErrorMessage":null,"ErrorStackTrace":null,"DisplayName":"TestingBussinesLogic.TestCartLogic.ChangeTimeTable","Messages":[],"ComputerName":"DESKTOP-51G97IS","Duration":"00:00:00.0100000","StartTime":"2022-05-13T10:22:29.9280824+00:00","EndTime":"2022-05-13T10:22:29.9280824+00:00","Properties":[]},{"TestCase":{"Id":"3877078b-5842-0c44-2eaa-d38ee6eb02d2","FullyQualifiedName":"TestingBussinesLogic.TestCartLogic.GetTimeTable","DisplayName":"TestingBussinesLogic.TestCartLogic.GetTimeTable","ExecutorUri":"executor://xunit/VsTestRunner2/net","Source":"E:\\CS\\APPZ\\lab_4\\TestingBussinesLogic\\bin\\Debug\\net472\\fine-code-coverage\\build-output\\TestingBussinesLogic.dll","CodeFilePath":null,"LineNumber":0,"Properties":[]},"Attachments":[],"Outcome":1,"ErrorMessage":null,"ErrorStackTrace":null,"DisplayName":"TestingBussinesLogic.TestCartLogic.GetTimeTable","Messages":[],"ComputerName":"DESKTOP-51G97IS","Duration":"00:00:00.0010000","StartTime":"2022-05-13T10:22:29.9310766+00:00","EndTime":"2022-05-13T10:22:29.9310766+00:00","Properties":[]},{"TestCase":{"Id":"47c54709-3326-7345-c9c8-89bbf74df8c6","FullyQualifiedName":"TestingBussinesLogic.TestClubsLogic.SetClub","DisplayName":"TestingBussinesLogic.TestClubsLogic.SetClub","ExecutorUri":"executor://xunit/VsTestRunner2/net","Source":"E:\\CS\\APPZ\\lab_4\\TestingBussinesLogic\\bin\\Debug\\net472\\fine-code-coverage\\build-output\\TestingBussinesLogic.dll","CodeFilePath":null,"LineNumber":0,"Properties":[]},"Attachments":[],"Outcome":1,"ErrorMessage":null,"ErrorStackTrace":null,"DisplayName":"TestingBussinesLogic.TestClubsLogic.SetClub","Messages":[],"ComputerName":"DESKTOP-51G97IS","Duration":"00:00:00.0140000","StartTime":"2022-05-13T10:22:29.9331205+00:00","EndTime":"2022-05-13T10:22:29.9331205+00:00","Properties":[]}],"TestRunStatistics":{"ExecutedTests":9,"Stats":{"Passed":9}},"ActiveTests":[]},"RunAttachments":[],"ExecutorUris":["executor://xunit/VsTestRunner2/net"]}}
TpTrace Verbose: 0 : 20440, 3, 2022/05/13, 13:22:30.001, 712057487721, testhost.net472.x86.exe, BaseRunTests.RunTests: Run is complete.
TpTrace Verbose: 0 : 20440, 7, 2022/05/13, 13:22:30.002, 712057496487, testhost.net472.x86.exe, TcpClientExtensions.MessageLoopAsync: NotifyDataAvailable remoteEndPoint: 127.0.0.1:53332 localEndPoint: 127.0.0.1:53333
TpTrace Information: 0 : 20440, 7, 2022/05/13, 13:22:30.002, 712057497992, testhost.net472.x86.exe, TestRequestHandler.OnMessageReceived: received message: (TestSession.Terminate) -> null
TpTrace Information: 0 : 20440, 7, 2022/05/13, 13:22:30.002, 712057498796, testhost.net472.x86.exe, Session End message received from server. Closing the connection.
TpTrace Information: 0 : 20440, 7, 2022/05/13, 13:22:30.002, 712057502271, testhost.net472.x86.exe, SocketClient.Stop: Stop communication from server endpoint: 127.0.0.1:053332
TpTrace Information: 0 : 20440, 7, 2022/05/13, 13:22:30.002, 712057503037, testhost.net472.x86.exe, SocketClient: Stop: Cancellation requested. Stopping message loop.
TpTrace Verbose: 0 : 20440, 7, 2022/05/13, 13:22:30.002, 712057504481, testhost.net472.x86.exe, LengthPrefixCommunicationChannel.Dispose: Dispose reader and writer.
TpTrace Information: 0 : 20440, 7, 2022/05/13, 13:22:30.003, 712057505268, testhost.net472.x86.exe, Closing the connection !
TpTrace Information: 0 : 20440, 1, 2022/05/13, 13:22:30.003, 712057506011, testhost.net472.x86.exe, Closing the connection !
TpTrace Information: 0 : 20440, 1, 2022/05/13, 13:22:30.003, 712057507139, testhost.net472.x86.exe, SocketClient.Stop: Stop communication from server endpoint: 127.0.0.1:053332
TpTrace Information: 0 : 20440, 1, 2022/05/13, 13:22:30.003, 712057508046, testhost.net472.x86.exe, SocketClient: Stop: Cancellation requested. Stopping message loop.
TpTrace Verbose: 0 : 20440, 1, 2022/05/13, 13:22:30.003, 712057508946, testhost.net472.x86.exe, LengthPrefixCommunicationChannel.Dispose: Dispose reader and writer.
TpTrace Information: 0 : 20440, 1, 2022/05/13, 13:22:30.003, 712057510398, testhost.net472.x86.exe, Testhost process exiting.
