TpTrace Verbose: 0 : 13832, 1, 2022/05/13, 17:04:49.682, 845454504461, testhost.net472.x86.exe, Version: 17.1.0-release-20220113-05
TpTrace Information: 0 : 13832, 1, 2022/05/13, 17:04:49.685, 845454525704, testhost.net472.x86.exe, DefaultEngineInvoker.Invoke: Testhost process started with args :[--port, 55938],[--endpoint, 127.0.0.1:055938],[--role, client],[--parentprocessid, 13880],[--diag, E:\CS\APPZ\lab_4\TestingBussinesLogic\bin\Debug\net472\fine-code-coverage\coverage-tool-output\diagnostics.host.22-05-13_17-04-49_57115_1.log],[--tracelevel, 4],[--datacollectionport, 55937],[--telemetryoptedin, false]
TpTrace Information: 0 : 13832, 1, 2022/05/13, 17:04:49.686, 845454528381, testhost.net472.x86.exe, DefaultEngineInvoker: Using Application Configuration: '<?xml version="1.0" encoding="utf-8"?>
<configuration>
  <startup useLegacyV2RuntimeActivationPolicy="true">
    <supportedRuntime version="v4.0" sku=".NETFramework,Version=v4.0" />
  </startup>
  <runtime>
    <legacyUnhandledExceptionPolicy enabled="1" />
    <legacyCorruptedStateExceptionsPolicy enabled="true" />
    <!-- To get stacktrace information for portable and embedded pdbs when net472 installed on machine.
          More details https://github.com/dotnet/designs/blob/master/accepted/diagnostics/debugging-with-symbols-and-sources.md#stack-traces -->
    <AppContextSwitchOverrides value="Switch.System.Diagnostics.IgnorePortablePDBsInStackTraces=false" />
    <assemblyBinding xmlns="urn:schemas-microsoft-com:asm.v1">
      <probing privatePath="Extensions" />
      <!-- Test adapters compiled against version 11-14, need to be redirected to version 15. -->
      <dependentAssembly>
        <assemblyIdentity name="Microsoft.VisualStudio.TestPlatform.ObjectModel" publicKeyToken="b03f5f7f11d50a3a" culture="neutral" />
        <bindingRedirect oldVersion="11.0.0.0-14.0.0.0" newVersion="15.0.0.0" />
      </dependentAssembly>
      <dependentAssembly>
        <assemblyIdentity name="Microsoft.VisualStudio.TestWindow.Interfaces" publicKeyToken="b03f5f7f11d50a3a" culture="neutral" />
        <bindingRedirect oldVersion="11.0.0.0-16.0.0.0" newVersion="17.0.0.0" />
      </dependentAssembly>
      <dependentAssembly>
        <assemblyIdentity name="Microsoft.VisualStudio.QualityTools.UnitTestFramework" publicKeyToken="b03f5f7f11d50a3a" culture="neutral" />
        <bindingRedirect oldVersion="10.1.0.0" newVersion="10.0.0.0" />
      </dependentAssembly>
      <dependentAssembly>
        <assemblyIdentity name="Microsoft.VisualStudio.QualityTools.Resource" publicKeyToken="b03f5f7f11d50a3a" culture="neutral" />
        <bindingRedirect oldVersion="10.0.0.0-16.0.0.0" newVersion="17.0.0.0" />
      </dependentAssembly>
      <dependentAssembly>
        <assemblyIdentity name="Microsoft.VisualStudio.QualityTools.ControllerObject" publicKeyToken="b03f5f7f11d50a3a" culture="neutral" />
        <bindingRedirect oldVersion="10.0.0.0-16.0.0.0" newVersion="17.0.0.0" />
      </dependentAssembly>
      <dependentAssembly>
        <assemblyIdentity name="Microsoft.VisualStudio.QualityTools.ExecutionCommon" publicKeyToken="b03f5f7f11d50a3a" culture="neutral" />
        <bindingRedirect oldVersion="10.0.0.0-16.0.0.0" newVersion="17.0.0.0" />
      </dependentAssembly>
      <dependentAssembly>
        <assemblyIdentity name="Microsoft.VisualStudio.QualityTools.Common" publicKeyToken="b03f5f7f11d50a3a" culture="neutral" />
        <bindingRedirect oldVersion="10.0.0.0-16.0.0.0" newVersion="17.0.0.0" />
      </dependentAssembly>
      <dependentAssembly>
        <assemblyIdentity name="Microsoft.VisualStudio.QualityTools.Tips.UnitTest.ObjectModel" publicKeyToken="b03f5f7f11d50a3a" culture="neutral" />
        <bindingRedirect oldVersion="10.0.0.0-16.0.0.0" newVersion="17.0.0.0" />
      </dependentAssembly>
    </assemblyBinding>
  </runtime>
  <system.diagnostics>
    <switches>
      <add name="TpTraceLevel" value="0" />
    </switches>
  </system.diagnostics>
  <appSettings>
    <!--<add key="ExecutionThreadApartmentState" value ="MTA"/>-->
    <!--<add key="TraceLogMaxFileSizeInKb" value ="10240"/>-->
    <!-- MsTest Adapter Specific AppSettings -->
    <!-- This flag is added to support test execution for net35 tests through TMI adapter. -->
    <add key="TestProjectRetargetTo35Allowed" value="true" />
  </appSettings>
</configuration>'
TpTrace Information: 0 : 13832, 1, 2022/05/13, 17:04:49.691, 845454586535, testhost.net472.x86.exe, DefaultEngineInvoker.SetParentProcessExitCallback: Monitoring parent process with id: '13880'
TpTrace Information: 0 : 13832, 1, 2022/05/13, 17:04:49.697, 845454649046, testhost.net472.x86.exe, DefaultEngineInvoker.GetConnectionInfo: Initialize communication on endpoint address: '127.0.0.1:055938'
TpTrace Information: 0 : 13832, 1, 2022/05/13, 17:04:49.702, 845454696689, testhost.net472.x86.exe, SocketClient.Start: connecting to server endpoint: 127.0.0.1:055938
TpTrace Information: 0 : 13832, 1, 2022/05/13, 17:04:49.705, 845454722042, testhost.net472.x86.exe, DefaultEngineInvoker.ConnectToDatacollector: Connecting to datacollector, port: 55937
TpTrace Information: 0 : 13832, 7, 2022/05/13, 17:04:49.706, 845454734819, testhost.net472.x86.exe, SocketClient.OnServerConnected: connected to server endpoint: 127.0.0.1:055938
TpTrace Information: 0 : 13832, 1, 2022/05/13, 17:04:49.707, 845454743195, testhost.net472.x86.exe, Trying to connect to server on socket : 127.0.0.1:55937 
TpTrace Verbose: 0 : 13832, 1, 2022/05/13, 17:04:49.707, 845454746180, testhost.net472.x86.exe, SocketCommunicationManager : SetupClientAsync : Attempting to connect to the server.
TpTrace Verbose: 0 : 13832, 7, 2022/05/13, 17:04:49.707, 845454746882, testhost.net472.x86.exe, Connected to server, and starting MessageLoopAsync
TpTrace Information: 0 : 13832, 8, 2022/05/13, 17:04:49.708, 845454758012, testhost.net472.x86.exe, Connected to the server successfully 
TpTrace Information: 0 : 13832, 8, 2022/05/13, 17:04:49.708, 845454759053, testhost.net472.x86.exe, Using the buffer size of 16384 bytes
TpTrace Verbose: 0 : 13832, 7, 2022/05/13, 17:04:49.709, 845454765301, testhost.net472.x86.exe, TcpClientExtensions.MessageLoopAsync: Polling on remoteEndPoint: 127.0.0.1:55938 localEndPoint: 127.0.0.1:55939
TpTrace Verbose: 0 : 13832, 7, 2022/05/13, 17:04:49.709, 845454766515, testhost.net472.x86.exe, TcpClientExtensions.MessageLoopAsync: NotifyDataAvailable remoteEndPoint: 127.0.0.1:55938 localEndPoint: 127.0.0.1:55939
TpTrace Information: 0 : 13832, 1, 2022/05/13, 17:04:49.709, 845454766852, testhost.net472.x86.exe, DefaultEngineInvoker.Invoke: Start Request Processing.
TpTrace Information: 0 : 13832, 11, 2022/05/13, 17:04:49.710, 845454776635, testhost.net472.x86.exe, DefaultEngineInvoker.StartProcessingAsync: Connected to vstest.console, Starting process requests.
TpTrace Information: 0 : 13832, 7, 2022/05/13, 17:04:49.821, 845455883294, testhost.net472.x86.exe, TestRequestHandler.OnMessageReceived: received message: (ProtocolVersion) -> 5
TpTrace Verbose: 0 : 13832, 7, 2022/05/13, 17:04:49.868, 845456355430, testhost.net472.x86.exe, TestRequestHandler.SendData:  sending data from testhost: {"Version":5,"MessageType":"TestSession.Message","Payload":{"MessageLevel":0,"Message":"Ведение журналов диагностики TestHost в файле: E:\\CS\\APPZ\\lab_4\\TestingBussinesLogic\\bin\\Debug\\net472\\fine-code-coverage\\coverage-tool-output\\diagnostics.host.22-05-13_17-04-49_57115_1.log"}}
TpTrace Verbose: 0 : 13832, 7, 2022/05/13, 17:04:49.868, 845456358688, testhost.net472.x86.exe, TcpClientExtensions.MessageLoopAsync: Polling on remoteEndPoint: 127.0.0.1:55938 localEndPoint: 127.0.0.1:55939
TpTrace Verbose: 0 : 13832, 7, 2022/05/13, 17:04:49.869, 845456359857, testhost.net472.x86.exe, TcpClientExtensions.MessageLoopAsync: NotifyDataAvailable remoteEndPoint: 127.0.0.1:55938 localEndPoint: 127.0.0.1:55939
TpTrace Information: 0 : 13832, 7, 2022/05/13, 17:04:49.872, 845456397752, testhost.net472.x86.exe, TestRequestHandler.OnMessageReceived: received message: (TestExecution.Initialize) -> [
  "C:\\Program Files\\dotnet\\sdk\\6.0.202\\Extensions\\DumpMinitool.exe",
  "C:\\Program Files\\dotnet\\sdk\\6.0.202\\Extensions\\DumpMinitool.x86.exe",
  "C:\\Program Files\\dotnet\\sdk\\6.0.202\\Extensions\\Microsoft.Diagnostics.NETCore.Client.dll",
  "C:\\Program Files\\dotnet\\sdk\\6.0.202\\Extensions\\Microsoft.TestPlatform.Extensions.BlameDataCollector.dll",
  "C:\\Program Files\\dotnet\\sdk\\6.0.202\\Extensions\\Microsoft.TestPlatform.Extensions.EventLogCollector.dll",
  "C:\\Program Files\\dotnet\\sdk\\6.0.202\\Extensions\\Microsoft.TestPlatform.TestHostRuntimeProvider.dll",
  "C:\\Program Files\\dotnet\\sdk\\6.0.202\\Extensions\\Microsoft.VisualStudio.TestPlatform.Extensions.Html.TestLogger.dll",
  "C:\\Program Files\\dotnet\\sdk\\6.0.202\\Extensions\\Microsoft.VisualStudio.TestPlatform.Extensions.Trx.TestLogger.dll",
  "E:\\CS\\APPZ\\lab_4\\TestingBussinesLogic\\bin\\Debug\\net472\\fine-code-coverage\\build-output\\xunit.runner.visualstudio.testadapter.dll"
]
TpTrace Verbose: 0 : 13832, 7, 2022/05/13, 17:04:49.882, 845456497094, testhost.net472.x86.exe, TcpClientExtensions.MessageLoopAsync: Polling on remoteEndPoint: 127.0.0.1:55938 localEndPoint: 127.0.0.1:55939
TpTrace Verbose: 0 : 13832, 7, 2022/05/13, 17:04:49.882, 845456498548, testhost.net472.x86.exe, TcpClientExtensions.MessageLoopAsync: NotifyDataAvailable remoteEndPoint: 127.0.0.1:55938 localEndPoint: 127.0.0.1:55939
TpTrace Information: 0 : 13832, 3, 2022/05/13, 17:04:49.883, 845456502356, testhost.net472.x86.exe, TestRequestHandler.OnMessageReceived: Running job 'TestExecution.Initialize'.
TpTrace Information: 0 : 13832, 7, 2022/05/13, 17:04:49.885, 845456525990, testhost.net472.x86.exe, TestRequestHandler.OnMessageReceived: received message: (TestExecution.StartWithSources) -> {
  "AdapterSourceMap": {
    "_none_": [
      "E:\\CS\\APPZ\\lab_4\\TestingBussinesLogic\\bin\\Debug\\net472\\fine-code-coverage\\build-output\\TestingBussinesLogic.dll"
    ]
  },
  "RunSettings": "<RunSettings>\r\n  <RunConfiguration>\r\n    <ResultsDirectory>E:\\CS\\APPZ\\lab_4\\TestingBussinesLogic\\bin\\Debug\\net472\\fine-code-coverage\\coverage-tool-output</ResultsDirectory>\r\n    <TargetFrameworkVersion>.NETFramework,Version=v4.7.2</TargetFrameworkVersion>\r\n    <DesignMode>False</DesignMode>\r\n    <CollectSourceInformation>False</CollectSourceInformation>\r\n  </RunConfiguration>\r\n  <LoggerRunSettings>\r\n    <Loggers>\r\n      <Logger friendlyName=\"blame\" enabled=\"True\" />\r\n      <Logger friendlyName=\"Console\" uri=\"logger://microsoft/TestPlatform/ConsoleLogger/v1\" assemblyQualifiedName=\"Microsoft.VisualStudio.TestPlatform.CommandLine.Internal.ConsoleLogger, vstest.console, Version=15.0.0.0, Culture=neutral, PublicKeyToken=b03f5f7f11d50a3a\" codeBase=\"C:\\Program Files\\dotnet\\sdk\\6.0.202\\vstest.console.dll\" enabled=\"True\" />\r\n    </Loggers>\r\n  </LoggerRunSettings>\r\n  <DataCollectionRunSettings>\r\n    <DataCollectors>\r\n      <DataCollector friendlyName=\"blame\" enabled=\"True\">\r\n        <Configuration>\r\n          <ResultsDirectory>E:\\CS\\APPZ\\lab_4\\TestingBussinesLogic\\bin\\Debug\\net472\\fine-code-coverage\\coverage-tool-output</ResultsDirectory>\r\n        </Configuration>\r\n      </DataCollector>\r\n    </DataCollectors>\r\n  </DataCollectionRunSettings>\r\n</RunSettings>",
  "TestExecutionContext": {
    "FrequencyOfRunStatsChangeEvent": 10,
    "RunStatsChangeEventTimeout": "00:00:01.5000000",
    "InIsolation": false,
    "KeepAlive": false,
    "AreTestCaseLevelEventsRequired": false,
    "IsDebug": false,
    "TestCaseFilter": null,
    "FilterOptions": null
  },
  "Package": null
}
TpTrace Verbose: 0 : 13832, 3, 2022/05/13, 17:04:49.891, 845456584716, testhost.net472.x86.exe, TestExecutorService: Loading the extensions
TpTrace Verbose: 0 : 13832, 3, 2022/05/13, 17:04:49.894, 845456609042, testhost.net472.x86.exe, TestPluginCache.DiscoverTestExtensions: finding test extensions in assemblies ends with: TestAdapter.dll TPluginInfo: Microsoft.VisualStudio.TestPlatform.Common.ExtensionFramework.Utilities.TestExecutorPluginInformation TExtension: Microsoft.VisualStudio.TestPlatform.ObjectModel.Adapter.ITestExecutor
TpTrace Verbose: 0 : 13832, 3, 2022/05/13, 17:04:49.895, 845456623471, testhost.net472.x86.exe, TestPluginCache.GetExtensionPaths: Filtered extension paths: 
TpTrace Verbose: 0 : 13832, 3, 2022/05/13, 17:04:49.895, 845456624585, testhost.net472.x86.exe, TestPluginCache.GetExtensionPaths: Added default extension paths: C:\Program Files\dotnet\sdk\6.0.202\Extensions\DumpMinitool.exe
C:\Program Files\dotnet\sdk\6.0.202\Extensions\DumpMinitool.x86.exe
C:\Program Files\dotnet\sdk\6.0.202\Extensions\Microsoft.Diagnostics.NETCore.Client.dll
C:\Program Files\dotnet\sdk\6.0.202\Extensions\Microsoft.TestPlatform.Extensions.BlameDataCollector.dll
C:\Program Files\dotnet\sdk\6.0.202\Extensions\Microsoft.TestPlatform.Extensions.EventLogCollector.dll
C:\Program Files\dotnet\sdk\6.0.202\Extensions\Microsoft.TestPlatform.TestHostRuntimeProvider.dll
C:\Program Files\dotnet\sdk\6.0.202\Extensions\Microsoft.VisualStudio.TestPlatform.Extensions.Html.TestLogger.dll
C:\Program Files\dotnet\sdk\6.0.202\Extensions\Microsoft.VisualStudio.TestPlatform.Extensions.Trx.TestLogger.dll
E:\CS\APPZ\lab_4\TestingBussinesLogic\bin\Debug\net472\fine-code-coverage\build-output\xunit.runner.visualstudio.testadapter.dll
TpTrace Verbose: 0 : 13832, 3, 2022/05/13, 17:04:49.895, 845456625373, testhost.net472.x86.exe, TestPluginCache.GetExtensionPaths: Added unfilterableExtensionPaths: 
TpTrace Information: 0 : 13832, 3, 2022/05/13, 17:04:49.896, 845456637573, testhost.net472.x86.exe, AssemblyResolver.ctor: Creating AssemblyResolver with searchDirectories C:\Program Files\dotnet\sdk\6.0.202\Extensions,E:\CS\APPZ\lab_4\TestingBussinesLogic\bin\Debug\net472\fine-code-coverage\build-output,C:\Program Files\dotnet\sdk\6.0.202\TestHost
TpTrace Verbose: 0 : 13832, 3, 2022/05/13, 17:04:49.897, 845456643891, testhost.net472.x86.exe, TestPluginCache.DiscoverTestExtensions: Discovering the extensions using extension path.
TpTrace Verbose: 0 : 13832, 3, 2022/05/13, 17:04:49.897, 845456645539, testhost.net472.x86.exe, TestPluginCache.GetExtensionPaths: Filtered extension paths: 
TpTrace Verbose: 0 : 13832, 3, 2022/05/13, 17:04:49.897, 845456646437, testhost.net472.x86.exe, TestPluginCache.GetExtensionPaths: Added default extension paths: C:\Program Files\dotnet\sdk\6.0.202\Extensions\DumpMinitool.exe
C:\Program Files\dotnet\sdk\6.0.202\Extensions\DumpMinitool.x86.exe
C:\Program Files\dotnet\sdk\6.0.202\Extensions\Microsoft.Diagnostics.NETCore.Client.dll
C:\Program Files\dotnet\sdk\6.0.202\Extensions\Microsoft.TestPlatform.Extensions.BlameDataCollector.dll
C:\Program Files\dotnet\sdk\6.0.202\Extensions\Microsoft.TestPlatform.Extensions.EventLogCollector.dll
C:\Program Files\dotnet\sdk\6.0.202\Extensions\Microsoft.TestPlatform.TestHostRuntimeProvider.dll
C:\Program Files\dotnet\sdk\6.0.202\Extensions\Microsoft.VisualStudio.TestPlatform.Extensions.Html.TestLogger.dll
C:\Program Files\dotnet\sdk\6.0.202\Extensions\Microsoft.VisualStudio.TestPlatform.Extensions.Trx.TestLogger.dll
E:\CS\APPZ\lab_4\TestingBussinesLogic\bin\Debug\net472\fine-code-coverage\build-output\xunit.runner.visualstudio.testadapter.dll
TpTrace Verbose: 0 : 13832, 3, 2022/05/13, 17:04:49.897, 845456647385, testhost.net472.x86.exe, TestPluginCache.GetExtensionPaths: Added unfilterableExtensionPaths: 
TpTrace Verbose: 0 : 13832, 3, 2022/05/13, 17:04:49.897, 845456648113, testhost.net472.x86.exe, TestPluginCache.DiscoverTestExtensions: Discovering the extensions using allExtensionPaths: C:\Program Files\dotnet\sdk\6.0.202\Extensions\DumpMinitool.exe
C:\Program Files\dotnet\sdk\6.0.202\Extensions\DumpMinitool.x86.exe
C:\Program Files\dotnet\sdk\6.0.202\Extensions\Microsoft.Diagnostics.NETCore.Client.dll
C:\Program Files\dotnet\sdk\6.0.202\Extensions\Microsoft.TestPlatform.Extensions.BlameDataCollector.dll
C:\Program Files\dotnet\sdk\6.0.202\Extensions\Microsoft.TestPlatform.Extensions.EventLogCollector.dll
C:\Program Files\dotnet\sdk\6.0.202\Extensions\Microsoft.TestPlatform.TestHostRuntimeProvider.dll
C:\Program Files\dotnet\sdk\6.0.202\Extensions\Microsoft.VisualStudio.TestPlatform.Extensions.Html.TestLogger.dll
C:\Program Files\dotnet\sdk\6.0.202\Extensions\Microsoft.VisualStudio.TestPlatform.Extensions.Trx.TestLogger.dll
E:\CS\APPZ\lab_4\TestingBussinesLogic\bin\Debug\net472\fine-code-coverage\build-output\xunit.runner.visualstudio.testadapter.dll
TpTrace Information: 0 : 13832, 3, 2022/05/13, 17:04:49.898, 845456657346, testhost.net472.x86.exe, AssemblyResolver.AddSearchDirectories: Adding more searchDirectories C:\Program Files\dotnet\sdk\6.0.202\Extensions,C:\Program Files\dotnet\sdk\6.0.202\TestHost
TpTrace Information: 0 : 13832, 3, 2022/05/13, 17:04:49.899, 845456658626, testhost.net472.x86.exe, AssemblyResolver.AddSearchDirectories: Adding more searchDirectories C:\Program Files\dotnet\sdk\6.0.202\Extensions,C:\Program Files\dotnet\sdk\6.0.202\TestHost
TpTrace Information: 0 : 13832, 3, 2022/05/13, 17:04:49.899, 845456659396, testhost.net472.x86.exe, AssemblyResolver.AddSearchDirectories: Adding more searchDirectories C:\Program Files\dotnet\sdk\6.0.202\Extensions,C:\Program Files\dotnet\sdk\6.0.202\TestHost
TpTrace Information: 0 : 13832, 3, 2022/05/13, 17:04:49.899, 845456660085, testhost.net472.x86.exe, AssemblyResolver.AddSearchDirectories: Adding more searchDirectories C:\Program Files\dotnet\sdk\6.0.202\Extensions,C:\Program Files\dotnet\sdk\6.0.202\TestHost
TpTrace Information: 0 : 13832, 3, 2022/05/13, 17:04:49.899, 845456660879, testhost.net472.x86.exe, AssemblyResolver.AddSearchDirectories: Adding more searchDirectories C:\Program Files\dotnet\sdk\6.0.202\Extensions,C:\Program Files\dotnet\sdk\6.0.202\TestHost
TpTrace Information: 0 : 13832, 3, 2022/05/13, 17:04:49.899, 845456661554, testhost.net472.x86.exe, AssemblyResolver.AddSearchDirectories: Adding more searchDirectories C:\Program Files\dotnet\sdk\6.0.202\Extensions,C:\Program Files\dotnet\sdk\6.0.202\TestHost
TpTrace Information: 0 : 13832, 3, 2022/05/13, 17:04:49.899, 845456662261, testhost.net472.x86.exe, AssemblyResolver.AddSearchDirectories: Adding more searchDirectories C:\Program Files\dotnet\sdk\6.0.202\Extensions,C:\Program Files\dotnet\sdk\6.0.202\TestHost
TpTrace Information: 0 : 13832, 3, 2022/05/13, 17:04:49.899, 845456662929, testhost.net472.x86.exe, AssemblyResolver.AddSearchDirectories: Adding more searchDirectories C:\Program Files\dotnet\sdk\6.0.202\Extensions,C:\Program Files\dotnet\sdk\6.0.202\TestHost
TpTrace Information: 0 : 13832, 3, 2022/05/13, 17:04:49.899, 845456663646, testhost.net472.x86.exe, AssemblyResolver.AddSearchDirectories: Adding more searchDirectories E:\CS\APPZ\lab_4\TestingBussinesLogic\bin\Debug\net472\fine-code-coverage\build-output,C:\Program Files\dotnet\sdk\6.0.202\TestHost
TpTrace Information: 0 : 13832, 3, 2022/05/13, 17:04:49.903, 845456702191, testhost.net472.x86.exe, AssemblyResolver.OnResolve: DumpMinitool: Resolving assembly.
TpTrace Information: 0 : 13832, 3, 2022/05/13, 17:04:49.903, 845456703414, testhost.net472.x86.exe, AssemblyResolver.OnResolve: DumpMinitool: Searching in: 'C:\Program Files\dotnet\sdk\6.0.202\Extensions'.
TpTrace Information: 0 : 13832, 3, 2022/05/13, 17:04:49.903, 845456704525, testhost.net472.x86.exe, AssemblyResolver.OnResolve: DumpMinitool: Assembly path does not exist: 'C:\Program Files\dotnet\sdk\6.0.202\Extensions\DumpMinitool.dll', returning.
TpTrace Information: 0 : 13832, 3, 2022/05/13, 17:04:49.904, 845456716282, testhost.net472.x86.exe, AssemblyResolver.OnResolve: DumpMinitool: Loading assembly 'C:\Program Files\dotnet\sdk\6.0.202\Extensions\DumpMinitool.exe'.
TpTrace Verbose: 0 : 13832, 7, 2022/05/13, 17:04:49.906, 845456734611, testhost.net472.x86.exe, TcpClientExtensions.MessageLoopAsync: Polling on remoteEndPoint: 127.0.0.1:55938 localEndPoint: 127.0.0.1:55939
TpTrace Information: 0 : 13832, 3, 2022/05/13, 17:04:49.925, 845456924630, testhost.net472.x86.exe, AssemblyResolver.OnResolve: DumpMinitool: Failed to load assembly. Reason:System.BadImageFormatException: Не удалось загрузить файл или сборку "DumpMinitool, Version=15.0.0.0, Culture=neutral, PublicKeyToken=b03f5f7f11d50a3a" либо одну из их зависимостей. Была сделана попытка загрузить программу, имеющую неверный формат.
Имя файла: 'DumpMinitool, Version=15.0.0.0, Culture=neutral, PublicKeyToken=b03f5f7f11d50a3a'
   в System.Reflection.RuntimeAssembly._nLoad(AssemblyName fileName, String codeBase, Evidence assemblySecurity, RuntimeAssembly locationHint, StackCrawlMark& stackMark, IntPtr pPrivHostBinder, Boolean throwOnFileNotFound, Boolean forIntrospection, Boolean suppressSecurityChecks)
   в System.Reflection.RuntimeAssembly.nLoad(AssemblyName fileName, String codeBase, Evidence assemblySecurity, RuntimeAssembly locationHint, StackCrawlMark& stackMark, IntPtr pPrivHostBinder, Boolean throwOnFileNotFound, Boolean forIntrospection, Boolean suppressSecurityChecks)
   в System.Reflection.RuntimeAssembly.InternalLoadAssemblyName(AssemblyName assemblyRef, Evidence assemblySecurity, RuntimeAssembly reqAssembly, StackCrawlMark& stackMark, IntPtr pPrivHostBinder, Boolean throwOnFileNotFound, Boolean forIntrospection, Boolean suppressSecurityChecks)
   в System.Reflection.RuntimeAssembly.InternalLoadFrom(String assemblyFile, Evidence securityEvidence, Byte[] hashValue, AssemblyHashAlgorithm hashAlgorithm, Boolean forIntrospection, Boolean suppressSecurityChecks, StackCrawlMark& stackMark)
   в System.Reflection.Assembly.LoadFrom(String assemblyFile)
   в Microsoft.VisualStudio.TestPlatform.PlatformAbstractions.PlatformAssemblyLoadContext.LoadAssemblyFromPath(String assemblyPath)
   в Microsoft.VisualStudio.TestPlatform.Common.Utilities.AssemblyResolver.OnResolve(Object sender, AssemblyResolveEventArgs args)

 
TpTrace Information: 0 : 13832, 3, 2022/05/13, 17:04:49.925, 845456926282, testhost.net472.x86.exe, AssemblyResolver.OnResolve: DumpMinitool: Searching in: 'E:\CS\APPZ\lab_4\TestingBussinesLogic\bin\Debug\net472\fine-code-coverage\build-output'.
TpTrace Information: 0 : 13832, 3, 2022/05/13, 17:04:49.925, 845456927339, testhost.net472.x86.exe, AssemblyResolver.OnResolve: DumpMinitool: Assembly path does not exist: 'E:\CS\APPZ\lab_4\TestingBussinesLogic\bin\Debug\net472\fine-code-coverage\build-output\DumpMinitool.dll', returning.
TpTrace Information: 0 : 13832, 3, 2022/05/13, 17:04:49.926, 845456928208, testhost.net472.x86.exe, AssemblyResolver.OnResolve: DumpMinitool: Assembly path does not exist: 'E:\CS\APPZ\lab_4\TestingBussinesLogic\bin\Debug\net472\fine-code-coverage\build-output\DumpMinitool.exe', returning.
TpTrace Information: 0 : 13832, 3, 2022/05/13, 17:04:49.926, 845456928816, testhost.net472.x86.exe, AssemblyResolver.OnResolve: DumpMinitool: Searching in: 'C:\Program Files\dotnet\sdk\6.0.202\TestHost'.
TpTrace Information: 0 : 13832, 3, 2022/05/13, 17:04:49.926, 845456929722, testhost.net472.x86.exe, AssemblyResolver.OnResolve: DumpMinitool: Assembly path does not exist: 'C:\Program Files\dotnet\sdk\6.0.202\TestHost\DumpMinitool.dll', returning.
TpTrace Information: 0 : 13832, 3, 2022/05/13, 17:04:49.926, 845456930599, testhost.net472.x86.exe, AssemblyResolver.OnResolve: DumpMinitool: Assembly path does not exist: 'C:\Program Files\dotnet\sdk\6.0.202\TestHost\DumpMinitool.exe', returning.
TpTrace Information: 0 : 13832, 3, 2022/05/13, 17:04:49.926, 845456931729, testhost.net472.x86.exe, AssemblyResolver.OnResolve: DumpMinitool: Failed to load assembly.
TpTrace Verbose: 0 : 13832, 3, 2022/05/13, 17:04:49.926, 845456936377, testhost.net472.x86.exe, CurrentDomainAssemblyResolve: Resolving assembly 'DumpMinitool'.
TpTrace Information: 0 : 13832, 3, 2022/05/13, 17:04:49.927, 845456938060, testhost.net472.x86.exe, AssemblyResolver.OnResolve: DumpMinitool: Resolving assembly.
TpTrace Information: 0 : 13832, 3, 2022/05/13, 17:04:49.927, 845456938798, testhost.net472.x86.exe, AssemblyResolver.OnResolve: DumpMinitool: Resolved from cache.
TpTrace Verbose: 0 : 13832, 3, 2022/05/13, 17:04:49.927, 845456939460, testhost.net472.x86.exe, CurrentDomainAssemblyResolve: Resolving assembly 'DumpMinitool'.
TpTrace Verbose: 0 : 13832, 3, 2022/05/13, 17:04:49.927, 845456940062, testhost.net472.x86.exe, CurrentDomainAssemblyResolve: Failed to resolve assembly 'DumpMinitool'.
TpTrace Verbose: 0 : 13832, 3, 2022/05/13, 17:04:49.927, 845456941606, testhost.net472.x86.exe, CurrentDomainAssemblyResolve: Failed to resolve assembly 'DumpMinitool'.
TpTrace Warning: 0 : 13832, 3, 2022/05/13, 17:04:49.929, 845456961880, testhost.net472.x86.exe, TestPluginDiscoverer: Failed to load extensions from file 'C:\Program Files\dotnet\sdk\6.0.202\Extensions\DumpMinitool.exe'.  Skipping test extension scan for this file.  Error: System.IO.FileNotFoundException: Не удалось загрузить файл или сборку "DumpMinitool" либо одну из их зависимостей. Не удается найти указанный файл.
Имя файла: 'DumpMinitool' ---> System.IO.FileNotFoundException: Не удалось загрузить файл или сборку "DumpMinitool" либо одну из их зависимостей. Не удается найти указанный файл.
Имя файла: 'DumpMinitool'
   в System.Reflection.RuntimeAssembly._nLoad(AssemblyName fileName, String codeBase, Evidence assemblySecurity, RuntimeAssembly locationHint, StackCrawlMark& stackMark, IntPtr pPrivHostBinder, Boolean throwOnFileNotFound, Boolean forIntrospection, Boolean suppressSecurityChecks)
   в System.Reflection.RuntimeAssembly.nLoad(AssemblyName fileName, String codeBase, Evidence assemblySecurity, RuntimeAssembly locationHint, StackCrawlMark& stackMark, IntPtr pPrivHostBinder, Boolean throwOnFileNotFound, Boolean forIntrospection, Boolean suppressSecurityChecks)
   в System.Reflection.RuntimeAssembly.InternalLoadAssemblyName(AssemblyName assemblyRef, Evidence assemblySecurity, RuntimeAssembly reqAssembly, StackCrawlMark& stackMark, IntPtr pPrivHostBinder, Boolean throwOnFileNotFound, Boolean forIntrospection, Boolean suppressSecurityChecks)
   в System.Reflection.Assembly.Load(AssemblyName assemblyRef)
   в Microsoft.VisualStudio.TestPlatform.Common.ExtensionFramework.TestPluginCache.CurrentDomainAssemblyResolve(Object sender, AssemblyResolveEventArgs args)
   в Microsoft.VisualStudio.TestPlatform.PlatformAbstractions.PlatformAssemblyResolver.AssemblyResolverEvent(Object sender, Object eventArgs)
   в System.AppDomain.OnAssemblyResolveEvent(RuntimeAssembly assembly, String assemblyFullName)

Предупреждение: регистрация привязки сборок выключена.
Чтобы включить регистрацию ошибок привязки сборок, установите значение параметра реестра [HKLM\Software\Microsoft\Fusion!EnableLog] (DWORD) в 1.
Примечание. Регистрация ошибок привязки сборок может привести к некоторому снижению производительности.
Чтобы отключить эту функцию, удалите параметр реестра [HKLM\Software\Microsoft\Fusion!EnableLog].

   в System.Reflection.RuntimeAssembly._nLoad(AssemblyName fileName, String codeBase, Evidence assemblySecurity, RuntimeAssembly locationHint, StackCrawlMark& stackMark, IntPtr pPrivHostBinder, Boolean throwOnFileNotFound, Boolean forIntrospection, Boolean suppressSecurityChecks)
   в System.Reflection.RuntimeAssembly.nLoad(AssemblyName fileName, String codeBase, Evidence assemblySecurity, RuntimeAssembly locationHint, StackCrawlMark& stackMark, IntPtr pPrivHostBinder, Boolean throwOnFileNotFound, Boolean forIntrospection, Boolean suppressSecurityChecks)
   в System.Reflection.RuntimeAssembly.InternalLoadAssemblyName(AssemblyName assemblyRef, Evidence assemblySecurity, RuntimeAssembly reqAssembly, StackCrawlMark& stackMark, IntPtr pPrivHostBinder, Boolean throwOnFileNotFound, Boolean forIntrospection, Boolean suppressSecurityChecks)
   в System.Reflection.Assembly.Load(AssemblyName assemblyRef)
   в Microsoft.VisualStudio.TestPlatform.Common.ExtensionFramework.TestPluginDiscoverer.GetTestExtensionsFromFiles[TPluginInfo,TExtension](String[] files, Dictionary`2 pluginInfos)


TpTrace Information: 0 : 13832, 3, 2022/05/13, 17:04:49.930, 845456968276, testhost.net472.x86.exe, AssemblyResolver.OnResolve: DumpMinitool.x86: Resolving assembly.
TpTrace Information: 0 : 13832, 3, 2022/05/13, 17:04:49.930, 845456969125, testhost.net472.x86.exe, AssemblyResolver.OnResolve: DumpMinitool.x86: Searching in: 'C:\Program Files\dotnet\sdk\6.0.202\Extensions'.
TpTrace Information: 0 : 13832, 3, 2022/05/13, 17:04:49.930, 845456970062, testhost.net472.x86.exe, AssemblyResolver.OnResolve: DumpMinitool.x86: Assembly path does not exist: 'C:\Program Files\dotnet\sdk\6.0.202\Extensions\DumpMinitool.x86.dll', returning.
TpTrace Information: 0 : 13832, 3, 2022/05/13, 17:04:49.931, 845456978343, testhost.net472.x86.exe, AssemblyResolver.OnResolve: DumpMinitool.x86: Loading assembly 'C:\Program Files\dotnet\sdk\6.0.202\Extensions\DumpMinitool.x86.exe'.
TpTrace Information: 0 : 13832, 3, 2022/05/13, 17:04:49.932, 845456997033, testhost.net472.x86.exe, AssemblyResolver.OnResolve: DumpMinitool.x86: Failed to load assembly. Reason:System.BadImageFormatException: Не удалось загрузить файл или сборку "DumpMinitool.x86, Version=15.0.0.0, Culture=neutral, PublicKeyToken=b03f5f7f11d50a3a" либо одну из их зависимостей. Была сделана попытка загрузить программу, имеющую неверный формат.
Имя файла: 'DumpMinitool.x86, Version=15.0.0.0, Culture=neutral, PublicKeyToken=b03f5f7f11d50a3a'
   в System.Reflection.RuntimeAssembly._nLoad(AssemblyName fileName, String codeBase, Evidence assemblySecurity, RuntimeAssembly locationHint, StackCrawlMark& stackMark, IntPtr pPrivHostBinder, Boolean throwOnFileNotFound, Boolean forIntrospection, Boolean suppressSecurityChecks)
   в System.Reflection.RuntimeAssembly.nLoad(AssemblyName fileName, String codeBase, Evidence assemblySecurity, RuntimeAssembly locationHint, StackCrawlMark& stackMark, IntPtr pPrivHostBinder, Boolean throwOnFileNotFound, Boolean forIntrospection, Boolean suppressSecurityChecks)
   в System.Reflection.RuntimeAssembly.InternalLoadAssemblyName(AssemblyName assemblyRef, Evidence assemblySecurity, RuntimeAssembly reqAssembly, StackCrawlMark& stackMark, IntPtr pPrivHostBinder, Boolean throwOnFileNotFound, Boolean forIntrospection, Boolean suppressSecurityChecks)
   в System.Reflection.RuntimeAssembly.InternalLoadFrom(String assemblyFile, Evidence securityEvidence, Byte[] hashValue, AssemblyHashAlgorithm hashAlgorithm, Boolean forIntrospection, Boolean suppressSecurityChecks, StackCrawlMark& stackMark)
   в System.Reflection.Assembly.LoadFrom(String assemblyFile)
   в Microsoft.VisualStudio.TestPlatform.PlatformAbstractions.PlatformAssemblyLoadContext.LoadAssemblyFromPath(String assemblyPath)
   в Microsoft.VisualStudio.TestPlatform.Common.Utilities.AssemblyResolver.OnResolve(Object sender, AssemblyResolveEventArgs args)

 
TpTrace Information: 0 : 13832, 3, 2022/05/13, 17:04:49.933, 845456998487, testhost.net472.x86.exe, AssemblyResolver.OnResolve: DumpMinitool.x86: Searching in: 'E:\CS\APPZ\lab_4\TestingBussinesLogic\bin\Debug\net472\fine-code-coverage\build-output'.
TpTrace Information: 0 : 13832, 3, 2022/05/13, 17:04:49.933, 845456999757, testhost.net472.x86.exe, AssemblyResolver.OnResolve: DumpMinitool.x86: Assembly path does not exist: 'E:\CS\APPZ\lab_4\TestingBussinesLogic\bin\Debug\net472\fine-code-coverage\build-output\DumpMinitool.x86.dll', returning.
TpTrace Information: 0 : 13832, 3, 2022/05/13, 17:04:49.933, 845457000949, testhost.net472.x86.exe, AssemblyResolver.OnResolve: DumpMinitool.x86: Assembly path does not exist: 'E:\CS\APPZ\lab_4\TestingBussinesLogic\bin\Debug\net472\fine-code-coverage\build-output\DumpMinitool.x86.exe', returning.
TpTrace Information: 0 : 13832, 3, 2022/05/13, 17:04:49.933, 845457001553, testhost.net472.x86.exe, AssemblyResolver.OnResolve: DumpMinitool.x86: Searching in: 'C:\Program Files\dotnet\sdk\6.0.202\TestHost'.
TpTrace Information: 0 : 13832, 3, 2022/05/13, 17:04:49.933, 845457002453, testhost.net472.x86.exe, AssemblyResolver.OnResolve: DumpMinitool.x86: Assembly path does not exist: 'C:\Program Files\dotnet\sdk\6.0.202\TestHost\DumpMinitool.x86.dll', returning.
TpTrace Information: 0 : 13832, 3, 2022/05/13, 17:04:49.933, 845457003382, testhost.net472.x86.exe, AssemblyResolver.OnResolve: DumpMinitool.x86: Assembly path does not exist: 'C:\Program Files\dotnet\sdk\6.0.202\TestHost\DumpMinitool.x86.exe', returning.
TpTrace Information: 0 : 13832, 3, 2022/05/13, 17:04:49.933, 845457003978, testhost.net472.x86.exe, AssemblyResolver.OnResolve: DumpMinitool.x86: Failed to load assembly.
TpTrace Verbose: 0 : 13832, 3, 2022/05/13, 17:04:49.933, 845457004790, testhost.net472.x86.exe, CurrentDomainAssemblyResolve: Resolving assembly 'DumpMinitool.x86'.
TpTrace Information: 0 : 13832, 3, 2022/05/13, 17:04:49.933, 845457006169, testhost.net472.x86.exe, AssemblyResolver.OnResolve: DumpMinitool.x86: Resolving assembly.
TpTrace Information: 0 : 13832, 3, 2022/05/13, 17:04:49.933, 845457006781, testhost.net472.x86.exe, AssemblyResolver.OnResolve: DumpMinitool.x86: Resolved from cache.
TpTrace Verbose: 0 : 13832, 3, 2022/05/13, 17:04:49.933, 845457007438, testhost.net472.x86.exe, CurrentDomainAssemblyResolve: Resolving assembly 'DumpMinitool.x86'.
TpTrace Verbose: 0 : 13832, 3, 2022/05/13, 17:04:49.934, 845457008030, testhost.net472.x86.exe, CurrentDomainAssemblyResolve: Failed to resolve assembly 'DumpMinitool.x86'.
TpTrace Verbose: 0 : 13832, 3, 2022/05/13, 17:04:49.934, 845457009197, testhost.net472.x86.exe, CurrentDomainAssemblyResolve: Failed to resolve assembly 'DumpMinitool.x86'.
TpTrace Warning: 0 : 13832, 3, 2022/05/13, 17:04:49.934, 845457012005, testhost.net472.x86.exe, TestPluginDiscoverer: Failed to load extensions from file 'C:\Program Files\dotnet\sdk\6.0.202\Extensions\DumpMinitool.x86.exe'.  Skipping test extension scan for this file.  Error: System.IO.FileNotFoundException: Не удалось загрузить файл или сборку "DumpMinitool.x86" либо одну из их зависимостей. Не удается найти указанный файл.
Имя файла: 'DumpMinitool.x86' ---> System.IO.FileNotFoundException: Не удалось загрузить файл или сборку "DumpMinitool.x86" либо одну из их зависимостей. Не удается найти указанный файл.
Имя файла: 'DumpMinitool.x86'
   в System.Reflection.RuntimeAssembly._nLoad(AssemblyName fileName, String codeBase, Evidence assemblySecurity, RuntimeAssembly locationHint, StackCrawlMark& stackMark, IntPtr pPrivHostBinder, Boolean throwOnFileNotFound, Boolean forIntrospection, Boolean suppressSecurityChecks)
   в System.Reflection.RuntimeAssembly.nLoad(AssemblyName fileName, String codeBase, Evidence assemblySecurity, RuntimeAssembly locationHint, StackCrawlMark& stackMark, IntPtr pPrivHostBinder, Boolean throwOnFileNotFound, Boolean forIntrospection, Boolean suppressSecurityChecks)
   в System.Reflection.RuntimeAssembly.InternalLoadAssemblyName(AssemblyName assemblyRef, Evidence assemblySecurity, RuntimeAssembly reqAssembly, StackCrawlMark& stackMark, IntPtr pPrivHostBinder, Boolean throwOnFileNotFound, Boolean forIntrospection, Boolean suppressSecurityChecks)
   в System.Reflection.Assembly.Load(AssemblyName assemblyRef)
   в Microsoft.VisualStudio.TestPlatform.Common.ExtensionFramework.TestPluginCache.CurrentDomainAssemblyResolve(Object sender, AssemblyResolveEventArgs args)
   в Microsoft.VisualStudio.TestPlatform.PlatformAbstractions.PlatformAssemblyResolver.AssemblyResolverEvent(Object sender, Object eventArgs)
   в System.AppDomain.OnAssemblyResolveEvent(RuntimeAssembly assembly, String assemblyFullName)

Предупреждение: регистрация привязки сборок выключена.
Чтобы включить регистрацию ошибок привязки сборок, установите значение параметра реестра [HKLM\Software\Microsoft\Fusion!EnableLog] (DWORD) в 1.
Примечание. Регистрация ошибок привязки сборок может привести к некоторому снижению производительности.
Чтобы отключить эту функцию, удалите параметр реестра [HKLM\Software\Microsoft\Fusion!EnableLog].

   в System.Reflection.RuntimeAssembly._nLoad(AssemblyName fileName, String codeBase, Evidence assemblySecurity, RuntimeAssembly locationHint, StackCrawlMark& stackMark, IntPtr pPrivHostBinder, Boolean throwOnFileNotFound, Boolean forIntrospection, Boolean suppressSecurityChecks)
   в System.Reflection.RuntimeAssembly.nLoad(AssemblyName fileName, String codeBase, Evidence assemblySecurity, RuntimeAssembly locationHint, StackCrawlMark& stackMark, IntPtr pPrivHostBinder, Boolean throwOnFileNotFound, Boolean forIntrospection, Boolean suppressSecurityChecks)
   в System.Reflection.RuntimeAssembly.InternalLoadAssemblyName(AssemblyName assemblyRef, Evidence assemblySecurity, RuntimeAssembly reqAssembly, StackCrawlMark& stackMark, IntPtr pPrivHostBinder, Boolean throwOnFileNotFound, Boolean forIntrospection, Boolean suppressSecurityChecks)
   в System.Reflection.Assembly.Load(AssemblyName assemblyRef)
   в Microsoft.VisualStudio.TestPlatform.Common.ExtensionFramework.TestPluginDiscoverer.GetTestExtensionsFromFiles[TPluginInfo,TExtension](String[] files, Dictionary`2 pluginInfos)


TpTrace Information: 0 : 13832, 3, 2022/05/13, 17:04:49.934, 845457017562, testhost.net472.x86.exe, AssemblyResolver.OnResolve: Microsoft.Diagnostics.NETCore.Client: Resolving assembly.
TpTrace Information: 0 : 13832, 3, 2022/05/13, 17:04:49.935, 845457018852, testhost.net472.x86.exe, AssemblyResolver.OnResolve: Microsoft.Diagnostics.NETCore.Client: Searching in: 'C:\Program Files\dotnet\sdk\6.0.202\Extensions'.
TpTrace Information: 0 : 13832, 3, 2022/05/13, 17:04:49.936, 845457029208, testhost.net472.x86.exe, AssemblyResolver.OnResolve: Microsoft.Diagnostics.NETCore.Client: Loading assembly 'C:\Program Files\dotnet\sdk\6.0.202\Extensions\Microsoft.Diagnostics.NETCore.Client.dll'.
TpTrace Information: 0 : 13832, 3, 2022/05/13, 17:04:49.938, 845457052197, testhost.net472.x86.exe, AssemblyResolver.OnResolve: Microsoft.Diagnostics.NETCore.Client: Failed to load assembly. Reason:System.BadImageFormatException: Не удалось загрузить файл или сборку "Microsoft.Diagnostics.NETCore.Client, Version=0.2.5.801, Culture=neutral, PublicKeyToken=31bf3856ad364e35" либо одну из их зависимостей. Была сделана попытка загрузить программу, имеющую неверный формат.
Имя файла: 'Microsoft.Diagnostics.NETCore.Client, Version=0.2.5.801, Culture=neutral, PublicKeyToken=31bf3856ad364e35'
   в System.Reflection.RuntimeAssembly._nLoad(AssemblyName fileName, String codeBase, Evidence assemblySecurity, RuntimeAssembly locationHint, StackCrawlMark& stackMark, IntPtr pPrivHostBinder, Boolean throwOnFileNotFound, Boolean forIntrospection, Boolean suppressSecurityChecks)
   в System.Reflection.RuntimeAssembly.nLoad(AssemblyName fileName, String codeBase, Evidence assemblySecurity, RuntimeAssembly locationHint, StackCrawlMark& stackMark, IntPtr pPrivHostBinder, Boolean throwOnFileNotFound, Boolean forIntrospection, Boolean suppressSecurityChecks)
   в System.Reflection.RuntimeAssembly.InternalLoadAssemblyName(AssemblyName assemblyRef, Evidence assemblySecurity, RuntimeAssembly reqAssembly, StackCrawlMark& stackMark, IntPtr pPrivHostBinder, Boolean throwOnFileNotFound, Boolean forIntrospection, Boolean suppressSecurityChecks)
   в System.Reflection.RuntimeAssembly.InternalLoadFrom(String assemblyFile, Evidence securityEvidence, Byte[] hashValue, AssemblyHashAlgorithm hashAlgorithm, Boolean forIntrospection, Boolean suppressSecurityChecks, StackCrawlMark& stackMark)
   в System.Reflection.Assembly.LoadFrom(String assemblyFile)
   в Microsoft.VisualStudio.TestPlatform.PlatformAbstractions.PlatformAssemblyLoadContext.LoadAssemblyFromPath(String assemblyPath)
   в Microsoft.VisualStudio.TestPlatform.Common.Utilities.AssemblyResolver.OnResolve(Object sender, AssemblyResolveEventArgs args)

 
TpTrace Information: 0 : 13832, 3, 2022/05/13, 17:04:49.938, 845457053550, testhost.net472.x86.exe, AssemblyResolver.OnResolve: Microsoft.Diagnostics.NETCore.Client: Assembly path does not exist: 'C:\Program Files\dotnet\sdk\6.0.202\Extensions\Microsoft.Diagnostics.NETCore.Client.exe', returning.
TpTrace Information: 0 : 13832, 3, 2022/05/13, 17:04:49.939, 845457054307, testhost.net472.x86.exe, AssemblyResolver.OnResolve: Microsoft.Diagnostics.NETCore.Client: Searching in: 'E:\CS\APPZ\lab_4\TestingBussinesLogic\bin\Debug\net472\fine-code-coverage\build-output'.
TpTrace Information: 0 : 13832, 3, 2022/05/13, 17:04:49.939, 845457055154, testhost.net472.x86.exe, AssemblyResolver.OnResolve: Microsoft.Diagnostics.NETCore.Client: Assembly path does not exist: 'E:\CS\APPZ\lab_4\TestingBussinesLogic\bin\Debug\net472\fine-code-coverage\build-output\Microsoft.Diagnostics.NETCore.Client.dll', returning.
TpTrace Information: 0 : 13832, 3, 2022/05/13, 17:04:49.939, 845457056010, testhost.net472.x86.exe, AssemblyResolver.OnResolve: Microsoft.Diagnostics.NETCore.Client: Assembly path does not exist: 'E:\CS\APPZ\lab_4\TestingBussinesLogic\bin\Debug\net472\fine-code-coverage\build-output\Microsoft.Diagnostics.NETCore.Client.exe', returning.
TpTrace Information: 0 : 13832, 3, 2022/05/13, 17:04:49.939, 845457056612, testhost.net472.x86.exe, AssemblyResolver.OnResolve: Microsoft.Diagnostics.NETCore.Client: Searching in: 'C:\Program Files\dotnet\sdk\6.0.202\TestHost'.
TpTrace Information: 0 : 13832, 3, 2022/05/13, 17:04:49.939, 845457057511, testhost.net472.x86.exe, AssemblyResolver.OnResolve: Microsoft.Diagnostics.NETCore.Client: Assembly path does not exist: 'C:\Program Files\dotnet\sdk\6.0.202\TestHost\Microsoft.Diagnostics.NETCore.Client.dll', returning.
TpTrace Information: 0 : 13832, 3, 2022/05/13, 17:04:49.939, 845457058366, testhost.net472.x86.exe, AssemblyResolver.OnResolve: Microsoft.Diagnostics.NETCore.Client: Assembly path does not exist: 'C:\Program Files\dotnet\sdk\6.0.202\TestHost\Microsoft.Diagnostics.NETCore.Client.exe', returning.
TpTrace Information: 0 : 13832, 3, 2022/05/13, 17:04:49.939, 845457059039, testhost.net472.x86.exe, AssemblyResolver.OnResolve: Microsoft.Diagnostics.NETCore.Client: Failed to load assembly.
TpTrace Verbose: 0 : 13832, 3, 2022/05/13, 17:04:49.939, 845457059675, testhost.net472.x86.exe, CurrentDomainAssemblyResolve: Resolving assembly 'Microsoft.Diagnostics.NETCore.Client'.
TpTrace Information: 0 : 13832, 3, 2022/05/13, 17:04:49.939, 845457061091, testhost.net472.x86.exe, AssemblyResolver.OnResolve: Microsoft.Diagnostics.NETCore.Client: Resolving assembly.
TpTrace Information: 0 : 13832, 3, 2022/05/13, 17:04:49.939, 845457061765, testhost.net472.x86.exe, AssemblyResolver.OnResolve: Microsoft.Diagnostics.NETCore.Client: Resolved from cache.
TpTrace Verbose: 0 : 13832, 3, 2022/05/13, 17:04:49.939, 845457062374, testhost.net472.x86.exe, CurrentDomainAssemblyResolve: Resolving assembly 'Microsoft.Diagnostics.NETCore.Client'.
TpTrace Verbose: 0 : 13832, 3, 2022/05/13, 17:04:49.939, 845457062939, testhost.net472.x86.exe, CurrentDomainAssemblyResolve: Failed to resolve assembly 'Microsoft.Diagnostics.NETCore.Client'.
TpTrace Verbose: 0 : 13832, 3, 2022/05/13, 17:04:49.940, 845457064163, testhost.net472.x86.exe, CurrentDomainAssemblyResolve: Failed to resolve assembly 'Microsoft.Diagnostics.NETCore.Client'.
TpTrace Warning: 0 : 13832, 3, 2022/05/13, 17:04:49.940, 845457066883, testhost.net472.x86.exe, TestPluginDiscoverer: Failed to load extensions from file 'C:\Program Files\dotnet\sdk\6.0.202\Extensions\Microsoft.Diagnostics.NETCore.Client.dll'.  Skipping test extension scan for this file.  Error: System.IO.FileNotFoundException: Не удалось загрузить файл или сборку "Microsoft.Diagnostics.NETCore.Client" либо одну из их зависимостей. Не удается найти указанный файл.
Имя файла: 'Microsoft.Diagnostics.NETCore.Client' ---> System.IO.FileNotFoundException: Не удалось загрузить файл или сборку "Microsoft.Diagnostics.NETCore.Client" либо одну из их зависимостей. Не удается найти указанный файл.
Имя файла: 'Microsoft.Diagnostics.NETCore.Client'
   в System.Reflection.RuntimeAssembly._nLoad(AssemblyName fileName, String codeBase, Evidence assemblySecurity, RuntimeAssembly locationHint, StackCrawlMark& stackMark, IntPtr pPrivHostBinder, Boolean throwOnFileNotFound, Boolean forIntrospection, Boolean suppressSecurityChecks)
   в System.Reflection.RuntimeAssembly.nLoad(AssemblyName fileName, String codeBase, Evidence assemblySecurity, RuntimeAssembly locationHint, StackCrawlMark& stackMark, IntPtr pPrivHostBinder, Boolean throwOnFileNotFound, Boolean forIntrospection, Boolean suppressSecurityChecks)
   в System.Reflection.RuntimeAssembly.InternalLoadAssemblyName(AssemblyName assemblyRef, Evidence assemblySecurity, RuntimeAssembly reqAssembly, StackCrawlMark& stackMark, IntPtr pPrivHostBinder, Boolean throwOnFileNotFound, Boolean forIntrospection, Boolean suppressSecurityChecks)
   в System.Reflection.Assembly.Load(AssemblyName assemblyRef)
   в Microsoft.VisualStudio.TestPlatform.Common.ExtensionFramework.TestPluginCache.CurrentDomainAssemblyResolve(Object sender, AssemblyResolveEventArgs args)
   в Microsoft.VisualStudio.TestPlatform.PlatformAbstractions.PlatformAssemblyResolver.AssemblyResolverEvent(Object sender, Object eventArgs)
   в System.AppDomain.OnAssemblyResolveEvent(RuntimeAssembly assembly, String assemblyFullName)

Предупреждение: регистрация привязки сборок выключена.
Чтобы включить регистрацию ошибок привязки сборок, установите значение параметра реестра [HKLM\Software\Microsoft\Fusion!EnableLog] (DWORD) в 1.
Примечание. Регистрация ошибок привязки сборок может привести к некоторому снижению производительности.
Чтобы отключить эту функцию, удалите параметр реестра [HKLM\Software\Microsoft\Fusion!EnableLog].

   в System.Reflection.RuntimeAssembly._nLoad(AssemblyName fileName, String codeBase, Evidence assemblySecurity, RuntimeAssembly locationHint, StackCrawlMark& stackMark, IntPtr pPrivHostBinder, Boolean throwOnFileNotFound, Boolean forIntrospection, Boolean suppressSecurityChecks)
   в System.Reflection.RuntimeAssembly.nLoad(AssemblyName fileName, String codeBase, Evidence assemblySecurity, RuntimeAssembly locationHint, StackCrawlMark& stackMark, IntPtr pPrivHostBinder, Boolean throwOnFileNotFound, Boolean forIntrospection, Boolean suppressSecurityChecks)
   в System.Reflection.RuntimeAssembly.InternalLoadAssemblyName(AssemblyName assemblyRef, Evidence assemblySecurity, RuntimeAssembly reqAssembly, StackCrawlMark& stackMark, IntPtr pPrivHostBinder, Boolean throwOnFileNotFound, Boolean forIntrospection, Boolean suppressSecurityChecks)
   в System.Reflection.Assembly.Load(AssemblyName assemblyRef)
   в Microsoft.VisualStudio.TestPlatform.Common.ExtensionFramework.TestPluginDiscoverer.GetTestExtensionsFromFiles[TPluginInfo,TExtension](String[] files, Dictionary`2 pluginInfos)


TpTrace Information: 0 : 13832, 3, 2022/05/13, 17:04:49.940, 845457072357, testhost.net472.x86.exe, AssemblyResolver.OnResolve: Microsoft.TestPlatform.Extensions.BlameDataCollector: Resolving assembly.
TpTrace Information: 0 : 13832, 3, 2022/05/13, 17:04:49.940, 845457073163, testhost.net472.x86.exe, AssemblyResolver.OnResolve: Microsoft.TestPlatform.Extensions.BlameDataCollector: Searching in: 'C:\Program Files\dotnet\sdk\6.0.202\Extensions'.
TpTrace Information: 0 : 13832, 3, 2022/05/13, 17:04:49.941, 845457081900, testhost.net472.x86.exe, AssemblyResolver.OnResolve: Microsoft.TestPlatform.Extensions.BlameDataCollector: Loading assembly 'C:\Program Files\dotnet\sdk\6.0.202\Extensions\Microsoft.TestPlatform.Extensions.BlameDataCollector.dll'.
TpTrace Information: 0 : 13832, 3, 2022/05/13, 17:04:49.944, 845457109568, testhost.net472.x86.exe, AssemblyResolver.OnResolve: Microsoft.TestPlatform.Extensions.BlameDataCollector: Failed to load assembly. Reason:System.BadImageFormatException: Не удалось загрузить файл или сборку "Microsoft.TestPlatform.Extensions.BlameDataCollector, Version=15.0.0.0, Culture=neutral, PublicKeyToken=b03f5f7f11d50a3a" либо одну из их зависимостей. Была сделана попытка загрузить программу, имеющую неверный формат.
Имя файла: 'Microsoft.TestPlatform.Extensions.BlameDataCollector, Version=15.0.0.0, Culture=neutral, PublicKeyToken=b03f5f7f11d50a3a'
   в System.Reflection.RuntimeAssembly._nLoad(AssemblyName fileName, String codeBase, Evidence assemblySecurity, RuntimeAssembly locationHint, StackCrawlMark& stackMark, IntPtr pPrivHostBinder, Boolean throwOnFileNotFound, Boolean forIntrospection, Boolean suppressSecurityChecks)
   в System.Reflection.RuntimeAssembly.nLoad(AssemblyName fileName, String codeBase, Evidence assemblySecurity, RuntimeAssembly locationHint, StackCrawlMark& stackMark, IntPtr pPrivHostBinder, Boolean throwOnFileNotFound, Boolean forIntrospection, Boolean suppressSecurityChecks)
   в System.Reflection.RuntimeAssembly.InternalLoadAssemblyName(AssemblyName assemblyRef, Evidence assemblySecurity, RuntimeAssembly reqAssembly, StackCrawlMark& stackMark, IntPtr pPrivHostBinder, Boolean throwOnFileNotFound, Boolean forIntrospection, Boolean suppressSecurityChecks)
   в System.Reflection.RuntimeAssembly.InternalLoadFrom(String assemblyFile, Evidence securityEvidence, Byte[] hashValue, AssemblyHashAlgorithm hashAlgorithm, Boolean forIntrospection, Boolean suppressSecurityChecks, StackCrawlMark& stackMark)
   в System.Reflection.Assembly.LoadFrom(String assemblyFile)
   в Microsoft.VisualStudio.TestPlatform.PlatformAbstractions.PlatformAssemblyLoadContext.LoadAssemblyFromPath(String assemblyPath)
   в Microsoft.VisualStudio.TestPlatform.Common.Utilities.AssemblyResolver.OnResolve(Object sender, AssemblyResolveEventArgs args)

 
TpTrace Information: 0 : 13832, 3, 2022/05/13, 17:04:49.944, 845457111427, testhost.net472.x86.exe, AssemblyResolver.OnResolve: Microsoft.TestPlatform.Extensions.BlameDataCollector: Assembly path does not exist: 'C:\Program Files\dotnet\sdk\6.0.202\Extensions\Microsoft.TestPlatform.Extensions.BlameDataCollector.exe', returning.
TpTrace Information: 0 : 13832, 3, 2022/05/13, 17:04:49.944, 845457112249, testhost.net472.x86.exe, AssemblyResolver.OnResolve: Microsoft.TestPlatform.Extensions.BlameDataCollector: Searching in: 'E:\CS\APPZ\lab_4\TestingBussinesLogic\bin\Debug\net472\fine-code-coverage\build-output'.
TpTrace Information: 0 : 13832, 3, 2022/05/13, 17:04:49.944, 845457113728, testhost.net472.x86.exe, AssemblyResolver.OnResolve: Microsoft.TestPlatform.Extensions.BlameDataCollector: Assembly path does not exist: 'E:\CS\APPZ\lab_4\TestingBussinesLogic\bin\Debug\net472\fine-code-coverage\build-output\Microsoft.TestPlatform.Extensions.BlameDataCollector.dll', returning.
TpTrace Information: 0 : 13832, 3, 2022/05/13, 17:04:49.944, 845457115312, testhost.net472.x86.exe, AssemblyResolver.OnResolve: Microsoft.TestPlatform.Extensions.BlameDataCollector: Assembly path does not exist: 'E:\CS\APPZ\lab_4\TestingBussinesLogic\bin\Debug\net472\fine-code-coverage\build-output\Microsoft.TestPlatform.Extensions.BlameDataCollector.exe', returning.
TpTrace Information: 0 : 13832, 3, 2022/05/13, 17:04:49.944, 845457116425, testhost.net472.x86.exe, AssemblyResolver.OnResolve: Microsoft.TestPlatform.Extensions.BlameDataCollector: Searching in: 'C:\Program Files\dotnet\sdk\6.0.202\TestHost'.
TpTrace Information: 0 : 13832, 3, 2022/05/13, 17:04:49.945, 845457118049, testhost.net472.x86.exe, AssemblyResolver.OnResolve: Microsoft.TestPlatform.Extensions.BlameDataCollector: Assembly path does not exist: 'C:\Program Files\dotnet\sdk\6.0.202\TestHost\Microsoft.TestPlatform.Extensions.BlameDataCollector.dll', returning.
TpTrace Information: 0 : 13832, 3, 2022/05/13, 17:04:49.945, 845457119105, testhost.net472.x86.exe, AssemblyResolver.OnResolve: Microsoft.TestPlatform.Extensions.BlameDataCollector: Assembly path does not exist: 'C:\Program Files\dotnet\sdk\6.0.202\TestHost\Microsoft.TestPlatform.Extensions.BlameDataCollector.exe', returning.
TpTrace Information: 0 : 13832, 3, 2022/05/13, 17:04:49.945, 845457119742, testhost.net472.x86.exe, AssemblyResolver.OnResolve: Microsoft.TestPlatform.Extensions.BlameDataCollector: Failed to load assembly.
TpTrace Verbose: 0 : 13832, 3, 2022/05/13, 17:04:49.945, 845457120491, testhost.net472.x86.exe, CurrentDomainAssemblyResolve: Resolving assembly 'Microsoft.TestPlatform.Extensions.BlameDataCollector'.
TpTrace Information: 0 : 13832, 3, 2022/05/13, 17:04:49.945, 845457123302, testhost.net472.x86.exe, AssemblyResolver.OnResolve: Microsoft.TestPlatform.Extensions.BlameDataCollector: Resolving assembly.
TpTrace Information: 0 : 13832, 3, 2022/05/13, 17:04:49.945, 845457124006, testhost.net472.x86.exe, AssemblyResolver.OnResolve: Microsoft.TestPlatform.Extensions.BlameDataCollector: Resolved from cache.
TpTrace Verbose: 0 : 13832, 3, 2022/05/13, 17:04:49.945, 845457124758, testhost.net472.x86.exe, CurrentDomainAssemblyResolve: Resolving assembly 'Microsoft.TestPlatform.Extensions.BlameDataCollector'.
TpTrace Verbose: 0 : 13832, 3, 2022/05/13, 17:04:49.945, 845457126348, testhost.net472.x86.exe, CurrentDomainAssemblyResolve: Failed to resolve assembly 'Microsoft.TestPlatform.Extensions.BlameDataCollector'.
TpTrace Verbose: 0 : 13832, 3, 2022/05/13, 17:04:49.946, 845457128579, testhost.net472.x86.exe, CurrentDomainAssemblyResolve: Failed to resolve assembly 'Microsoft.TestPlatform.Extensions.BlameDataCollector'.
TpTrace Warning: 0 : 13832, 3, 2022/05/13, 17:04:49.946, 845457131966, testhost.net472.x86.exe, TestPluginDiscoverer: Failed to load extensions from file 'C:\Program Files\dotnet\sdk\6.0.202\Extensions\Microsoft.TestPlatform.Extensions.BlameDataCollector.dll'.  Skipping test extension scan for this file.  Error: System.IO.FileNotFoundException: Не удалось загрузить файл или сборку "Microsoft.TestPlatform.Extensions.BlameDataCollector" либо одну из их зависимостей. Не удается найти указанный файл.
Имя файла: 'Microsoft.TestPlatform.Extensions.BlameDataCollector' ---> System.IO.FileNotFoundException: Не удалось загрузить файл или сборку "Microsoft.TestPlatform.Extensions.BlameDataCollector" либо одну из их зависимостей. Не удается найти указанный файл.
Имя файла: 'Microsoft.TestPlatform.Extensions.BlameDataCollector'
   в System.Reflection.RuntimeAssembly._nLoad(AssemblyName fileName, String codeBase, Evidence assemblySecurity, RuntimeAssembly locationHint, StackCrawlMark& stackMark, IntPtr pPrivHostBinder, Boolean throwOnFileNotFound, Boolean forIntrospection, Boolean suppressSecurityChecks)
   в System.Reflection.RuntimeAssembly.nLoad(AssemblyName fileName, String codeBase, Evidence assemblySecurity, RuntimeAssembly locationHint, StackCrawlMark& stackMark, IntPtr pPrivHostBinder, Boolean throwOnFileNotFound, Boolean forIntrospection, Boolean suppressSecurityChecks)
   в System.Reflection.RuntimeAssembly.InternalLoadAssemblyName(AssemblyName assemblyRef, Evidence assemblySecurity, RuntimeAssembly reqAssembly, StackCrawlMark& stackMark, IntPtr pPrivHostBinder, Boolean throwOnFileNotFound, Boolean forIntrospection, Boolean suppressSecurityChecks)
   в System.Reflection.Assembly.Load(AssemblyName assemblyRef)
   в Microsoft.VisualStudio.TestPlatform.Common.ExtensionFramework.TestPluginCache.CurrentDomainAssemblyResolve(Object sender, AssemblyResolveEventArgs args)
   в Microsoft.VisualStudio.TestPlatform.PlatformAbstractions.PlatformAssemblyResolver.AssemblyResolverEvent(Object sender, Object eventArgs)
   в System.AppDomain.OnAssemblyResolveEvent(RuntimeAssembly assembly, String assemblyFullName)

Предупреждение: регистрация привязки сборок выключена.
Чтобы включить регистрацию ошибок привязки сборок, установите значение параметра реестра [HKLM\Software\Microsoft\Fusion!EnableLog] (DWORD) в 1.
Примечание. Регистрация ошибок привязки сборок может привести к некоторому снижению производительности.
Чтобы отключить эту функцию, удалите параметр реестра [HKLM\Software\Microsoft\Fusion!EnableLog].

   в System.Reflection.RuntimeAssembly._nLoad(AssemblyName fileName, String codeBase, Evidence assemblySecurity, RuntimeAssembly locationHint, StackCrawlMark& stackMark, IntPtr pPrivHostBinder, Boolean throwOnFileNotFound, Boolean forIntrospection, Boolean suppressSecurityChecks)
   в System.Reflection.RuntimeAssembly.nLoad(AssemblyName fileName, String codeBase, Evidence assemblySecurity, RuntimeAssembly locationHint, StackCrawlMark& stackMark, IntPtr pPrivHostBinder, Boolean throwOnFileNotFound, Boolean forIntrospection, Boolean suppressSecurityChecks)
   в System.Reflection.RuntimeAssembly.InternalLoadAssemblyName(AssemblyName assemblyRef, Evidence assemblySecurity, RuntimeAssembly reqAssembly, StackCrawlMark& stackMark, IntPtr pPrivHostBinder, Boolean throwOnFileNotFound, Boolean forIntrospection, Boolean suppressSecurityChecks)
   в System.Reflection.Assembly.Load(AssemblyName assemblyRef)
   в Microsoft.VisualStudio.TestPlatform.Common.ExtensionFramework.TestPluginDiscoverer.GetTestExtensionsFromFiles[TPluginInfo,TExtension](String[] files, Dictionary`2 pluginInfos)


TpTrace Information: 0 : 13832, 3, 2022/05/13, 17:04:49.947, 845457138299, testhost.net472.x86.exe, AssemblyResolver.OnResolve: Microsoft.TestPlatform.Extensions.EventLogCollector: Resolving assembly.
TpTrace Information: 0 : 13832, 3, 2022/05/13, 17:04:49.947, 845457139155, testhost.net472.x86.exe, AssemblyResolver.OnResolve: Microsoft.TestPlatform.Extensions.EventLogCollector: Searching in: 'C:\Program Files\dotnet\sdk\6.0.202\Extensions'.
TpTrace Information: 0 : 13832, 3, 2022/05/13, 17:04:49.947, 845457145707, testhost.net472.x86.exe, AssemblyResolver.OnResolve: Microsoft.TestPlatform.Extensions.EventLogCollector: Loading assembly 'C:\Program Files\dotnet\sdk\6.0.202\Extensions\Microsoft.TestPlatform.Extensions.EventLogCollector.dll'.
TpTrace Information: 0 : 13832, 3, 2022/05/13, 17:04:49.949, 845457160148, testhost.net472.x86.exe, AssemblyResolver.OnResolve: Resolved assembly: Microsoft.TestPlatform.Extensions.EventLogCollector, from path: C:\Program Files\dotnet\sdk\6.0.202\Extensions\Microsoft.TestPlatform.Extensions.EventLogCollector.dll
TpTrace Information: 0 : 13832, 3, 2022/05/13, 17:04:49.953, 845457198760, testhost.net472.x86.exe, AssemblyResolver.OnResolve: Microsoft.TestPlatform.TestHostRuntimeProvider: Resolving assembly.
TpTrace Information: 0 : 13832, 3, 2022/05/13, 17:04:49.953, 845457199763, testhost.net472.x86.exe, AssemblyResolver.OnResolve: Microsoft.TestPlatform.TestHostRuntimeProvider: Searching in: 'C:\Program Files\dotnet\sdk\6.0.202\Extensions'.
TpTrace Information: 0 : 13832, 3, 2022/05/13, 17:04:49.953, 845457207267, testhost.net472.x86.exe, AssemblyResolver.OnResolve: Microsoft.TestPlatform.TestHostRuntimeProvider: Loading assembly 'C:\Program Files\dotnet\sdk\6.0.202\Extensions\Microsoft.TestPlatform.TestHostRuntimeProvider.dll'.
TpTrace Information: 0 : 13832, 3, 2022/05/13, 17:04:49.955, 845457225534, testhost.net472.x86.exe, AssemblyResolver.OnResolve: Microsoft.TestPlatform.TestHostRuntimeProvider: Failed to load assembly. Reason:System.BadImageFormatException: Не удалось загрузить файл или сборку "Microsoft.TestPlatform.TestHostRuntimeProvider, Version=15.0.0.0, Culture=neutral, PublicKeyToken=b03f5f7f11d50a3a" либо одну из их зависимостей. Была сделана попытка загрузить программу, имеющую неверный формат.
Имя файла: 'Microsoft.TestPlatform.TestHostRuntimeProvider, Version=15.0.0.0, Culture=neutral, PublicKeyToken=b03f5f7f11d50a3a'
   в System.Reflection.RuntimeAssembly._nLoad(AssemblyName fileName, String codeBase, Evidence assemblySecurity, RuntimeAssembly locationHint, StackCrawlMark& stackMark, IntPtr pPrivHostBinder, Boolean throwOnFileNotFound, Boolean forIntrospection, Boolean suppressSecurityChecks)
   в System.Reflection.RuntimeAssembly.nLoad(AssemblyName fileName, String codeBase, Evidence assemblySecurity, RuntimeAssembly locationHint, StackCrawlMark& stackMark, IntPtr pPrivHostBinder, Boolean throwOnFileNotFound, Boolean forIntrospection, Boolean suppressSecurityChecks)
   в System.Reflection.RuntimeAssembly.InternalLoadAssemblyName(AssemblyName assemblyRef, Evidence assemblySecurity, RuntimeAssembly reqAssembly, StackCrawlMark& stackMark, IntPtr pPrivHostBinder, Boolean throwOnFileNotFound, Boolean forIntrospection, Boolean suppressSecurityChecks)
   в System.Reflection.RuntimeAssembly.InternalLoadFrom(String assemblyFile, Evidence securityEvidence, Byte[] hashValue, AssemblyHashAlgorithm hashAlgorithm, Boolean forIntrospection, Boolean suppressSecurityChecks, StackCrawlMark& stackMark)
   в System.Reflection.Assembly.LoadFrom(String assemblyFile)
   в Microsoft.VisualStudio.TestPlatform.PlatformAbstractions.PlatformAssemblyLoadContext.LoadAssemblyFromPath(String assemblyPath)
   в Microsoft.VisualStudio.TestPlatform.Common.Utilities.AssemblyResolver.OnResolve(Object sender, AssemblyResolveEventArgs args)

 
TpTrace Information: 0 : 13832, 3, 2022/05/13, 17:04:49.955, 845457226972, testhost.net472.x86.exe, AssemblyResolver.OnResolve: Microsoft.TestPlatform.TestHostRuntimeProvider: Assembly path does not exist: 'C:\Program Files\dotnet\sdk\6.0.202\Extensions\Microsoft.TestPlatform.TestHostRuntimeProvider.exe', returning.
TpTrace Information: 0 : 13832, 3, 2022/05/13, 17:04:49.956, 845457227707, testhost.net472.x86.exe, AssemblyResolver.OnResolve: Microsoft.TestPlatform.TestHostRuntimeProvider: Searching in: 'E:\CS\APPZ\lab_4\TestingBussinesLogic\bin\Debug\net472\fine-code-coverage\build-output'.
TpTrace Information: 0 : 13832, 3, 2022/05/13, 17:04:49.956, 845457228629, testhost.net472.x86.exe, AssemblyResolver.OnResolve: Microsoft.TestPlatform.TestHostRuntimeProvider: Assembly path does not exist: 'E:\CS\APPZ\lab_4\TestingBussinesLogic\bin\Debug\net472\fine-code-coverage\build-output\Microsoft.TestPlatform.TestHostRuntimeProvider.dll', returning.
TpTrace Information: 0 : 13832, 3, 2022/05/13, 17:04:49.956, 845457229467, testhost.net472.x86.exe, AssemblyResolver.OnResolve: Microsoft.TestPlatform.TestHostRuntimeProvider: Assembly path does not exist: 'E:\CS\APPZ\lab_4\TestingBussinesLogic\bin\Debug\net472\fine-code-coverage\build-output\Microsoft.TestPlatform.TestHostRuntimeProvider.exe', returning.
TpTrace Information: 0 : 13832, 3, 2022/05/13, 17:04:49.956, 845457230070, testhost.net472.x86.exe, AssemblyResolver.OnResolve: Microsoft.TestPlatform.TestHostRuntimeProvider: Searching in: 'C:\Program Files\dotnet\sdk\6.0.202\TestHost'.
TpTrace Information: 0 : 13832, 3, 2022/05/13, 17:04:49.956, 845457230965, testhost.net472.x86.exe, AssemblyResolver.OnResolve: Microsoft.TestPlatform.TestHostRuntimeProvider: Assembly path does not exist: 'C:\Program Files\dotnet\sdk\6.0.202\TestHost\Microsoft.TestPlatform.TestHostRuntimeProvider.dll', returning.
TpTrace Information: 0 : 13832, 3, 2022/05/13, 17:04:49.956, 845457231831, testhost.net472.x86.exe, AssemblyResolver.OnResolve: Microsoft.TestPlatform.TestHostRuntimeProvider: Assembly path does not exist: 'C:\Program Files\dotnet\sdk\6.0.202\TestHost\Microsoft.TestPlatform.TestHostRuntimeProvider.exe', returning.
TpTrace Information: 0 : 13832, 3, 2022/05/13, 17:04:49.956, 845457233058, testhost.net472.x86.exe, AssemblyResolver.OnResolve: Microsoft.TestPlatform.TestHostRuntimeProvider: Failed to load assembly.
TpTrace Verbose: 0 : 13832, 3, 2022/05/13, 17:04:49.956, 845457233755, testhost.net472.x86.exe, CurrentDomainAssemblyResolve: Resolving assembly 'Microsoft.TestPlatform.TestHostRuntimeProvider'.
TpTrace Information: 0 : 13832, 3, 2022/05/13, 17:04:49.956, 845457235649, testhost.net472.x86.exe, AssemblyResolver.OnResolve: Microsoft.TestPlatform.TestHostRuntimeProvider: Resolving assembly.
TpTrace Information: 0 : 13832, 3, 2022/05/13, 17:04:49.956, 845457236324, testhost.net472.x86.exe, AssemblyResolver.OnResolve: Microsoft.TestPlatform.TestHostRuntimeProvider: Resolved from cache.
TpTrace Verbose: 0 : 13832, 3, 2022/05/13, 17:04:49.956, 845457236943, testhost.net472.x86.exe, CurrentDomainAssemblyResolve: Resolving assembly 'Microsoft.TestPlatform.TestHostRuntimeProvider'.
TpTrace Verbose: 0 : 13832, 3, 2022/05/13, 17:04:49.957, 845457237525, testhost.net472.x86.exe, CurrentDomainAssemblyResolve: Failed to resolve assembly 'Microsoft.TestPlatform.TestHostRuntimeProvider'.
TpTrace Verbose: 0 : 13832, 3, 2022/05/13, 17:04:49.957, 845457238781, testhost.net472.x86.exe, CurrentDomainAssemblyResolve: Failed to resolve assembly 'Microsoft.TestPlatform.TestHostRuntimeProvider'.
TpTrace Warning: 0 : 13832, 3, 2022/05/13, 17:04:49.957, 845457241637, testhost.net472.x86.exe, TestPluginDiscoverer: Failed to load extensions from file 'C:\Program Files\dotnet\sdk\6.0.202\Extensions\Microsoft.TestPlatform.TestHostRuntimeProvider.dll'.  Skipping test extension scan for this file.  Error: System.IO.FileNotFoundException: Не удалось загрузить файл или сборку "Microsoft.TestPlatform.TestHostRuntimeProvider" либо одну из их зависимостей. Не удается найти указанный файл.
Имя файла: 'Microsoft.TestPlatform.TestHostRuntimeProvider' ---> System.IO.FileNotFoundException: Не удалось загрузить файл или сборку "Microsoft.TestPlatform.TestHostRuntimeProvider" либо одну из их зависимостей. Не удается найти указанный файл.
Имя файла: 'Microsoft.TestPlatform.TestHostRuntimeProvider'
   в System.Reflection.RuntimeAssembly._nLoad(AssemblyName fileName, String codeBase, Evidence assemblySecurity, RuntimeAssembly locationHint, StackCrawlMark& stackMark, IntPtr pPrivHostBinder, Boolean throwOnFileNotFound, Boolean forIntrospection, Boolean suppressSecurityChecks)
   в System.Reflection.RuntimeAssembly.nLoad(AssemblyName fileName, String codeBase, Evidence assemblySecurity, RuntimeAssembly locationHint, StackCrawlMark& stackMark, IntPtr pPrivHostBinder, Boolean throwOnFileNotFound, Boolean forIntrospection, Boolean suppressSecurityChecks)
   в System.Reflection.RuntimeAssembly.InternalLoadAssemblyName(AssemblyName assemblyRef, Evidence assemblySecurity, RuntimeAssembly reqAssembly, StackCrawlMark& stackMark, IntPtr pPrivHostBinder, Boolean throwOnFileNotFound, Boolean forIntrospection, Boolean suppressSecurityChecks)
   в System.Reflection.Assembly.Load(AssemblyName assemblyRef)
   в Microsoft.VisualStudio.TestPlatform.Common.ExtensionFramework.TestPluginCache.CurrentDomainAssemblyResolve(Object sender, AssemblyResolveEventArgs args)
   в Microsoft.VisualStudio.TestPlatform.PlatformAbstractions.PlatformAssemblyResolver.AssemblyResolverEvent(Object sender, Object eventArgs)
   в System.AppDomain.OnAssemblyResolveEvent(RuntimeAssembly assembly, String assemblyFullName)

Предупреждение: регистрация привязки сборок выключена.
Чтобы включить регистрацию ошибок привязки сборок, установите значение параметра реестра [HKLM\Software\Microsoft\Fusion!EnableLog] (DWORD) в 1.
Примечание. Регистрация ошибок привязки сборок может привести к некоторому снижению производительности.
Чтобы отключить эту функцию, удалите параметр реестра [HKLM\Software\Microsoft\Fusion!EnableLog].

   в System.Reflection.RuntimeAssembly._nLoad(AssemblyName fileName, String codeBase, Evidence assemblySecurity, RuntimeAssembly locationHint, StackCrawlMark& stackMark, IntPtr pPrivHostBinder, Boolean throwOnFileNotFound, Boolean forIntrospection, Boolean suppressSecurityChecks)
   в System.Reflection.RuntimeAssembly.nLoad(AssemblyName fileName, String codeBase, Evidence assemblySecurity, RuntimeAssembly locationHint, StackCrawlMark& stackMark, IntPtr pPrivHostBinder, Boolean throwOnFileNotFound, Boolean forIntrospection, Boolean suppressSecurityChecks)
   в System.Reflection.RuntimeAssembly.InternalLoadAssemblyName(AssemblyName assemblyRef, Evidence assemblySecurity, RuntimeAssembly reqAssembly, StackCrawlMark& stackMark, IntPtr pPrivHostBinder, Boolean throwOnFileNotFound, Boolean forIntrospection, Boolean suppressSecurityChecks)
   в System.Reflection.Assembly.Load(AssemblyName assemblyRef)
   в Microsoft.VisualStudio.TestPlatform.Common.ExtensionFramework.TestPluginDiscoverer.GetTestExtensionsFromFiles[TPluginInfo,TExtension](String[] files, Dictionary`2 pluginInfos)


TpTrace Information: 0 : 13832, 3, 2022/05/13, 17:04:49.959, 845457263767, testhost.net472.x86.exe, AssemblyResolver.OnResolve: Microsoft.VisualStudio.TestPlatform.Extensions.Html.TestLogger: Resolving assembly.
TpTrace Information: 0 : 13832, 3, 2022/05/13, 17:04:49.959, 845457264636, testhost.net472.x86.exe, AssemblyResolver.OnResolve: Microsoft.VisualStudio.TestPlatform.Extensions.Html.TestLogger: Searching in: 'C:\Program Files\dotnet\sdk\6.0.202\Extensions'.
TpTrace Information: 0 : 13832, 3, 2022/05/13, 17:04:49.960, 845457272726, testhost.net472.x86.exe, AssemblyResolver.OnResolve: Microsoft.VisualStudio.TestPlatform.Extensions.Html.TestLogger: Loading assembly 'C:\Program Files\dotnet\sdk\6.0.202\Extensions\Microsoft.VisualStudio.TestPlatform.Extensions.Html.TestLogger.dll'.
TpTrace Information: 0 : 13832, 3, 2022/05/13, 17:04:49.962, 845457291476, testhost.net472.x86.exe, AssemblyResolver.OnResolve: Microsoft.VisualStudio.TestPlatform.Extensions.Html.TestLogger: Failed to load assembly. Reason:System.BadImageFormatException: Не удалось загрузить файл или сборку "Microsoft.VisualStudio.TestPlatform.Extensions.Html.TestLogger, Version=15.0.0.0, Culture=neutral, PublicKeyToken=b03f5f7f11d50a3a" либо одну из их зависимостей. Была сделана попытка загрузить программу, имеющую неверный формат.
Имя файла: 'Microsoft.VisualStudio.TestPlatform.Extensions.Html.TestLogger, Version=15.0.0.0, Culture=neutral, PublicKeyToken=b03f5f7f11d50a3a'
   в System.Reflection.RuntimeAssembly._nLoad(AssemblyName fileName, String codeBase, Evidence assemblySecurity, RuntimeAssembly locationHint, StackCrawlMark& stackMark, IntPtr pPrivHostBinder, Boolean throwOnFileNotFound, Boolean forIntrospection, Boolean suppressSecurityChecks)
   в System.Reflection.RuntimeAssembly.nLoad(AssemblyName fileName, String codeBase, Evidence assemblySecurity, RuntimeAssembly locationHint, StackCrawlMark& stackMark, IntPtr pPrivHostBinder, Boolean throwOnFileNotFound, Boolean forIntrospection, Boolean suppressSecurityChecks)
   в System.Reflection.RuntimeAssembly.InternalLoadAssemblyName(AssemblyName assemblyRef, Evidence assemblySecurity, RuntimeAssembly reqAssembly, StackCrawlMark& stackMark, IntPtr pPrivHostBinder, Boolean throwOnFileNotFound, Boolean forIntrospection, Boolean suppressSecurityChecks)
   в System.Reflection.RuntimeAssembly.InternalLoadFrom(String assemblyFile, Evidence securityEvidence, Byte[] hashValue, AssemblyHashAlgorithm hashAlgorithm, Boolean forIntrospection, Boolean suppressSecurityChecks, StackCrawlMark& stackMark)
   в System.Reflection.Assembly.LoadFrom(String assemblyFile)
   в Microsoft.VisualStudio.TestPlatform.PlatformAbstractions.PlatformAssemblyLoadContext.LoadAssemblyFromPath(String assemblyPath)
   в Microsoft.VisualStudio.TestPlatform.Common.Utilities.AssemblyResolver.OnResolve(Object sender, AssemblyResolveEventArgs args)

 
TpTrace Information: 0 : 13832, 3, 2022/05/13, 17:04:49.962, 845457292846, testhost.net472.x86.exe, AssemblyResolver.OnResolve: Microsoft.VisualStudio.TestPlatform.Extensions.Html.TestLogger: Assembly path does not exist: 'C:\Program Files\dotnet\sdk\6.0.202\Extensions\Microsoft.VisualStudio.TestPlatform.Extensions.Html.TestLogger.exe', returning.
TpTrace Information: 0 : 13832, 3, 2022/05/13, 17:04:49.962, 845457293522, testhost.net472.x86.exe, AssemblyResolver.OnResolve: Microsoft.VisualStudio.TestPlatform.Extensions.Html.TestLogger: Searching in: 'E:\CS\APPZ\lab_4\TestingBussinesLogic\bin\Debug\net472\fine-code-coverage\build-output'.
TpTrace Information: 0 : 13832, 3, 2022/05/13, 17:04:49.962, 845457294394, testhost.net472.x86.exe, AssemblyResolver.OnResolve: Microsoft.VisualStudio.TestPlatform.Extensions.Html.TestLogger: Assembly path does not exist: 'E:\CS\APPZ\lab_4\TestingBussinesLogic\bin\Debug\net472\fine-code-coverage\build-output\Microsoft.VisualStudio.TestPlatform.Extensions.Html.TestLogger.dll', returning.
TpTrace Information: 0 : 13832, 3, 2022/05/13, 17:04:49.962, 845457295191, testhost.net472.x86.exe, AssemblyResolver.OnResolve: Microsoft.VisualStudio.TestPlatform.Extensions.Html.TestLogger: Assembly path does not exist: 'E:\CS\APPZ\lab_4\TestingBussinesLogic\bin\Debug\net472\fine-code-coverage\build-output\Microsoft.VisualStudio.TestPlatform.Extensions.Html.TestLogger.exe', returning.
TpTrace Information: 0 : 13832, 3, 2022/05/13, 17:04:49.962, 845457295801, testhost.net472.x86.exe, AssemblyResolver.OnResolve: Microsoft.VisualStudio.TestPlatform.Extensions.Html.TestLogger: Searching in: 'C:\Program Files\dotnet\sdk\6.0.202\TestHost'.
TpTrace Information: 0 : 13832, 3, 2022/05/13, 17:04:49.962, 845457296667, testhost.net472.x86.exe, AssemblyResolver.OnResolve: Microsoft.VisualStudio.TestPlatform.Extensions.Html.TestLogger: Assembly path does not exist: 'C:\Program Files\dotnet\sdk\6.0.202\TestHost\Microsoft.VisualStudio.TestPlatform.Extensions.Html.TestLogger.dll', returning.
TpTrace Information: 0 : 13832, 3, 2022/05/13, 17:04:49.963, 845457297566, testhost.net472.x86.exe, AssemblyResolver.OnResolve: Microsoft.VisualStudio.TestPlatform.Extensions.Html.TestLogger: Assembly path does not exist: 'C:\Program Files\dotnet\sdk\6.0.202\TestHost\Microsoft.VisualStudio.TestPlatform.Extensions.Html.TestLogger.exe', returning.
TpTrace Information: 0 : 13832, 3, 2022/05/13, 17:04:49.963, 845457298187, testhost.net472.x86.exe, AssemblyResolver.OnResolve: Microsoft.VisualStudio.TestPlatform.Extensions.Html.TestLogger: Failed to load assembly.
TpTrace Verbose: 0 : 13832, 3, 2022/05/13, 17:04:49.963, 845457298825, testhost.net472.x86.exe, CurrentDomainAssemblyResolve: Resolving assembly 'Microsoft.VisualStudio.TestPlatform.Extensions.Html.TestLogger'.
TpTrace Information: 0 : 13832, 3, 2022/05/13, 17:04:49.963, 845457300358, testhost.net472.x86.exe, AssemblyResolver.OnResolve: Microsoft.VisualStudio.TestPlatform.Extensions.Html.TestLogger: Resolving assembly.
TpTrace Information: 0 : 13832, 3, 2022/05/13, 17:04:49.963, 845457300976, testhost.net472.x86.exe, AssemblyResolver.OnResolve: Microsoft.VisualStudio.TestPlatform.Extensions.Html.TestLogger: Resolved from cache.
TpTrace Verbose: 0 : 13832, 3, 2022/05/13, 17:04:49.963, 845457301601, testhost.net472.x86.exe, CurrentDomainAssemblyResolve: Resolving assembly 'Microsoft.VisualStudio.TestPlatform.Extensions.Html.TestLogger'.
TpTrace Verbose: 0 : 13832, 3, 2022/05/13, 17:04:49.963, 845457302177, testhost.net472.x86.exe, CurrentDomainAssemblyResolve: Failed to resolve assembly 'Microsoft.VisualStudio.TestPlatform.Extensions.Html.TestLogger'.
TpTrace Verbose: 0 : 13832, 3, 2022/05/13, 17:04:49.963, 845457303367, testhost.net472.x86.exe, CurrentDomainAssemblyResolve: Failed to resolve assembly 'Microsoft.VisualStudio.TestPlatform.Extensions.Html.TestLogger'.
TpTrace Warning: 0 : 13832, 3, 2022/05/13, 17:04:49.963, 845457306354, testhost.net472.x86.exe, TestPluginDiscoverer: Failed to load extensions from file 'C:\Program Files\dotnet\sdk\6.0.202\Extensions\Microsoft.VisualStudio.TestPlatform.Extensions.Html.TestLogger.dll'.  Skipping test extension scan for this file.  Error: System.IO.FileNotFoundException: Не удалось загрузить файл или сборку "Microsoft.VisualStudio.TestPlatform.Extensions.Html.TestLogger" либо одну из их зависимостей. Не удается найти указанный файл.
Имя файла: 'Microsoft.VisualStudio.TestPlatform.Extensions.Html.TestLogger' ---> System.IO.FileNotFoundException: Не удалось загрузить файл или сборку "Microsoft.VisualStudio.TestPlatform.Extensions.Html.TestLogger" либо одну из их зависимостей. Не удается найти указанный файл.
Имя файла: 'Microsoft.VisualStudio.TestPlatform.Extensions.Html.TestLogger'
   в System.Reflection.RuntimeAssembly._nLoad(AssemblyName fileName, String codeBase, Evidence assemblySecurity, RuntimeAssembly locationHint, StackCrawlMark& stackMark, IntPtr pPrivHostBinder, Boolean throwOnFileNotFound, Boolean forIntrospection, Boolean suppressSecurityChecks)
   в System.Reflection.RuntimeAssembly.nLoad(AssemblyName fileName, String codeBase, Evidence assemblySecurity, RuntimeAssembly locationHint, StackCrawlMark& stackMark, IntPtr pPrivHostBinder, Boolean throwOnFileNotFound, Boolean forIntrospection, Boolean suppressSecurityChecks)
   в System.Reflection.RuntimeAssembly.InternalLoadAssemblyName(AssemblyName assemblyRef, Evidence assemblySecurity, RuntimeAssembly reqAssembly, StackCrawlMark& stackMark, IntPtr pPrivHostBinder, Boolean throwOnFileNotFound, Boolean forIntrospection, Boolean suppressSecurityChecks)
   в System.Reflection.Assembly.Load(AssemblyName assemblyRef)
   в Microsoft.VisualStudio.TestPlatform.Common.ExtensionFramework.TestPluginCache.CurrentDomainAssemblyResolve(Object sender, AssemblyResolveEventArgs args)
   в Microsoft.VisualStudio.TestPlatform.PlatformAbstractions.PlatformAssemblyResolver.AssemblyResolverEvent(Object sender, Object eventArgs)
   в System.AppDomain.OnAssemblyResolveEvent(RuntimeAssembly assembly, String assemblyFullName)

Предупреждение: регистрация привязки сборок выключена.
Чтобы включить регистрацию ошибок привязки сборок, установите значение параметра реестра [HKLM\Software\Microsoft\Fusion!EnableLog] (DWORD) в 1.
Примечание. Регистрация ошибок привязки сборок может привести к некоторому снижению производительности.
Чтобы отключить эту функцию, удалите параметр реестра [HKLM\Software\Microsoft\Fusion!EnableLog].

   в System.Reflection.RuntimeAssembly._nLoad(AssemblyName fileName, String codeBase, Evidence assemblySecurity, RuntimeAssembly locationHint, StackCrawlMark& stackMark, IntPtr pPrivHostBinder, Boolean throwOnFileNotFound, Boolean forIntrospection, Boolean suppressSecurityChecks)
   в System.Reflection.RuntimeAssembly.nLoad(AssemblyName fileName, String codeBase, Evidence assemblySecurity, RuntimeAssembly locationHint, StackCrawlMark& stackMark, IntPtr pPrivHostBinder, Boolean throwOnFileNotFound, Boolean forIntrospection, Boolean suppressSecurityChecks)
   в System.Reflection.RuntimeAssembly.InternalLoadAssemblyName(AssemblyName assemblyRef, Evidence assemblySecurity, RuntimeAssembly reqAssembly, StackCrawlMark& stackMark, IntPtr pPrivHostBinder, Boolean throwOnFileNotFound, Boolean forIntrospection, Boolean suppressSecurityChecks)
   в System.Reflection.Assembly.Load(AssemblyName assemblyRef)
   в Microsoft.VisualStudio.TestPlatform.Common.ExtensionFramework.TestPluginDiscoverer.GetTestExtensionsFromFiles[TPluginInfo,TExtension](String[] files, Dictionary`2 pluginInfos)


TpTrace Information: 0 : 13832, 3, 2022/05/13, 17:04:49.964, 845457312374, testhost.net472.x86.exe, AssemblyResolver.OnResolve: Microsoft.VisualStudio.TestPlatform.Extensions.Trx.TestLogger: Resolving assembly.
TpTrace Information: 0 : 13832, 3, 2022/05/13, 17:04:49.964, 845457313119, testhost.net472.x86.exe, AssemblyResolver.OnResolve: Microsoft.VisualStudio.TestPlatform.Extensions.Trx.TestLogger: Searching in: 'C:\Program Files\dotnet\sdk\6.0.202\Extensions'.
TpTrace Information: 0 : 13832, 3, 2022/05/13, 17:04:49.965, 845457322605, testhost.net472.x86.exe, AssemblyResolver.OnResolve: Microsoft.VisualStudio.TestPlatform.Extensions.Trx.TestLogger: Loading assembly 'C:\Program Files\dotnet\sdk\6.0.202\Extensions\Microsoft.VisualStudio.TestPlatform.Extensions.Trx.TestLogger.dll'.
TpTrace Information: 0 : 13832, 3, 2022/05/13, 17:04:49.967, 845457342407, testhost.net472.x86.exe, AssemblyResolver.OnResolve: Microsoft.VisualStudio.TestPlatform.Extensions.Trx.TestLogger: Failed to load assembly. Reason:System.BadImageFormatException: Не удалось загрузить файл или сборку "Microsoft.VisualStudio.TestPlatform.Extensions.Trx.TestLogger, Version=15.0.0.0, Culture=neutral, PublicKeyToken=b03f5f7f11d50a3a" либо одну из их зависимостей. Была сделана попытка загрузить программу, имеющую неверный формат.
Имя файла: 'Microsoft.VisualStudio.TestPlatform.Extensions.Trx.TestLogger, Version=15.0.0.0, Culture=neutral, PublicKeyToken=b03f5f7f11d50a3a'
   в System.Reflection.RuntimeAssembly._nLoad(AssemblyName fileName, String codeBase, Evidence assemblySecurity, RuntimeAssembly locationHint, StackCrawlMark& stackMark, IntPtr pPrivHostBinder, Boolean throwOnFileNotFound, Boolean forIntrospection, Boolean suppressSecurityChecks)
   в System.Reflection.RuntimeAssembly.nLoad(AssemblyName fileName, String codeBase, Evidence assemblySecurity, RuntimeAssembly locationHint, StackCrawlMark& stackMark, IntPtr pPrivHostBinder, Boolean throwOnFileNotFound, Boolean forIntrospection, Boolean suppressSecurityChecks)
   в System.Reflection.RuntimeAssembly.InternalLoadAssemblyName(AssemblyName assemblyRef, Evidence assemblySecurity, RuntimeAssembly reqAssembly, StackCrawlMark& stackMark, IntPtr pPrivHostBinder, Boolean throwOnFileNotFound, Boolean forIntrospection, Boolean suppressSecurityChecks)
   в System.Reflection.RuntimeAssembly.InternalLoadFrom(String assemblyFile, Evidence securityEvidence, Byte[] hashValue, AssemblyHashAlgorithm hashAlgorithm, Boolean forIntrospection, Boolean suppressSecurityChecks, StackCrawlMark& stackMark)
   в System.Reflection.Assembly.LoadFrom(String assemblyFile)
   в Microsoft.VisualStudio.TestPlatform.PlatformAbstractions.PlatformAssemblyLoadContext.LoadAssemblyFromPath(String assemblyPath)
   в Microsoft.VisualStudio.TestPlatform.Common.Utilities.AssemblyResolver.OnResolve(Object sender, AssemblyResolveEventArgs args)

 
TpTrace Information: 0 : 13832, 3, 2022/05/13, 17:04:49.967, 845457343707, testhost.net472.x86.exe, AssemblyResolver.OnResolve: Microsoft.VisualStudio.TestPlatform.Extensions.Trx.TestLogger: Assembly path does not exist: 'C:\Program Files\dotnet\sdk\6.0.202\Extensions\Microsoft.VisualStudio.TestPlatform.Extensions.Trx.TestLogger.exe', returning.
TpTrace Information: 0 : 13832, 3, 2022/05/13, 17:04:49.967, 845457344381, testhost.net472.x86.exe, AssemblyResolver.OnResolve: Microsoft.VisualStudio.TestPlatform.Extensions.Trx.TestLogger: Searching in: 'E:\CS\APPZ\lab_4\TestingBussinesLogic\bin\Debug\net472\fine-code-coverage\build-output'.
TpTrace Information: 0 : 13832, 3, 2022/05/13, 17:04:49.967, 845457345333, testhost.net472.x86.exe, AssemblyResolver.OnResolve: Microsoft.VisualStudio.TestPlatform.Extensions.Trx.TestLogger: Assembly path does not exist: 'E:\CS\APPZ\lab_4\TestingBussinesLogic\bin\Debug\net472\fine-code-coverage\build-output\Microsoft.VisualStudio.TestPlatform.Extensions.Trx.TestLogger.dll', returning.
TpTrace Information: 0 : 13832, 3, 2022/05/13, 17:04:49.967, 845457346176, testhost.net472.x86.exe, AssemblyResolver.OnResolve: Microsoft.VisualStudio.TestPlatform.Extensions.Trx.TestLogger: Assembly path does not exist: 'E:\CS\APPZ\lab_4\TestingBussinesLogic\bin\Debug\net472\fine-code-coverage\build-output\Microsoft.VisualStudio.TestPlatform.Extensions.Trx.TestLogger.exe', returning.
TpTrace Information: 0 : 13832, 3, 2022/05/13, 17:04:49.967, 845457346798, testhost.net472.x86.exe, AssemblyResolver.OnResolve: Microsoft.VisualStudio.TestPlatform.Extensions.Trx.TestLogger: Searching in: 'C:\Program Files\dotnet\sdk\6.0.202\TestHost'.
TpTrace Information: 0 : 13832, 3, 2022/05/13, 17:04:49.968, 845457347867, testhost.net472.x86.exe, AssemblyResolver.OnResolve: Microsoft.VisualStudio.TestPlatform.Extensions.Trx.TestLogger: Assembly path does not exist: 'C:\Program Files\dotnet\sdk\6.0.202\TestHost\Microsoft.VisualStudio.TestPlatform.Extensions.Trx.TestLogger.dll', returning.
TpTrace Information: 0 : 13832, 3, 2022/05/13, 17:04:49.968, 845457348934, testhost.net472.x86.exe, AssemblyResolver.OnResolve: Microsoft.VisualStudio.TestPlatform.Extensions.Trx.TestLogger: Assembly path does not exist: 'C:\Program Files\dotnet\sdk\6.0.202\TestHost\Microsoft.VisualStudio.TestPlatform.Extensions.Trx.TestLogger.exe', returning.
TpTrace Information: 0 : 13832, 3, 2022/05/13, 17:04:49.968, 845457349885, testhost.net472.x86.exe, AssemblyResolver.OnResolve: Microsoft.VisualStudio.TestPlatform.Extensions.Trx.TestLogger: Failed to load assembly.
TpTrace Verbose: 0 : 13832, 3, 2022/05/13, 17:04:49.968, 845457350545, testhost.net472.x86.exe, CurrentDomainAssemblyResolve: Resolving assembly 'Microsoft.VisualStudio.TestPlatform.Extensions.Trx.TestLogger'.
TpTrace Information: 0 : 13832, 3, 2022/05/13, 17:04:49.968, 845457352081, testhost.net472.x86.exe, AssemblyResolver.OnResolve: Microsoft.VisualStudio.TestPlatform.Extensions.Trx.TestLogger: Resolving assembly.
TpTrace Information: 0 : 13832, 3, 2022/05/13, 17:04:49.968, 845457352713, testhost.net472.x86.exe, AssemblyResolver.OnResolve: Microsoft.VisualStudio.TestPlatform.Extensions.Trx.TestLogger: Resolved from cache.
TpTrace Verbose: 0 : 13832, 3, 2022/05/13, 17:04:49.968, 845457353332, testhost.net472.x86.exe, CurrentDomainAssemblyResolve: Resolving assembly 'Microsoft.VisualStudio.TestPlatform.Extensions.Trx.TestLogger'.
TpTrace Verbose: 0 : 13832, 3, 2022/05/13, 17:04:49.968, 845457353898, testhost.net472.x86.exe, CurrentDomainAssemblyResolve: Failed to resolve assembly 'Microsoft.VisualStudio.TestPlatform.Extensions.Trx.TestLogger'.
TpTrace Verbose: 0 : 13832, 3, 2022/05/13, 17:04:49.968, 845457355069, testhost.net472.x86.exe, CurrentDomainAssemblyResolve: Failed to resolve assembly 'Microsoft.VisualStudio.TestPlatform.Extensions.Trx.TestLogger'.
TpTrace Warning: 0 : 13832, 3, 2022/05/13, 17:04:49.969, 845457357391, testhost.net472.x86.exe, TestPluginDiscoverer: Failed to load extensions from file 'C:\Program Files\dotnet\sdk\6.0.202\Extensions\Microsoft.VisualStudio.TestPlatform.Extensions.Trx.TestLogger.dll'.  Skipping test extension scan for this file.  Error: System.IO.FileNotFoundException: Не удалось загрузить файл или сборку "Microsoft.VisualStudio.TestPlatform.Extensions.Trx.TestLogger" либо одну из их зависимостей. Не удается найти указанный файл.
Имя файла: 'Microsoft.VisualStudio.TestPlatform.Extensions.Trx.TestLogger' ---> System.IO.FileNotFoundException: Не удалось загрузить файл или сборку "Microsoft.VisualStudio.TestPlatform.Extensions.Trx.TestLogger" либо одну из их зависимостей. Не удается найти указанный файл.
Имя файла: 'Microsoft.VisualStudio.TestPlatform.Extensions.Trx.TestLogger'
   в System.Reflection.RuntimeAssembly._nLoad(AssemblyName fileName, String codeBase, Evidence assemblySecurity, RuntimeAssembly locationHint, StackCrawlMark& stackMark, IntPtr pPrivHostBinder, Boolean throwOnFileNotFound, Boolean forIntrospection, Boolean suppressSecurityChecks)
   в System.Reflection.RuntimeAssembly.nLoad(AssemblyName fileName, String codeBase, Evidence assemblySecurity, RuntimeAssembly locationHint, StackCrawlMark& stackMark, IntPtr pPrivHostBinder, Boolean throwOnFileNotFound, Boolean forIntrospection, Boolean suppressSecurityChecks)
   в System.Reflection.RuntimeAssembly.InternalLoadAssemblyName(AssemblyName assemblyRef, Evidence assemblySecurity, RuntimeAssembly reqAssembly, StackCrawlMark& stackMark, IntPtr pPrivHostBinder, Boolean throwOnFileNotFound, Boolean forIntrospection, Boolean suppressSecurityChecks)
   в System.Reflection.Assembly.Load(AssemblyName assemblyRef)
   в Microsoft.VisualStudio.TestPlatform.Common.ExtensionFramework.TestPluginCache.CurrentDomainAssemblyResolve(Object sender, AssemblyResolveEventArgs args)
   в Microsoft.VisualStudio.TestPlatform.PlatformAbstractions.PlatformAssemblyResolver.AssemblyResolverEvent(Object sender, Object eventArgs)
   в System.AppDomain.OnAssemblyResolveEvent(RuntimeAssembly assembly, String assemblyFullName)

Предупреждение: регистрация привязки сборок выключена.
Чтобы включить регистрацию ошибок привязки сборок, установите значение параметра реестра [HKLM\Software\Microsoft\Fusion!EnableLog] (DWORD) в 1.
Примечание. Регистрация ошибок привязки сборок может привести к некоторому снижению производительности.
Чтобы отключить эту функцию, удалите параметр реестра [HKLM\Software\Microsoft\Fusion!EnableLog].

   в System.Reflection.RuntimeAssembly._nLoad(AssemblyName fileName, String codeBase, Evidence assemblySecurity, RuntimeAssembly locationHint, StackCrawlMark& stackMark, IntPtr pPrivHostBinder, Boolean throwOnFileNotFound, Boolean forIntrospection, Boolean suppressSecurityChecks)
   в System.Reflection.RuntimeAssembly.nLoad(AssemblyName fileName, String codeBase, Evidence assemblySecurity, RuntimeAssembly locationHint, StackCrawlMark& stackMark, IntPtr pPrivHostBinder, Boolean throwOnFileNotFound, Boolean forIntrospection, Boolean suppressSecurityChecks)
   в System.Reflection.RuntimeAssembly.InternalLoadAssemblyName(AssemblyName assemblyRef, Evidence assemblySecurity, RuntimeAssembly reqAssembly, StackCrawlMark& stackMark, IntPtr pPrivHostBinder, Boolean throwOnFileNotFound, Boolean forIntrospection, Boolean suppressSecurityChecks)
   в System.Reflection.Assembly.Load(AssemblyName assemblyRef)
   в Microsoft.VisualStudio.TestPlatform.Common.ExtensionFramework.TestPluginDiscoverer.GetTestExtensionsFromFiles[TPluginInfo,TExtension](String[] files, Dictionary`2 pluginInfos)


TpTrace Information: 0 : 13832, 3, 2022/05/13, 17:04:49.969, 845457362838, testhost.net472.x86.exe, AssemblyResolver.OnResolve: xunit.runner.visualstudio.testadapter: Resolving assembly.
TpTrace Information: 0 : 13832, 3, 2022/05/13, 17:04:49.969, 845457363575, testhost.net472.x86.exe, AssemblyResolver.OnResolve: xunit.runner.visualstudio.testadapter: Searching in: 'C:\Program Files\dotnet\sdk\6.0.202\Extensions'.
TpTrace Information: 0 : 13832, 3, 2022/05/13, 17:04:49.969, 845457364473, testhost.net472.x86.exe, AssemblyResolver.OnResolve: xunit.runner.visualstudio.testadapter: Assembly path does not exist: 'C:\Program Files\dotnet\sdk\6.0.202\Extensions\xunit.runner.visualstudio.testadapter.dll', returning.
TpTrace Information: 0 : 13832, 3, 2022/05/13, 17:04:49.969, 845457365342, testhost.net472.x86.exe, AssemblyResolver.OnResolve: xunit.runner.visualstudio.testadapter: Assembly path does not exist: 'C:\Program Files\dotnet\sdk\6.0.202\Extensions\xunit.runner.visualstudio.testadapter.exe', returning.
TpTrace Information: 0 : 13832, 3, 2022/05/13, 17:04:49.969, 845457365983, testhost.net472.x86.exe, AssemblyResolver.OnResolve: xunit.runner.visualstudio.testadapter: Searching in: 'E:\CS\APPZ\lab_4\TestingBussinesLogic\bin\Debug\net472\fine-code-coverage\build-output'.
TpTrace Information: 0 : 13832, 3, 2022/05/13, 17:04:49.970, 845457369715, testhost.net472.x86.exe, AssemblyResolver.OnResolve: xunit.runner.visualstudio.testadapter: Loading assembly 'E:\CS\APPZ\lab_4\TestingBussinesLogic\bin\Debug\net472\fine-code-coverage\build-output\xunit.runner.visualstudio.testadapter.dll'.
TpTrace Information: 0 : 13832, 3, 2022/05/13, 17:04:49.971, 845457385117, testhost.net472.x86.exe, AssemblyResolver.OnResolve: Resolved assembly: xunit.runner.visualstudio.testadapter, from path: E:\CS\APPZ\lab_4\TestingBussinesLogic\bin\Debug\net472\fine-code-coverage\build-output\xunit.runner.visualstudio.testadapter.dll
TpTrace Verbose: 0 : 13832, 3, 2022/05/13, 17:04:49.981, 845457485309, testhost.net472.x86.exe, TestPluginCache: Discovered the extensions using extension path ''.
TpTrace Verbose: 0 : 13832, 3, 2022/05/13, 17:04:49.982, 845457495068, testhost.net472.x86.exe, TestPluginCache: Discoverers are ''.
TpTrace Verbose: 0 : 13832, 3, 2022/05/13, 17:04:49.982, 845457495846, testhost.net472.x86.exe, TestPluginCache: Executors are 'executor://xunit/VsTestRunner2/net'.
TpTrace Verbose: 0 : 13832, 3, 2022/05/13, 17:04:49.982, 845457496434, testhost.net472.x86.exe, TestPluginCache: Executors2 are ''.
TpTrace Verbose: 0 : 13832, 3, 2022/05/13, 17:04:49.983, 845457497027, testhost.net472.x86.exe, TestPluginCache: Setting providers are ''.
TpTrace Verbose: 0 : 13832, 3, 2022/05/13, 17:04:49.983, 845457497552, testhost.net472.x86.exe, TestPluginCache: Loggers are ''.
TpTrace Verbose: 0 : 13832, 3, 2022/05/13, 17:04:49.985, 845457523640, testhost.net472.x86.exe, TestPluginCache.DiscoverTestExtensions: finding test extensions in assemblies ends with: TestAdapter.dll TPluginInfo: Microsoft.VisualStudio.TestPlatform.Common.ExtensionFramework.Utilities.TestExecutorPluginInformation2 TExtension: Microsoft.VisualStudio.TestPlatform.ObjectModel.Adapter.ITestExecutor2
TpTrace Verbose: 0 : 13832, 3, 2022/05/13, 17:04:49.985, 845457525807, testhost.net472.x86.exe, TestPluginCache.GetExtensionPaths: Filtered extension paths: 
TpTrace Verbose: 0 : 13832, 3, 2022/05/13, 17:04:49.986, 845457526559, testhost.net472.x86.exe, TestPluginCache.GetExtensionPaths: Added default extension paths: C:\Program Files\dotnet\sdk\6.0.202\Extensions\DumpMinitool.exe
C:\Program Files\dotnet\sdk\6.0.202\Extensions\DumpMinitool.x86.exe
C:\Program Files\dotnet\sdk\6.0.202\Extensions\Microsoft.Diagnostics.NETCore.Client.dll
C:\Program Files\dotnet\sdk\6.0.202\Extensions\Microsoft.TestPlatform.Extensions.BlameDataCollector.dll
C:\Program Files\dotnet\sdk\6.0.202\Extensions\Microsoft.TestPlatform.Extensions.EventLogCollector.dll
C:\Program Files\dotnet\sdk\6.0.202\Extensions\Microsoft.TestPlatform.TestHostRuntimeProvider.dll
C:\Program Files\dotnet\sdk\6.0.202\Extensions\Microsoft.VisualStudio.TestPlatform.Extensions.Html.TestLogger.dll
C:\Program Files\dotnet\sdk\6.0.202\Extensions\Microsoft.VisualStudio.TestPlatform.Extensions.Trx.TestLogger.dll
E:\CS\APPZ\lab_4\TestingBussinesLogic\bin\Debug\net472\fine-code-coverage\build-output\xunit.runner.visualstudio.testadapter.dll
TpTrace Verbose: 0 : 13832, 3, 2022/05/13, 17:04:49.986, 845457527750, testhost.net472.x86.exe, TestPluginCache.GetExtensionPaths: Added unfilterableExtensionPaths: 
TpTrace Information: 0 : 13832, 3, 2022/05/13, 17:04:49.986, 845457529974, testhost.net472.x86.exe, AssemblyResolver.AddSearchDirectories: Adding more searchDirectories C:\Program Files\dotnet\sdk\6.0.202\Extensions,E:\CS\APPZ\lab_4\TestingBussinesLogic\bin\Debug\net472\fine-code-coverage\build-output,C:\Program Files\dotnet\sdk\6.0.202\TestHost
TpTrace Verbose: 0 : 13832, 3, 2022/05/13, 17:04:49.986, 845457530630, testhost.net472.x86.exe, TestPluginCache.DiscoverTestExtensions: Discovering the extensions using extension path.
TpTrace Verbose: 0 : 13832, 3, 2022/05/13, 17:04:49.986, 845457531243, testhost.net472.x86.exe, TestPluginCache.GetExtensionPaths: Filtered extension paths: 
TpTrace Verbose: 0 : 13832, 3, 2022/05/13, 17:04:49.986, 845457531832, testhost.net472.x86.exe, TestPluginCache.GetExtensionPaths: Added default extension paths: C:\Program Files\dotnet\sdk\6.0.202\Extensions\DumpMinitool.exe
C:\Program Files\dotnet\sdk\6.0.202\Extensions\DumpMinitool.x86.exe
C:\Program Files\dotnet\sdk\6.0.202\Extensions\Microsoft.Diagnostics.NETCore.Client.dll
C:\Program Files\dotnet\sdk\6.0.202\Extensions\Microsoft.TestPlatform.Extensions.BlameDataCollector.dll
C:\Program Files\dotnet\sdk\6.0.202\Extensions\Microsoft.TestPlatform.Extensions.EventLogCollector.dll
C:\Program Files\dotnet\sdk\6.0.202\Extensions\Microsoft.TestPlatform.TestHostRuntimeProvider.dll
C:\Program Files\dotnet\sdk\6.0.202\Extensions\Microsoft.VisualStudio.TestPlatform.Extensions.Html.TestLogger.dll
C:\Program Files\dotnet\sdk\6.0.202\Extensions\Microsoft.VisualStudio.TestPlatform.Extensions.Trx.TestLogger.dll
E:\CS\APPZ\lab_4\TestingBussinesLogic\bin\Debug\net472\fine-code-coverage\build-output\xunit.runner.visualstudio.testadapter.dll
TpTrace Verbose: 0 : 13832, 3, 2022/05/13, 17:04:49.986, 845457532449, testhost.net472.x86.exe, TestPluginCache.GetExtensionPaths: Added unfilterableExtensionPaths: 
TpTrace Verbose: 0 : 13832, 3, 2022/05/13, 17:04:49.986, 845457533050, testhost.net472.x86.exe, TestPluginCache.DiscoverTestExtensions: Discovering the extensions using allExtensionPaths: C:\Program Files\dotnet\sdk\6.0.202\Extensions\DumpMinitool.exe
C:\Program Files\dotnet\sdk\6.0.202\Extensions\DumpMinitool.x86.exe
C:\Program Files\dotnet\sdk\6.0.202\Extensions\Microsoft.Diagnostics.NETCore.Client.dll
C:\Program Files\dotnet\sdk\6.0.202\Extensions\Microsoft.TestPlatform.Extensions.BlameDataCollector.dll
C:\Program Files\dotnet\sdk\6.0.202\Extensions\Microsoft.TestPlatform.Extensions.EventLogCollector.dll
C:\Program Files\dotnet\sdk\6.0.202\Extensions\Microsoft.TestPlatform.TestHostRuntimeProvider.dll
C:\Program Files\dotnet\sdk\6.0.202\Extensions\Microsoft.VisualStudio.TestPlatform.Extensions.Html.TestLogger.dll
C:\Program Files\dotnet\sdk\6.0.202\Extensions\Microsoft.VisualStudio.TestPlatform.Extensions.Trx.TestLogger.dll
E:\CS\APPZ\lab_4\TestingBussinesLogic\bin\Debug\net472\fine-code-coverage\build-output\xunit.runner.visualstudio.testadapter.dll
TpTrace Information: 0 : 13832, 3, 2022/05/13, 17:04:49.986, 845457533874, testhost.net472.x86.exe, AssemblyResolver.AddSearchDirectories: Adding more searchDirectories C:\Program Files\dotnet\sdk\6.0.202\Extensions,C:\Program Files\dotnet\sdk\6.0.202\TestHost
TpTrace Information: 0 : 13832, 3, 2022/05/13, 17:04:49.986, 845457534557, testhost.net472.x86.exe, AssemblyResolver.AddSearchDirectories: Adding more searchDirectories C:\Program Files\dotnet\sdk\6.0.202\Extensions,C:\Program Files\dotnet\sdk\6.0.202\TestHost
TpTrace Information: 0 : 13832, 3, 2022/05/13, 17:04:49.986, 845457535185, testhost.net472.x86.exe, AssemblyResolver.AddSearchDirectories: Adding more searchDirectories C:\Program Files\dotnet\sdk\6.0.202\Extensions,C:\Program Files\dotnet\sdk\6.0.202\TestHost
TpTrace Information: 0 : 13832, 3, 2022/05/13, 17:04:49.986, 845457535819, testhost.net472.x86.exe, AssemblyResolver.AddSearchDirectories: Adding more searchDirectories C:\Program Files\dotnet\sdk\6.0.202\Extensions,C:\Program Files\dotnet\sdk\6.0.202\TestHost
TpTrace Information: 0 : 13832, 3, 2022/05/13, 17:04:49.986, 845457536442, testhost.net472.x86.exe, AssemblyResolver.AddSearchDirectories: Adding more searchDirectories C:\Program Files\dotnet\sdk\6.0.202\Extensions,C:\Program Files\dotnet\sdk\6.0.202\TestHost
TpTrace Information: 0 : 13832, 3, 2022/05/13, 17:04:49.987, 845457537120, testhost.net472.x86.exe, AssemblyResolver.AddSearchDirectories: Adding more searchDirectories C:\Program Files\dotnet\sdk\6.0.202\Extensions,C:\Program Files\dotnet\sdk\6.0.202\TestHost
TpTrace Information: 0 : 13832, 3, 2022/05/13, 17:04:49.987, 845457537765, testhost.net472.x86.exe, AssemblyResolver.AddSearchDirectories: Adding more searchDirectories C:\Program Files\dotnet\sdk\6.0.202\Extensions,C:\Program Files\dotnet\sdk\6.0.202\TestHost
TpTrace Information: 0 : 13832, 3, 2022/05/13, 17:04:49.987, 845457538417, testhost.net472.x86.exe, AssemblyResolver.AddSearchDirectories: Adding more searchDirectories C:\Program Files\dotnet\sdk\6.0.202\Extensions,C:\Program Files\dotnet\sdk\6.0.202\TestHost
TpTrace Information: 0 : 13832, 3, 2022/05/13, 17:04:49.987, 845457539052, testhost.net472.x86.exe, AssemblyResolver.AddSearchDirectories: Adding more searchDirectories E:\CS\APPZ\lab_4\TestingBussinesLogic\bin\Debug\net472\fine-code-coverage\build-output,C:\Program Files\dotnet\sdk\6.0.202\TestHost
TpTrace Warning: 0 : 13832, 3, 2022/05/13, 17:04:49.987, 845457541082, testhost.net472.x86.exe, TestPluginDiscoverer: Failed to load extensions from file 'C:\Program Files\dotnet\sdk\6.0.202\Extensions\DumpMinitool.exe'.  Skipping test extension scan for this file.  Error: System.IO.FileNotFoundException: Не удалось загрузить файл или сборку "DumpMinitool" либо одну из их зависимостей. Не удается найти указанный файл.
Имя файла: 'DumpMinitool'
   в System.Reflection.RuntimeAssembly._nLoad(AssemblyName fileName, String codeBase, Evidence assemblySecurity, RuntimeAssembly locationHint, StackCrawlMark& stackMark, IntPtr pPrivHostBinder, Boolean throwOnFileNotFound, Boolean forIntrospection, Boolean suppressSecurityChecks)
   в System.Reflection.RuntimeAssembly.nLoad(AssemblyName fileName, String codeBase, Evidence assemblySecurity, RuntimeAssembly locationHint, StackCrawlMark& stackMark, IntPtr pPrivHostBinder, Boolean throwOnFileNotFound, Boolean forIntrospection, Boolean suppressSecurityChecks)
   в System.Reflection.RuntimeAssembly.InternalLoadAssemblyName(AssemblyName assemblyRef, Evidence assemblySecurity, RuntimeAssembly reqAssembly, StackCrawlMark& stackMark, IntPtr pPrivHostBinder, Boolean throwOnFileNotFound, Boolean forIntrospection, Boolean suppressSecurityChecks)
   в System.Reflection.Assembly.Load(AssemblyName assemblyRef)
   в Microsoft.VisualStudio.TestPlatform.Common.ExtensionFramework.TestPluginDiscoverer.GetTestExtensionsFromFiles[TPluginInfo,TExtension](String[] files, Dictionary`2 pluginInfos)

Предупреждение: регистрация привязки сборок выключена.
Чтобы включить регистрацию ошибок привязки сборок, установите значение параметра реестра [HKLM\Software\Microsoft\Fusion!EnableLog] (DWORD) в 1.
Примечание. Регистрация ошибок привязки сборок может привести к некоторому снижению производительности.
Чтобы отключить эту функцию, удалите параметр реестра [HKLM\Software\Microsoft\Fusion!EnableLog].

TpTrace Warning: 0 : 13832, 3, 2022/05/13, 17:04:49.987, 845457542776, testhost.net472.x86.exe, TestPluginDiscoverer: Failed to load extensions from file 'C:\Program Files\dotnet\sdk\6.0.202\Extensions\DumpMinitool.x86.exe'.  Skipping test extension scan for this file.  Error: System.IO.FileNotFoundException: Не удалось загрузить файл или сборку "DumpMinitool.x86" либо одну из их зависимостей. Не удается найти указанный файл.
Имя файла: 'DumpMinitool.x86'
   в System.Reflection.RuntimeAssembly._nLoad(AssemblyName fileName, String codeBase, Evidence assemblySecurity, RuntimeAssembly locationHint, StackCrawlMark& stackMark, IntPtr pPrivHostBinder, Boolean throwOnFileNotFound, Boolean forIntrospection, Boolean suppressSecurityChecks)
   в System.Reflection.RuntimeAssembly.nLoad(AssemblyName fileName, String codeBase, Evidence assemblySecurity, RuntimeAssembly locationHint, StackCrawlMark& stackMark, IntPtr pPrivHostBinder, Boolean throwOnFileNotFound, Boolean forIntrospection, Boolean suppressSecurityChecks)
   в System.Reflection.RuntimeAssembly.InternalLoadAssemblyName(AssemblyName assemblyRef, Evidence assemblySecurity, RuntimeAssembly reqAssembly, StackCrawlMark& stackMark, IntPtr pPrivHostBinder, Boolean throwOnFileNotFound, Boolean forIntrospection, Boolean suppressSecurityChecks)
   в System.Reflection.Assembly.Load(AssemblyName assemblyRef)
   в Microsoft.VisualStudio.TestPlatform.Common.ExtensionFramework.TestPluginDiscoverer.GetTestExtensionsFromFiles[TPluginInfo,TExtension](String[] files, Dictionary`2 pluginInfos)

Предупреждение: регистрация привязки сборок выключена.
Чтобы включить регистрацию ошибок привязки сборок, установите значение параметра реестра [HKLM\Software\Microsoft\Fusion!EnableLog] (DWORD) в 1.
Примечание. Регистрация ошибок привязки сборок может привести к некоторому снижению производительности.
Чтобы отключить эту функцию, удалите параметр реестра [HKLM\Software\Microsoft\Fusion!EnableLog].

TpTrace Warning: 0 : 13832, 3, 2022/05/13, 17:04:49.987, 845457544454, testhost.net472.x86.exe, TestPluginDiscoverer: Failed to load extensions from file 'C:\Program Files\dotnet\sdk\6.0.202\Extensions\Microsoft.Diagnostics.NETCore.Client.dll'.  Skipping test extension scan for this file.  Error: System.IO.FileNotFoundException: Не удалось загрузить файл или сборку "Microsoft.Diagnostics.NETCore.Client" либо одну из их зависимостей. Не удается найти указанный файл.
Имя файла: 'Microsoft.Diagnostics.NETCore.Client'
   в System.Reflection.RuntimeAssembly._nLoad(AssemblyName fileName, String codeBase, Evidence assemblySecurity, RuntimeAssembly locationHint, StackCrawlMark& stackMark, IntPtr pPrivHostBinder, Boolean throwOnFileNotFound, Boolean forIntrospection, Boolean suppressSecurityChecks)
   в System.Reflection.RuntimeAssembly.nLoad(AssemblyName fileName, String codeBase, Evidence assemblySecurity, RuntimeAssembly locationHint, StackCrawlMark& stackMark, IntPtr pPrivHostBinder, Boolean throwOnFileNotFound, Boolean forIntrospection, Boolean suppressSecurityChecks)
   в System.Reflection.RuntimeAssembly.InternalLoadAssemblyName(AssemblyName assemblyRef, Evidence assemblySecurity, RuntimeAssembly reqAssembly, StackCrawlMark& stackMark, IntPtr pPrivHostBinder, Boolean throwOnFileNotFound, Boolean forIntrospection, Boolean suppressSecurityChecks)
   в System.Reflection.Assembly.Load(AssemblyName assemblyRef)
   в Microsoft.VisualStudio.TestPlatform.Common.ExtensionFramework.TestPluginDiscoverer.GetTestExtensionsFromFiles[TPluginInfo,TExtension](String[] files, Dictionary`2 pluginInfos)

Предупреждение: регистрация привязки сборок выключена.
Чтобы включить регистрацию ошибок привязки сборок, установите значение параметра реестра [HKLM\Software\Microsoft\Fusion!EnableLog] (DWORD) в 1.
Примечание. Регистрация ошибок привязки сборок может привести к некоторому снижению производительности.
Чтобы отключить эту функцию, удалите параметр реестра [HKLM\Software\Microsoft\Fusion!EnableLog].

TpTrace Warning: 0 : 13832, 3, 2022/05/13, 17:04:49.987, 845457546108, testhost.net472.x86.exe, TestPluginDiscoverer: Failed to load extensions from file 'C:\Program Files\dotnet\sdk\6.0.202\Extensions\Microsoft.TestPlatform.Extensions.BlameDataCollector.dll'.  Skipping test extension scan for this file.  Error: System.IO.FileNotFoundException: Не удалось загрузить файл или сборку "Microsoft.TestPlatform.Extensions.BlameDataCollector" либо одну из их зависимостей. Не удается найти указанный файл.
Имя файла: 'Microsoft.TestPlatform.Extensions.BlameDataCollector'
   в System.Reflection.RuntimeAssembly._nLoad(AssemblyName fileName, String codeBase, Evidence assemblySecurity, RuntimeAssembly locationHint, StackCrawlMark& stackMark, IntPtr pPrivHostBinder, Boolean throwOnFileNotFound, Boolean forIntrospection, Boolean suppressSecurityChecks)
   в System.Reflection.RuntimeAssembly.nLoad(AssemblyName fileName, String codeBase, Evidence assemblySecurity, RuntimeAssembly locationHint, StackCrawlMark& stackMark, IntPtr pPrivHostBinder, Boolean throwOnFileNotFound, Boolean forIntrospection, Boolean suppressSecurityChecks)
   в System.Reflection.RuntimeAssembly.InternalLoadAssemblyName(AssemblyName assemblyRef, Evidence assemblySecurity, RuntimeAssembly reqAssembly, StackCrawlMark& stackMark, IntPtr pPrivHostBinder, Boolean throwOnFileNotFound, Boolean forIntrospection, Boolean suppressSecurityChecks)
   в System.Reflection.Assembly.Load(AssemblyName assemblyRef)
   в Microsoft.VisualStudio.TestPlatform.Common.ExtensionFramework.TestPluginDiscoverer.GetTestExtensionsFromFiles[TPluginInfo,TExtension](String[] files, Dictionary`2 pluginInfos)

Предупреждение: регистрация привязки сборок выключена.
Чтобы включить регистрацию ошибок привязки сборок, установите значение параметра реестра [HKLM\Software\Microsoft\Fusion!EnableLog] (DWORD) в 1.
Примечание. Регистрация ошибок привязки сборок может привести к некоторому снижению производительности.
Чтобы отключить эту функцию, удалите параметр реестра [HKLM\Software\Microsoft\Fusion!EnableLog].

TpTrace Warning: 0 : 13832, 3, 2022/05/13, 17:04:49.988, 845457548767, testhost.net472.x86.exe, TestPluginDiscoverer: Failed to load extensions from file 'C:\Program Files\dotnet\sdk\6.0.202\Extensions\Microsoft.TestPlatform.TestHostRuntimeProvider.dll'.  Skipping test extension scan for this file.  Error: System.IO.FileNotFoundException: Не удалось загрузить файл или сборку "Microsoft.TestPlatform.TestHostRuntimeProvider" либо одну из их зависимостей. Не удается найти указанный файл.
Имя файла: 'Microsoft.TestPlatform.TestHostRuntimeProvider'
   в System.Reflection.RuntimeAssembly._nLoad(AssemblyName fileName, String codeBase, Evidence assemblySecurity, RuntimeAssembly locationHint, StackCrawlMark& stackMark, IntPtr pPrivHostBinder, Boolean throwOnFileNotFound, Boolean forIntrospection, Boolean suppressSecurityChecks)
   в System.Reflection.RuntimeAssembly.nLoad(AssemblyName fileName, String codeBase, Evidence assemblySecurity, RuntimeAssembly locationHint, StackCrawlMark& stackMark, IntPtr pPrivHostBinder, Boolean throwOnFileNotFound, Boolean forIntrospection, Boolean suppressSecurityChecks)
   в System.Reflection.RuntimeAssembly.InternalLoadAssemblyName(AssemblyName assemblyRef, Evidence assemblySecurity, RuntimeAssembly reqAssembly, StackCrawlMark& stackMark, IntPtr pPrivHostBinder, Boolean throwOnFileNotFound, Boolean forIntrospection, Boolean suppressSecurityChecks)
   в System.Reflection.Assembly.Load(AssemblyName assemblyRef)
   в Microsoft.VisualStudio.TestPlatform.Common.ExtensionFramework.TestPluginDiscoverer.GetTestExtensionsFromFiles[TPluginInfo,TExtension](String[] files, Dictionary`2 pluginInfos)

Предупреждение: регистрация привязки сборок выключена.
Чтобы включить регистрацию ошибок привязки сборок, установите значение параметра реестра [HKLM\Software\Microsoft\Fusion!EnableLog] (DWORD) в 1.
Примечание. Регистрация ошибок привязки сборок может привести к некоторому снижению производительности.
Чтобы отключить эту функцию, удалите параметр реестра [HKLM\Software\Microsoft\Fusion!EnableLog].

TpTrace Warning: 0 : 13832, 3, 2022/05/13, 17:04:49.988, 845457550466, testhost.net472.x86.exe, TestPluginDiscoverer: Failed to load extensions from file 'C:\Program Files\dotnet\sdk\6.0.202\Extensions\Microsoft.VisualStudio.TestPlatform.Extensions.Html.TestLogger.dll'.  Skipping test extension scan for this file.  Error: System.IO.FileNotFoundException: Не удалось загрузить файл или сборку "Microsoft.VisualStudio.TestPlatform.Extensions.Html.TestLogger" либо одну из их зависимостей. Не удается найти указанный файл.
Имя файла: 'Microsoft.VisualStudio.TestPlatform.Extensions.Html.TestLogger'
   в System.Reflection.RuntimeAssembly._nLoad(AssemblyName fileName, String codeBase, Evidence assemblySecurity, RuntimeAssembly locationHint, StackCrawlMark& stackMark, IntPtr pPrivHostBinder, Boolean throwOnFileNotFound, Boolean forIntrospection, Boolean suppressSecurityChecks)
   в System.Reflection.RuntimeAssembly.nLoad(AssemblyName fileName, String codeBase, Evidence assemblySecurity, RuntimeAssembly locationHint, StackCrawlMark& stackMark, IntPtr pPrivHostBinder, Boolean throwOnFileNotFound, Boolean forIntrospection, Boolean suppressSecurityChecks)
   в System.Reflection.RuntimeAssembly.InternalLoadAssemblyName(AssemblyName assemblyRef, Evidence assemblySecurity, RuntimeAssembly reqAssembly, StackCrawlMark& stackMark, IntPtr pPrivHostBinder, Boolean throwOnFileNotFound, Boolean forIntrospection, Boolean suppressSecurityChecks)
   в System.Reflection.Assembly.Load(AssemblyName assemblyRef)
   в Microsoft.VisualStudio.TestPlatform.Common.ExtensionFramework.TestPluginDiscoverer.GetTestExtensionsFromFiles[TPluginInfo,TExtension](String[] files, Dictionary`2 pluginInfos)

Предупреждение: регистрация привязки сборок выключена.
Чтобы включить регистрацию ошибок привязки сборок, установите значение параметра реестра [HKLM\Software\Microsoft\Fusion!EnableLog] (DWORD) в 1.
Примечание. Регистрация ошибок привязки сборок может привести к некоторому снижению производительности.
Чтобы отключить эту функцию, удалите параметр реестра [HKLM\Software\Microsoft\Fusion!EnableLog].

TpTrace Warning: 0 : 13832, 3, 2022/05/13, 17:04:49.988, 845457552124, testhost.net472.x86.exe, TestPluginDiscoverer: Failed to load extensions from file 'C:\Program Files\dotnet\sdk\6.0.202\Extensions\Microsoft.VisualStudio.TestPlatform.Extensions.Trx.TestLogger.dll'.  Skipping test extension scan for this file.  Error: System.IO.FileNotFoundException: Не удалось загрузить файл или сборку "Microsoft.VisualStudio.TestPlatform.Extensions.Trx.TestLogger" либо одну из их зависимостей. Не удается найти указанный файл.
Имя файла: 'Microsoft.VisualStudio.TestPlatform.Extensions.Trx.TestLogger'
   в System.Reflection.RuntimeAssembly._nLoad(AssemblyName fileName, String codeBase, Evidence assemblySecurity, RuntimeAssembly locationHint, StackCrawlMark& stackMark, IntPtr pPrivHostBinder, Boolean throwOnFileNotFound, Boolean forIntrospection, Boolean suppressSecurityChecks)
   в System.Reflection.RuntimeAssembly.nLoad(AssemblyName fileName, String codeBase, Evidence assemblySecurity, RuntimeAssembly locationHint, StackCrawlMark& stackMark, IntPtr pPrivHostBinder, Boolean throwOnFileNotFound, Boolean forIntrospection, Boolean suppressSecurityChecks)
   в System.Reflection.RuntimeAssembly.InternalLoadAssemblyName(AssemblyName assemblyRef, Evidence assemblySecurity, RuntimeAssembly reqAssembly, StackCrawlMark& stackMark, IntPtr pPrivHostBinder, Boolean throwOnFileNotFound, Boolean forIntrospection, Boolean suppressSecurityChecks)
   в System.Reflection.Assembly.Load(AssemblyName assemblyRef)
   в Microsoft.VisualStudio.TestPlatform.Common.ExtensionFramework.TestPluginDiscoverer.GetTestExtensionsFromFiles[TPluginInfo,TExtension](String[] files, Dictionary`2 pluginInfos)

Предупреждение: регистрация привязки сборок выключена.
Чтобы включить регистрацию ошибок привязки сборок, установите значение параметра реестра [HKLM\Software\Microsoft\Fusion!EnableLog] (DWORD) в 1.
Примечание. Регистрация ошибок привязки сборок может привести к некоторому снижению производительности.
Чтобы отключить эту функцию, удалите параметр реестра [HKLM\Software\Microsoft\Fusion!EnableLog].

TpTrace Verbose: 0 : 13832, 3, 2022/05/13, 17:04:49.988, 845457554418, testhost.net472.x86.exe, TestPluginCache: Discovered the extensions using extension path ''.
TpTrace Verbose: 0 : 13832, 3, 2022/05/13, 17:04:49.988, 845457555065, testhost.net472.x86.exe, TestPluginCache: Discoverers are ''.
TpTrace Verbose: 0 : 13832, 3, 2022/05/13, 17:04:49.988, 845457555620, testhost.net472.x86.exe, TestPluginCache: Executors are 'executor://xunit/VsTestRunner2/net'.
TpTrace Verbose: 0 : 13832, 3, 2022/05/13, 17:04:49.988, 845457556197, testhost.net472.x86.exe, TestPluginCache: Executors2 are ''.
TpTrace Verbose: 0 : 13832, 3, 2022/05/13, 17:04:49.989, 845457556794, testhost.net472.x86.exe, TestPluginCache: Setting providers are ''.
TpTrace Verbose: 0 : 13832, 3, 2022/05/13, 17:04:49.989, 845457557322, testhost.net472.x86.exe, TestPluginCache: Loggers are ''.
TpTrace Information: 0 : 13832, 3, 2022/05/13, 17:04:49.993, 845457601461, testhost.net472.x86.exe, AssemblyResolver.OnResolve: xunit.runner.visualstudio.testadapter, Version=2.4.0.0, Culture=neutral, PublicKeyToken=8d05b1bb7a6fdb6c: Resolving assembly.
TpTrace Information: 0 : 13832, 3, 2022/05/13, 17:04:49.993, 845457602358, testhost.net472.x86.exe, AssemblyResolver.OnResolve: xunit.runner.visualstudio.testadapter, Version=2.4.0.0, Culture=neutral, PublicKeyToken=8d05b1bb7a6fdb6c: Searching in: 'C:\Program Files\dotnet\sdk\6.0.202\Extensions'.
TpTrace Information: 0 : 13832, 3, 2022/05/13, 17:04:49.993, 845457603324, testhost.net472.x86.exe, AssemblyResolver.OnResolve: xunit.runner.visualstudio.testadapter, Version=2.4.0.0, Culture=neutral, PublicKeyToken=8d05b1bb7a6fdb6c: Assembly path does not exist: 'C:\Program Files\dotnet\sdk\6.0.202\Extensions\xunit.runner.visualstudio.testadapter.dll', returning.
TpTrace Information: 0 : 13832, 3, 2022/05/13, 17:04:49.993, 845457604209, testhost.net472.x86.exe, AssemblyResolver.OnResolve: xunit.runner.visualstudio.testadapter, Version=2.4.0.0, Culture=neutral, PublicKeyToken=8d05b1bb7a6fdb6c: Assembly path does not exist: 'C:\Program Files\dotnet\sdk\6.0.202\Extensions\xunit.runner.visualstudio.testadapter.exe', returning.
TpTrace Information: 0 : 13832, 3, 2022/05/13, 17:04:49.993, 845457604807, testhost.net472.x86.exe, AssemblyResolver.OnResolve: xunit.runner.visualstudio.testadapter, Version=2.4.0.0, Culture=neutral, PublicKeyToken=8d05b1bb7a6fdb6c: Searching in: 'E:\CS\APPZ\lab_4\TestingBussinesLogic\bin\Debug\net472\fine-code-coverage\build-output'.
TpTrace Information: 0 : 13832, 3, 2022/05/13, 17:04:49.994, 845457609687, testhost.net472.x86.exe, AssemblyResolver.OnResolve: xunit.runner.visualstudio.testadapter, Version=2.4.0.0, Culture=neutral, PublicKeyToken=8d05b1bb7a6fdb6c: Loading assembly 'E:\CS\APPZ\lab_4\TestingBussinesLogic\bin\Debug\net472\fine-code-coverage\build-output\xunit.runner.visualstudio.testadapter.dll'.
TpTrace Information: 0 : 13832, 3, 2022/05/13, 17:04:49.994, 845457610585, testhost.net472.x86.exe, AssemblyResolver.OnResolve: Resolved assembly: xunit.runner.visualstudio.testadapter, Version=2.4.0.0, Culture=neutral, PublicKeyToken=8d05b1bb7a6fdb6c, from path: E:\CS\APPZ\lab_4\TestingBussinesLogic\bin\Debug\net472\fine-code-coverage\build-output\xunit.runner.visualstudio.testadapter.dll
TpTrace Information: 0 : 13832, 3, 2022/05/13, 17:04:49.994, 845457616228, testhost.net472.x86.exe, TestPluginManager.CreateTestExtension: Attempting to load test extension: Xunit.Runner.VisualStudio.VsTestRunner
TpTrace Verbose: 0 : 13832, 3, 2022/05/13, 17:04:49.995, 845457617930, testhost.net472.x86.exe, TestExecutorExtensionManager: Loading executor Xunit.Runner.VisualStudio.VsTestRunner
TpTrace Verbose: 0 : 13832, 3, 2022/05/13, 17:04:49.995, 845457619081, testhost.net472.x86.exe, TestExecutorService: Loaded the executors
TpTrace Verbose: 0 : 13832, 3, 2022/05/13, 17:04:49.996, 845457627854, testhost.net472.x86.exe, TestPluginCache.DiscoverTestExtensions: finding test extensions in assemblies ends with: TestAdapter.dll TPluginInfo: Microsoft.VisualStudio.TestPlatform.Common.ExtensionFramework.Utilities.TestSettingsProviderPluginInformation TExtension: Microsoft.VisualStudio.TestPlatform.ObjectModel.Adapter.ISettingsProvider
TpTrace Verbose: 0 : 13832, 3, 2022/05/13, 17:04:49.996, 845457628724, testhost.net472.x86.exe, TestPluginCache.GetExtensionPaths: Filtered extension paths: 
TpTrace Verbose: 0 : 13832, 3, 2022/05/13, 17:04:49.996, 845457629364, testhost.net472.x86.exe, TestPluginCache.GetExtensionPaths: Added default extension paths: C:\Program Files\dotnet\sdk\6.0.202\Extensions\DumpMinitool.exe
C:\Program Files\dotnet\sdk\6.0.202\Extensions\DumpMinitool.x86.exe
C:\Program Files\dotnet\sdk\6.0.202\Extensions\Microsoft.Diagnostics.NETCore.Client.dll
C:\Program Files\dotnet\sdk\6.0.202\Extensions\Microsoft.TestPlatform.Extensions.BlameDataCollector.dll
C:\Program Files\dotnet\sdk\6.0.202\Extensions\Microsoft.TestPlatform.Extensions.EventLogCollector.dll
C:\Program Files\dotnet\sdk\6.0.202\Extensions\Microsoft.TestPlatform.TestHostRuntimeProvider.dll
C:\Program Files\dotnet\sdk\6.0.202\Extensions\Microsoft.VisualStudio.TestPlatform.Extensions.Html.TestLogger.dll
C:\Program Files\dotnet\sdk\6.0.202\Extensions\Microsoft.VisualStudio.TestPlatform.Extensions.Trx.TestLogger.dll
E:\CS\APPZ\lab_4\TestingBussinesLogic\bin\Debug\net472\fine-code-coverage\build-output\xunit.runner.visualstudio.testadapter.dll
TpTrace Verbose: 0 : 13832, 3, 2022/05/13, 17:04:49.996, 845457629988, testhost.net472.x86.exe, TestPluginCache.GetExtensionPaths: Added unfilterableExtensionPaths: 
TpTrace Information: 0 : 13832, 3, 2022/05/13, 17:04:49.996, 845457631369, testhost.net472.x86.exe, AssemblyResolver.AddSearchDirectories: Adding more searchDirectories C:\Program Files\dotnet\sdk\6.0.202\Extensions,E:\CS\APPZ\lab_4\TestingBussinesLogic\bin\Debug\net472\fine-code-coverage\build-output,C:\Program Files\dotnet\sdk\6.0.202\TestHost
TpTrace Verbose: 0 : 13832, 3, 2022/05/13, 17:04:49.996, 845457632021, testhost.net472.x86.exe, TestPluginCache.DiscoverTestExtensions: Discovering the extensions using extension path.
TpTrace Verbose: 0 : 13832, 3, 2022/05/13, 17:04:49.996, 845457632582, testhost.net472.x86.exe, TestPluginCache.GetExtensionPaths: Filtered extension paths: 
TpTrace Verbose: 0 : 13832, 3, 2022/05/13, 17:04:49.996, 845457633145, testhost.net472.x86.exe, TestPluginCache.GetExtensionPaths: Added default extension paths: C:\Program Files\dotnet\sdk\6.0.202\Extensions\DumpMinitool.exe
C:\Program Files\dotnet\sdk\6.0.202\Extensions\DumpMinitool.x86.exe
C:\Program Files\dotnet\sdk\6.0.202\Extensions\Microsoft.Diagnostics.NETCore.Client.dll
C:\Program Files\dotnet\sdk\6.0.202\Extensions\Microsoft.TestPlatform.Extensions.BlameDataCollector.dll
C:\Program Files\dotnet\sdk\6.0.202\Extensions\Microsoft.TestPlatform.Extensions.EventLogCollector.dll
C:\Program Files\dotnet\sdk\6.0.202\Extensions\Microsoft.TestPlatform.TestHostRuntimeProvider.dll
C:\Program Files\dotnet\sdk\6.0.202\Extensions\Microsoft.VisualStudio.TestPlatform.Extensions.Html.TestLogger.dll
C:\Program Files\dotnet\sdk\6.0.202\Extensions\Microsoft.VisualStudio.TestPlatform.Extensions.Trx.TestLogger.dll
E:\CS\APPZ\lab_4\TestingBussinesLogic\bin\Debug\net472\fine-code-coverage\build-output\xunit.runner.visualstudio.testadapter.dll
TpTrace Verbose: 0 : 13832, 3, 2022/05/13, 17:04:49.996, 845457633793, testhost.net472.x86.exe, TestPluginCache.GetExtensionPaths: Added unfilterableExtensionPaths: 
TpTrace Verbose: 0 : 13832, 3, 2022/05/13, 17:04:49.996, 845457634410, testhost.net472.x86.exe, TestPluginCache.DiscoverTestExtensions: Discovering the extensions using allExtensionPaths: C:\Program Files\dotnet\sdk\6.0.202\Extensions\DumpMinitool.exe
C:\Program Files\dotnet\sdk\6.0.202\Extensions\DumpMinitool.x86.exe
C:\Program Files\dotnet\sdk\6.0.202\Extensions\Microsoft.Diagnostics.NETCore.Client.dll
C:\Program Files\dotnet\sdk\6.0.202\Extensions\Microsoft.TestPlatform.Extensions.BlameDataCollector.dll
C:\Program Files\dotnet\sdk\6.0.202\Extensions\Microsoft.TestPlatform.Extensions.EventLogCollector.dll
C:\Program Files\dotnet\sdk\6.0.202\Extensions\Microsoft.TestPlatform.TestHostRuntimeProvider.dll
C:\Program Files\dotnet\sdk\6.0.202\Extensions\Microsoft.VisualStudio.TestPlatform.Extensions.Html.TestLogger.dll
C:\Program Files\dotnet\sdk\6.0.202\Extensions\Microsoft.VisualStudio.TestPlatform.Extensions.Trx.TestLogger.dll
E:\CS\APPZ\lab_4\TestingBussinesLogic\bin\Debug\net472\fine-code-coverage\build-output\xunit.runner.visualstudio.testadapter.dll
TpTrace Information: 0 : 13832, 3, 2022/05/13, 17:04:49.996, 845457635238, testhost.net472.x86.exe, AssemblyResolver.AddSearchDirectories: Adding more searchDirectories C:\Program Files\dotnet\sdk\6.0.202\Extensions,C:\Program Files\dotnet\sdk\6.0.202\TestHost
TpTrace Information: 0 : 13832, 3, 2022/05/13, 17:04:49.996, 845457635915, testhost.net472.x86.exe, AssemblyResolver.AddSearchDirectories: Adding more searchDirectories C:\Program Files\dotnet\sdk\6.0.202\Extensions,C:\Program Files\dotnet\sdk\6.0.202\TestHost
TpTrace Information: 0 : 13832, 3, 2022/05/13, 17:04:49.997, 845457636610, testhost.net472.x86.exe, AssemblyResolver.AddSearchDirectories: Adding more searchDirectories C:\Program Files\dotnet\sdk\6.0.202\Extensions,C:\Program Files\dotnet\sdk\6.0.202\TestHost
TpTrace Information: 0 : 13832, 3, 2022/05/13, 17:04:49.997, 845457637239, testhost.net472.x86.exe, AssemblyResolver.AddSearchDirectories: Adding more searchDirectories C:\Program Files\dotnet\sdk\6.0.202\Extensions,C:\Program Files\dotnet\sdk\6.0.202\TestHost
TpTrace Information: 0 : 13832, 3, 2022/05/13, 17:04:49.997, 845457637873, testhost.net472.x86.exe, AssemblyResolver.AddSearchDirectories: Adding more searchDirectories C:\Program Files\dotnet\sdk\6.0.202\Extensions,C:\Program Files\dotnet\sdk\6.0.202\TestHost
TpTrace Information: 0 : 13832, 3, 2022/05/13, 17:04:49.997, 845457638493, testhost.net472.x86.exe, AssemblyResolver.AddSearchDirectories: Adding more searchDirectories C:\Program Files\dotnet\sdk\6.0.202\Extensions,C:\Program Files\dotnet\sdk\6.0.202\TestHost
TpTrace Information: 0 : 13832, 3, 2022/05/13, 17:04:49.997, 845457639312, testhost.net472.x86.exe, AssemblyResolver.AddSearchDirectories: Adding more searchDirectories C:\Program Files\dotnet\sdk\6.0.202\Extensions,C:\Program Files\dotnet\sdk\6.0.202\TestHost
TpTrace Information: 0 : 13832, 3, 2022/05/13, 17:04:49.997, 845457640302, testhost.net472.x86.exe, AssemblyResolver.AddSearchDirectories: Adding more searchDirectories C:\Program Files\dotnet\sdk\6.0.202\Extensions,C:\Program Files\dotnet\sdk\6.0.202\TestHost
TpTrace Information: 0 : 13832, 3, 2022/05/13, 17:04:49.997, 845457641112, testhost.net472.x86.exe, AssemblyResolver.AddSearchDirectories: Adding more searchDirectories E:\CS\APPZ\lab_4\TestingBussinesLogic\bin\Debug\net472\fine-code-coverage\build-output,C:\Program Files\dotnet\sdk\6.0.202\TestHost
TpTrace Warning: 0 : 13832, 3, 2022/05/13, 17:04:49.997, 845457643012, testhost.net472.x86.exe, TestPluginDiscoverer: Failed to load extensions from file 'C:\Program Files\dotnet\sdk\6.0.202\Extensions\DumpMinitool.exe'.  Skipping test extension scan for this file.  Error: System.IO.FileNotFoundException: Не удалось загрузить файл или сборку "DumpMinitool" либо одну из их зависимостей. Не удается найти указанный файл.
Имя файла: 'DumpMinitool'
   в System.Reflection.RuntimeAssembly._nLoad(AssemblyName fileName, String codeBase, Evidence assemblySecurity, RuntimeAssembly locationHint, StackCrawlMark& stackMark, IntPtr pPrivHostBinder, Boolean throwOnFileNotFound, Boolean forIntrospection, Boolean suppressSecurityChecks)
   в System.Reflection.RuntimeAssembly.nLoad(AssemblyName fileName, String codeBase, Evidence assemblySecurity, RuntimeAssembly locationHint, StackCrawlMark& stackMark, IntPtr pPrivHostBinder, Boolean throwOnFileNotFound, Boolean forIntrospection, Boolean suppressSecurityChecks)
   в System.Reflection.RuntimeAssembly.InternalLoadAssemblyName(AssemblyName assemblyRef, Evidence assemblySecurity, RuntimeAssembly reqAssembly, StackCrawlMark& stackMark, IntPtr pPrivHostBinder, Boolean throwOnFileNotFound, Boolean forIntrospection, Boolean suppressSecurityChecks)
   в System.Reflection.Assembly.Load(AssemblyName assemblyRef)
   в Microsoft.VisualStudio.TestPlatform.Common.ExtensionFramework.TestPluginDiscoverer.GetTestExtensionsFromFiles[TPluginInfo,TExtension](String[] files, Dictionary`2 pluginInfos)

Предупреждение: регистрация привязки сборок выключена.
Чтобы включить регистрацию ошибок привязки сборок, установите значение параметра реестра [HKLM\Software\Microsoft\Fusion!EnableLog] (DWORD) в 1.
Примечание. Регистрация ошибок привязки сборок может привести к некоторому снижению производительности.
Чтобы отключить эту функцию, удалите параметр реестра [HKLM\Software\Microsoft\Fusion!EnableLog].

TpTrace Warning: 0 : 13832, 3, 2022/05/13, 17:04:49.997, 845457645296, testhost.net472.x86.exe, TestPluginDiscoverer: Failed to load extensions from file 'C:\Program Files\dotnet\sdk\6.0.202\Extensions\DumpMinitool.x86.exe'.  Skipping test extension scan for this file.  Error: System.IO.FileNotFoundException: Не удалось загрузить файл или сборку "DumpMinitool.x86" либо одну из их зависимостей. Не удается найти указанный файл.
Имя файла: 'DumpMinitool.x86'
   в System.Reflection.RuntimeAssembly._nLoad(AssemblyName fileName, String codeBase, Evidence assemblySecurity, RuntimeAssembly locationHint, StackCrawlMark& stackMark, IntPtr pPrivHostBinder, Boolean throwOnFileNotFound, Boolean forIntrospection, Boolean suppressSecurityChecks)
   в System.Reflection.RuntimeAssembly.nLoad(AssemblyName fileName, String codeBase, Evidence assemblySecurity, RuntimeAssembly locationHint, StackCrawlMark& stackMark, IntPtr pPrivHostBinder, Boolean throwOnFileNotFound, Boolean forIntrospection, Boolean suppressSecurityChecks)
   в System.Reflection.RuntimeAssembly.InternalLoadAssemblyName(AssemblyName assemblyRef, Evidence assemblySecurity, RuntimeAssembly reqAssembly, StackCrawlMark& stackMark, IntPtr pPrivHostBinder, Boolean throwOnFileNotFound, Boolean forIntrospection, Boolean suppressSecurityChecks)
   в System.Reflection.Assembly.Load(AssemblyName assemblyRef)
   в Microsoft.VisualStudio.TestPlatform.Common.ExtensionFramework.TestPluginDiscoverer.GetTestExtensionsFromFiles[TPluginInfo,TExtension](String[] files, Dictionary`2 pluginInfos)

Предупреждение: регистрация привязки сборок выключена.
Чтобы включить регистрацию ошибок привязки сборок, установите значение параметра реестра [HKLM\Software\Microsoft\Fusion!EnableLog] (DWORD) в 1.
Примечание. Регистрация ошибок привязки сборок может привести к некоторому снижению производительности.
Чтобы отключить эту функцию, удалите параметр реестра [HKLM\Software\Microsoft\Fusion!EnableLog].

TpTrace Warning: 0 : 13832, 3, 2022/05/13, 17:04:49.998, 845457648362, testhost.net472.x86.exe, TestPluginDiscoverer: Failed to load extensions from file 'C:\Program Files\dotnet\sdk\6.0.202\Extensions\Microsoft.Diagnostics.NETCore.Client.dll'.  Skipping test extension scan for this file.  Error: System.IO.FileNotFoundException: Не удалось загрузить файл или сборку "Microsoft.Diagnostics.NETCore.Client" либо одну из их зависимостей. Не удается найти указанный файл.
Имя файла: 'Microsoft.Diagnostics.NETCore.Client'
   в System.Reflection.RuntimeAssembly._nLoad(AssemblyName fileName, String codeBase, Evidence assemblySecurity, RuntimeAssembly locationHint, StackCrawlMark& stackMark, IntPtr pPrivHostBinder, Boolean throwOnFileNotFound, Boolean forIntrospection, Boolean suppressSecurityChecks)
   в System.Reflection.RuntimeAssembly.nLoad(AssemblyName fileName, String codeBase, Evidence assemblySecurity, RuntimeAssembly locationHint, StackCrawlMark& stackMark, IntPtr pPrivHostBinder, Boolean throwOnFileNotFound, Boolean forIntrospection, Boolean suppressSecurityChecks)
   в System.Reflection.RuntimeAssembly.InternalLoadAssemblyName(AssemblyName assemblyRef, Evidence assemblySecurity, RuntimeAssembly reqAssembly, StackCrawlMark& stackMark, IntPtr pPrivHostBinder, Boolean throwOnFileNotFound, Boolean forIntrospection, Boolean suppressSecurityChecks)
   в System.Reflection.Assembly.Load(AssemblyName assemblyRef)
   в Microsoft.VisualStudio.TestPlatform.Common.ExtensionFramework.TestPluginDiscoverer.GetTestExtensionsFromFiles[TPluginInfo,TExtension](String[] files, Dictionary`2 pluginInfos)

Предупреждение: регистрация привязки сборок выключена.
Чтобы включить регистрацию ошибок привязки сборок, установите значение параметра реестра [HKLM\Software\Microsoft\Fusion!EnableLog] (DWORD) в 1.
Примечание. Регистрация ошибок привязки сборок может привести к некоторому снижению производительности.
Чтобы отключить эту функцию, удалите параметр реестра [HKLM\Software\Microsoft\Fusion!EnableLog].

TpTrace Warning: 0 : 13832, 3, 2022/05/13, 17:04:49.998, 845457650045, testhost.net472.x86.exe, TestPluginDiscoverer: Failed to load extensions from file 'C:\Program Files\dotnet\sdk\6.0.202\Extensions\Microsoft.TestPlatform.Extensions.BlameDataCollector.dll'.  Skipping test extension scan for this file.  Error: System.IO.FileNotFoundException: Не удалось загрузить файл или сборку "Microsoft.TestPlatform.Extensions.BlameDataCollector" либо одну из их зависимостей. Не удается найти указанный файл.
Имя файла: 'Microsoft.TestPlatform.Extensions.BlameDataCollector'
   в System.Reflection.RuntimeAssembly._nLoad(AssemblyName fileName, String codeBase, Evidence assemblySecurity, RuntimeAssembly locationHint, StackCrawlMark& stackMark, IntPtr pPrivHostBinder, Boolean throwOnFileNotFound, Boolean forIntrospection, Boolean suppressSecurityChecks)
   в System.Reflection.RuntimeAssembly.nLoad(AssemblyName fileName, String codeBase, Evidence assemblySecurity, RuntimeAssembly locationHint, StackCrawlMark& stackMark, IntPtr pPrivHostBinder, Boolean throwOnFileNotFound, Boolean forIntrospection, Boolean suppressSecurityChecks)
   в System.Reflection.RuntimeAssembly.InternalLoadAssemblyName(AssemblyName assemblyRef, Evidence assemblySecurity, RuntimeAssembly reqAssembly, StackCrawlMark& stackMark, IntPtr pPrivHostBinder, Boolean throwOnFileNotFound, Boolean forIntrospection, Boolean suppressSecurityChecks)
   в System.Reflection.Assembly.Load(AssemblyName assemblyRef)
   в Microsoft.VisualStudio.TestPlatform.Common.ExtensionFramework.TestPluginDiscoverer.GetTestExtensionsFromFiles[TPluginInfo,TExtension](String[] files, Dictionary`2 pluginInfos)

Предупреждение: регистрация привязки сборок выключена.
Чтобы включить регистрацию ошибок привязки сборок, установите значение параметра реестра [HKLM\Software\Microsoft\Fusion!EnableLog] (DWORD) в 1.
Примечание. Регистрация ошибок привязки сборок может привести к некоторому снижению производительности.
Чтобы отключить эту функцию, удалите параметр реестра [HKLM\Software\Microsoft\Fusion!EnableLog].

TpTrace Warning: 0 : 13832, 3, 2022/05/13, 17:04:49.998, 845457652693, testhost.net472.x86.exe, TestPluginDiscoverer: Failed to load extensions from file 'C:\Program Files\dotnet\sdk\6.0.202\Extensions\Microsoft.TestPlatform.TestHostRuntimeProvider.dll'.  Skipping test extension scan for this file.  Error: System.IO.FileNotFoundException: Не удалось загрузить файл или сборку "Microsoft.TestPlatform.TestHostRuntimeProvider" либо одну из их зависимостей. Не удается найти указанный файл.
Имя файла: 'Microsoft.TestPlatform.TestHostRuntimeProvider'
   в System.Reflection.RuntimeAssembly._nLoad(AssemblyName fileName, String codeBase, Evidence assemblySecurity, RuntimeAssembly locationHint, StackCrawlMark& stackMark, IntPtr pPrivHostBinder, Boolean throwOnFileNotFound, Boolean forIntrospection, Boolean suppressSecurityChecks)
   в System.Reflection.RuntimeAssembly.nLoad(AssemblyName fileName, String codeBase, Evidence assemblySecurity, RuntimeAssembly locationHint, StackCrawlMark& stackMark, IntPtr pPrivHostBinder, Boolean throwOnFileNotFound, Boolean forIntrospection, Boolean suppressSecurityChecks)
   в System.Reflection.RuntimeAssembly.InternalLoadAssemblyName(AssemblyName assemblyRef, Evidence assemblySecurity, RuntimeAssembly reqAssembly, StackCrawlMark& stackMark, IntPtr pPrivHostBinder, Boolean throwOnFileNotFound, Boolean forIntrospection, Boolean suppressSecurityChecks)
   в System.Reflection.Assembly.Load(AssemblyName assemblyRef)
   в Microsoft.VisualStudio.TestPlatform.Common.ExtensionFramework.TestPluginDiscoverer.GetTestExtensionsFromFiles[TPluginInfo,TExtension](String[] files, Dictionary`2 pluginInfos)

Предупреждение: регистрация привязки сборок выключена.
Чтобы включить регистрацию ошибок привязки сборок, установите значение параметра реестра [HKLM\Software\Microsoft\Fusion!EnableLog] (DWORD) в 1.
Примечание. Регистрация ошибок привязки сборок может привести к некоторому снижению производительности.
Чтобы отключить эту функцию, удалите параметр реестра [HKLM\Software\Microsoft\Fusion!EnableLog].

TpTrace Warning: 0 : 13832, 3, 2022/05/13, 17:04:49.998, 845457654387, testhost.net472.x86.exe, TestPluginDiscoverer: Failed to load extensions from file 'C:\Program Files\dotnet\sdk\6.0.202\Extensions\Microsoft.VisualStudio.TestPlatform.Extensions.Html.TestLogger.dll'.  Skipping test extension scan for this file.  Error: System.IO.FileNotFoundException: Не удалось загрузить файл или сборку "Microsoft.VisualStudio.TestPlatform.Extensions.Html.TestLogger" либо одну из их зависимостей. Не удается найти указанный файл.
Имя файла: 'Microsoft.VisualStudio.TestPlatform.Extensions.Html.TestLogger'
   в System.Reflection.RuntimeAssembly._nLoad(AssemblyName fileName, String codeBase, Evidence assemblySecurity, RuntimeAssembly locationHint, StackCrawlMark& stackMark, IntPtr pPrivHostBinder, Boolean throwOnFileNotFound, Boolean forIntrospection, Boolean suppressSecurityChecks)
   в System.Reflection.RuntimeAssembly.nLoad(AssemblyName fileName, String codeBase, Evidence assemblySecurity, RuntimeAssembly locationHint, StackCrawlMark& stackMark, IntPtr pPrivHostBinder, Boolean throwOnFileNotFound, Boolean forIntrospection, Boolean suppressSecurityChecks)
   в System.Reflection.RuntimeAssembly.InternalLoadAssemblyName(AssemblyName assemblyRef, Evidence assemblySecurity, RuntimeAssembly reqAssembly, StackCrawlMark& stackMark, IntPtr pPrivHostBinder, Boolean throwOnFileNotFound, Boolean forIntrospection, Boolean suppressSecurityChecks)
   в System.Reflection.Assembly.Load(AssemblyName assemblyRef)
   в Microsoft.VisualStudio.TestPlatform.Common.ExtensionFramework.TestPluginDiscoverer.GetTestExtensionsFromFiles[TPluginInfo,TExtension](String[] files, Dictionary`2 pluginInfos)

Предупреждение: регистрация привязки сборок выключена.
Чтобы включить регистрацию ошибок привязки сборок, установите значение параметра реестра [HKLM\Software\Microsoft\Fusion!EnableLog] (DWORD) в 1.
Примечание. Регистрация ошибок привязки сборок может привести к некоторому снижению производительности.
Чтобы отключить эту функцию, удалите параметр реестра [HKLM\Software\Microsoft\Fusion!EnableLog].

TpTrace Warning: 0 : 13832, 3, 2022/05/13, 17:04:49.998, 845457656071, testhost.net472.x86.exe, TestPluginDiscoverer: Failed to load extensions from file 'C:\Program Files\dotnet\sdk\6.0.202\Extensions\Microsoft.VisualStudio.TestPlatform.Extensions.Trx.TestLogger.dll'.  Skipping test extension scan for this file.  Error: System.IO.FileNotFoundException: Не удалось загрузить файл или сборку "Microsoft.VisualStudio.TestPlatform.Extensions.Trx.TestLogger" либо одну из их зависимостей. Не удается найти указанный файл.
Имя файла: 'Microsoft.VisualStudio.TestPlatform.Extensions.Trx.TestLogger'
   в System.Reflection.RuntimeAssembly._nLoad(AssemblyName fileName, String codeBase, Evidence assemblySecurity, RuntimeAssembly locationHint, StackCrawlMark& stackMark, IntPtr pPrivHostBinder, Boolean throwOnFileNotFound, Boolean forIntrospection, Boolean suppressSecurityChecks)
   в System.Reflection.RuntimeAssembly.nLoad(AssemblyName fileName, String codeBase, Evidence assemblySecurity, RuntimeAssembly locationHint, StackCrawlMark& stackMark, IntPtr pPrivHostBinder, Boolean throwOnFileNotFound, Boolean forIntrospection, Boolean suppressSecurityChecks)
   в System.Reflection.RuntimeAssembly.InternalLoadAssemblyName(AssemblyName assemblyRef, Evidence assemblySecurity, RuntimeAssembly reqAssembly, StackCrawlMark& stackMark, IntPtr pPrivHostBinder, Boolean throwOnFileNotFound, Boolean forIntrospection, Boolean suppressSecurityChecks)
   в System.Reflection.Assembly.Load(AssemblyName assemblyRef)
   в Microsoft.VisualStudio.TestPlatform.Common.ExtensionFramework.TestPluginDiscoverer.GetTestExtensionsFromFiles[TPluginInfo,TExtension](String[] files, Dictionary`2 pluginInfos)

Предупреждение: регистрация привязки сборок выключена.
Чтобы включить регистрацию ошибок привязки сборок, установите значение параметра реестра [HKLM\Software\Microsoft\Fusion!EnableLog] (DWORD) в 1.
Примечание. Регистрация ошибок привязки сборок может привести к некоторому снижению производительности.
Чтобы отключить эту функцию, удалите параметр реестра [HKLM\Software\Microsoft\Fusion!EnableLog].

TpTrace Verbose: 0 : 13832, 3, 2022/05/13, 17:04:49.999, 845457658382, testhost.net472.x86.exe, TestPluginCache: Discovered the extensions using extension path ''.
TpTrace Verbose: 0 : 13832, 3, 2022/05/13, 17:04:49.999, 845457659035, testhost.net472.x86.exe, TestPluginCache: Discoverers are ''.
TpTrace Verbose: 0 : 13832, 3, 2022/05/13, 17:04:49.999, 845457659606, testhost.net472.x86.exe, TestPluginCache: Executors are 'executor://xunit/VsTestRunner2/net'.
TpTrace Verbose: 0 : 13832, 3, 2022/05/13, 17:04:49.999, 845457660145, testhost.net472.x86.exe, TestPluginCache: Executors2 are ''.
TpTrace Verbose: 0 : 13832, 3, 2022/05/13, 17:04:49.999, 845457660710, testhost.net472.x86.exe, TestPluginCache: Setting providers are ''.
TpTrace Verbose: 0 : 13832, 3, 2022/05/13, 17:04:49.999, 845457661251, testhost.net472.x86.exe, TestPluginCache: Loggers are ''.
TpTrace Verbose: 0 : 13832, 3, 2022/05/13, 17:04:50.000, 845457668335, testhost.net472.x86.exe, TestExecutorService: Loaded the settings providers
TpTrace Information: 0 : 13832, 3, 2022/05/13, 17:04:50.000, 845457669056, testhost.net472.x86.exe, TestExecutorService: Loaded the extensions
TpTrace Information: 0 : 13832, 3, 2022/05/13, 17:04:50.000, 845457673627, testhost.net472.x86.exe, TestRequestHandler.OnMessageReceived: Running job 'TestExecution.StartWithSources'.
TpTrace Information: 0 : 13832, 3, 2022/05/13, 17:04:50.013, 845457802585, testhost.net472.x86.exe, AssemblyResolver.OnResolve: Microsoft.VisualStudio.TestPlatform.Common.resources, Version=15.0.0.0, Culture=ru-RU, PublicKeyToken=b03f5f7f11d50a3a: Resolving assembly.
TpTrace Information: 0 : 13832, 3, 2022/05/13, 17:04:50.013, 845457803877, testhost.net472.x86.exe, AssemblyResolver.OnResolve: Microsoft.VisualStudio.TestPlatform.Common.resources, Version=15.0.0.0, Culture=ru-RU, PublicKeyToken=b03f5f7f11d50a3a: Searching in: 'C:\Program Files\dotnet\sdk\6.0.202\Extensions'.
TpTrace Information: 0 : 13832, 3, 2022/05/13, 17:04:50.013, 845457804941, testhost.net472.x86.exe, AssemblyResolver.OnResolve: Microsoft.VisualStudio.TestPlatform.Common.resources, Version=15.0.0.0, Culture=ru-RU, PublicKeyToken=b03f5f7f11d50a3a: Assembly path does not exist: 'C:\Program Files\dotnet\sdk\6.0.202\Extensions\Microsoft.VisualStudio.TestPlatform.Common.resources.dll', returning.
TpTrace Information: 0 : 13832, 3, 2022/05/13, 17:04:50.014, 845457806205, testhost.net472.x86.exe, AssemblyResolver.OnResolve: Microsoft.VisualStudio.TestPlatform.Common.resources, Version=15.0.0.0, Culture=ru-RU, PublicKeyToken=b03f5f7f11d50a3a: Assembly path does not exist: 'C:\Program Files\dotnet\sdk\6.0.202\Extensions\Microsoft.VisualStudio.TestPlatform.Common.resources.exe', returning.
TpTrace Information: 0 : 13832, 3, 2022/05/13, 17:04:50.014, 845457807040, testhost.net472.x86.exe, AssemblyResolver.OnResolve: Microsoft.VisualStudio.TestPlatform.Common.resources, Version=15.0.0.0, Culture=ru-RU, PublicKeyToken=b03f5f7f11d50a3a: Searching in: 'E:\CS\APPZ\lab_4\TestingBussinesLogic\bin\Debug\net472\fine-code-coverage\build-output'.
TpTrace Information: 0 : 13832, 3, 2022/05/13, 17:04:50.014, 845457808046, testhost.net472.x86.exe, AssemblyResolver.OnResolve: Microsoft.VisualStudio.TestPlatform.Common.resources, Version=15.0.0.0, Culture=ru-RU, PublicKeyToken=b03f5f7f11d50a3a: Assembly path does not exist: 'E:\CS\APPZ\lab_4\TestingBussinesLogic\bin\Debug\net472\fine-code-coverage\build-output\Microsoft.VisualStudio.TestPlatform.Common.resources.dll', returning.
TpTrace Information: 0 : 13832, 3, 2022/05/13, 17:04:50.014, 845457808828, testhost.net472.x86.exe, AssemblyResolver.OnResolve: Microsoft.VisualStudio.TestPlatform.Common.resources, Version=15.0.0.0, Culture=ru-RU, PublicKeyToken=b03f5f7f11d50a3a: Assembly path does not exist: 'E:\CS\APPZ\lab_4\TestingBussinesLogic\bin\Debug\net472\fine-code-coverage\build-output\Microsoft.VisualStudio.TestPlatform.Common.resources.exe', returning.
TpTrace Information: 0 : 13832, 3, 2022/05/13, 17:04:50.014, 845457809455, testhost.net472.x86.exe, AssemblyResolver.OnResolve: Microsoft.VisualStudio.TestPlatform.Common.resources, Version=15.0.0.0, Culture=ru-RU, PublicKeyToken=b03f5f7f11d50a3a: Searching in: 'C:\Program Files\dotnet\sdk\6.0.202\TestHost'.
TpTrace Information: 0 : 13832, 3, 2022/05/13, 17:04:50.014, 845457810327, testhost.net472.x86.exe, AssemblyResolver.OnResolve: Microsoft.VisualStudio.TestPlatform.Common.resources, Version=15.0.0.0, Culture=ru-RU, PublicKeyToken=b03f5f7f11d50a3a: Assembly path does not exist: 'C:\Program Files\dotnet\sdk\6.0.202\TestHost\Microsoft.VisualStudio.TestPlatform.Common.resources.dll', returning.
TpTrace Information: 0 : 13832, 3, 2022/05/13, 17:04:50.014, 845457811189, testhost.net472.x86.exe, AssemblyResolver.OnResolve: Microsoft.VisualStudio.TestPlatform.Common.resources, Version=15.0.0.0, Culture=ru-RU, PublicKeyToken=b03f5f7f11d50a3a: Assembly path does not exist: 'C:\Program Files\dotnet\sdk\6.0.202\TestHost\Microsoft.VisualStudio.TestPlatform.Common.resources.exe', returning.
TpTrace Information: 0 : 13832, 3, 2022/05/13, 17:04:50.014, 845457811787, testhost.net472.x86.exe, AssemblyResolver.OnResolve: Microsoft.VisualStudio.TestPlatform.Common.resources, Version=15.0.0.0, Culture=ru-RU, PublicKeyToken=b03f5f7f11d50a3a: Failed to load assembly.
TpTrace Information: 0 : 13832, 3, 2022/05/13, 17:04:50.014, 845457812766, testhost.net472.x86.exe, AssemblyResolver.OnResolve: Microsoft.VisualStudio.TestPlatform.Common.resources, Version=15.0.0.0, Culture=ru-RU, PublicKeyToken=b03f5f7f11d50a3a: Resolving assembly.
TpTrace Information: 0 : 13832, 3, 2022/05/13, 17:04:50.014, 845457813358, testhost.net472.x86.exe, AssemblyResolver.OnResolve: Microsoft.VisualStudio.TestPlatform.Common.resources, Version=15.0.0.0, Culture=ru-RU, PublicKeyToken=b03f5f7f11d50a3a: Resolved from cache.
TpTrace Information: 0 : 13832, 3, 2022/05/13, 17:04:50.071, 845458388281, testhost.net472.x86.exe, TestDiscoveryManager: Discovering tests from sources E:\CS\APPZ\lab_4\TestingBussinesLogic\bin\Debug\net472\fine-code-coverage\build-output\TestingBussinesLogic.dll
TpTrace Verbose: 0 : 13832, 3, 2022/05/13, 17:04:50.073, 845458405850, testhost.net472.x86.exe, TestPluginCache.DiscoverTestExtensions: finding test extensions in assemblies ends with: TestAdapter.dll TPluginInfo: Microsoft.VisualStudio.TestPlatform.Common.ExtensionFramework.Utilities.TestDiscovererPluginInformation TExtension: Microsoft.VisualStudio.TestPlatform.ObjectModel.Adapter.ITestDiscoverer
TpTrace Verbose: 0 : 13832, 3, 2022/05/13, 17:04:50.073, 845458406814, testhost.net472.x86.exe, TestPluginCache.GetExtensionPaths: Filtered extension paths: 
TpTrace Verbose: 0 : 13832, 3, 2022/05/13, 17:04:50.073, 845458407480, testhost.net472.x86.exe, TestPluginCache.GetExtensionPaths: Added default extension paths: C:\Program Files\dotnet\sdk\6.0.202\Extensions\DumpMinitool.exe
C:\Program Files\dotnet\sdk\6.0.202\Extensions\DumpMinitool.x86.exe
C:\Program Files\dotnet\sdk\6.0.202\Extensions\Microsoft.Diagnostics.NETCore.Client.dll
C:\Program Files\dotnet\sdk\6.0.202\Extensions\Microsoft.TestPlatform.Extensions.BlameDataCollector.dll
C:\Program Files\dotnet\sdk\6.0.202\Extensions\Microsoft.TestPlatform.Extensions.EventLogCollector.dll
C:\Program Files\dotnet\sdk\6.0.202\Extensions\Microsoft.TestPlatform.TestHostRuntimeProvider.dll
C:\Program Files\dotnet\sdk\6.0.202\Extensions\Microsoft.VisualStudio.TestPlatform.Extensions.Html.TestLogger.dll
C:\Program Files\dotnet\sdk\6.0.202\Extensions\Microsoft.VisualStudio.TestPlatform.Extensions.Trx.TestLogger.dll
E:\CS\APPZ\lab_4\TestingBussinesLogic\bin\Debug\net472\fine-code-coverage\build-output\xunit.runner.visualstudio.testadapter.dll
TpTrace Verbose: 0 : 13832, 3, 2022/05/13, 17:04:50.073, 845458408128, testhost.net472.x86.exe, TestPluginCache.GetExtensionPaths: Added unfilterableExtensionPaths: 
TpTrace Information: 0 : 13832, 3, 2022/05/13, 17:04:50.073, 845458409781, testhost.net472.x86.exe, AssemblyResolver.AddSearchDirectories: Adding more searchDirectories C:\Program Files\dotnet\sdk\6.0.202\Extensions,E:\CS\APPZ\lab_4\TestingBussinesLogic\bin\Debug\net472\fine-code-coverage\build-output,C:\Program Files\dotnet\sdk\6.0.202\TestHost
TpTrace Verbose: 0 : 13832, 3, 2022/05/13, 17:04:50.073, 845458410464, testhost.net472.x86.exe, TestPluginCache.DiscoverTestExtensions: Discovering the extensions using extension path.
TpTrace Verbose: 0 : 13832, 3, 2022/05/13, 17:04:50.074, 845458411335, testhost.net472.x86.exe, TestPluginCache.GetExtensionPaths: Filtered extension paths: 
TpTrace Verbose: 0 : 13832, 3, 2022/05/13, 17:04:50.074, 845458411952, testhost.net472.x86.exe, TestPluginCache.GetExtensionPaths: Added default extension paths: C:\Program Files\dotnet\sdk\6.0.202\Extensions\DumpMinitool.exe
C:\Program Files\dotnet\sdk\6.0.202\Extensions\DumpMinitool.x86.exe
C:\Program Files\dotnet\sdk\6.0.202\Extensions\Microsoft.Diagnostics.NETCore.Client.dll
C:\Program Files\dotnet\sdk\6.0.202\Extensions\Microsoft.TestPlatform.Extensions.BlameDataCollector.dll
C:\Program Files\dotnet\sdk\6.0.202\Extensions\Microsoft.TestPlatform.Extensions.EventLogCollector.dll
C:\Program Files\dotnet\sdk\6.0.202\Extensions\Microsoft.TestPlatform.TestHostRuntimeProvider.dll
C:\Program Files\dotnet\sdk\6.0.202\Extensions\Microsoft.VisualStudio.TestPlatform.Extensions.Html.TestLogger.dll
C:\Program Files\dotnet\sdk\6.0.202\Extensions\Microsoft.VisualStudio.TestPlatform.Extensions.Trx.TestLogger.dll
E:\CS\APPZ\lab_4\TestingBussinesLogic\bin\Debug\net472\fine-code-coverage\build-output\xunit.runner.visualstudio.testadapter.dll
TpTrace Verbose: 0 : 13832, 3, 2022/05/13, 17:04:50.074, 845458412707, testhost.net472.x86.exe, TestPluginCache.GetExtensionPaths: Added unfilterableExtensionPaths: 
TpTrace Verbose: 0 : 13832, 3, 2022/05/13, 17:04:50.074, 845458413344, testhost.net472.x86.exe, TestPluginCache.DiscoverTestExtensions: Discovering the extensions using allExtensionPaths: C:\Program Files\dotnet\sdk\6.0.202\Extensions\DumpMinitool.exe
C:\Program Files\dotnet\sdk\6.0.202\Extensions\DumpMinitool.x86.exe
C:\Program Files\dotnet\sdk\6.0.202\Extensions\Microsoft.Diagnostics.NETCore.Client.dll
C:\Program Files\dotnet\sdk\6.0.202\Extensions\Microsoft.TestPlatform.Extensions.BlameDataCollector.dll
C:\Program Files\dotnet\sdk\6.0.202\Extensions\Microsoft.TestPlatform.Extensions.EventLogCollector.dll
C:\Program Files\dotnet\sdk\6.0.202\Extensions\Microsoft.TestPlatform.TestHostRuntimeProvider.dll
C:\Program Files\dotnet\sdk\6.0.202\Extensions\Microsoft.VisualStudio.TestPlatform.Extensions.Html.TestLogger.dll
C:\Program Files\dotnet\sdk\6.0.202\Extensions\Microsoft.VisualStudio.TestPlatform.Extensions.Trx.TestLogger.dll
E:\CS\APPZ\lab_4\TestingBussinesLogic\bin\Debug\net472\fine-code-coverage\build-output\xunit.runner.visualstudio.testadapter.dll
TpTrace Information: 0 : 13832, 3, 2022/05/13, 17:04:50.074, 845458414263, testhost.net472.x86.exe, AssemblyResolver.AddSearchDirectories: Adding more searchDirectories C:\Program Files\dotnet\sdk\6.0.202\Extensions,C:\Program Files\dotnet\sdk\6.0.202\TestHost
TpTrace Information: 0 : 13832, 3, 2022/05/13, 17:04:50.074, 845458414976, testhost.net472.x86.exe, AssemblyResolver.AddSearchDirectories: Adding more searchDirectories C:\Program Files\dotnet\sdk\6.0.202\Extensions,C:\Program Files\dotnet\sdk\6.0.202\TestHost
TpTrace Information: 0 : 13832, 3, 2022/05/13, 17:04:50.074, 845458415633, testhost.net472.x86.exe, AssemblyResolver.AddSearchDirectories: Adding more searchDirectories C:\Program Files\dotnet\sdk\6.0.202\Extensions,C:\Program Files\dotnet\sdk\6.0.202\TestHost
TpTrace Information: 0 : 13832, 3, 2022/05/13, 17:04:50.074, 845458416304, testhost.net472.x86.exe, AssemblyResolver.AddSearchDirectories: Adding more searchDirectories C:\Program Files\dotnet\sdk\6.0.202\Extensions,C:\Program Files\dotnet\sdk\6.0.202\TestHost
TpTrace Information: 0 : 13832, 3, 2022/05/13, 17:04:50.074, 845458416983, testhost.net472.x86.exe, AssemblyResolver.AddSearchDirectories: Adding more searchDirectories C:\Program Files\dotnet\sdk\6.0.202\Extensions,C:\Program Files\dotnet\sdk\6.0.202\TestHost
TpTrace Information: 0 : 13832, 3, 2022/05/13, 17:04:50.074, 845458417803, testhost.net472.x86.exe, AssemblyResolver.AddSearchDirectories: Adding more searchDirectories C:\Program Files\dotnet\sdk\6.0.202\Extensions,C:\Program Files\dotnet\sdk\6.0.202\TestHost
TpTrace Information: 0 : 13832, 3, 2022/05/13, 17:04:50.074, 845458418438, testhost.net472.x86.exe, AssemblyResolver.AddSearchDirectories: Adding more searchDirectories C:\Program Files\dotnet\sdk\6.0.202\Extensions,C:\Program Files\dotnet\sdk\6.0.202\TestHost
TpTrace Information: 0 : 13832, 3, 2022/05/13, 17:04:50.074, 845458419086, testhost.net472.x86.exe, AssemblyResolver.AddSearchDirectories: Adding more searchDirectories C:\Program Files\dotnet\sdk\6.0.202\Extensions,C:\Program Files\dotnet\sdk\6.0.202\TestHost
TpTrace Information: 0 : 13832, 3, 2022/05/13, 17:04:50.074, 845458419726, testhost.net472.x86.exe, AssemblyResolver.AddSearchDirectories: Adding more searchDirectories E:\CS\APPZ\lab_4\TestingBussinesLogic\bin\Debug\net472\fine-code-coverage\build-output,C:\Program Files\dotnet\sdk\6.0.202\TestHost
TpTrace Warning: 0 : 13832, 3, 2022/05/13, 17:04:50.075, 845458422027, testhost.net472.x86.exe, TestPluginDiscoverer: Failed to load extensions from file 'C:\Program Files\dotnet\sdk\6.0.202\Extensions\DumpMinitool.exe'.  Skipping test extension scan for this file.  Error: System.IO.FileNotFoundException: Не удалось загрузить файл или сборку "DumpMinitool" либо одну из их зависимостей. Не удается найти указанный файл.
Имя файла: 'DumpMinitool'
   в System.Reflection.RuntimeAssembly._nLoad(AssemblyName fileName, String codeBase, Evidence assemblySecurity, RuntimeAssembly locationHint, StackCrawlMark& stackMark, IntPtr pPrivHostBinder, Boolean throwOnFileNotFound, Boolean forIntrospection, Boolean suppressSecurityChecks)
   в System.Reflection.RuntimeAssembly.nLoad(AssemblyName fileName, String codeBase, Evidence assemblySecurity, RuntimeAssembly locationHint, StackCrawlMark& stackMark, IntPtr pPrivHostBinder, Boolean throwOnFileNotFound, Boolean forIntrospection, Boolean suppressSecurityChecks)
   в System.Reflection.RuntimeAssembly.InternalLoadAssemblyName(AssemblyName assemblyRef, Evidence assemblySecurity, RuntimeAssembly reqAssembly, StackCrawlMark& stackMark, IntPtr pPrivHostBinder, Boolean throwOnFileNotFound, Boolean forIntrospection, Boolean suppressSecurityChecks)
   в System.Reflection.Assembly.Load(AssemblyName assemblyRef)
   в Microsoft.VisualStudio.TestPlatform.Common.ExtensionFramework.TestPluginDiscoverer.GetTestExtensionsFromFiles[TPluginInfo,TExtension](String[] files, Dictionary`2 pluginInfos)

Предупреждение: регистрация привязки сборок выключена.
Чтобы включить регистрацию ошибок привязки сборок, установите значение параметра реестра [HKLM\Software\Microsoft\Fusion!EnableLog] (DWORD) в 1.
Примечание. Регистрация ошибок привязки сборок может привести к некоторому снижению производительности.
Чтобы отключить эту функцию, удалите параметр реестра [HKLM\Software\Microsoft\Fusion!EnableLog].

TpTrace Warning: 0 : 13832, 3, 2022/05/13, 17:04:50.075, 845458423764, testhost.net472.x86.exe, TestPluginDiscoverer: Failed to load extensions from file 'C:\Program Files\dotnet\sdk\6.0.202\Extensions\DumpMinitool.x86.exe'.  Skipping test extension scan for this file.  Error: System.IO.FileNotFoundException: Не удалось загрузить файл или сборку "DumpMinitool.x86" либо одну из их зависимостей. Не удается найти указанный файл.
Имя файла: 'DumpMinitool.x86'
   в System.Reflection.RuntimeAssembly._nLoad(AssemblyName fileName, String codeBase, Evidence assemblySecurity, RuntimeAssembly locationHint, StackCrawlMark& stackMark, IntPtr pPrivHostBinder, Boolean throwOnFileNotFound, Boolean forIntrospection, Boolean suppressSecurityChecks)
   в System.Reflection.RuntimeAssembly.nLoad(AssemblyName fileName, String codeBase, Evidence assemblySecurity, RuntimeAssembly locationHint, StackCrawlMark& stackMark, IntPtr pPrivHostBinder, Boolean throwOnFileNotFound, Boolean forIntrospection, Boolean suppressSecurityChecks)
   в System.Reflection.RuntimeAssembly.InternalLoadAssemblyName(AssemblyName assemblyRef, Evidence assemblySecurity, RuntimeAssembly reqAssembly, StackCrawlMark& stackMark, IntPtr pPrivHostBinder, Boolean throwOnFileNotFound, Boolean forIntrospection, Boolean suppressSecurityChecks)
   в System.Reflection.Assembly.Load(AssemblyName assemblyRef)
   в Microsoft.VisualStudio.TestPlatform.Common.ExtensionFramework.TestPluginDiscoverer.GetTestExtensionsFromFiles[TPluginInfo,TExtension](String[] files, Dictionary`2 pluginInfos)

Предупреждение: регистрация привязки сборок выключена.
Чтобы включить регистрацию ошибок привязки сборок, установите значение параметра реестра [HKLM\Software\Microsoft\Fusion!EnableLog] (DWORD) в 1.
Примечание. Регистрация ошибок привязки сборок может привести к некоторому снижению производительности.
Чтобы отключить эту функцию, удалите параметр реестра [HKLM\Software\Microsoft\Fusion!EnableLog].

TpTrace Warning: 0 : 13832, 3, 2022/05/13, 17:04:50.075, 845458425476, testhost.net472.x86.exe, TestPluginDiscoverer: Failed to load extensions from file 'C:\Program Files\dotnet\sdk\6.0.202\Extensions\Microsoft.Diagnostics.NETCore.Client.dll'.  Skipping test extension scan for this file.  Error: System.IO.FileNotFoundException: Не удалось загрузить файл или сборку "Microsoft.Diagnostics.NETCore.Client" либо одну из их зависимостей. Не удается найти указанный файл.
Имя файла: 'Microsoft.Diagnostics.NETCore.Client'
   в System.Reflection.RuntimeAssembly._nLoad(AssemblyName fileName, String codeBase, Evidence assemblySecurity, RuntimeAssembly locationHint, StackCrawlMark& stackMark, IntPtr pPrivHostBinder, Boolean throwOnFileNotFound, Boolean forIntrospection, Boolean suppressSecurityChecks)
   в System.Reflection.RuntimeAssembly.nLoad(AssemblyName fileName, String codeBase, Evidence assemblySecurity, RuntimeAssembly locationHint, StackCrawlMark& stackMark, IntPtr pPrivHostBinder, Boolean throwOnFileNotFound, Boolean forIntrospection, Boolean suppressSecurityChecks)
   в System.Reflection.RuntimeAssembly.InternalLoadAssemblyName(AssemblyName assemblyRef, Evidence assemblySecurity, RuntimeAssembly reqAssembly, StackCrawlMark& stackMark, IntPtr pPrivHostBinder, Boolean throwOnFileNotFound, Boolean forIntrospection, Boolean suppressSecurityChecks)
   в System.Reflection.Assembly.Load(AssemblyName assemblyRef)
   в Microsoft.VisualStudio.TestPlatform.Common.ExtensionFramework.TestPluginDiscoverer.GetTestExtensionsFromFiles[TPluginInfo,TExtension](String[] files, Dictionary`2 pluginInfos)

Предупреждение: регистрация привязки сборок выключена.
Чтобы включить регистрацию ошибок привязки сборок, установите значение параметра реестра [HKLM\Software\Microsoft\Fusion!EnableLog] (DWORD) в 1.
Примечание. Регистрация ошибок привязки сборок может привести к некоторому снижению производительности.
Чтобы отключить эту функцию, удалите параметр реестра [HKLM\Software\Microsoft\Fusion!EnableLog].

TpTrace Warning: 0 : 13832, 3, 2022/05/13, 17:04:50.075, 845458427198, testhost.net472.x86.exe, TestPluginDiscoverer: Failed to load extensions from file 'C:\Program Files\dotnet\sdk\6.0.202\Extensions\Microsoft.TestPlatform.Extensions.BlameDataCollector.dll'.  Skipping test extension scan for this file.  Error: System.IO.FileNotFoundException: Не удалось загрузить файл или сборку "Microsoft.TestPlatform.Extensions.BlameDataCollector" либо одну из их зависимостей. Не удается найти указанный файл.
Имя файла: 'Microsoft.TestPlatform.Extensions.BlameDataCollector'
   в System.Reflection.RuntimeAssembly._nLoad(AssemblyName fileName, String codeBase, Evidence assemblySecurity, RuntimeAssembly locationHint, StackCrawlMark& stackMark, IntPtr pPrivHostBinder, Boolean throwOnFileNotFound, Boolean forIntrospection, Boolean suppressSecurityChecks)
   в System.Reflection.RuntimeAssembly.nLoad(AssemblyName fileName, String codeBase, Evidence assemblySecurity, RuntimeAssembly locationHint, StackCrawlMark& stackMark, IntPtr pPrivHostBinder, Boolean throwOnFileNotFound, Boolean forIntrospection, Boolean suppressSecurityChecks)
   в System.Reflection.RuntimeAssembly.InternalLoadAssemblyName(AssemblyName assemblyRef, Evidence assemblySecurity, RuntimeAssembly reqAssembly, StackCrawlMark& stackMark, IntPtr pPrivHostBinder, Boolean throwOnFileNotFound, Boolean forIntrospection, Boolean suppressSecurityChecks)
   в System.Reflection.Assembly.Load(AssemblyName assemblyRef)
   в Microsoft.VisualStudio.TestPlatform.Common.ExtensionFramework.TestPluginDiscoverer.GetTestExtensionsFromFiles[TPluginInfo,TExtension](String[] files, Dictionary`2 pluginInfos)

Предупреждение: регистрация привязки сборок выключена.
Чтобы включить регистрацию ошибок привязки сборок, установите значение параметра реестра [HKLM\Software\Microsoft\Fusion!EnableLog] (DWORD) в 1.
Примечание. Регистрация ошибок привязки сборок может привести к некоторому снижению производительности.
Чтобы отключить эту функцию, удалите параметр реестра [HKLM\Software\Microsoft\Fusion!EnableLog].

TpTrace Warning: 0 : 13832, 3, 2022/05/13, 17:04:50.075, 845458429751, testhost.net472.x86.exe, TestPluginDiscoverer: Failed to load extensions from file 'C:\Program Files\dotnet\sdk\6.0.202\Extensions\Microsoft.TestPlatform.TestHostRuntimeProvider.dll'.  Skipping test extension scan for this file.  Error: System.IO.FileNotFoundException: Не удалось загрузить файл или сборку "Microsoft.TestPlatform.TestHostRuntimeProvider" либо одну из их зависимостей. Не удается найти указанный файл.
Имя файла: 'Microsoft.TestPlatform.TestHostRuntimeProvider'
   в System.Reflection.RuntimeAssembly._nLoad(AssemblyName fileName, String codeBase, Evidence assemblySecurity, RuntimeAssembly locationHint, StackCrawlMark& stackMark, IntPtr pPrivHostBinder, Boolean throwOnFileNotFound, Boolean forIntrospection, Boolean suppressSecurityChecks)
   в System.Reflection.RuntimeAssembly.nLoad(AssemblyName fileName, String codeBase, Evidence assemblySecurity, RuntimeAssembly locationHint, StackCrawlMark& stackMark, IntPtr pPrivHostBinder, Boolean throwOnFileNotFound, Boolean forIntrospection, Boolean suppressSecurityChecks)
   в System.Reflection.RuntimeAssembly.InternalLoadAssemblyName(AssemblyName assemblyRef, Evidence assemblySecurity, RuntimeAssembly reqAssembly, StackCrawlMark& stackMark, IntPtr pPrivHostBinder, Boolean throwOnFileNotFound, Boolean forIntrospection, Boolean suppressSecurityChecks)
   в System.Reflection.Assembly.Load(AssemblyName assemblyRef)
   в Microsoft.VisualStudio.TestPlatform.Common.ExtensionFramework.TestPluginDiscoverer.GetTestExtensionsFromFiles[TPluginInfo,TExtension](String[] files, Dictionary`2 pluginInfos)

Предупреждение: регистрация привязки сборок выключена.
Чтобы включить регистрацию ошибок привязки сборок, установите значение параметра реестра [HKLM\Software\Microsoft\Fusion!EnableLog] (DWORD) в 1.
Примечание. Регистрация ошибок привязки сборок может привести к некоторому снижению производительности.
Чтобы отключить эту функцию, удалите параметр реестра [HKLM\Software\Microsoft\Fusion!EnableLog].

TpTrace Warning: 0 : 13832, 3, 2022/05/13, 17:04:50.076, 845458431495, testhost.net472.x86.exe, TestPluginDiscoverer: Failed to load extensions from file 'C:\Program Files\dotnet\sdk\6.0.202\Extensions\Microsoft.VisualStudio.TestPlatform.Extensions.Html.TestLogger.dll'.  Skipping test extension scan for this file.  Error: System.IO.FileNotFoundException: Не удалось загрузить файл или сборку "Microsoft.VisualStudio.TestPlatform.Extensions.Html.TestLogger" либо одну из их зависимостей. Не удается найти указанный файл.
Имя файла: 'Microsoft.VisualStudio.TestPlatform.Extensions.Html.TestLogger'
   в System.Reflection.RuntimeAssembly._nLoad(AssemblyName fileName, String codeBase, Evidence assemblySecurity, RuntimeAssembly locationHint, StackCrawlMark& stackMark, IntPtr pPrivHostBinder, Boolean throwOnFileNotFound, Boolean forIntrospection, Boolean suppressSecurityChecks)
   в System.Reflection.RuntimeAssembly.nLoad(AssemblyName fileName, String codeBase, Evidence assemblySecurity, RuntimeAssembly locationHint, StackCrawlMark& stackMark, IntPtr pPrivHostBinder, Boolean throwOnFileNotFound, Boolean forIntrospection, Boolean suppressSecurityChecks)
   в System.Reflection.RuntimeAssembly.InternalLoadAssemblyName(AssemblyName assemblyRef, Evidence assemblySecurity, RuntimeAssembly reqAssembly, StackCrawlMark& stackMark, IntPtr pPrivHostBinder, Boolean throwOnFileNotFound, Boolean forIntrospection, Boolean suppressSecurityChecks)
   в System.Reflection.Assembly.Load(AssemblyName assemblyRef)
   в Microsoft.VisualStudio.TestPlatform.Common.ExtensionFramework.TestPluginDiscoverer.GetTestExtensionsFromFiles[TPluginInfo,TExtension](String[] files, Dictionary`2 pluginInfos)

Предупреждение: регистрация привязки сборок выключена.
Чтобы включить регистрацию ошибок привязки сборок, установите значение параметра реестра [HKLM\Software\Microsoft\Fusion!EnableLog] (DWORD) в 1.
Примечание. Регистрация ошибок привязки сборок может привести к некоторому снижению производительности.
Чтобы отключить эту функцию, удалите параметр реестра [HKLM\Software\Microsoft\Fusion!EnableLog].

TpTrace Warning: 0 : 13832, 3, 2022/05/13, 17:04:50.076, 845458433539, testhost.net472.x86.exe, TestPluginDiscoverer: Failed to load extensions from file 'C:\Program Files\dotnet\sdk\6.0.202\Extensions\Microsoft.VisualStudio.TestPlatform.Extensions.Trx.TestLogger.dll'.  Skipping test extension scan for this file.  Error: System.IO.FileNotFoundException: Не удалось загрузить файл или сборку "Microsoft.VisualStudio.TestPlatform.Extensions.Trx.TestLogger" либо одну из их зависимостей. Не удается найти указанный файл.
Имя файла: 'Microsoft.VisualStudio.TestPlatform.Extensions.Trx.TestLogger'
   в System.Reflection.RuntimeAssembly._nLoad(AssemblyName fileName, String codeBase, Evidence assemblySecurity, RuntimeAssembly locationHint, StackCrawlMark& stackMark, IntPtr pPrivHostBinder, Boolean throwOnFileNotFound, Boolean forIntrospection, Boolean suppressSecurityChecks)
   в System.Reflection.RuntimeAssembly.nLoad(AssemblyName fileName, String codeBase, Evidence assemblySecurity, RuntimeAssembly locationHint, StackCrawlMark& stackMark, IntPtr pPrivHostBinder, Boolean throwOnFileNotFound, Boolean forIntrospection, Boolean suppressSecurityChecks)
   в System.Reflection.RuntimeAssembly.InternalLoadAssemblyName(AssemblyName assemblyRef, Evidence assemblySecurity, RuntimeAssembly reqAssembly, StackCrawlMark& stackMark, IntPtr pPrivHostBinder, Boolean throwOnFileNotFound, Boolean forIntrospection, Boolean suppressSecurityChecks)
   в System.Reflection.Assembly.Load(AssemblyName assemblyRef)
   в Microsoft.VisualStudio.TestPlatform.Common.ExtensionFramework.TestPluginDiscoverer.GetTestExtensionsFromFiles[TPluginInfo,TExtension](String[] files, Dictionary`2 pluginInfos)

Предупреждение: регистрация привязки сборок выключена.
Чтобы включить регистрацию ошибок привязки сборок, установите значение параметра реестра [HKLM\Software\Microsoft\Fusion!EnableLog] (DWORD) в 1.
Примечание. Регистрация ошибок привязки сборок может привести к некоторому снижению производительности.
Чтобы отключить эту функцию, удалите параметр реестра [HKLM\Software\Microsoft\Fusion!EnableLog].

TpTrace Verbose: 0 : 13832, 3, 2022/05/13, 17:04:50.080, 845458475634, testhost.net472.x86.exe, TestPluginCache: Discovered the extensions using extension path ''.
TpTrace Verbose: 0 : 13832, 3, 2022/05/13, 17:04:50.080, 845458477516, testhost.net472.x86.exe, TestPluginCache: Discoverers are 'Xunit.Runner.VisualStudio.VsTestRunner, xunit.runner.visualstudio.testadapter, Version=2.4.0.0, Culture=neutral, PublicKeyToken=8d05b1bb7a6fdb6c'.
TpTrace Verbose: 0 : 13832, 3, 2022/05/13, 17:04:50.080, 845458478970, testhost.net472.x86.exe, TestPluginCache: Executors are 'executor://xunit/VsTestRunner2/net'.
TpTrace Verbose: 0 : 13832, 3, 2022/05/13, 17:04:50.080, 845458480151, testhost.net472.x86.exe, TestPluginCache: Executors2 are ''.
TpTrace Verbose: 0 : 13832, 3, 2022/05/13, 17:04:50.081, 845458482117, testhost.net472.x86.exe, TestPluginCache: Setting providers are ''.
TpTrace Verbose: 0 : 13832, 3, 2022/05/13, 17:04:50.081, 845458483269, testhost.net472.x86.exe, TestPluginCache: Loggers are ''.
TpTrace Information: 0 : 13832, 3, 2022/05/13, 17:04:50.138, 845459052470, testhost.net472.x86.exe, PEReaderHelper.GetAssemblyType: Determined assemblyType:'Managed' for source: 'E:\CS\APPZ\lab_4\TestingBussinesLogic\bin\Debug\net472\fine-code-coverage\build-output\TestingBussinesLogic.dll'
TpTrace Verbose: 0 : 13832, 3, 2022/05/13, 17:04:50.144, 845459115406, testhost.net472.x86.exe, BaseRunTests.RunTestInternalWithExecutors: Running tests for executor://xunit/VsTestRunner2/net
TpTrace Verbose: 0 : 13832, 3, 2022/05/13, 17:04:50.145, 845459124402, testhost.net472.x86.exe, BaseRunTests.TryToRunInSTAThread: Using STA thread to call adapter API.
TpTrace Information: 0 : 13832, 13, 2022/05/13, 17:04:50.158, 845459249583, testhost.net472.x86.exe, [xUnit.net 00:00:00.00] xUnit.net VSTest Adapter v2.4.3+1b45f5407b (32-bit Desktop .NET 4.0.30319.42000)
TpTrace Verbose: 0 : 13832, 13, 2022/05/13, 17:04:50.158, 845459251475, testhost.net472.x86.exe, TestRequestHandler.SendData:  sending data from testhost: {"Version":5,"MessageType":"TestSession.Message","Payload":{"MessageLevel":0,"Message":"[xUnit.net 00:00:00.00] xUnit.net VSTest Adapter v2.4.3+1b45f5407b (32-bit Desktop .NET 4.0.30319.42000)"}}
TpTrace Information: 0 : 13832, 13, 2022/05/13, 17:04:50.227, 845459945577, testhost.net472.x86.exe, AssemblyResolver.OnResolve: xunit.runner.utility.net452, Version=2.4.1.0, Culture=neutral, PublicKeyToken=8d05b1bb7a6fdb6c: Resolving assembly.
TpTrace Information: 0 : 13832, 13, 2022/05/13, 17:04:50.227, 845459947311, testhost.net472.x86.exe, AssemblyResolver.OnResolve: xunit.runner.utility.net452, Version=2.4.1.0, Culture=neutral, PublicKeyToken=8d05b1bb7a6fdb6c: Searching in: 'C:\Program Files\dotnet\sdk\6.0.202\Extensions'.
TpTrace Information: 0 : 13832, 13, 2022/05/13, 17:04:50.228, 845459948679, testhost.net472.x86.exe, AssemblyResolver.OnResolve: xunit.runner.utility.net452, Version=2.4.1.0, Culture=neutral, PublicKeyToken=8d05b1bb7a6fdb6c: Assembly path does not exist: 'C:\Program Files\dotnet\sdk\6.0.202\Extensions\xunit.runner.utility.net452.dll', returning.
TpTrace Information: 0 : 13832, 13, 2022/05/13, 17:04:50.228, 845459949890, testhost.net472.x86.exe, AssemblyResolver.OnResolve: xunit.runner.utility.net452, Version=2.4.1.0, Culture=neutral, PublicKeyToken=8d05b1bb7a6fdb6c: Assembly path does not exist: 'C:\Program Files\dotnet\sdk\6.0.202\Extensions\xunit.runner.utility.net452.exe', returning.
TpTrace Information: 0 : 13832, 13, 2022/05/13, 17:04:50.228, 845459950854, testhost.net472.x86.exe, AssemblyResolver.OnResolve: xunit.runner.utility.net452, Version=2.4.1.0, Culture=neutral, PublicKeyToken=8d05b1bb7a6fdb6c: Searching in: 'E:\CS\APPZ\lab_4\TestingBussinesLogic\bin\Debug\net472\fine-code-coverage\build-output'.
TpTrace Information: 0 : 13832, 13, 2022/05/13, 17:04:50.228, 845459955163, testhost.net472.x86.exe, AssemblyResolver.OnResolve: xunit.runner.utility.net452, Version=2.4.1.0, Culture=neutral, PublicKeyToken=8d05b1bb7a6fdb6c: Loading assembly 'E:\CS\APPZ\lab_4\TestingBussinesLogic\bin\Debug\net472\fine-code-coverage\build-output\xunit.runner.utility.net452.dll'.
TpTrace Information: 0 : 13832, 13, 2022/05/13, 17:04:50.230, 845459970629, testhost.net472.x86.exe, AssemblyResolver.OnResolve: Resolved assembly: xunit.runner.utility.net452, Version=2.4.1.0, Culture=neutral, PublicKeyToken=8d05b1bb7a6fdb6c, from path: E:\CS\APPZ\lab_4\TestingBussinesLogic\bin\Debug\net472\fine-code-coverage\build-output\xunit.runner.utility.net452.dll
TpTrace Information: 0 : 13832, 13, 2022/05/13, 17:04:50.230, 845459975398, testhost.net472.x86.exe, AssemblyResolver.OnResolve: xunit.abstractions, Version=2.0.0.0, Culture=neutral, PublicKeyToken=8d05b1bb7a6fdb6c: Resolving assembly.
TpTrace Information: 0 : 13832, 13, 2022/05/13, 17:04:50.231, 845459980818, testhost.net472.x86.exe, AssemblyResolver.OnResolve: xunit.abstractions, Version=2.0.0.0, Culture=neutral, PublicKeyToken=8d05b1bb7a6fdb6c: Searching in: 'C:\Program Files\dotnet\sdk\6.0.202\Extensions'.
TpTrace Information: 0 : 13832, 13, 2022/05/13, 17:04:50.232, 845459988125, testhost.net472.x86.exe, AssemblyResolver.OnResolve: xunit.abstractions, Version=2.0.0.0, Culture=neutral, PublicKeyToken=8d05b1bb7a6fdb6c: Assembly path does not exist: 'C:\Program Files\dotnet\sdk\6.0.202\Extensions\xunit.abstractions.dll', returning.
TpTrace Information: 0 : 13832, 13, 2022/05/13, 17:04:50.232, 845459993500, testhost.net472.x86.exe, AssemblyResolver.OnResolve: xunit.abstractions, Version=2.0.0.0, Culture=neutral, PublicKeyToken=8d05b1bb7a6fdb6c: Assembly path does not exist: 'C:\Program Files\dotnet\sdk\6.0.202\Extensions\xunit.abstractions.exe', returning.
TpTrace Information: 0 : 13832, 13, 2022/05/13, 17:04:50.232, 845459996511, testhost.net472.x86.exe, AssemblyResolver.OnResolve: xunit.abstractions, Version=2.0.0.0, Culture=neutral, PublicKeyToken=8d05b1bb7a6fdb6c: Searching in: 'E:\CS\APPZ\lab_4\TestingBussinesLogic\bin\Debug\net472\fine-code-coverage\build-output'.
TpTrace Information: 0 : 13832, 13, 2022/05/13, 17:04:50.233, 845460003239, testhost.net472.x86.exe, AssemblyResolver.OnResolve: xunit.abstractions, Version=2.0.0.0, Culture=neutral, PublicKeyToken=8d05b1bb7a6fdb6c: Loading assembly 'E:\CS\APPZ\lab_4\TestingBussinesLogic\bin\Debug\net472\fine-code-coverage\build-output\xunit.abstractions.dll'.
TpTrace Information: 0 : 13832, 13, 2022/05/13, 17:04:50.234, 845460009537, testhost.net472.x86.exe, AssemblyResolver.OnResolve: Resolved assembly: xunit.abstractions, Version=2.0.0.0, Culture=neutral, PublicKeyToken=8d05b1bb7a6fdb6c, from path: E:\CS\APPZ\lab_4\TestingBussinesLogic\bin\Debug\net472\fine-code-coverage\build-output\xunit.abstractions.dll
TpTrace Information: 0 : 13832, 13, 2022/05/13, 17:04:50.467, 845462346987, testhost.net472.x86.exe, [xUnit.net 00:00:00.31]   Discovering: TestingBussinesLogic
TpTrace Verbose: 0 : 13832, 13, 2022/05/13, 17:04:50.467, 845462349055, testhost.net472.x86.exe, TestRequestHandler.SendData:  sending data from testhost: {"Version":5,"MessageType":"TestSession.Message","Payload":{"MessageLevel":0,"Message":"[xUnit.net 00:00:00.31]   Discovering: TestingBussinesLogic"}}
TpTrace Information: 0 : 13832, 13, 2022/05/13, 17:04:50.543, 845463101026, testhost.net472.x86.exe, [xUnit.net 00:00:00.38]   Discovered:  TestingBussinesLogic
TpTrace Verbose: 0 : 13832, 13, 2022/05/13, 17:04:50.543, 845463102426, testhost.net472.x86.exe, TestRequestHandler.SendData:  sending data from testhost: {"Version":5,"MessageType":"TestSession.Message","Payload":{"MessageLevel":0,"Message":"[xUnit.net 00:00:00.38]   Discovered:  TestingBussinesLogic"}}
TpTrace Information: 0 : 13832, 13, 2022/05/13, 17:04:50.546, 845463134765, testhost.net472.x86.exe, [xUnit.net 00:00:00.39]   Starting:    TestingBussinesLogic
TpTrace Verbose: 0 : 13832, 13, 2022/05/13, 17:04:50.546, 845463135942, testhost.net472.x86.exe, TestRequestHandler.SendData:  sending data from testhost: {"Version":5,"MessageType":"TestSession.Message","Payload":{"MessageLevel":0,"Message":"[xUnit.net 00:00:00.39]   Starting:    TestingBussinesLogic"}}
TpTrace Information: 0 : 13832, 13, 2022/05/13, 17:04:50.550, 845463178821, testhost.net472.x86.exe, AssemblyResolver.OnResolve: xunit.execution.desktop, Version=2.4.1.0, Culture=neutral, PublicKeyToken=8d05b1bb7a6fdb6c: Resolving assembly.
TpTrace Information: 0 : 13832, 13, 2022/05/13, 17:04:50.551, 845463180458, testhost.net472.x86.exe, AssemblyResolver.OnResolve: xunit.execution.desktop, Version=2.4.1.0, Culture=neutral, PublicKeyToken=8d05b1bb7a6fdb6c: Searching in: 'C:\Program Files\dotnet\sdk\6.0.202\Extensions'.
TpTrace Information: 0 : 13832, 13, 2022/05/13, 17:04:50.551, 845463182001, testhost.net472.x86.exe, AssemblyResolver.OnResolve: xunit.execution.desktop, Version=2.4.1.0, Culture=neutral, PublicKeyToken=8d05b1bb7a6fdb6c: Assembly path does not exist: 'C:\Program Files\dotnet\sdk\6.0.202\Extensions\xunit.execution.desktop.dll', returning.
TpTrace Information: 0 : 13832, 13, 2022/05/13, 17:04:50.551, 845463182986, testhost.net472.x86.exe, AssemblyResolver.OnResolve: xunit.execution.desktop, Version=2.4.1.0, Culture=neutral, PublicKeyToken=8d05b1bb7a6fdb6c: Assembly path does not exist: 'C:\Program Files\dotnet\sdk\6.0.202\Extensions\xunit.execution.desktop.exe', returning.
TpTrace Information: 0 : 13832, 13, 2022/05/13, 17:04:50.551, 845463183707, testhost.net472.x86.exe, AssemblyResolver.OnResolve: xunit.execution.desktop, Version=2.4.1.0, Culture=neutral, PublicKeyToken=8d05b1bb7a6fdb6c: Searching in: 'E:\CS\APPZ\lab_4\TestingBussinesLogic\bin\Debug\net472\fine-code-coverage\build-output'.
TpTrace Information: 0 : 13832, 13, 2022/05/13, 17:04:50.551, 845463188730, testhost.net472.x86.exe, AssemblyResolver.OnResolve: xunit.execution.desktop, Version=2.4.1.0, Culture=neutral, PublicKeyToken=8d05b1bb7a6fdb6c: Loading assembly 'E:\CS\APPZ\lab_4\TestingBussinesLogic\bin\Debug\net472\fine-code-coverage\build-output\xunit.execution.desktop.dll'.
TpTrace Information: 0 : 13832, 13, 2022/05/13, 17:04:50.552, 845463194314, testhost.net472.x86.exe, AssemblyResolver.OnResolve: Resolved assembly: xunit.execution.desktop, Version=2.4.1.0, Culture=neutral, PublicKeyToken=8d05b1bb7a6fdb6c, from path: E:\CS\APPZ\lab_4\TestingBussinesLogic\bin\Debug\net472\fine-code-coverage\build-output\xunit.execution.desktop.dll
TpTrace Information: 0 : 13832, 13, 2022/05/13, 17:04:50.552, 845463195863, testhost.net472.x86.exe, AssemblyResolver.OnResolve: xunit.execution.desktop, Version=2.4.1.0, Culture=neutral, PublicKeyToken=8d05b1bb7a6fdb6c: Resolving assembly.
TpTrace Information: 0 : 13832, 13, 2022/05/13, 17:04:50.552, 845463196577, testhost.net472.x86.exe, AssemblyResolver.OnResolve: xunit.execution.desktop, Version=2.4.1.0, Culture=neutral, PublicKeyToken=8d05b1bb7a6fdb6c: Resolved from cache.
TpTrace Information: 0 : 13832, 13, 2022/05/13, 17:04:50.552, 845463199479, testhost.net472.x86.exe, AssemblyResolver.OnResolve: xunit.abstractions, Version=2.0.0.0, Culture=neutral, PublicKeyToken=8d05b1bb7a6fdb6c: Resolving assembly.
TpTrace Information: 0 : 13832, 13, 2022/05/13, 17:04:50.552, 845463200208, testhost.net472.x86.exe, AssemblyResolver.OnResolve: xunit.abstractions, Version=2.0.0.0, Culture=neutral, PublicKeyToken=8d05b1bb7a6fdb6c: Resolved from cache.
TpTrace Information: 0 : 13832, 13, 2022/05/13, 17:04:50.553, 845463206551, testhost.net472.x86.exe, AssemblyResolver.OnResolve: xunit.core, Version=2.4.1.0, Culture=neutral, PublicKeyToken=8d05b1bb7a6fdb6c: Resolving assembly.
TpTrace Information: 0 : 13832, 13, 2022/05/13, 17:04:50.553, 845463207826, testhost.net472.x86.exe, AssemblyResolver.OnResolve: xunit.core, Version=2.4.1.0, Culture=neutral, PublicKeyToken=8d05b1bb7a6fdb6c: Searching in: 'C:\Program Files\dotnet\sdk\6.0.202\Extensions'.
TpTrace Information: 0 : 13832, 13, 2022/05/13, 17:04:50.553, 845463209434, testhost.net472.x86.exe, AssemblyResolver.OnResolve: xunit.core, Version=2.4.1.0, Culture=neutral, PublicKeyToken=8d05b1bb7a6fdb6c: Assembly path does not exist: 'C:\Program Files\dotnet\sdk\6.0.202\Extensions\xunit.core.dll', returning.
TpTrace Information: 0 : 13832, 13, 2022/05/13, 17:04:50.554, 845463210475, testhost.net472.x86.exe, AssemblyResolver.OnResolve: xunit.core, Version=2.4.1.0, Culture=neutral, PublicKeyToken=8d05b1bb7a6fdb6c: Assembly path does not exist: 'C:\Program Files\dotnet\sdk\6.0.202\Extensions\xunit.core.exe', returning.
TpTrace Information: 0 : 13832, 13, 2022/05/13, 17:04:50.554, 845463211116, testhost.net472.x86.exe, AssemblyResolver.OnResolve: xunit.core, Version=2.4.1.0, Culture=neutral, PublicKeyToken=8d05b1bb7a6fdb6c: Searching in: 'E:\CS\APPZ\lab_4\TestingBussinesLogic\bin\Debug\net472\fine-code-coverage\build-output'.
TpTrace Information: 0 : 13832, 13, 2022/05/13, 17:04:50.554, 845463214963, testhost.net472.x86.exe, AssemblyResolver.OnResolve: xunit.core, Version=2.4.1.0, Culture=neutral, PublicKeyToken=8d05b1bb7a6fdb6c: Loading assembly 'E:\CS\APPZ\lab_4\TestingBussinesLogic\bin\Debug\net472\fine-code-coverage\build-output\xunit.core.dll'.
TpTrace Information: 0 : 13832, 13, 2022/05/13, 17:04:50.554, 845463219558, testhost.net472.x86.exe, AssemblyResolver.OnResolve: Resolved assembly: xunit.core, Version=2.4.1.0, Culture=neutral, PublicKeyToken=8d05b1bb7a6fdb6c, from path: E:\CS\APPZ\lab_4\TestingBussinesLogic\bin\Debug\net472\fine-code-coverage\build-output\xunit.core.dll
TpTrace Information: 0 : 13832, 13, 2022/05/13, 17:04:50.555, 845463223170, testhost.net472.x86.exe, AssemblyResolver.OnResolve: xunit.abstractions, Version=2.0.0.0, Culture=neutral, PublicKeyToken=8d05b1bb7a6fdb6c: Resolving assembly.
TpTrace Information: 0 : 13832, 13, 2022/05/13, 17:04:50.555, 845463223877, testhost.net472.x86.exe, AssemblyResolver.OnResolve: xunit.abstractions, Version=2.0.0.0, Culture=neutral, PublicKeyToken=8d05b1bb7a6fdb6c: Resolved from cache.
TpTrace Verbose: 0 : 13832, 16, 2022/05/13, 17:04:50.617, 845463839982, testhost.net472.x86.exe, TestExecutionRecorder.RecordStart: Starting test: TestingBussinesLogic.TestCartLogic.GetCartWihtId.
TpTrace Verbose: 0 : 13832, 16, 2022/05/13, 17:04:50.642, 845464096313, testhost.net472.x86.exe, TestExecutionRecorder.RecordStart: Starting test: TestingBussinesLogic.TestClubsLogic.GetClubs.
TpTrace Verbose: 0 : 13832, 16, 2022/05/13, 17:04:50.644, 845464108589, testhost.net472.x86.exe, TestExecutionRecorder.RecordStart: Starting test: TestingBussinesLogic.TestClubLogic.VisitClub_with_ClubCart_return_true.
TpTrace Verbose: 0 : 13832, 7, 2022/05/13, 17:04:50.916, 845466830388, testhost.net472.x86.exe, TcpClientExtensions.MessageLoopAsync: Polling on remoteEndPoint: 127.0.0.1:55938 localEndPoint: 127.0.0.1:55939
TpTrace Verbose: 0 : 13832, 16, 2022/05/13, 17:04:50.966, 845467335624, testhost.net472.x86.exe, TestExecutionRecorder.RecordResult: Received result for test: TestingBussinesLogic.TestClubLogic.VisitClub_with_ClubCart_return_true.
TpTrace Verbose: 0 : 13832, 16, 2022/05/13, 17:04:50.986, 845467531649, testhost.net472.x86.exe, TestExecutionRecorder.RecordEnd: test: TestingBussinesLogic.TestClubLogic.VisitClub_with_ClubCart_return_true execution completed.
TpTrace Verbose: 0 : 13832, 16, 2022/05/13, 17:04:50.987, 845467538446, testhost.net472.x86.exe, TestExecutionRecorder.RecordStart: Starting test: TestingBussinesLogic.TestClubLogic.VisitClub_without_cart.
TpTrace Verbose: 0 : 13832, 16, 2022/05/13, 17:04:50.988, 845467553405, testhost.net472.x86.exe, TestExecutionRecorder.RecordResult: Received result for test: TestingBussinesLogic.TestClubLogic.VisitClub_without_cart.
TpTrace Verbose: 0 : 13832, 16, 2022/05/13, 17:04:50.989, 845467565348, testhost.net472.x86.exe, TestExecutionRecorder.RecordEnd: test: TestingBussinesLogic.TestClubLogic.VisitClub_without_cart execution completed.
TpTrace Verbose: 0 : 13832, 16, 2022/05/13, 17:04:50.990, 845467570432, testhost.net472.x86.exe, TestExecutionRecorder.RecordStart: Starting test: TestingBussinesLogic.TestClubLogic.SingUp_With_Cart_return_false.
TpTrace Verbose: 0 : 13832, 16, 2022/05/13, 17:04:50.991, 845467584103, testhost.net472.x86.exe, TestExecutionRecorder.RecordResult: Received result for test: TestingBussinesLogic.TestClubLogic.SingUp_With_Cart_return_false.
TpTrace Verbose: 0 : 13832, 16, 2022/05/13, 17:04:50.992, 845467594332, testhost.net472.x86.exe, TestExecutionRecorder.RecordEnd: test: TestingBussinesLogic.TestClubLogic.SingUp_With_Cart_return_false execution completed.
TpTrace Verbose: 0 : 13832, 16, 2022/05/13, 17:04:50.993, 845467598757, testhost.net472.x86.exe, TestExecutionRecorder.RecordStart: Starting test: TestingBussinesLogic.TestClubLogic.GetClubInfo.
TpTrace Verbose: 0 : 13832, 16, 2022/05/13, 17:04:50.994, 845467613158, testhost.net472.x86.exe, TestExecutionRecorder.RecordResult: Received result for test: TestingBussinesLogic.TestClubLogic.GetClubInfo.
TpTrace Verbose: 0 : 13832, 16, 2022/05/13, 17:04:50.995, 845467625481, testhost.net472.x86.exe, TestExecutionRecorder.RecordEnd: test: TestingBussinesLogic.TestClubLogic.GetClubInfo execution completed.
TpTrace Verbose: 0 : 13832, 16, 2022/05/13, 17:04:50.996, 845467629940, testhost.net472.x86.exe, TestExecutionRecorder.RecordStart: Starting test: TestingBussinesLogic.TestClubLogic.BuyClubCart.
TpTrace Verbose: 0 : 13832, 16, 2022/05/13, 17:04:51.009, 845467766227, testhost.net472.x86.exe, TestExecutionRecorder.RecordResult: Received result for test: TestingBussinesLogic.TestClubsLogic.GetClubs.
TpTrace Verbose: 0 : 13832, 16, 2022/05/13, 17:04:51.011, 845467782491, testhost.net472.x86.exe, TestExecutionRecorder.RecordEnd: test: TestingBussinesLogic.TestClubsLogic.GetClubs execution completed.
TpTrace Verbose: 0 : 13832, 16, 2022/05/13, 17:04:51.012, 845467787906, testhost.net472.x86.exe, TestExecutionRecorder.RecordStart: Starting test: TestingBussinesLogic.TestClubsLogic.CreateClub.
TpTrace Verbose: 0 : 13832, 16, 2022/05/13, 17:04:51.013, 845467804349, testhost.net472.x86.exe, TestExecutionRecorder.RecordResult: Received result for test: TestingBussinesLogic.TestCartLogic.GetCartWihtId.
TpTrace Verbose: 0 : 13832, 16, 2022/05/13, 17:04:51.015, 845467818355, testhost.net472.x86.exe, TestExecutionRecorder.RecordEnd: test: TestingBussinesLogic.TestCartLogic.GetCartWihtId execution completed.
TpTrace Verbose: 0 : 13832, 16, 2022/05/13, 17:04:51.015, 845467826614, testhost.net472.x86.exe, TestExecutionRecorder.RecordResult: Received result for test: TestingBussinesLogic.TestClubLogic.BuyClubCart.
TpTrace Verbose: 0 : 13832, 16, 2022/05/13, 17:04:51.017, 845467840832, testhost.net472.x86.exe, TestExecutionRecorder.RecordEnd: test: TestingBussinesLogic.TestClubLogic.BuyClubCart execution completed.
TpTrace Verbose: 0 : 13832, 16, 2022/05/13, 17:04:51.017, 845467844107, testhost.net472.x86.exe, TestExecutionRecorder.RecordStart: Starting test: TestingBussinesLogic.TestCartLogic.GetCarts.
TpTrace Verbose: 0 : 13832, 16, 2022/05/13, 17:04:51.018, 845467856900, testhost.net472.x86.exe, TestExecutionRecorder.RecordStart: Starting test: TestingBussinesLogic.TestClubLogic.VisitClub_with_TempCart_return_true.
TpTrace Information: 0 : 13832, 16, 2022/05/13, 17:04:51.021, 845467879466, testhost.net472.x86.exe, Sending test run statistics
TpTrace Verbose: 0 : 13832, 16, 2022/05/13, 17:04:51.043, 845468100078, testhost.net472.x86.exe, TestRequestHandler.SendData:  sending data from testhost: {"Version":5,"MessageType":"TestExecution.StatsChange","Payload":{"NewTestResults":[{"TestCase":{"Id":"fbd1704b-f445-0dec-09cb-4817b41ca3cc","FullyQualifiedName":"TestingBussinesLogic.TestClubLogic.VisitClub_with_ClubCart_return_true","DisplayName":"TestingBussinesLogic.TestClubLogic.VisitClub_with_ClubCart_return_true","ExecutorUri":"executor://xunit/VsTestRunner2/net","Source":"E:\\CS\\APPZ\\lab_4\\TestingBussinesLogic\\bin\\Debug\\net472\\fine-code-coverage\\build-output\\TestingBussinesLogic.dll","CodeFilePath":null,"LineNumber":0,"Properties":[]},"Attachments":[],"Outcome":1,"ErrorMessage":null,"ErrorStackTrace":null,"DisplayName":"TestingBussinesLogic.TestClubLogic.VisitClub_with_ClubCart_return_true","Messages":[],"ComputerName":"DESKTOP-51G97IS","Duration":"00:00:00.3160000","StartTime":"2022-05-13T14:04:50.9655233+00:00","EndTime":"2022-05-13T14:04:50.9655233+00:00","Properties":[]},{"TestCase":{"Id":"19e7ad57-af7c-2bbb-ffa4-49827f49db26","FullyQualifiedName":"TestingBussinesLogic.TestClubLogic.VisitClub_without_cart","DisplayName":"TestingBussinesLogic.TestClubLogic.VisitClub_without_cart","ExecutorUri":"executor://xunit/VsTestRunner2/net","Source":"E:\\CS\\APPZ\\lab_4\\TestingBussinesLogic\\bin\\Debug\\net472\\fine-code-coverage\\build-output\\TestingBussinesLogic.dll","CodeFilePath":null,"LineNumber":0,"Properties":[]},"Attachments":[],"Outcome":1,"ErrorMessage":null,"ErrorStackTrace":null,"DisplayName":"TestingBussinesLogic.TestClubLogic.VisitClub_without_cart","Messages":[],"ComputerName":"DESKTOP-51G97IS","Duration":"00:00:00.0020000","StartTime":"2022-05-13T14:04:50.9884617+00:00","EndTime":"2022-05-13T14:04:50.9884617+00:00","Properties":[]},{"TestCase":{"Id":"4c47e10d-404f-3b46-de85-162d93c8a9df","FullyQualifiedName":"TestingBussinesLogic.TestClubLogic.SingUp_With_Cart_return_false","DisplayName":"TestingBussinesLogic.TestClubLogic.SingUp_With_Cart_return_false","ExecutorUri":"executor://xunit/VsTestRunner2/net","Source":"E:\\CS\\APPZ\\lab_4\\TestingBussinesLogic\\bin\\Debug\\net472\\fine-code-coverage\\build-output\\TestingBussinesLogic.dll","CodeFilePath":null,"LineNumber":0,"Properties":[]},"Attachments":[],"Outcome":1,"ErrorMessage":null,"ErrorStackTrace":null,"DisplayName":"TestingBussinesLogic.TestClubLogic.SingUp_With_Cart_return_false","Messages":[],"ComputerName":"DESKTOP-51G97IS","Duration":"00:00:00.0020000","StartTime":"2022-05-13T14:04:50.9914553+00:00","EndTime":"2022-05-13T14:04:50.9914553+00:00","Properties":[]},{"TestCase":{"Id":"313f5adc-972b-ed66-054b-37f49240c8db","FullyQualifiedName":"TestingBussinesLogic.TestClubLogic.GetClubInfo","DisplayName":"TestingBussinesLogic.TestClubLogic.GetClubInfo","ExecutorUri":"executor://xunit/VsTestRunner2/net","Source":"E:\\CS\\APPZ\\lab_4\\TestingBussinesLogic\\bin\\Debug\\net472\\fine-code-coverage\\build-output\\TestingBussinesLogic.dll","CodeFilePath":null,"LineNumber":0,"Properties":[]},"Attachments":[],"Outcome":1,"ErrorMessage":null,"ErrorStackTrace":null,"DisplayName":"TestingBussinesLogic.TestClubLogic.GetClubInfo","Messages":[],"ComputerName":"DESKTOP-51G97IS","Duration":"00:00:00.0020000","StartTime":"2022-05-13T14:04:50.9944795+00:00","EndTime":"2022-05-13T14:04:50.9944795+00:00","Properties":[]},{"TestCase":{"Id":"98d0fcdf-1b2d-6cd3-419c-585624eb7b35","FullyQualifiedName":"TestingBussinesLogic.TestClubsLogic.GetClubs","DisplayName":"TestingBussinesLogic.TestClubsLogic.GetClubs","ExecutorUri":"executor://xunit/VsTestRunner2/net","Source":"E:\\CS\\APPZ\\lab_4\\TestingBussinesLogic\\bin\\Debug\\net472\\fine-code-coverage\\build-output\\TestingBussinesLogic.dll","CodeFilePath":null,"LineNumber":0,"Properties":[]},"Attachments":[],"Outcome":1,"ErrorMessage":null,"ErrorStackTrace":null,"DisplayName":"TestingBussinesLogic.TestClubsLogic.GetClubs","Messages":[],"ComputerName":"DESKTOP-51G97IS","Duration":"00:00:00.3690000","StartTime":"2022-05-13T14:04:51.009405+00:00","EndTime":"2022-05-13T14:04:51.009405+00:00","Properties":[]},{"TestCase":{"Id":"fe76a4f9-97dc-ec34-58f2-aea01b417fe0","FullyQualifiedName":"TestingBussinesLogic.TestCartLogic.GetCartWihtId","DisplayName":"TestingBussinesLogic.TestCartLogic.GetCartWihtId","ExecutorUri":"executor://xunit/VsTestRunner2/net","Source":"E:\\CS\\APPZ\\lab_4\\TestingBussinesLogic\\bin\\Debug\\net472\\fine-code-coverage\\build-output\\TestingBussinesLogic.dll","CodeFilePath":null,"LineNumber":0,"Properties":[]},"Attachments":[],"Outcome":1,"ErrorMessage":null,"ErrorStackTrace":null,"DisplayName":"TestingBussinesLogic.TestCartLogic.GetCartWihtId","Messages":[],"ComputerName":"DESKTOP-51G97IS","Duration":"00:00:00.3720000","StartTime":"2022-05-13T14:04:51.0133967+00:00","EndTime":"2022-05-13T14:04:51.0133967+00:00","Properties":[]},{"TestCase":{"Id":"53debf74-d9cd-87f1-5869-da42f58fbf80","FullyQualifiedName":"TestingBussinesLogic.TestClubLogic.BuyClubCart","DisplayName":"TestingBussinesLogic.TestClubLogic.BuyClubCart","ExecutorUri":"executor://xunit/VsTestRunner2/net","Source":"E:\\CS\\APPZ\\lab_4\\TestingBussinesLogic\\bin\\Debug\\net472\\fine-code-coverage\\build-output\\TestingBussinesLogic.dll","CodeFilePath":null,"LineNumber":0,"Properties":[]},"Attachments":[],"Outcome":1,"ErrorMessage":null,"ErrorStackTrace":null,"DisplayName":"TestingBussinesLogic.TestClubLogic.BuyClubCart","Messages":[],"ComputerName":"DESKTOP-51G97IS","Duration":"00:00:00.0440000","StartTime":"2022-05-13T14:04:51.0153895+00:00","EndTime":"2022-05-13T14:04:51.0153895+00:00","Properties":[]}],"TestRunStatistics":{"ExecutedTests":7,"Stats":{"Passed":7}},"ActiveTests":[{"Id":"5580246b-abe2-684c-1835-d252533c0384","FullyQualifiedName":"TestingBussinesLogic.TestClubsLogic.CreateClub","DisplayName":"TestingBussinesLogic.TestClubsLogic.CreateClub","ExecutorUri":"executor://xunit/VsTestRunner2/net","Source":"E:\\CS\\APPZ\\lab_4\\TestingBussinesLogic\\bin\\Debug\\net472\\fine-code-coverage\\build-output\\TestingBussinesLogic.dll","CodeFilePath":null,"LineNumber":0,"Properties":[]},{"Id":"92c47885-9d82-ba32-7bbd-29f7ff701305","FullyQualifiedName":"TestingBussinesLogic.TestCartLogic.GetCarts","DisplayName":"TestingBussinesLogic.TestCartLogic.GetCarts","ExecutorUri":"executor://xunit/VsTestRunner2/net","Source":"E:\\CS\\APPZ\\lab_4\\TestingBussinesLogic\\bin\\Debug\\net472\\fine-code-coverage\\build-output\\TestingBussinesLogic.dll","CodeFilePath":null,"LineNumber":0,"Properties":[]},{"Id":"ea375a15-b03d-ce86-b496-a5fb30d6acfe","FullyQualifiedName":"TestingBussinesLogic.TestClubLogic.VisitClub_with_TempCart_return_true","DisplayName":"TestingBussinesLogic.TestClubLogic.VisitClub_with_TempCart_return_true","ExecutorUri":"executor://xunit/VsTestRunner2/net","Source":"E:\\CS\\APPZ\\lab_4\\TestingBussinesLogic\\bin\\Debug\\net472\\fine-code-coverage\\build-output\\TestingBussinesLogic.dll","CodeFilePath":null,"LineNumber":0,"Properties":[]}]}}
TpTrace Verbose: 0 : 13832, 16, 2022/05/13, 17:04:51.043, 845468103591, testhost.net472.x86.exe, TestRunCache: OnNewTestResult: Notified the onCacheHit callback.
TpTrace Verbose: 0 : 13832, 16, 2022/05/13, 17:04:51.044, 845468114894, testhost.net472.x86.exe, TestExecutionRecorder.RecordResult: Received result for test: TestingBussinesLogic.TestClubsLogic.CreateClub.
TpTrace Warning: 0 : 13832, 16, 2022/05/13, 17:04:51.045, 845468121575, testhost.net472.x86.exe, TestRunCache: InProgressTests is null
TpTrace Warning: 0 : 13832, 16, 2022/05/13, 17:04:51.045, 845468122500, testhost.net472.x86.exe, TestRunCache: No test found corresponding to testResult 'TestingBussinesLogic.TestClubsLogic.CreateClub' in inProgress list.
TpTrace Verbose: 0 : 13832, 16, 2022/05/13, 17:04:51.046, 845468128582, testhost.net472.x86.exe, TestExecutionRecorder.RecordEnd: test: TestingBussinesLogic.TestClubsLogic.CreateClub execution completed.
TpTrace Warning: 0 : 13832, 16, 2022/05/13, 17:04:51.046, 845468129506, testhost.net472.x86.exe, TestRunCache: InProgressTests is null
TpTrace Verbose: 0 : 13832, 16, 2022/05/13, 17:04:51.046, 845468136373, testhost.net472.x86.exe, TestExecutionRecorder.RecordStart: Starting test: TestingBussinesLogic.TestClubsLogic.DeleteClub.
TpTrace Verbose: 0 : 13832, 16, 2022/05/13, 17:04:51.048, 845468153486, testhost.net472.x86.exe, TestExecutionRecorder.RecordResult: Received result for test: TestingBussinesLogic.TestClubsLogic.DeleteClub.
TpTrace Verbose: 0 : 13832, 16, 2022/05/13, 17:04:51.049, 845468166053, testhost.net472.x86.exe, TestExecutionRecorder.RecordEnd: test: TestingBussinesLogic.TestClubsLogic.DeleteClub execution completed.
TpTrace Warning: 0 : 13832, 16, 2022/05/13, 17:04:51.050, 845468167397, testhost.net472.x86.exe, TestRunCache: InProgressTests is null
TpTrace Verbose: 0 : 13832, 16, 2022/05/13, 17:04:51.050, 845468172432, testhost.net472.x86.exe, TestExecutionRecorder.RecordStart: Starting test: TestingBussinesLogic.TestClubsLogic.SetClub.
TpTrace Verbose: 0 : 13832, 16, 2022/05/13, 17:04:51.052, 845468189766, testhost.net472.x86.exe, TestExecutionRecorder.RecordResult: Received result for test: TestingBussinesLogic.TestCartLogic.GetCarts.
TpTrace Warning: 0 : 13832, 16, 2022/05/13, 17:04:51.053, 845468199237, testhost.net472.x86.exe, TestRunCache: No test found corresponding to testResult 'TestingBussinesLogic.TestCartLogic.GetCarts' in inProgress list.
TpTrace Verbose: 0 : 13832, 16, 2022/05/13, 17:04:51.054, 845468207034, testhost.net472.x86.exe, TestExecutionRecorder.RecordEnd: test: TestingBussinesLogic.TestCartLogic.GetCarts execution completed.
TpTrace Verbose: 0 : 13832, 16, 2022/05/13, 17:04:51.054, 845468212180, testhost.net472.x86.exe, TestExecutionRecorder.RecordStart: Starting test: TestingBussinesLogic.TestCartLogic.RemoveCart.
TpTrace Verbose: 0 : 13832, 16, 2022/05/13, 17:04:51.055, 845468226197, testhost.net472.x86.exe, TestExecutionRecorder.RecordResult: Received result for test: TestingBussinesLogic.TestClubLogic.VisitClub_with_TempCart_return_true.
TpTrace Warning: 0 : 13832, 16, 2022/05/13, 17:04:51.056, 845468233199, testhost.net472.x86.exe, TestRunCache: No test found corresponding to testResult 'TestingBussinesLogic.TestClubLogic.VisitClub_with_TempCart_return_true' in inProgress list.
TpTrace Verbose: 0 : 13832, 16, 2022/05/13, 17:04:51.057, 845468239458, testhost.net472.x86.exe, TestExecutionRecorder.RecordEnd: test: TestingBussinesLogic.TestClubLogic.VisitClub_with_TempCart_return_true execution completed.
TpTrace Verbose: 0 : 13832, 16, 2022/05/13, 17:04:51.058, 845468247699, testhost.net472.x86.exe, TestExecutionRecorder.RecordStart: Starting test: TestingBussinesLogic.TestClubLogic.VisitClub_with_SpecialCart_return_true.
TpTrace Verbose: 0 : 13832, 16, 2022/05/13, 17:04:51.059, 845468263497, testhost.net472.x86.exe, TestExecutionRecorder.RecordResult: Received result for test: TestingBussinesLogic.TestClubLogic.VisitClub_with_SpecialCart_return_true.
TpTrace Verbose: 0 : 13832, 16, 2022/05/13, 17:04:51.060, 845468275083, testhost.net472.x86.exe, TestExecutionRecorder.RecordEnd: test: TestingBussinesLogic.TestClubLogic.VisitClub_with_SpecialCart_return_true execution completed.
TpTrace Verbose: 0 : 13832, 16, 2022/05/13, 17:04:51.061, 845468280180, testhost.net472.x86.exe, TestExecutionRecorder.RecordStart: Starting test: TestingBussinesLogic.TestClubLogic.BuySpecialCart.
TpTrace Verbose: 0 : 13832, 16, 2022/05/13, 17:04:51.062, 845468294986, testhost.net472.x86.exe, TestExecutionRecorder.RecordResult: Received result for test: TestingBussinesLogic.TestCartLogic.RemoveCart.
TpTrace Verbose: 0 : 13832, 16, 2022/05/13, 17:04:51.065, 845468323637, testhost.net472.x86.exe, TestExecutionRecorder.RecordEnd: test: TestingBussinesLogic.TestCartLogic.RemoveCart execution completed.
TpTrace Verbose: 0 : 13832, 16, 2022/05/13, 17:04:51.066, 845468331338, testhost.net472.x86.exe, TestExecutionRecorder.RecordStart: Starting test: TestingBussinesLogic.TestCartLogic.ChangeTimeTable.
TpTrace Verbose: 0 : 13832, 16, 2022/05/13, 17:04:51.068, 845468351777, testhost.net472.x86.exe, TestExecutionRecorder.RecordResult: Received result for test: TestingBussinesLogic.TestClubLogic.BuySpecialCart.
TpTrace Verbose: 0 : 13832, 16, 2022/05/13, 17:04:51.074, 845468414087, testhost.net472.x86.exe, TestExecutionRecorder.RecordEnd: test: TestingBussinesLogic.TestClubLogic.BuySpecialCart execution completed.
TpTrace Verbose: 0 : 13832, 16, 2022/05/13, 17:04:51.075, 845468419250, testhost.net472.x86.exe, TestExecutionRecorder.RecordStart: Starting test: TestingBussinesLogic.TestClubLogic.ChangeInfo.
TpTrace Information: 0 : 13832, 16, 2022/05/13, 17:04:51.075, 845468420239, testhost.net472.x86.exe, Sending test run statistics
TpTrace Verbose: 0 : 13832, 16, 2022/05/13, 17:04:51.075, 845468423477, testhost.net472.x86.exe, TestRequestHandler.SendData:  sending data from testhost: {"Version":5,"MessageType":"TestExecution.StatsChange","Payload":{"NewTestResults":[{"TestCase":{"Id":"5580246b-abe2-684c-1835-d252533c0384","FullyQualifiedName":"TestingBussinesLogic.TestClubsLogic.CreateClub","DisplayName":"TestingBussinesLogic.TestClubsLogic.CreateClub","ExecutorUri":"executor://xunit/VsTestRunner2/net","Source":"E:\\CS\\APPZ\\lab_4\\TestingBussinesLogic\\bin\\Debug\\net472\\fine-code-coverage\\build-output\\TestingBussinesLogic.dll","CodeFilePath":null,"LineNumber":0,"Properties":[]},"Attachments":[],"Outcome":1,"ErrorMessage":null,"ErrorStackTrace":null,"DisplayName":"TestingBussinesLogic.TestClubsLogic.CreateClub","Messages":[],"ComputerName":"DESKTOP-51G97IS","Duration":"00:00:00.0030000","StartTime":"2022-05-13T14:04:51.0443119+00:00","EndTime":"2022-05-13T14:04:51.0443119+00:00","Properties":[]},{"TestCase":{"Id":"a1611dfb-0839-a2d5-a716-45d4c76ee485","FullyQualifiedName":"TestingBussinesLogic.TestClubsLogic.DeleteClub","DisplayName":"TestingBussinesLogic.TestClubsLogic.DeleteClub","ExecutorUri":"executor://xunit/VsTestRunner2/net","Source":"E:\\CS\\APPZ\\lab_4\\TestingBussinesLogic\\bin\\Debug\\net472\\fine-code-coverage\\build-output\\TestingBussinesLogic.dll","CodeFilePath":null,"LineNumber":0,"Properties":[]},"Attachments":[],"Outcome":1,"ErrorMessage":null,"ErrorStackTrace":null,"DisplayName":"TestingBussinesLogic.TestClubsLogic.DeleteClub","Messages":[],"ComputerName":"DESKTOP-51G97IS","Duration":"00:00:00.0010000","StartTime":"2022-05-13T14:04:51.0483024+00:00","EndTime":"2022-05-13T14:04:51.0483024+00:00","Properties":[]},{"TestCase":{"Id":"92c47885-9d82-ba32-7bbd-29f7ff701305","FullyQualifiedName":"TestingBussinesLogic.TestCartLogic.GetCarts","DisplayName":"TestingBussinesLogic.TestCartLogic.GetCarts","ExecutorUri":"executor://xunit/VsTestRunner2/net","Source":"E:\\CS\\APPZ\\lab_4\\TestingBussinesLogic\\bin\\Debug\\net472\\fine-code-coverage\\build-output\\TestingBussinesLogic.dll","CodeFilePath":null,"LineNumber":0,"Properties":[]},"Attachments":[],"Outcome":1,"ErrorMessage":null,"ErrorStackTrace":null,"DisplayName":"TestingBussinesLogic.TestCartLogic.GetCarts","Messages":[],"ComputerName":"DESKTOP-51G97IS","Duration":"00:00:00.0020000","StartTime":"2022-05-13T14:04:51.0523051+00:00","EndTime":"2022-05-13T14:04:51.0523051+00:00","Properties":[]},{"TestCase":{"Id":"ea375a15-b03d-ce86-b496-a5fb30d6acfe","FullyQualifiedName":"TestingBussinesLogic.TestClubLogic.VisitClub_with_TempCart_return_true","DisplayName":"TestingBussinesLogic.TestClubLogic.VisitClub_with_TempCart_return_true","ExecutorUri":"executor://xunit/VsTestRunner2/net","Source":"E:\\CS\\APPZ\\lab_4\\TestingBussinesLogic\\bin\\Debug\\net472\\fine-code-coverage\\build-output\\TestingBussinesLogic.dll","CodeFilePath":null,"LineNumber":0,"Properties":[]},"Attachments":[],"Outcome":1,"ErrorMessage":null,"ErrorStackTrace":null,"DisplayName":"TestingBussinesLogic.TestClubLogic.VisitClub_with_TempCart_return_true","Messages":[],"ComputerName":"DESKTOP-51G97IS","Duration":"00:00:00.0030000","StartTime":"2022-05-13T14:04:51.0552832+00:00","EndTime":"2022-05-13T14:04:51.0552832+00:00","Properties":[]},{"TestCase":{"Id":"bab9b628-3a25-3269-41ee-336d81170367","FullyQualifiedName":"TestingBussinesLogic.TestClubLogic.VisitClub_with_SpecialCart_return_true","DisplayName":"TestingBussinesLogic.TestClubLogic.VisitClub_with_SpecialCart_return_true","ExecutorUri":"executor://xunit/VsTestRunner2/net","Source":"E:\\CS\\APPZ\\lab_4\\TestingBussinesLogic\\bin\\Debug\\net472\\fine-code-coverage\\build-output\\TestingBussinesLogic.dll","CodeFilePath":null,"LineNumber":0,"Properties":[]},"Attachments":[],"Outcome":1,"ErrorMessage":null,"ErrorStackTrace":null,"DisplayName":"TestingBussinesLogic.TestClubLogic.VisitClub_with_SpecialCart_return_true","Messages":[],"ComputerName":"DESKTOP-51G97IS","Duration":"00:00:00.0010000","StartTime":"2022-05-13T14:04:51.0592725+00:00","EndTime":"2022-05-13T14:04:51.0592725+00:00","Properties":[]},{"TestCase":{"Id":"3f079376-c9d6-566b-6206-0df0e19a8810","FullyQualifiedName":"TestingBussinesLogic.TestCartLogic.RemoveCart","DisplayName":"TestingBussinesLogic.TestCartLogic.RemoveCart","ExecutorUri":"executor://xunit/VsTestRunner2/net","Source":"E:\\CS\\APPZ\\lab_4\\TestingBussinesLogic\\bin\\Debug\\net472\\fine-code-coverage\\build-output\\TestingBussinesLogic.dll","CodeFilePath":null,"LineNumber":0,"Properties":[]},"Attachments":[],"Outcome":1,"ErrorMessage":null,"ErrorStackTrace":null,"DisplayName":"TestingBussinesLogic.TestCartLogic.RemoveCart","Messages":[],"ComputerName":"DESKTOP-51G97IS","Duration":"00:00:00.0020000","StartTime":"2022-05-13T14:04:51.0622655+00:00","EndTime":"2022-05-13T14:04:51.0622655+00:00","Properties":[]},{"TestCase":{"Id":"26505289-ba3b-7126-7c2c-e09636f936da","FullyQualifiedName":"TestingBussinesLogic.TestClubLogic.BuySpecialCart","DisplayName":"TestingBussinesLogic.TestClubLogic.BuySpecialCart","ExecutorUri":"executor://xunit/VsTestRunner2/net","Source":"E:\\CS\\APPZ\\lab_4\\TestingBussinesLogic\\bin\\Debug\\net472\\fine-code-coverage\\build-output\\TestingBussinesLogic.dll","CodeFilePath":null,"LineNumber":0,"Properties":[]},"Attachments":[],"Outcome":1,"ErrorMessage":null,"ErrorStackTrace":null,"DisplayName":"TestingBussinesLogic.TestClubLogic.BuySpecialCart","Messages":[],"ComputerName":"DESKTOP-51G97IS","Duration":"00:00:00.0010000","StartTime":"2022-05-13T14:04:51.0682481+00:00","EndTime":"2022-05-13T14:04:51.0682481+00:00","Properties":[]}],"TestRunStatistics":{"ExecutedTests":14,"Stats":{"Passed":14}},"ActiveTests":[{"Id":"47c54709-3326-7345-c9c8-89bbf74df8c6","FullyQualifiedName":"TestingBussinesLogic.TestClubsLogic.SetClub","DisplayName":"TestingBussinesLogic.TestClubsLogic.SetClub","ExecutorUri":"executor://xunit/VsTestRunner2/net","Source":"E:\\CS\\APPZ\\lab_4\\TestingBussinesLogic\\bin\\Debug\\net472\\fine-code-coverage\\build-output\\TestingBussinesLogic.dll","CodeFilePath":null,"LineNumber":0,"Properties":[]},{"Id":"6e0aa8b5-fae2-d427-0ca3-7e592615c749","FullyQualifiedName":"TestingBussinesLogic.TestCartLogic.ChangeTimeTable","DisplayName":"TestingBussinesLogic.TestCartLogic.ChangeTimeTable","ExecutorUri":"executor://xunit/VsTestRunner2/net","Source":"E:\\CS\\APPZ\\lab_4\\TestingBussinesLogic\\bin\\Debug\\net472\\fine-code-coverage\\build-output\\TestingBussinesLogic.dll","CodeFilePath":null,"LineNumber":0,"Properties":[]},{"Id":"036b2a30-4bae-2621-ee47-17b07e00ff3b","FullyQualifiedName":"TestingBussinesLogic.TestClubLogic.ChangeInfo","DisplayName":"TestingBussinesLogic.TestClubLogic.ChangeInfo","ExecutorUri":"executor://xunit/VsTestRunner2/net","Source":"E:\\CS\\APPZ\\lab_4\\TestingBussinesLogic\\bin\\Debug\\net472\\fine-code-coverage\\build-output\\TestingBussinesLogic.dll","CodeFilePath":null,"LineNumber":0,"Properties":[]}]}}
TpTrace Verbose: 0 : 13832, 16, 2022/05/13, 17:04:51.076, 845468425940, testhost.net472.x86.exe, TestRunCache: OnNewTestResult: Notified the onCacheHit callback.
TpTrace Verbose: 0 : 13832, 16, 2022/05/13, 17:04:51.077, 845468440018, testhost.net472.x86.exe, TestExecutionRecorder.RecordResult: Received result for test: TestingBussinesLogic.TestClubLogic.ChangeInfo.
TpTrace Warning: 0 : 13832, 16, 2022/05/13, 17:04:51.078, 845468446951, testhost.net472.x86.exe, TestRunCache: InProgressTests is null
TpTrace Warning: 0 : 13832, 16, 2022/05/13, 17:04:51.078, 845468447876, testhost.net472.x86.exe, TestRunCache: No test found corresponding to testResult 'TestingBussinesLogic.TestClubLogic.ChangeInfo' in inProgress list.
TpTrace Verbose: 0 : 13832, 16, 2022/05/13, 17:04:51.078, 845468451788, testhost.net472.x86.exe, TestExecutionRecorder.RecordEnd: test: TestingBussinesLogic.TestClubLogic.ChangeInfo execution completed.
TpTrace Warning: 0 : 13832, 16, 2022/05/13, 17:04:51.078, 845468452546, testhost.net472.x86.exe, TestRunCache: InProgressTests is null
TpTrace Verbose: 0 : 13832, 16, 2022/05/13, 17:04:51.079, 845468456843, testhost.net472.x86.exe, TestExecutionRecorder.RecordStart: Starting test: TestingBussinesLogic.TestClubLogic.SingUp_With_Cart_return_true.
TpTrace Verbose: 0 : 13832, 16, 2022/05/13, 17:04:51.080, 845468469458, testhost.net472.x86.exe, TestExecutionRecorder.RecordResult: Received result for test: TestingBussinesLogic.TestClubLogic.SingUp_With_Cart_return_true.
TpTrace Verbose: 0 : 13832, 16, 2022/05/13, 17:04:51.083, 845468500959, testhost.net472.x86.exe, TestExecutionRecorder.RecordEnd: test: TestingBussinesLogic.TestClubLogic.SingUp_With_Cart_return_true execution completed.
TpTrace Warning: 0 : 13832, 16, 2022/05/13, 17:04:51.083, 845468503384, testhost.net472.x86.exe, TestRunCache: InProgressTests is null
TpTrace Verbose: 0 : 13832, 16, 2022/05/13, 17:04:51.084, 845468509333, testhost.net472.x86.exe, TestExecutionRecorder.RecordStart: Starting test: TestingBussinesLogic.TestClubLogic.VisitClub_with_ClubCart_return_false.
TpTrace Verbose: 0 : 13832, 16, 2022/05/13, 17:04:51.086, 845468525852, testhost.net472.x86.exe, TestExecutionRecorder.RecordResult: Received result for test: TestingBussinesLogic.TestClubLogic.VisitClub_with_ClubCart_return_false.
TpTrace Verbose: 0 : 13832, 16, 2022/05/13, 17:04:51.087, 845468536094, testhost.net472.x86.exe, TestExecutionRecorder.RecordEnd: test: TestingBussinesLogic.TestClubLogic.VisitClub_with_ClubCart_return_false execution completed.
TpTrace Warning: 0 : 13832, 16, 2022/05/13, 17:04:51.087, 845468537832, testhost.net472.x86.exe, TestRunCache: InProgressTests is null
TpTrace Verbose: 0 : 13832, 16, 2022/05/13, 17:04:51.087, 845468544087, testhost.net472.x86.exe, TestExecutionRecorder.RecordStart: Starting test: TestingBussinesLogic.TestClubLogic.VisitClub_with_SpecialCart_return_false.
TpTrace Verbose: 0 : 13832, 16, 2022/05/13, 17:04:51.089, 845468557010, testhost.net472.x86.exe, TestExecutionRecorder.RecordResult: Received result for test: TestingBussinesLogic.TestClubLogic.VisitClub_with_SpecialCart_return_false.
TpTrace Verbose: 0 : 13832, 16, 2022/05/13, 17:04:51.090, 845468566338, testhost.net472.x86.exe, TestExecutionRecorder.RecordEnd: test: TestingBussinesLogic.TestClubLogic.VisitClub_with_SpecialCart_return_false execution completed.
TpTrace Warning: 0 : 13832, 16, 2022/05/13, 17:04:51.090, 845468567213, testhost.net472.x86.exe, TestRunCache: InProgressTests is null
TpTrace Verbose: 0 : 13832, 16, 2022/05/13, 17:04:51.090, 845468571626, testhost.net472.x86.exe, TestExecutionRecorder.RecordStart: Starting test: TestingBussinesLogic.TestClubLogic.SingUp_Without_Cart.
TpTrace Verbose: 0 : 13832, 16, 2022/05/13, 17:04:51.091, 845468583104, testhost.net472.x86.exe, TestExecutionRecorder.RecordResult: Received result for test: TestingBussinesLogic.TestClubLogic.SingUp_Without_Cart.
TpTrace Verbose: 0 : 13832, 16, 2022/05/13, 17:04:51.092, 845468591808, testhost.net472.x86.exe, TestExecutionRecorder.RecordEnd: test: TestingBussinesLogic.TestClubLogic.SingUp_Without_Cart execution completed.
TpTrace Warning: 0 : 13832, 16, 2022/05/13, 17:04:51.092, 845468592656, testhost.net472.x86.exe, TestRunCache: InProgressTests is null
TpTrace Verbose: 0 : 13832, 16, 2022/05/13, 17:04:51.093, 845468597330, testhost.net472.x86.exe, TestExecutionRecorder.RecordResult: Received result for test: TestingBussinesLogic.TestClubsLogic.SetClub.
TpTrace Warning: 0 : 13832, 16, 2022/05/13, 17:04:51.093, 845468602849, testhost.net472.x86.exe, TestRunCache: InProgressTests is null
TpTrace Warning: 0 : 13832, 16, 2022/05/13, 17:04:51.093, 845468603667, testhost.net472.x86.exe, TestRunCache: No test found corresponding to testResult 'TestingBussinesLogic.TestClubsLogic.SetClub' in inProgress list.
TpTrace Verbose: 0 : 13832, 16, 2022/05/13, 17:04:51.094, 845468607446, testhost.net472.x86.exe, TestExecutionRecorder.RecordEnd: test: TestingBussinesLogic.TestClubsLogic.SetClub execution completed.
TpTrace Warning: 0 : 13832, 16, 2022/05/13, 17:04:51.094, 845468608195, testhost.net472.x86.exe, TestRunCache: InProgressTests is null
TpTrace Verbose: 0 : 13832, 16, 2022/05/13, 17:04:51.094, 845468615037, testhost.net472.x86.exe, TestExecutionRecorder.RecordResult: Received result for test: TestingBussinesLogic.TestCartLogic.ChangeTimeTable.
TpTrace Warning: 0 : 13832, 16, 2022/05/13, 17:04:51.095, 845468620707, testhost.net472.x86.exe, TestRunCache: InProgressTests is null
TpTrace Warning: 0 : 13832, 16, 2022/05/13, 17:04:51.095, 845468621510, testhost.net472.x86.exe, TestRunCache: No test found corresponding to testResult 'TestingBussinesLogic.TestCartLogic.ChangeTimeTable' in inProgress list.
TpTrace Verbose: 0 : 13832, 16, 2022/05/13, 17:04:51.095, 845468625223, testhost.net472.x86.exe, TestExecutionRecorder.RecordEnd: test: TestingBussinesLogic.TestCartLogic.ChangeTimeTable execution completed.
TpTrace Warning: 0 : 13832, 16, 2022/05/13, 17:04:51.096, 845468626008, testhost.net472.x86.exe, TestRunCache: InProgressTests is null
TpTrace Verbose: 0 : 13832, 16, 2022/05/13, 17:04:51.096, 845468630322, testhost.net472.x86.exe, TestExecutionRecorder.RecordStart: Starting test: TestingBussinesLogic.TestCartLogic.GetTimeTable.
TpTrace Verbose: 0 : 13832, 16, 2022/05/13, 17:04:51.097, 845468644525, testhost.net472.x86.exe, TestExecutionRecorder.RecordResult: Received result for test: TestingBussinesLogic.TestCartLogic.GetTimeTable.
TpTrace Verbose: 0 : 13832, 16, 2022/05/13, 17:04:51.101, 845468677839, testhost.net472.x86.exe, TestExecutionRecorder.RecordEnd: test: TestingBussinesLogic.TestCartLogic.GetTimeTable execution completed.
TpTrace Warning: 0 : 13832, 16, 2022/05/13, 17:04:51.101, 845468679232, testhost.net472.x86.exe, TestRunCache: InProgressTests is null
TpTrace Information: 0 : 13832, 13, 2022/05/13, 17:04:51.104, 845468705970, testhost.net472.x86.exe, [xUnit.net 00:00:00.95]   Finished:    TestingBussinesLogic
TpTrace Verbose: 0 : 13832, 13, 2022/05/13, 17:04:51.104, 845468707563, testhost.net472.x86.exe, TestRequestHandler.SendData:  sending data from testhost: {"Version":5,"MessageType":"TestSession.Message","Payload":{"MessageLevel":0,"Message":"[xUnit.net 00:00:00.95]   Finished:    TestingBussinesLogic"}}
TpTrace Verbose: 0 : 13832, 3, 2022/05/13, 17:04:51.140, 845469069805, testhost.net472.x86.exe, BaseRunTests.RunTestInternalWithExecutors: Completed running tests for executor://xunit/VsTestRunner2/net
TpTrace Information: 0 : 13832, 3, 2022/05/13, 17:04:51.143, 845469101816, testhost.net472.x86.exe, Sending test run complete
TpTrace Verbose: 0 : 13832, 3, 2022/05/13, 17:04:51.158, 845469248976, testhost.net472.x86.exe, TestRequestHandler.SendData:  sending data from testhost: {"Version":5,"MessageType":"TestExecution.Completed","Payload":{"TestRunCompleteArgs":{"TestRunStatistics":{"ExecutedTests":22,"Stats":{"Passed":22}},"IsCanceled":false,"IsAborted":false,"Error":null,"AttachmentSets":[],"ElapsedTimeInRunningTests":"00:00:01.0008812","Metrics":{}},"LastRunTests":{"NewTestResults":[{"TestCase":{"Id":"036b2a30-4bae-2621-ee47-17b07e00ff3b","FullyQualifiedName":"TestingBussinesLogic.TestClubLogic.ChangeInfo","DisplayName":"TestingBussinesLogic.TestClubLogic.ChangeInfo","ExecutorUri":"executor://xunit/VsTestRunner2/net","Source":"E:\\CS\\APPZ\\lab_4\\TestingBussinesLogic\\bin\\Debug\\net472\\fine-code-coverage\\build-output\\TestingBussinesLogic.dll","CodeFilePath":null,"LineNumber":0,"Properties":[]},"Attachments":[],"Outcome":1,"ErrorMessage":null,"ErrorStackTrace":null,"DisplayName":"TestingBussinesLogic.TestClubLogic.ChangeInfo","Messages":[],"ComputerName":"DESKTOP-51G97IS","Duration":"00:00:00.0010000","StartTime":"2022-05-13T14:04:51.0772245+00:00","EndTime":"2022-05-13T14:04:51.0772245+00:00","Properties":[]},{"TestCase":{"Id":"a23798f7-7bd7-7109-6324-55818205605a","FullyQualifiedName":"TestingBussinesLogic.TestClubLogic.SingUp_With_Cart_return_true","DisplayName":"TestingBussinesLogic.TestClubLogic.SingUp_With_Cart_return_true","ExecutorUri":"executor://xunit/VsTestRunner2/net","Source":"E:\\CS\\APPZ\\lab_4\\TestingBussinesLogic\\bin\\Debug\\net472\\fine-code-coverage\\build-output\\TestingBussinesLogic.dll","CodeFilePath":null,"LineNumber":0,"Properties":[]},"Attachments":[],"Outcome":1,"ErrorMessage":null,"ErrorStackTrace":null,"DisplayName":"TestingBussinesLogic.TestClubLogic.SingUp_With_Cart_return_true","Messages":[],"ComputerName":"DESKTOP-51G97IS","Duration":"00:00:00.0010000","StartTime":"2022-05-13T14:04:51.0802163+00:00","EndTime":"2022-05-13T14:04:51.0802163+00:00","Properties":[]},{"TestCase":{"Id":"94a51f71-fff6-c7f2-5423-a2fd6a668e26","FullyQualifiedName":"TestingBussinesLogic.TestClubLogic.VisitClub_with_ClubCart_return_false","DisplayName":"TestingBussinesLogic.TestClubLogic.VisitClub_with_ClubCart_return_false","ExecutorUri":"executor://xunit/VsTestRunner2/net","Source":"E:\\CS\\APPZ\\lab_4\\TestingBussinesLogic\\bin\\Debug\\net472\\fine-code-coverage\\build-output\\TestingBussinesLogic.dll","CodeFilePath":null,"LineNumber":0,"Properties":[]},"Attachments":[],"Outcome":1,"ErrorMessage":null,"ErrorStackTrace":null,"DisplayName":"TestingBussinesLogic.TestClubLogic.VisitClub_with_ClubCart_return_false","Messages":[],"ComputerName":"DESKTOP-51G97IS","Duration":"00:00:00.0010000","StartTime":"2022-05-13T14:04:51.0862002+00:00","EndTime":"2022-05-13T14:04:51.0862002+00:00","Properties":[]},{"TestCase":{"Id":"f33211ee-17c7-590b-322f-1c19276fb70b","FullyQualifiedName":"TestingBussinesLogic.TestClubLogic.VisitClub_with_SpecialCart_return_false","DisplayName":"TestingBussinesLogic.TestClubLogic.VisitClub_with_SpecialCart_return_false","ExecutorUri":"executor://xunit/VsTestRunner2/net","Source":"E:\\CS\\APPZ\\lab_4\\TestingBussinesLogic\\bin\\Debug\\net472\\fine-code-coverage\\build-output\\TestingBussinesLogic.dll","CodeFilePath":null,"LineNumber":0,"Properties":[]},"Attachments":[],"Outcome":1,"ErrorMessage":null,"ErrorStackTrace":null,"DisplayName":"TestingBussinesLogic.TestClubLogic.VisitClub_with_SpecialCart_return_false","Messages":[],"ComputerName":"DESKTOP-51G97IS","Duration":"00:00:00.0010000","StartTime":"2022-05-13T14:04:51.0892274+00:00","EndTime":"2022-05-13T14:04:51.0892274+00:00","Properties":[]},{"TestCase":{"Id":"ebf7c32f-30d6-1364-1419-88790eff2a2a","FullyQualifiedName":"TestingBussinesLogic.TestClubLogic.SingUp_Without_Cart","DisplayName":"TestingBussinesLogic.TestClubLogic.SingUp_Without_Cart","ExecutorUri":"executor://xunit/VsTestRunner2/net","Source":"E:\\CS\\APPZ\\lab_4\\TestingBussinesLogic\\bin\\Debug\\net472\\fine-code-coverage\\build-output\\TestingBussinesLogic.dll","CodeFilePath":null,"LineNumber":0,"Properties":[]},"Attachments":[],"Outcome":1,"ErrorMessage":null,"ErrorStackTrace":null,"DisplayName":"TestingBussinesLogic.TestClubLogic.SingUp_Without_Cart","Messages":[],"ComputerName":"DESKTOP-51G97IS","Duration":"00:00:00.0010000","StartTime":"2022-05-13T14:04:51.0912207+00:00","EndTime":"2022-05-13T14:04:51.0912207+00:00","Properties":[]},{"TestCase":{"Id":"47c54709-3326-7345-c9c8-89bbf74df8c6","FullyQualifiedName":"TestingBussinesLogic.TestClubsLogic.SetClub","DisplayName":"TestingBussinesLogic.TestClubsLogic.SetClub","ExecutorUri":"executor://xunit/VsTestRunner2/net","Source":"E:\\CS\\APPZ\\lab_4\\TestingBussinesLogic\\bin\\Debug\\net472\\fine-code-coverage\\build-output\\TestingBussinesLogic.dll","CodeFilePath":null,"LineNumber":0,"Properties":[]},"Attachments":[],"Outcome":1,"ErrorMessage":null,"ErrorStackTrace":null,"DisplayName":"TestingBussinesLogic.TestClubsLogic.SetClub","Messages":[],"ComputerName":"DESKTOP-51G97IS","Duration":"00:00:00.0110000","StartTime":"2022-05-13T14:04:51.0932159+00:00","EndTime":"2022-05-13T14:04:51.0932159+00:00","Properties":[]},{"TestCase":{"Id":"6e0aa8b5-fae2-d427-0ca3-7e592615c749","FullyQualifiedName":"TestingBussinesLogic.TestCartLogic.ChangeTimeTable","DisplayName":"TestingBussinesLogic.TestCartLogic.ChangeTimeTable","ExecutorUri":"executor://xunit/VsTestRunner2/net","Source":"E:\\CS\\APPZ\\lab_4\\TestingBussinesLogic\\bin\\Debug\\net472\\fine-code-coverage\\build-output\\TestingBussinesLogic.dll","CodeFilePath":null,"LineNumber":0,"Properties":[]},"Attachments":[],"Outcome":1,"ErrorMessage":null,"ErrorStackTrace":null,"DisplayName":"TestingBussinesLogic.TestCartLogic.ChangeTimeTable","Messages":[],"ComputerName":"DESKTOP-51G97IS","Duration":"00:00:00.0090000","StartTime":"2022-05-13T14:04:51.0942142+00:00","EndTime":"2022-05-13T14:04:51.0942142+00:00","Properties":[]},{"TestCase":{"Id":"3877078b-5842-0c44-2eaa-d38ee6eb02d2","FullyQualifiedName":"TestingBussinesLogic.TestCartLogic.GetTimeTable","DisplayName":"TestingBussinesLogic.TestCartLogic.GetTimeTable","ExecutorUri":"executor://xunit/VsTestRunner2/net","Source":"E:\\CS\\APPZ\\lab_4\\TestingBussinesLogic\\bin\\Debug\\net472\\fine-code-coverage\\build-output\\TestingBussinesLogic.dll","CodeFilePath":null,"LineNumber":0,"Properties":[]},"Attachments":[],"Outcome":1,"ErrorMessage":null,"ErrorStackTrace":null,"DisplayName":"TestingBussinesLogic.TestCartLogic.GetTimeTable","Messages":[],"ComputerName":"DESKTOP-51G97IS","Duration":"00:00:00.0010000","StartTime":"2022-05-13T14:04:51.0972059+00:00","EndTime":"2022-05-13T14:04:51.0972059+00:00","Properties":[]}],"TestRunStatistics":{"ExecutedTests":22,"Stats":{"Passed":22}},"ActiveTests":[]},"RunAttachments":[],"ExecutorUris":["executor://xunit/VsTestRunner2/net"]}}
TpTrace Verbose: 0 : 13832, 3, 2022/05/13, 17:04:51.159, 845469255710, testhost.net472.x86.exe, BaseRunTests.RunTests: Run is complete.
TpTrace Verbose: 0 : 13832, 7, 2022/05/13, 17:04:51.160, 845469264654, testhost.net472.x86.exe, TcpClientExtensions.MessageLoopAsync: NotifyDataAvailable remoteEndPoint: 127.0.0.1:55938 localEndPoint: 127.0.0.1:55939
TpTrace Information: 0 : 13832, 7, 2022/05/13, 17:04:51.160, 845469267043, testhost.net472.x86.exe, TestRequestHandler.OnMessageReceived: received message: (TestSession.Terminate) -> null
TpTrace Information: 0 : 13832, 7, 2022/05/13, 17:04:51.160, 845469267840, testhost.net472.x86.exe, Session End message received from server. Closing the connection.
TpTrace Information: 0 : 13832, 7, 2022/05/13, 17:04:51.160, 845469272452, testhost.net472.x86.exe, SocketClient.Stop: Stop communication from server endpoint: 127.0.0.1:055938
TpTrace Information: 0 : 13832, 7, 2022/05/13, 17:04:51.161, 845469273588, testhost.net472.x86.exe, SocketClient: Stop: Cancellation requested. Stopping message loop.
TpTrace Verbose: 0 : 13832, 7, 2022/05/13, 17:04:51.161, 845469276136, testhost.net472.x86.exe, LengthPrefixCommunicationChannel.Dispose: Dispose reader and writer.
TpTrace Information: 0 : 13832, 1, 2022/05/13, 17:04:51.161, 845469277059, testhost.net472.x86.exe, Closing the connection !
TpTrace Information: 0 : 13832, 1, 2022/05/13, 17:04:51.161, 845469279192, testhost.net472.x86.exe, SocketClient.Stop: Stop communication from server endpoint: 127.0.0.1:055938
TpTrace Information: 0 : 13832, 1, 2022/05/13, 17:04:51.161, 845469279894, testhost.net472.x86.exe, SocketClient: Stop: Cancellation requested. Stopping message loop.
TpTrace Verbose: 0 : 13832, 1, 2022/05/13, 17:04:51.161, 845469280564, testhost.net472.x86.exe, LengthPrefixCommunicationChannel.Dispose: Dispose reader and writer.
TpTrace Information: 0 : 13832, 7, 2022/05/13, 17:04:51.161, 845469278179, testhost.net472.x86.exe, Closing the connection !
TpTrace Information: 0 : 13832, 1, 2022/05/13, 17:04:51.161, 845469281845, testhost.net472.x86.exe, Testhost process exiting.
